#
# A fatal error has been detected by the Java Runtime Environment:
#
#  EXCEPTION_ACCESS_VIOLATION (0xc0000005) at pc=0x00007ffabf9ffc9c, pid=21028, tid=12120
#
# JRE version: OpenJDK Runtime Environment (20.0.1+9) (build 20.0.1+9-29)
# Java VM: OpenJDK 64-Bit Server VM (20.0.1+9-29, mixed mode, sharing, tiered, compressed oops, compressed class ptrs, g1 gc, windows-amd64)
# Problematic frame:
# C  [ig11icd64.dll+0x59fc9c]
#
# No core dump will be written. Minidumps are not enabled by default on client versions of Windows
#
# If you would like to submit a bug report, please visit:
#   https://bugreport.java.com/bugreport/crash.jsp
#

---------------  S U M M A R Y ------------

Command Line: -Djava.library.path=C:\Users\jonas\IdeaProjects\NaWi_Projekt\native -javaagent:C:\Program Files\JetBrains\IntelliJ IDEA Community Edition 2021.3.2\lib\idea_rt.jar=58532:C:\Program Files\JetBrains\IntelliJ IDEA Community Edition 2021.3.2\bin -Dfile.encoding=UTF-8 at.htldornbirn.projects.nawi.Team2.code.Test

Host: Intel(R) Core(TM) i7-1065G7 CPU @ 1.30GHz, 8 cores, 15G,  Windows 11 , 64 bit Build 22621 (10.0.22621.1635)
Time: Tue May 30 10:53:36 2023 Mitteleuropäische Sommerzeit elapsed time: 171.594933 seconds (0d 0h 2m 51s)

---------------  T H R E A D  ---------------

Current thread (0x00000265fff88170):  VMThread "VM Thread" [stack: 0x000000a688900000,0x000000a688a00000] [id=12120]

Stack: [0x000000a688900000,0x000000a688a00000],  sp=0x000000a6889fe500,  free space=1017k
Native frames: (J=compiled Java code, j=interpreted, Vv=VM code, C=native code)
C  [ig11icd64.dll+0x59fc9c]


siginfo: EXCEPTION_ACCESS_VIOLATION (0xc0000005), reading address 0x0000000000035778


Registers:
RAX=0x00000265a32adb18, RBX=0x00000265a32ada10, RCX=0x0000000000000000, RDX=0x000002659b45e240
RSP=0x000000a6889fe500, RBP=0x00000265a32bb990, RSI=0x00000265a32adfe0, RDI=0x000002659b707ef0
R8 =0x0000000000000014, R9 =0x00000265a32adb18, R10=0x0000000000000000, R11=0x0000000000000246
R12=0x000002659b780000, R13=0x0000000000000000, R14=0x0000000000000000, R15=0x0000000000000000
RIP=0x00007ffabf9ffc9c, EFLAGS=0x0000000000010206


Register to memory mapping:

RIP=0x00007ffabf9ffc9c ig11icd64.dll
RAX=0x00000265a32adb18 points into unknown readable memory: 0x0000000000ba26e8 | e8 26 ba 00 00 00 00 00
RBX=0x00000265a32ada10 points into unknown readable memory: 0x000002659b4a16f0 | f0 16 4a 9b 65 02 00 00
RCX=0x0 is NULL
RDX=0x000002659b45e240 points into unknown readable memory: 0x0000000000000000 | 00 00 00 00 00 00 00 00
RSP=0x000000a6889fe500 points into unknown readable memory: 0x000002659b5004d0 | d0 04 50 9b 65 02 00 00
RBP=0x00000265a32bb990 points into unknown readable memory: 0x000002659b4a16f0 | f0 16 4a 9b 65 02 00 00
RSI=0x00000265a32adfe0 points into unknown readable memory: 0x00000265a32bb990 | 90 b9 2b a3 65 02 00 00
RDI=0x000002659b707ef0 points into unknown readable memory: 0x000002659b7d6900 | 00 69 7d 9b 65 02 00 00
R8 =0x0000000000000014 is an unknown value
R9 =0x00000265a32adb18 points into unknown readable memory: 0x0000000000ba26e8 | e8 26 ba 00 00 00 00 00
R10=0x0 is NULL
R11=0x0000000000000246 is an unknown value
R12=0x000002659b780000 points into unknown readable memory: 0x00007ffb821f0000 | 00 00 1f 82 fb 7f 00 00
R13=0x0 is NULL
R14=0x0 is NULL
R15=0x0 is NULL


Top of Stack: (sp=0x000000a6889fe500)
0x000000a6889fe500:   000002659b5004d0 028e3ac0009a07c0
0x000000a6889fe510:   000000a6889fe548 0000005400000000
0x000000a6889fe520:   0000000000000010 0000000000000000
0x000000a6889fe530:   0000b802001a0000 000002659b7800e0
0x000000a6889fe540:   0000000000000000 00007ffabf9e190d
0x000000a6889fe550:   000002659b5004d0 000002659b707ef0
0x000000a6889fe560:   000000a6889fe650 0000000000ba274f
0x000000a6889fe570:   000000a6000023cc 00da74cb00000000
0x000000a6889fe580:   0000000000000000 0283bacd024119cd
0x000000a6889fe590:   023ee2ce01e099ce 00aa74cf02041ccf
0x000000a6889fe5a0:   01ba0ad00165f3cf 012740d0005617d0
0x000000a6889fe5b0:   0208b0d0023599d0 01e4f6d001a3d0d0
0x000000a6889fe5c0:   00a7d2d101c4cdd1 029dcfd20227c1d2
0x000000a6889fe5d0:   020c14d30273e6d2 014b83d3006182d3
0x000000a6889fe5e0:   019a48d4008de8d3 018839d50240a0d4
0x000000a6889fe5f0:   021f23d60286f7d5 01c537d70258efd6
0x000000a6889fe600:   0000b802001a0000 00000000000023cc
0x000000a6889fe610:   0000000000000000 4000034000000001
0x000000a6889fe620:   0000000000000000 0000000000000000
0x000000a6889fe630:   0000000000000000 0000000000000000
0x000000a6889fe640:   0000000000000000 0000000000000000
0x000000a6889fe650:   0000000000000000 0000000000000000
0x000000a6889fe660:   0000000000000000 0000000000000000
0x000000a6889fe670:   0000000000000000 0000000000000000
0x000000a6889fe680:   0000000000000000 0000000000000000
0x000000a6889fe690:   0000000000000000 0000000000000000
0x000000a6889fe6a0:   0000000000000000 0000000000000000
0x000000a6889fe6b0:   0000000000000000 0000000000000000
0x000000a6889fe6c0:   0000000000000000 0000000000000000
0x000000a6889fe6d0:   0000000000000000 0000000000000000
0x000000a6889fe6e0:   0000000000000000 0000000000000000
0x000000a6889fe6f0:   0000000000000000 0000000000000000 

Instructions: (pc=0x00007ffabf9ffc9c)
0x00007ffabf9ffb9c:   24 01 75 05 e8 23 1c f9 ff 65 48 8b 04 25 58 00
0x00007ffabf9ffbac:   00 00 41 be 20 00 00 00 48 8b 04 30 4d 8b 34 06
0x00007ffabf9ffbbc:   48 85 ed 0f 84 39 03 00 00 66 66 66 0f 1f 84 00
0x00007ffabf9ffbcc:   00 00 00 00 48 8b dd 48 8d b5 d0 05 00 00 48 8b
0x00007ffabf9ffbdc:   2e 45 84 ff 74 1d 48 8b 0b 48 8b d3 80 bb 28 06
0x00007ffabf9ffbec:   00 00 00 0f 85 bc 02 00 00 e8 56 71 fe ff e9 be
0x00007ffabf9ffbfc:   02 00 00 8b 8f c8 01 00 00 4c 8d 8b 08 01 00 00
0x00007ffabf9ffc0c:   48 8b 05 bd 13 93 00 83 b8 68 03 00 00 02 0f 85
0x00007ffabf9ffc1c:   d6 00 00 00 83 f9 10 73 0a 48 8d 0c c9 49 8d 04
0x00007ffabf9ffc2c:   c9 eb 5a 8d 51 f0 8b c2 c1 e8 04 83 f8 03 73 1d
0x00007ffabf9ffc3c:   0f ae e8 83 e2 0f 4d 8b 84 c1 80 04 00 00 4d 85
0x00007ffabf9ffc4c:   c0 74 23 48 8d 0c d2 49 8d 04 c8 eb 30 49 8b 81
0x00007ffabf9ffc5c:   98 04 00 00 48 85 c0 74 0d 39 08 74 2b 48 8b 40
0x00007ffabf9ffc6c:   50 48 85 c0 75 f3 41 80 b9 a0 04 00 00 00 74 1e
0x00007ffabf9ffc7c:   8b c1 83 e0 0f 48 8d 04 c0 49 8d 04 c1 48 85 c0
0x00007ffabf9ffc8c:   74 0c 48 8b 48 08 eb 08 48 83 c0 08 eb ef 33 c9
0x00007ffabf9ffc9c:   49 3b 8e 78 57 03 00 76 51 48 8b 87 78 02 00 00
0x00007ffabf9ffcac:   48 89 06 48 89 9f 78 02 00 00 ff 87 80 02 00 00
0x00007ffabf9ffcbc:   48 8b 43 08 48 8b 88 18 01 00 00 48 81 e1 00 00
0x00007ffabf9ffccc:   ff ff 48 81 c1 00 00 01 00 48 01 8f 88 02 00 00
0x00007ffabf9ffcdc:   48 8b 43 08 48 8b 88 18 01 00 00 48 01 8f 98 02
0x00007ffabf9ffcec:   00 00 41 b4 01 e9 c7 01 00 00 44 8b 9f c8 01 00
0x00007ffabf9ffcfc:   00 48 8b 87 e0 01 00 00 4c 8b 10 8b 8f c8 01 00
0x00007ffabf9ffd0c:   00 83 f9 10 73 0a 48 8d 0c c9 49 8d 04 c9 eb 5a
0x00007ffabf9ffd1c:   8d 51 f0 8b c2 c1 e8 04 83 f8 03 73 1d 0f ae e8
0x00007ffabf9ffd2c:   83 e2 0f 4d 8b 84 c1 80 04 00 00 4d 85 c0 74 23
0x00007ffabf9ffd3c:   48 8d 0c d2 49 8d 04 c8 eb 30 49 8b 81 98 04 00
0x00007ffabf9ffd4c:   00 48 85 c0 74 0d 39 08 74 44 48 8b 40 50 48 85
0x00007ffabf9ffd5c:   c0 75 f3 41 80 b9 a0 04 00 00 00 74 1c 8b c1 83
0x00007ffabf9ffd6c:   e0 0f 48 8d 04 c0 49 8d 04 c1 48 85 c0 74 0a 4c
0x00007ffabf9ffd7c:   39 50 08 0f 87 92 00 00 00 8b 8f c8 01 00 00 83
0x00007ffabf9ffd8c:   f9 10 73 10 48 8d 0c c9 49 8d 04 c9 eb 64 48 83 


Stack slot to memory mapping:
stack at sp + 0 slots: 0x000002659b5004d0 points into unknown readable memory: 0xffffffffffffffff | ff ff ff ff ff ff ff ff
stack at sp + 1 slots: 0x028e3ac0009a07c0 is an unknown value
stack at sp + 2 slots: 0x000000a6889fe548 points into unknown readable memory: 0x00007ffabf9e190d | 0d 19 9e bf fa 7f 00 00
stack at sp + 3 slots: 0x0000005400000000 is an unknown value
stack at sp + 4 slots: 0x0000000000000010 is an unknown value
stack at sp + 5 slots: 0x0 is NULL
stack at sp + 6 slots: 0x0000b802001a0000 is an unknown value
stack at sp + 7 slots: 0x000002659b7800e0 points into unknown readable memory: 0x0000000000040000 | 00 00 04 00 00 00 00 00

VM_Operation (0x000000a687fff170): Exit, mode: safepoint, requested by thread 0x00000265a2ca9570


---------------  P R O C E S S  ---------------

Threads class SMR info:
_java_thread_list=0x00000265a3290ad0, length=16, elements={
0x00000265f6fdc730, 0x000002659b0d70c0, 0x000002659b0d7a00, 0x000002659b0e1190,
0x000002659b0e6f90, 0x000002659b0e3fc0, 0x000002659b0e74e0, 0x000002659b0ee310,
0x000002659b0f8e50, 0x000002659b0e4510, 0x000002659b0e4fb0, 0x000002659b0e5500,
0x00000265a2ca65a0, 0x00000265a2caa560, 0x00000265a2ca9570, 0x00000265a2ca35d0
}

Java Threads: ( => current thread )
  0x00000265f6fdc730 JavaThread "main" [_thread_blocked, id=3524, stack(0x000000a688300000,0x000000a688400000)]
  0x000002659b0d70c0 JavaThread "Reference Handler" daemon [_thread_blocked, id=15920, stack(0x000000a688a00000,0x000000a688b00000)]
  0x000002659b0d7a00 JavaThread "Finalizer" daemon [_thread_blocked, id=19956, stack(0x000000a688b00000,0x000000a688c00000)]
  0x000002659b0e1190 JavaThread "Signal Dispatcher" daemon [_thread_blocked, id=15904, stack(0x000000a688c00000,0x000000a688d00000)]
  0x000002659b0e6f90 JavaThread "Attach Listener" daemon [_thread_blocked, id=4040, stack(0x000000a688d00000,0x000000a688e00000)]
  0x000002659b0e3fc0 JavaThread "Service Thread" daemon [_thread_blocked, id=13272, stack(0x000000a688e00000,0x000000a688f00000)]
  0x000002659b0e74e0 JavaThread "Monitor Deflation Thread" daemon [_thread_blocked, id=320, stack(0x000000a688f00000,0x000000a689000000)]
  0x000002659b0ee310 JavaThread "C2 CompilerThread0" daemon [_thread_blocked, id=13656, stack(0x000000a689000000,0x000000a689100000)]
  0x000002659b0f8e50 JavaThread "C1 CompilerThread0" daemon [_thread_blocked, id=11216, stack(0x000000a689100000,0x000000a689200000)]
  0x000002659b0e4510 JavaThread "Common-Cleaner" daemon [_thread_blocked, id=7176, stack(0x000000a689200000,0x000000a689300000)]
  0x000002659b0e4fb0 JavaThread "Monitor Ctrl-Break" daemon [_thread_in_native, id=7732, stack(0x000000a689300000,0x000000a689400000)]
  0x000002659b0e5500 JavaThread "Notification Thread" daemon [_thread_blocked, id=11260, stack(0x000000a689400000,0x000000a689500000)]
  0x00000265a2ca65a0 JavaThread "Thread-2" daemon [_thread_in_native, id=17120, stack(0x000000a689e00000,0x000000a689f00000)]
  0x00000265a2caa560 JavaThread "Java2D Disposer" daemon [_thread_blocked, id=21488, stack(0x000000a689f00000,0x000000a68a000000)]
  0x00000265a2ca9570 JavaThread "SIGINT handler" daemon [_thread_blocked, id=11400, stack(0x000000a687f00000,0x000000a688000000)]
  0x00000265a2ca35d0 JavaThread "AWT-Shutdown" [_thread_blocked, id=11768, stack(0x000000a688000000,0x000000a688100000)]

Other Threads:
=>0x00000265fff88170 VMThread "VM Thread" [stack: 0x000000a688900000,0x000000a688a00000] [id=12120]
  0x00000265f7049390 WorkerThread "GC Thread#0" [stack: 0x000000a688400000,0x000000a688500000] [id=20912]
  0x00000265a2f032d0 WorkerThread "GC Thread#1" [stack: 0x000000a68a000000,0x000000a68a100000] [id=7944]
  0x00000265a2f035a0 WorkerThread "GC Thread#2" [stack: 0x000000a68a100000,0x000000a68a200000] [id=916]
  0x00000265a2f03870 WorkerThread "GC Thread#3" [stack: 0x000000a68a200000,0x000000a68a300000] [id=15540]
  0x00000265a2f03b40 WorkerThread "GC Thread#4" [stack: 0x000000a68a300000,0x000000a68a400000] [id=19880]
  0x00000265a31c56f0 WorkerThread "GC Thread#5" [stack: 0x000000a68a400000,0x000000a68a500000] [id=16808]
  0x00000265a31c59c0 WorkerThread "GC Thread#6" [stack: 0x000000a68a500000,0x000000a68a600000] [id=16040]
  0x00000265a31c5c90 WorkerThread "GC Thread#7" [stack: 0x000000a68a600000,0x000000a68a700000] [id=808]
  0x00000265f4d4dee0 ConcurrentGCThread "G1 Main Marker" terminated
  0x00000265f7055f90 WorkerThread "G1 Conc#0" [stack: 0x000000a688600000,0x000000a688700000] [id=12232]
  0x00000265ffe468e0 ConcurrentGCThread "G1 Refine#0" terminated
  0x00000265ffe47130 ConcurrentGCThread "G1 Service" terminated

Threads with active compile tasks:

VM state: at safepoint (shutting down)

VM Mutex/Monitor currently owned by a thread:  ([mutex/lock_event])
[0x00000265f6fd7900] Threads_lock - owner thread: 0x00000265fff88170
[0x00000265f6fd8170] Heap_lock - owner thread: 0x00000265a2ca9570

Heap address: 0x0000000704000000, size: 4032 MB, Compressed Oops mode: Zero based, Oop shift amount: 3

CDS archive(s) mapped at: [0x0000000800000000-0x0000000800c60000-0x0000000800c60000), size 12976128, SharedBaseAddress: 0x0000000800000000, ArchiveRelocationMode: 0.
Compressed class space mapped at: 0x0000000801000000-0x0000000841000000, reserved size: 1073741824
Narrow klass base: 0x0000000800000000, Narrow klass shift: 0, Narrow klass range: 0x100000000

GC Precious Log:
 CardTable entry size: 512
 Card Set container configuration: InlinePtr #cards 4 size 8 Array Of Cards #cards 16 size 48 Howl #buckets 8 coarsen threshold 3686 Howl Bitmap #cards 512 size 80 coarsen threshold 460 Card regions per heap region 1 cards per card region 4096
 CPUs: 8 total, 8 available
 Memory: 16126M
 Large Page Support: Disabled
 NUMA Support: Disabled
 Compressed Oops: Enabled (Zero based)
 Heap Region Size: 2M
 Heap Min Capacity: 8M
 Heap Initial Capacity: 252M
 Heap Max Capacity: 4032M
 Pre-touch: Disabled
 Parallel Workers: 8
 Concurrent Workers: 2
 Concurrent Refinement Workers: 8
 Periodic GC: Disabled

Heap:
 garbage-first heap   total 258048K, used 65449K [0x0000000704000000, 0x0000000800000000)
  region size 2048K, 30 young (61440K), 1 survivors (2048K)
 Metaspace       used 8558K, committed 8768K, reserved 1114112K
  class space    used 717K, committed 832K, reserved 1048576K

Heap Regions: E=young(eden), S=young(survivor), O=old, HS=humongous(starts), HC=humongous(continues), CS=collection set, F=free, OA=open archive, CA=closed archive, TAMS=top-at-mark-start, PB=parsable bottom
|   0|0x0000000704000000, 0x0000000704000000, 0x0000000704200000|  0%| F|  |TAMS 0x0000000704000000| PB 0x0000000704000000| Untracked 
|   1|0x0000000704200000, 0x0000000704400000, 0x0000000704400000|100%| O|  |TAMS 0x0000000704200000| PB 0x0000000704200000| Untracked 
|   2|0x0000000704400000, 0x0000000704600000, 0x0000000704600000|100%|HS|  |TAMS 0x0000000704400000| PB 0x0000000704400000| Complete 
|   3|0x0000000704600000, 0x0000000704600000, 0x0000000704800000|  0%| F|  |TAMS 0x0000000704600000| PB 0x0000000704600000| Untracked 
|   4|0x0000000704800000, 0x0000000704a00000, 0x0000000704a00000|100%|HS|  |TAMS 0x0000000704800000| PB 0x0000000704800000| Complete 
|   5|0x0000000704a00000, 0x0000000704b4fe00, 0x0000000704c00000| 65%| O|  |TAMS 0x0000000704a00000| PB 0x0000000704a00000| Untracked 
|   6|0x0000000704c00000, 0x0000000704c00000, 0x0000000704e00000|  0%| F|  |TAMS 0x0000000704c00000| PB 0x0000000704c00000| Untracked 
|   7|0x0000000704e00000, 0x0000000704e00000, 0x0000000705000000|  0%| F|  |TAMS 0x0000000704e00000| PB 0x0000000704e00000| Untracked 
|   8|0x0000000705000000, 0x0000000705000000, 0x0000000705200000|  0%| F|  |TAMS 0x0000000705000000| PB 0x0000000705000000| Untracked 
|   9|0x0000000705200000, 0x0000000705200000, 0x0000000705400000|  0%| F|  |TAMS 0x0000000705200000| PB 0x0000000705200000| Untracked 
|  10|0x0000000705400000, 0x0000000705400000, 0x0000000705600000|  0%| F|  |TAMS 0x0000000705400000| PB 0x0000000705400000| Untracked 
|  11|0x0000000705600000, 0x0000000705600000, 0x0000000705800000|  0%| F|  |TAMS 0x0000000705600000| PB 0x0000000705600000| Untracked 
|  12|0x0000000705800000, 0x0000000705800000, 0x0000000705a00000|  0%| F|  |TAMS 0x0000000705800000| PB 0x0000000705800000| Untracked 
|  13|0x0000000705a00000, 0x0000000705a00000, 0x0000000705c00000|  0%| F|  |TAMS 0x0000000705a00000| PB 0x0000000705a00000| Untracked 
|  14|0x0000000705c00000, 0x0000000705c00000, 0x0000000705e00000|  0%| F|  |TAMS 0x0000000705c00000| PB 0x0000000705c00000| Untracked 
|  15|0x0000000705e00000, 0x0000000705e00000, 0x0000000706000000|  0%| F|  |TAMS 0x0000000705e00000| PB 0x0000000705e00000| Untracked 
|  16|0x0000000706000000, 0x0000000706000000, 0x0000000706200000|  0%| F|  |TAMS 0x0000000706000000| PB 0x0000000706000000| Untracked 
|  17|0x0000000706200000, 0x0000000706200000, 0x0000000706400000|  0%| F|  |TAMS 0x0000000706200000| PB 0x0000000706200000| Untracked 
|  18|0x0000000706400000, 0x0000000706400000, 0x0000000706600000|  0%| F|  |TAMS 0x0000000706400000| PB 0x0000000706400000| Untracked 
|  19|0x0000000706600000, 0x0000000706600000, 0x0000000706800000|  0%| F|  |TAMS 0x0000000706600000| PB 0x0000000706600000| Untracked 
|  20|0x0000000706800000, 0x0000000706800000, 0x0000000706a00000|  0%| F|  |TAMS 0x0000000706800000| PB 0x0000000706800000| Untracked 
|  21|0x0000000706a00000, 0x0000000706a00000, 0x0000000706c00000|  0%| F|  |TAMS 0x0000000706a00000| PB 0x0000000706a00000| Untracked 
|  22|0x0000000706c00000, 0x0000000706c00000, 0x0000000706e00000|  0%| F|  |TAMS 0x0000000706c00000| PB 0x0000000706c00000| Untracked 
|  23|0x0000000706e00000, 0x0000000706e00000, 0x0000000707000000|  0%| F|  |TAMS 0x0000000706e00000| PB 0x0000000706e00000| Untracked 
|  24|0x0000000707000000, 0x0000000707000000, 0x0000000707200000|  0%| F|  |TAMS 0x0000000707000000| PB 0x0000000707000000| Untracked 
|  25|0x0000000707200000, 0x0000000707200000, 0x0000000707400000|  0%| F|  |TAMS 0x0000000707200000| PB 0x0000000707200000| Untracked 
|  26|0x0000000707400000, 0x0000000707400000, 0x0000000707600000|  0%| F|  |TAMS 0x0000000707400000| PB 0x0000000707400000| Untracked 
|  27|0x0000000707600000, 0x0000000707600000, 0x0000000707800000|  0%| F|  |TAMS 0x0000000707600000| PB 0x0000000707600000| Untracked 
|  28|0x0000000707800000, 0x0000000707800000, 0x0000000707a00000|  0%| F|  |TAMS 0x0000000707800000| PB 0x0000000707800000| Untracked 
|  29|0x0000000707a00000, 0x0000000707a00000, 0x0000000707c00000|  0%| F|  |TAMS 0x0000000707a00000| PB 0x0000000707a00000| Untracked 
|  30|0x0000000707c00000, 0x0000000707c00000, 0x0000000707e00000|  0%| F|  |TAMS 0x0000000707c00000| PB 0x0000000707c00000| Untracked 
|  31|0x0000000707e00000, 0x0000000707e00000, 0x0000000708000000|  0%| F|  |TAMS 0x0000000707e00000| PB 0x0000000707e00000| Untracked 
|  32|0x0000000708000000, 0x0000000708000000, 0x0000000708200000|  0%| F|  |TAMS 0x0000000708000000| PB 0x0000000708000000| Untracked 
|  33|0x0000000708200000, 0x0000000708200000, 0x0000000708400000|  0%| F|  |TAMS 0x0000000708200000| PB 0x0000000708200000| Untracked 
|  34|0x0000000708400000, 0x0000000708400000, 0x0000000708600000|  0%| F|  |TAMS 0x0000000708400000| PB 0x0000000708400000| Untracked 
|  35|0x0000000708600000, 0x0000000708600000, 0x0000000708800000|  0%| F|  |TAMS 0x0000000708600000| PB 0x0000000708600000| Untracked 
|  36|0x0000000708800000, 0x0000000708800000, 0x0000000708a00000|  0%| F|  |TAMS 0x0000000708800000| PB 0x0000000708800000| Untracked 
|  37|0x0000000708a00000, 0x0000000708a00000, 0x0000000708c00000|  0%| F|  |TAMS 0x0000000708a00000| PB 0x0000000708a00000| Untracked 
|  38|0x0000000708c00000, 0x0000000708c00000, 0x0000000708e00000|  0%| F|  |TAMS 0x0000000708c00000| PB 0x0000000708c00000| Untracked 
|  39|0x0000000708e00000, 0x0000000708e00000, 0x0000000709000000|  0%| F|  |TAMS 0x0000000708e00000| PB 0x0000000708e00000| Untracked 
|  40|0x0000000709000000, 0x0000000709000000, 0x0000000709200000|  0%| F|  |TAMS 0x0000000709000000| PB 0x0000000709000000| Untracked 
|  41|0x0000000709200000, 0x0000000709200000, 0x0000000709400000|  0%| F|  |TAMS 0x0000000709200000| PB 0x0000000709200000| Untracked 
|  42|0x0000000709400000, 0x0000000709400000, 0x0000000709600000|  0%| F|  |TAMS 0x0000000709400000| PB 0x0000000709400000| Untracked 
|  43|0x0000000709600000, 0x0000000709600000, 0x0000000709800000|  0%| F|  |TAMS 0x0000000709600000| PB 0x0000000709600000| Untracked 
|  44|0x0000000709800000, 0x0000000709800000, 0x0000000709a00000|  0%| F|  |TAMS 0x0000000709800000| PB 0x0000000709800000| Untracked 
|  45|0x0000000709a00000, 0x0000000709a00000, 0x0000000709c00000|  0%| F|  |TAMS 0x0000000709a00000| PB 0x0000000709a00000| Untracked 
|  46|0x0000000709c00000, 0x0000000709c00000, 0x0000000709e00000|  0%| F|  |TAMS 0x0000000709c00000| PB 0x0000000709c00000| Untracked 
|  47|0x0000000709e00000, 0x0000000709e00000, 0x000000070a000000|  0%| F|  |TAMS 0x0000000709e00000| PB 0x0000000709e00000| Untracked 
|  48|0x000000070a000000, 0x000000070a000000, 0x000000070a200000|  0%| F|  |TAMS 0x000000070a000000| PB 0x000000070a000000| Untracked 
|  49|0x000000070a200000, 0x000000070a200000, 0x000000070a400000|  0%| F|  |TAMS 0x000000070a200000| PB 0x000000070a200000| Untracked 
|  50|0x000000070a400000, 0x000000070a400000, 0x000000070a600000|  0%| F|  |TAMS 0x000000070a400000| PB 0x000000070a400000| Untracked 
|  51|0x000000070a600000, 0x000000070a600000, 0x000000070a800000|  0%| F|  |TAMS 0x000000070a600000| PB 0x000000070a600000| Untracked 
|  52|0x000000070a800000, 0x000000070a800000, 0x000000070aa00000|  0%| F|  |TAMS 0x000000070a800000| PB 0x000000070a800000| Untracked 
|  53|0x000000070aa00000, 0x000000070aa00000, 0x000000070ac00000|  0%| F|  |TAMS 0x000000070aa00000| PB 0x000000070aa00000| Untracked 
|  54|0x000000070ac00000, 0x000000070ac00000, 0x000000070ae00000|  0%| F|  |TAMS 0x000000070ac00000| PB 0x000000070ac00000| Untracked 
|  55|0x000000070ae00000, 0x000000070ae00000, 0x000000070b000000|  0%| F|  |TAMS 0x000000070ae00000| PB 0x000000070ae00000| Untracked 
|  56|0x000000070b000000, 0x000000070b000000, 0x000000070b200000|  0%| F|  |TAMS 0x000000070b000000| PB 0x000000070b000000| Untracked 
|  57|0x000000070b200000, 0x000000070b200000, 0x000000070b400000|  0%| F|  |TAMS 0x000000070b200000| PB 0x000000070b200000| Untracked 
|  58|0x000000070b400000, 0x000000070b400000, 0x000000070b600000|  0%| F|  |TAMS 0x000000070b400000| PB 0x000000070b400000| Untracked 
|  59|0x000000070b600000, 0x000000070b600000, 0x000000070b800000|  0%| F|  |TAMS 0x000000070b600000| PB 0x000000070b600000| Untracked 
|  60|0x000000070b800000, 0x000000070b800000, 0x000000070ba00000|  0%| F|  |TAMS 0x000000070b800000| PB 0x000000070b800000| Untracked 
|  61|0x000000070ba00000, 0x000000070ba00000, 0x000000070bc00000|  0%| F|  |TAMS 0x000000070ba00000| PB 0x000000070ba00000| Untracked 
|  62|0x000000070bc00000, 0x000000070bc00000, 0x000000070be00000|  0%| F|  |TAMS 0x000000070bc00000| PB 0x000000070bc00000| Untracked 
|  63|0x000000070be00000, 0x000000070be00000, 0x000000070c000000|  0%| F|  |TAMS 0x000000070be00000| PB 0x000000070be00000| Untracked 
|  64|0x000000070c000000, 0x000000070c000000, 0x000000070c200000|  0%| F|  |TAMS 0x000000070c000000| PB 0x000000070c000000| Untracked 
|  65|0x000000070c200000, 0x000000070c200000, 0x000000070c400000|  0%| F|  |TAMS 0x000000070c200000| PB 0x000000070c200000| Untracked 
|  66|0x000000070c400000, 0x000000070c400000, 0x000000070c600000|  0%| F|  |TAMS 0x000000070c400000| PB 0x000000070c400000| Untracked 
|  67|0x000000070c600000, 0x000000070c600000, 0x000000070c800000|  0%| F|  |TAMS 0x000000070c600000| PB 0x000000070c600000| Untracked 
|  68|0x000000070c800000, 0x000000070c800000, 0x000000070ca00000|  0%| F|  |TAMS 0x000000070c800000| PB 0x000000070c800000| Untracked 
|  69|0x000000070ca00000, 0x000000070ca00000, 0x000000070cc00000|  0%| F|  |TAMS 0x000000070ca00000| PB 0x000000070ca00000| Untracked 
|  70|0x000000070cc00000, 0x000000070cc00000, 0x000000070ce00000|  0%| F|  |TAMS 0x000000070cc00000| PB 0x000000070cc00000| Untracked 
|  71|0x000000070ce00000, 0x000000070ce00000, 0x000000070d000000|  0%| F|  |TAMS 0x000000070ce00000| PB 0x000000070ce00000| Untracked 
|  72|0x000000070d000000, 0x000000070d000000, 0x000000070d200000|  0%| F|  |TAMS 0x000000070d000000| PB 0x000000070d000000| Untracked 
|  73|0x000000070d200000, 0x000000070d200000, 0x000000070d400000|  0%| F|  |TAMS 0x000000070d200000| PB 0x000000070d200000| Untracked 
|  74|0x000000070d400000, 0x000000070d400000, 0x000000070d600000|  0%| F|  |TAMS 0x000000070d400000| PB 0x000000070d400000| Untracked 
|  75|0x000000070d600000, 0x000000070d600000, 0x000000070d800000|  0%| F|  |TAMS 0x000000070d600000| PB 0x000000070d600000| Untracked 
|  76|0x000000070d800000, 0x000000070d800000, 0x000000070da00000|  0%| F|  |TAMS 0x000000070d800000| PB 0x000000070d800000| Untracked 
|  77|0x000000070da00000, 0x000000070da00000, 0x000000070dc00000|  0%| F|  |TAMS 0x000000070da00000| PB 0x000000070da00000| Untracked 
|  78|0x000000070dc00000, 0x000000070dc00000, 0x000000070de00000|  0%| F|  |TAMS 0x000000070dc00000| PB 0x000000070dc00000| Untracked 
|  79|0x000000070de00000, 0x000000070de00000, 0x000000070e000000|  0%| F|  |TAMS 0x000000070de00000| PB 0x000000070de00000| Untracked 
|  80|0x000000070e000000, 0x000000070e000000, 0x000000070e200000|  0%| F|  |TAMS 0x000000070e000000| PB 0x000000070e000000| Untracked 
|  81|0x000000070e200000, 0x000000070e200000, 0x000000070e400000|  0%| F|  |TAMS 0x000000070e200000| PB 0x000000070e200000| Untracked 
|  82|0x000000070e400000, 0x000000070e400000, 0x000000070e600000|  0%| F|  |TAMS 0x000000070e400000| PB 0x000000070e400000| Untracked 
|  83|0x000000070e600000, 0x000000070e600000, 0x000000070e800000|  0%| F|  |TAMS 0x000000070e600000| PB 0x000000070e600000| Untracked 
|  84|0x000000070e800000, 0x000000070e800000, 0x000000070ea00000|  0%| F|  |TAMS 0x000000070e800000| PB 0x000000070e800000| Untracked 
|  85|0x000000070ea00000, 0x000000070ea00000, 0x000000070ec00000|  0%| F|  |TAMS 0x000000070ea00000| PB 0x000000070ea00000| Untracked 
|  86|0x000000070ec00000, 0x000000070ec00000, 0x000000070ee00000|  0%| F|  |TAMS 0x000000070ec00000| PB 0x000000070ec00000| Untracked 
|  87|0x000000070ee00000, 0x000000070ee00000, 0x000000070f000000|  0%| F|  |TAMS 0x000000070ee00000| PB 0x000000070ee00000| Untracked 
|  88|0x000000070f000000, 0x000000070f000000, 0x000000070f200000|  0%| F|  |TAMS 0x000000070f000000| PB 0x000000070f000000| Untracked 
|  89|0x000000070f200000, 0x000000070f200000, 0x000000070f400000|  0%| F|  |TAMS 0x000000070f200000| PB 0x000000070f200000| Untracked 
|  90|0x000000070f400000, 0x000000070f400000, 0x000000070f600000|  0%| F|  |TAMS 0x000000070f400000| PB 0x000000070f400000| Untracked 
|  91|0x000000070f600000, 0x000000070f600000, 0x000000070f800000|  0%| F|  |TAMS 0x000000070f600000| PB 0x000000070f600000| Untracked 
|  92|0x000000070f800000, 0x000000070f800000, 0x000000070fa00000|  0%| F|  |TAMS 0x000000070f800000| PB 0x000000070f800000| Untracked 
|  93|0x000000070fa00000, 0x000000070fa00000, 0x000000070fc00000|  0%| F|  |TAMS 0x000000070fa00000| PB 0x000000070fa00000| Untracked 
|  94|0x000000070fc00000, 0x000000070fc00000, 0x000000070fe00000|  0%| F|  |TAMS 0x000000070fc00000| PB 0x000000070fc00000| Untracked 
|  95|0x000000070fe00000, 0x000000070fe00000, 0x0000000710000000|  0%| F|  |TAMS 0x000000070fe00000| PB 0x000000070fe00000| Untracked 
|  96|0x0000000710000000, 0x00000007101deb68, 0x0000000710200000| 93%| E|  |TAMS 0x0000000710000000| PB 0x0000000710000000| Complete 
|  97|0x0000000710200000, 0x0000000710400000, 0x0000000710400000|100%| E|CS|TAMS 0x0000000710200000| PB 0x0000000710200000| Complete 
|  98|0x0000000710400000, 0x0000000710600000, 0x0000000710600000|100%| E|CS|TAMS 0x0000000710400000| PB 0x0000000710400000| Complete 
|  99|0x0000000710600000, 0x0000000710800000, 0x0000000710800000|100%| E|CS|TAMS 0x0000000710600000| PB 0x0000000710600000| Complete 
| 100|0x0000000710800000, 0x0000000710a00000, 0x0000000710a00000|100%| E|CS|TAMS 0x0000000710800000| PB 0x0000000710800000| Complete 
| 101|0x0000000710a00000, 0x0000000710c00000, 0x0000000710c00000|100%| E|CS|TAMS 0x0000000710a00000| PB 0x0000000710a00000| Complete 
| 102|0x0000000710c00000, 0x0000000710e00000, 0x0000000710e00000|100%| E|CS|TAMS 0x0000000710c00000| PB 0x0000000710c00000| Complete 
| 103|0x0000000710e00000, 0x0000000711000000, 0x0000000711000000|100%| E|CS|TAMS 0x0000000710e00000| PB 0x0000000710e00000| Complete 
| 104|0x0000000711000000, 0x0000000711200000, 0x0000000711200000|100%| E|CS|TAMS 0x0000000711000000| PB 0x0000000711000000| Complete 
| 105|0x0000000711200000, 0x0000000711400000, 0x0000000711400000|100%| E|CS|TAMS 0x0000000711200000| PB 0x0000000711200000| Complete 
| 106|0x0000000711400000, 0x0000000711600000, 0x0000000711600000|100%| E|CS|TAMS 0x0000000711400000| PB 0x0000000711400000| Complete 
| 107|0x0000000711600000, 0x0000000711800000, 0x0000000711800000|100%| E|CS|TAMS 0x0000000711600000| PB 0x0000000711600000| Complete 
| 108|0x0000000711800000, 0x000000071189a980, 0x0000000711a00000| 30%| S|CS|TAMS 0x0000000711800000| PB 0x0000000711800000| Complete 
| 109|0x0000000711a00000, 0x0000000711c00000, 0x0000000711c00000|100%| E|CS|TAMS 0x0000000711a00000| PB 0x0000000711a00000| Complete 
| 110|0x0000000711c00000, 0x0000000711e00000, 0x0000000711e00000|100%| E|CS|TAMS 0x0000000711c00000| PB 0x0000000711c00000| Complete 
| 111|0x0000000711e00000, 0x0000000712000000, 0x0000000712000000|100%| E|CS|TAMS 0x0000000711e00000| PB 0x0000000711e00000| Complete 
| 112|0x0000000712000000, 0x0000000712200000, 0x0000000712200000|100%| E|CS|TAMS 0x0000000712000000| PB 0x0000000712000000| Complete 
| 113|0x0000000712200000, 0x0000000712400000, 0x0000000712400000|100%| E|CS|TAMS 0x0000000712200000| PB 0x0000000712200000| Complete 
| 114|0x0000000712400000, 0x0000000712600000, 0x0000000712600000|100%| E|CS|TAMS 0x0000000712400000| PB 0x0000000712400000| Complete 
| 115|0x0000000712600000, 0x0000000712800000, 0x0000000712800000|100%| E|CS|TAMS 0x0000000712600000| PB 0x0000000712600000| Complete 
| 116|0x0000000712800000, 0x0000000712a00000, 0x0000000712a00000|100%| E|CS|TAMS 0x0000000712800000| PB 0x0000000712800000| Complete 
| 117|0x0000000712a00000, 0x0000000712c00000, 0x0000000712c00000|100%| E|CS|TAMS 0x0000000712a00000| PB 0x0000000712a00000| Complete 
| 118|0x0000000712c00000, 0x0000000712e00000, 0x0000000712e00000|100%| E|CS|TAMS 0x0000000712c00000| PB 0x0000000712c00000| Complete 
| 119|0x0000000712e00000, 0x0000000713000000, 0x0000000713000000|100%| E|CS|TAMS 0x0000000712e00000| PB 0x0000000712e00000| Complete 
| 120|0x0000000713000000, 0x0000000713200000, 0x0000000713200000|100%| E|CS|TAMS 0x0000000713000000| PB 0x0000000713000000| Complete 
| 121|0x0000000713200000, 0x0000000713400000, 0x0000000713400000|100%| E|CS|TAMS 0x0000000713200000| PB 0x0000000713200000| Complete 
| 122|0x0000000713400000, 0x0000000713600000, 0x0000000713600000|100%| E|CS|TAMS 0x0000000713400000| PB 0x0000000713400000| Complete 
| 123|0x0000000713600000, 0x0000000713800000, 0x0000000713800000|100%| E|CS|TAMS 0x0000000713600000| PB 0x0000000713600000| Complete 
| 124|0x0000000713800000, 0x0000000713a00000, 0x0000000713a00000|100%| E|CS|TAMS 0x0000000713800000| PB 0x0000000713800000| Complete 
| 125|0x0000000713a00000, 0x0000000713c00000, 0x0000000713c00000|100%| E|CS|TAMS 0x0000000713a00000| PB 0x0000000713a00000| Complete 

Card table byte_map: [0x000002658f000000,0x000002658f7e0000] _byte_map_base: 0x000002658b7e0000

Marking Bits: (CMBitMap*) 0x00000265f70499c0
 Bits: [0x000002658ffc0000, 0x0000026593ec0000)

Polling page: 0x00000265f4fb0000

Metaspace:

Usage:
  Non-class:      7.66 MB used.
      Class:    717.51 KB used.
       Both:      8.36 MB used.

Virtual space:
  Non-class space:       64.00 MB reserved,       7.75 MB ( 12%) committed,  1 nodes.
      Class space:        1.00 GB reserved,     832.00 KB ( <1%) committed,  1 nodes.
             Both:        1.06 GB reserved,       8.56 MB ( <1%) committed. 

Chunk freelists:
   Non-Class:  198.00 KB
       Class:  3.21 MB
        Both:  3.40 MB

MaxMetaspaceSize: unlimited
CompressedClassSpaceSize: 1.00 GB
Initial GC threshold: 21.00 MB
Current GC threshold: 21.00 MB
CDS: on
MetaspaceReclaimPolicy: balanced
 - commit_granule_bytes: 65536.
 - commit_granule_words: 8192.
 - virtual_space_node_default_size: 8388608.
 - enlarge_chunks_in_place: 1.
 - new_chunks_are_fully_committed: 0.
 - uncommit_free_chunks: 1.
 - use_allocation_guard: 0.


Internal statistics:

num_allocs_failed_limit: 0.
num_arena_births: 162.
num_arena_deaths: 0.
num_vsnodes_births: 2.
num_vsnodes_deaths: 0.
num_space_committed: 135.
num_space_uncommitted: 0.
num_chunks_returned_to_freelist: 0.
num_chunks_taken_from_freelist: 294.
num_chunk_merges: 0.
num_chunk_splits: 183.
num_chunks_enlarged: 98.
num_inconsistent_stats: 0.

CodeHeap 'non-profiled nmethods': size=120000Kb used=1053Kb max_used=1053Kb free=118946Kb
 bounds [0x0000026587ad0000, 0x0000026587d40000, 0x000002658f000000]
CodeHeap 'profiled nmethods': size=120000Kb used=3674Kb max_used=3674Kb free=116325Kb
 bounds [0x0000026580000000, 0x00000265803a0000, 0x0000026587530000]
CodeHeap 'non-nmethods': size=5760Kb used=1871Kb max_used=1906Kb free=3888Kb
 bounds [0x0000026587530000, 0x00000265877a0000, 0x0000026587ad0000]
 total_blobs=2729 nmethods=2029 adapters=611
 compilation: enabled
              stopped_count=0, restarted_count=0
 full_count=0

Compilation events (20 events):
Event: 170.994 Thread 0x000002659b0ee310 2019       4       java.lang.StringCoding::implEncodeAsciiArray (47 bytes)
Event: 171.003 Thread 0x000002659b0f8e50 2020  s    3       java.lang.Throwable::fillInStackTrace (29 bytes)
Event: 171.003 Thread 0x000002659b0f8e50 nmethod 2020 0x0000026580392b10 code [0x0000026580392cc0, 0x0000026580392fc8]
Event: 171.004 Thread 0x000002659b0f8e50 2022       3       java.lang.Throwable::<init> (34 bytes)
Event: 171.005 Thread 0x000002659b0f8e50 nmethod 2022 0x0000026580393090 code [0x0000026580393240, 0x0000026580393630]
Event: 171.006 Thread 0x000002659b0ee310 nmethod 2019 0x0000026587bd6690 code [0x0000026587bd6800, 0x0000026587bd6a58]
Event: 171.006 Thread 0x000002659b0f8e50 2023       3       java.lang.Exception::<init> (6 bytes)
Event: 171.006 Thread 0x000002659b0ee310 2026       4       jdk.internal.misc.InternalLock::unlock (8 bytes)
Event: 171.007 Thread 0x000002659b0f8e50 nmethod 2023 0x0000026580393710 code [0x00000265803938c0, 0x0000026580393d10]
Event: 171.007 Thread 0x000002659b0f8e50 2025       3       java.io.PrintStream::implWrite (50 bytes)
Event: 171.010 Thread 0x000002659b0f8e50 nmethod 2025 0x0000026580393e10 code [0x0000026580394060, 0x0000026580394a00]
Event: 171.010 Thread 0x000002659b0f8e50 2024       3       java.io.IOException::<init> (6 bytes)
Event: 171.011 Thread 0x000002659b0f8e50 nmethod 2024 0x0000026580394e10 code [0x0000026580394fa0, 0x0000026580395130]
Event: 171.015 Thread 0x000002659b0ee310 nmethod 2026 0x0000026587bd6b90 code [0x0000026587bd6d20, 0x0000026587bd6f00]
Event: 171.015 Thread 0x000002659b0ee310 2027   !   4       jdk.internal.misc.Blocker::begin (97 bytes)
Event: 171.016 Thread 0x000002659b0ee310 nmethod 2027 0x0000026587bd7090 code [0x0000026587bd7200, 0x0000026587bd72b8]
Event: 171.027 Thread 0x000002659b0f8e50 2028   !   3       java.io.PrintStream::write (81 bytes)
Event: 171.028 Thread 0x000002659b0f8e50 nmethod 2028 0x0000026580395210 code [0x00000265803954a0, 0x0000026580396270]
Event: 171.049 Thread 0x000002659b0ee310 2029       4       java.lang.AbstractStringBuilder::newCapacity (59 bytes)
Event: 171.051 Thread 0x000002659b0ee310 nmethod 2029 0x0000026587bd7390 code [0x0000026587bd7500, 0x0000026587bd7600]

GC Heap History (4 events):
Event: 0.862 GC heap before
{Heap before GC invocations=0 (full 0):
 garbage-first heap   total 258048K, used 22528K [0x0000000704000000, 0x0000000800000000)
  region size 2048K, 11 young (22528K), 0 survivors (0K)
 Metaspace       used 7144K, committed 7296K, reserved 1114112K
  class space    used 615K, committed 704K, reserved 1048576K
}
Event: 0.867 GC heap after
{Heap after GC invocations=1 (full 0):
 garbage-first heap   total 258048K, used 6351K [0x0000000704000000, 0x0000000800000000)
  region size 2048K, 2 young (4096K), 2 survivors (4096K)
 Metaspace       used 7144K, committed 7296K, reserved 1114112K
  class space    used 615K, committed 704K, reserved 1048576K
}
Event: 1.252 GC heap before
{Heap before GC invocations=1 (full 0):
 garbage-first heap   total 258048K, used 41167K [0x0000000704000000, 0x0000000800000000)
  region size 2048K, 17 young (34816K), 2 survivors (4096K)
 Metaspace       used 8310K, committed 8512K, reserved 1114112K
  class space    used 711K, committed 832K, reserved 1048576K
}
Event: 1.255 GC heap after
{Heap after GC invocations=2 (full 0):
 garbage-first heap   total 258048K, used 8105K [0x0000000704000000, 0x0000000800000000)
  region size 2048K, 1 young (2048K), 1 survivors (2048K)
 Metaspace       used 8310K, committed 8512K, reserved 1114112K
  class space    used 711K, committed 832K, reserved 1048576K
}

Dll operation events (18 events):
Event: 0.010 Loaded shared library C:\Users\jonas\.jdks\openjdk-20.0.1\bin\java.dll
Event: 0.018 Loaded shared library C:\Users\jonas\.jdks\openjdk-20.0.1\bin\jsvml.dll
Event: 0.085 Loaded shared library C:\Users\jonas\.jdks\openjdk-20.0.1\bin\zip.dll
Event: 0.088 Loaded shared library C:\Users\jonas\.jdks\openjdk-20.0.1\bin\instrument.dll
Event: 0.096 Loaded shared library C:\Users\jonas\.jdks\openjdk-20.0.1\bin\net.dll
Event: 0.099 Loaded shared library C:\Users\jonas\.jdks\openjdk-20.0.1\bin\nio.dll
Event: 0.103 Loaded shared library C:\Users\jonas\.jdks\openjdk-20.0.1\bin\zip.dll
Event: 0.118 Loaded shared library C:\Program Files\JetBrains\IntelliJ IDEA Community Edition 2021.3.2\bin\breakgen64.dll
Event: 0.126 Loaded shared library C:\Users\jonas\.jdks\openjdk-20.0.1\bin\verify.dll
Event: 0.128 Loaded shared library C:\Users\jonas\.jdks\openjdk-20.0.1\bin\extnet.dll
Event: 0.157 Loaded shared library C:\Users\jonas\IdeaProjects\NaWi_Projekt\native\lwjgl64.dll
Event: 0.177 Loaded shared library C:\Users\jonas\.jdks\openjdk-20.0.1\bin\jimage.dll
Event: 0.428 Loaded shared library C:\Users\jonas\.jdks\openjdk-20.0.1\bin\awt.dll
Event: 0.471 Loaded shared library C:\Users\jonas\IdeaProjects\NaWi_Projekt\native\jinput-dx8_64.dll
Event: 0.596 Loaded shared library C:\Users\jonas\IdeaProjects\NaWi_Projekt\native\jinput-raw_64.dll
Event: 0.773 Loaded shared library C:\Users\jonas\.jdks\openjdk-20.0.1\bin\javajpeg.dll
Event: 0.924 Loaded shared library C:\Users\jonas\.jdks\openjdk-20.0.1\bin\freetype.dll
Event: 0.926 Loaded shared library C:\Users\jonas\.jdks\openjdk-20.0.1\bin\fontmanager.dll

Deoptimization events (20 events):
Event: 7.853 Thread 0x00000265f6fdc730 DEOPT PACKING pc=0x0000026580386f43 sp=0x000000a6883ff080
Event: 7.853 Thread 0x00000265f6fdc730 DEOPT UNPACKING pc=0x000002658759e462 sp=0x000000a6883fe558 mode 0
Event: 7.943 Thread 0x00000265f6fdc730 DEOPT PACKING pc=0x0000026580386f43 sp=0x000000a6883ff080
Event: 7.943 Thread 0x00000265f6fdc730 DEOPT UNPACKING pc=0x000002658759e462 sp=0x000000a6883fe558 mode 0
Event: 8.032 Thread 0x00000265f6fdc730 DEOPT PACKING pc=0x0000026580386f43 sp=0x000000a6883ff080
Event: 8.032 Thread 0x00000265f6fdc730 DEOPT UNPACKING pc=0x000002658759e462 sp=0x000000a6883fe558 mode 0
Event: 154.500 Thread 0x00000265f6fdc730 DEOPT PACKING pc=0x0000026580388489 sp=0x000000a6883ff190
Event: 154.500 Thread 0x00000265f6fdc730 DEOPT UNPACKING pc=0x000002658759e462 sp=0x000000a6883fe6c0 mode 0
Event: 170.959 Thread 0x00000265f6fdc730 Uncommon trap: trap_request=0xffffff45 fr.pc=0x0000026587b7c484 relative=0x0000000000000244
Event: 170.959 Thread 0x00000265f6fdc730 Uncommon trap: reason=unstable_if action=reinterpret pc=0x0000026587b7c484 method=net.java.games.input.IDirectInputDevice.checkReleased()V @ 4 c2
Event: 170.959 Thread 0x00000265f6fdc730 DEOPT PACKING pc=0x0000026587b7c484 sp=0x000000a6883ff030
Event: 170.959 Thread 0x00000265f6fdc730 DEOPT UNPACKING pc=0x000002658754d2a2 sp=0x000000a6883fef88 mode 2
Event: 170.959 Thread 0x00000265f6fdc730 Uncommon trap: trap_request=0x00000014 fr.pc=0x0000026587b7bb0c relative=0x000000000000072c
Event: 170.959 Thread 0x00000265f6fdc730 Uncommon trap: reason=unloaded action=reinterpret pc=0x0000026587b7bb0c method=net.java.games.input.AbstractController.poll()Z @ 148 c2
Event: 170.959 Thread 0x00000265f6fdc730 DEOPT PACKING pc=0x0000026587b7bb0c sp=0x000000a6883ff090
Event: 170.959 Thread 0x00000265f6fdc730 DEOPT UNPACKING pc=0x000002658754d2a2 sp=0x000000a6883fefb0 mode 2
Event: 170.960 Thread 0x00000265f6fdc730 Uncommon trap: trap_request=0x00000014 fr.pc=0x0000026587b5f6f4 relative=0x0000000000000534
Event: 170.960 Thread 0x00000265f6fdc730 Uncommon trap: reason=unloaded action=reinterpret pc=0x0000026587b5f6f4 method=net.java.games.input.AbstractController.poll()Z @ 148 c2
Event: 170.960 Thread 0x00000265f6fdc730 DEOPT PACKING pc=0x0000026587b5f6f4 sp=0x000000a6883feff0
Event: 170.960 Thread 0x00000265f6fdc730 DEOPT UNPACKING pc=0x000002658754d2a2 sp=0x000000a6883fefa0 mode 2

Classes loaded (20 events):
Event: 0.960 Loading class sun/font/StrikeCache$DisposableStrike done
Event: 0.960 Loading class sun/font/StrikeCache$SoftDisposerRef done
Event: 0.960 Loading class sun/font/FontDesignMetrics$KeyReference
Event: 0.960 Loading class sun/font/FontDesignMetrics$KeyReference done
Event: 0.961 Loading class sun/java2d/loops/FontInfo
Event: 0.961 Loading class sun/java2d/loops/FontInfo done
Event: 1.060 Loading class jdk/internal/vm/VMSupport
Event: 1.060 Loading class jdk/internal/vm/VMSupport done
Event: 1.960 Loading class java/util/IdentityHashMap$ValueIterator
Event: 1.960 Loading class java/util/IdentityHashMap$ValueIterator done
Event: 1.960 Loading class sun/awt/AppContext$PostShutdownEventRunnable
Event: 1.960 Loading class sun/awt/AppContext$PostShutdownEventRunnable done
Event: 1.960 Loading class sun/awt/AWTAutoShutdown$1
Event: 1.960 Loading class sun/awt/AWTAutoShutdown$1 done
Event: 170.954 Loading class jdk/internal/misc/Signal$1
Event: 170.954 Loading class jdk/internal/misc/Signal$1 done
Event: 170.957 Loading class java/util/WeakHashMap$KeyIterator
Event: 170.958 Loading class java/util/WeakHashMap$HashIterator
Event: 170.958 Loading class java/util/WeakHashMap$HashIterator done
Event: 170.958 Loading class java/util/WeakHashMap$KeyIterator done

Classes unloaded (0 events):
No events

Classes redefined (0 events):
No events

Internal exceptions (13 events):
Event: 0.111 Thread 0x00000265f6fdc730 Exception <a 'java/lang/NoSuchMethodError'{0x00000007138fdae8}: 'void java.lang.invoke.DirectMethodHandle$Holder.invokeStatic(java.lang.Object, java.lang.Object, java.lang.Object)'> (0x00000007138fdae8) 
thrown [s\open\src\hotspot\share\interpreter\linkResolver.cpp, line 773]
Event: 0.114 Thread 0x00000265f6fdc730 Exception <a 'java/lang/NoSuchMethodError'{0x0000000713914ff0}: 'java.lang.Object java.lang.invoke.Invokers$Holder.invokeExact_MT(java.lang.Object, java.lang.Object, java.lang.Object, java.lang.Object, java.lang.Object)'> (0x0000000713914ff0) 
thrown [s\open\src\hotspot\share\interpreter\linkResolver.cpp, line 773]
Event: 0.129 Thread 0x000002659b0e4fb0 Exception <a 'java/lang/NoSuchMethodError'{0x0000000713966c80}: 'void java.lang.invoke.DirectMethodHandle$Holder.invokeStatic(java.lang.Object, java.lang.Object)'> (0x0000000713966c80) 
thrown [s\open\src\hotspot\share\interpreter\linkResolver.cpp, line 773]
Event: 0.294 Thread 0x00000265f6fdc730 Exception <a 'java/lang/NoSuchMethodError'{0x00000007137cf988}: 'int java.lang.invoke.Invokers$Holder.invokeExact_MT(java.lang.Object, java.lang.Object)'> (0x00000007137cf988) 
thrown [s\open\src\hotspot\share\interpreter\linkResolver.cpp, line 773]
Event: 0.661 Thread 0x00000265f6fdc730 Exception <a 'java/lang/ClassNotFoundException'{0x00000007131cb890}: sun/awt/resources/spi/awtProvider> (0x00000007131cb890) 
thrown [s\open\src\hotspot\share\classfile\systemDictionary.cpp, line 305]
Event: 0.681 Thread 0x00000265f6fdc730 Exception <a 'java/io/FileNotFoundException'{0x0000000712e1eba8}> (0x0000000712e1eba8) 
thrown [s\open\src\hotspot\share\prims\jni.cpp, line 519]
Event: 0.686 Thread 0x00000265f6fdc730 Exception <a 'java/io/FileNotFoundException'{0x0000000712e48c08}> (0x0000000712e48c08) 
thrown [s\open\src\hotspot\share\prims\jni.cpp, line 519]
Event: 0.716 Thread 0x00000265f6fdc730 Exception <a 'java/lang/NoSuchMethodError'{0x0000000712ebc770}: 'java.lang.Object java.lang.invoke.DirectMethodHandle$Holder.invokeStaticInit(java.lang.Object, int, int, int, int)'> (0x0000000712ebc770) 
thrown [s\open\src\hotspot\share\interpreter\linkResolver.cpp, line 773]
Event: 0.758 Thread 0x00000265f6fdc730 Exception <a 'java/lang/NoSuchMethodError'{0x0000000712f1e5d8}: 'java.lang.Object java.lang.invoke.DirectMethodHandle$Holder.invokeStaticInit(java.lang.Object, java.lang.Object, int, int, int, int)'> (0x0000000712f1e5d8) 
thrown [s\open\src\hotspot\share\interpreter\linkResolver.cpp, line 773]
Event: 0.907 Thread 0x00000265f6fdc730 Implicit null exception at 0x0000026587b2c6b1 to 0x0000026587b2ca6c
Event: 0.907 Thread 0x00000265f6fdc730 Implicit null exception at 0x0000026587b29ef3 to 0x0000026587b2a140
Event: 1.018 Thread 0x00000265f6fdc730 Exception <a 'java/lang/NoSuchMethodError'{0x0000000712e398b0}: 'java.lang.Object java.lang.invoke.DirectMethodHandle$Holder.invokeSpecial(java.lang.Object, java.lang.Object, java.lang.Object, java.lang.Object, java.lang.Object, java.lang.Object, int)'> (0x0000000712e398b0) 
thrown [s\open\src\hotspot\share\interpreter\linkResolver.cpp, line 773]
Event: 1.061 Thread 0x000002659b0e6f90 Exception <a 'java/lang/NoSuchMethodError'{0x00000007126b7158}: 'java.lang.Object java.lang.invoke.Invokers$Holder.invokeExact_MT(java.lang.Object, java.lang.Object, java.lang.Object, java.lang.Object, java.lang.Object, java.lang.Object)'> (0x00000007126b7158) 
thrown [s\open\src\hotspot\share\interpreter\linkResolver.cpp, line 773]

VM Operations (20 events):
Event: 0.475 Executing VM operation: HandshakeAllThreads done
Event: 0.862 Executing VM operation: G1CollectForAllocation
Event: 0.867 Executing VM operation: G1CollectForAllocation done
Event: 0.955 Executing VM operation: HandshakeAllThreads
Event: 0.955 Executing VM operation: HandshakeAllThreads done
Event: 1.252 Executing VM operation: G1CollectForAllocation
Event: 1.255 Executing VM operation: G1CollectForAllocation done
Event: 2.257 Executing VM operation: Cleanup
Event: 2.258 Executing VM operation: Cleanup done
Event: 3.265 Executing VM operation: Cleanup
Event: 3.265 Executing VM operation: Cleanup done
Event: 4.272 Executing VM operation: Cleanup
Event: 4.272 Executing VM operation: Cleanup done
Event: 5.274 Executing VM operation: Cleanup
Event: 5.274 Executing VM operation: Cleanup done
Event: 6.276 Executing VM operation: Cleanup
Event: 6.276 Executing VM operation: Cleanup done
Event: 8.304 Executing VM operation: Cleanup
Event: 8.304 Executing VM operation: Cleanup done
Event: 171.066 Executing VM operation: Exit

Events (20 events):
Event: 0.767 Thread 0x00000265a2caa560 Thread added: 0x00000265a2caa560
Event: 0.944 Thread 0x00000265a2caa010 Thread added: 0x00000265a2caa010
Event: 0.945 Thread 0x00000265a2ca6af0 Thread added: 0x00000265a2ca6af0
Event: 1.026 Thread 0x000002659bb9d130 Thread added: 0x000002659bb9d130
Event: 1.344 Thread 0x000002659bb9d130 Thread exited: 0x000002659bb9d130
Event: 1.461 Thread 0x000002659b3f11f0 Thread exited: 0x000002659b3f11f0
Event: 1.960 Thread 0x00000265a2caa010 Thread exited: 0x00000265a2caa010
Event: 3.809 Thread 0x00000265a329d210 Thread added: 0x00000265a329d210
Event: 4.442 Thread 0x00000265a329d210 Thread exited: 0x00000265a329d210
Event: 170.955 Thread 0x00000265a2ca9570 Thread added: 0x00000265a2ca9570
Event: 170.956 Thread 0x00000265a2ca9ac0 Thread added: 0x00000265a2ca9ac0
Event: 170.957 Thread 0x00000265a2caa010 Thread added: 0x00000265a2caa010
Event: 170.957 Thread 0x00000265a2ca3080 Thread added: 0x00000265a2ca3080
Event: 170.957 Thread 0x00000265a2ca7ae0 Thread added: 0x00000265a2ca7ae0
Event: 170.958 Thread 0x00000265a2ca9ac0 Thread exited: 0x00000265a2ca9ac0
Event: 170.959 Thread 0x00000265a2caa010 Thread exited: 0x00000265a2caa010
Event: 170.959 Thread 0x00000265a2ca35d0 Thread added: 0x00000265a2ca35d0
Event: 170.964 Thread 0x00000265a2ca6af0 Thread exited: 0x00000265a2ca6af0
Event: 170.976 Thread 0x00000265a2ca7ae0 Thread exited: 0x00000265a2ca7ae0
Event: 171.066 Thread 0x00000265a2ca3080 Thread exited: 0x00000265a2ca3080


Dynamic libraries:
0x00007ff680930000 - 0x00007ff68093e000 	C:\Users\jonas\.jdks\openjdk-20.0.1\bin\java.exe
0x00007ffb84610000 - 0x00007ffb84824000 	C:\WINDOWS\SYSTEM32\ntdll.dll
0x00007ffb82f30000 - 0x00007ffb82ff2000 	C:\WINDOWS\System32\KERNEL32.DLL
0x00007ffb81c90000 - 0x00007ffb82033000 	C:\WINDOWS\System32\KERNELBASE.dll
0x000000006ff40000 - 0x0000000070271000 	C:\Program Files\Norton Security\NortonData\22.20.5.39\Definitions\IPSDefs\20230526.061\IPSEng64.dll
0x00007ffb82aa0000 - 0x00007ffb82b4e000 	C:\WINDOWS\System32\ADVAPI32.dll
0x00007ffb827f0000 - 0x00007ffb82897000 	C:\WINDOWS\System32\msvcrt.dll
0x00007ffb830b0000 - 0x00007ffb83154000 	C:\WINDOWS\System32\sechost.dll
0x00007ffb82900000 - 0x00007ffb82a17000 	C:\WINDOWS\System32\RPCRT4.dll
0x00007ffb82f10000 - 0x00007ffb82f18000 	C:\WINDOWS\System32\PSAPI.DLL
0x00007ffb821e0000 - 0x00007ffb822f1000 	C:\WINDOWS\System32\ucrtbase.dll
0x00007ffb7cc70000 - 0x00007ffb7cc87000 	C:\Users\jonas\.jdks\openjdk-20.0.1\bin\jli.dll
0x00007ffb5a810000 - 0x00007ffb5a82b000 	C:\Users\jonas\.jdks\openjdk-20.0.1\bin\VCRUNTIME140.dll
0x00007ffb82560000 - 0x00007ffb8270b000 	C:\WINDOWS\System32\USER32.dll
0x00007ffb65bd0000 - 0x00007ffb65e5e000 	C:\WINDOWS\WinSxS\amd64_microsoft.windows.common-controls_6595b64144ccf1df_6.0.22621.1635_none_270f70857386168e\COMCTL32.dll
0x00007ffb82040000 - 0x00007ffb82066000 	C:\WINDOWS\System32\win32u.dll
0x00007ffb837a0000 - 0x00007ffb837c9000 	C:\WINDOWS\System32\GDI32.dll
0x00007ffb81a30000 - 0x00007ffb81b48000 	C:\WINDOWS\System32\gdi32full.dll
0x00007ffb82370000 - 0x00007ffb8240a000 	C:\WINDOWS\System32\msvcp_win.dll
0x00007ffb836d0000 - 0x00007ffb83701000 	C:\WINDOWS\System32\IMM32.DLL
0x00007ffb5a800000 - 0x00007ffb5a80c000 	C:\Users\jonas\.jdks\openjdk-20.0.1\bin\vcruntime140_1.dll
0x00007ffb20770000 - 0x00007ffb207fe000 	C:\Users\jonas\.jdks\openjdk-20.0.1\bin\msvcp140.dll
0x00007ffad86d0000 - 0x00007ffad9367000 	C:\Users\jonas\.jdks\openjdk-20.0.1\bin\server\jvm.dll
0x00007ffb7a320000 - 0x00007ffb7a354000 	C:\WINDOWS\SYSTEM32\WINMM.dll
0x00007ffb7e640000 - 0x00007ffb7e649000 	C:\WINDOWS\SYSTEM32\WSOCK32.dll
0x00007ffb6e3e0000 - 0x00007ffb6e3ea000 	C:\WINDOWS\SYSTEM32\VERSION.dll
0x00007ffb82a20000 - 0x00007ffb82a91000 	C:\WINDOWS\System32\WS2_32.dll
0x00007ffb80a80000 - 0x00007ffb80a98000 	C:\WINDOWS\SYSTEM32\kernel.appcore.dll
0x00007ffb5a7f0000 - 0x00007ffb5a7fa000 	C:\Users\jonas\.jdks\openjdk-20.0.1\bin\jimage.dll
0x00007ffb7ec30000 - 0x00007ffb7ee5e000 	C:\WINDOWS\SYSTEM32\DBGHELP.DLL
0x00007ffb83340000 - 0x00007ffb836c9000 	C:\WINDOWS\System32\combase.dll
0x00007ffb83160000 - 0x00007ffb83237000 	C:\WINDOWS\System32\OLEAUT32.dll
0x00007ffb671b0000 - 0x00007ffb671e2000 	C:\WINDOWS\SYSTEM32\dbgcore.DLL
0x00007ffb81b50000 - 0x00007ffb81bcb000 	C:\WINDOWS\System32\bcryptPrimitives.dll
0x00007ffb5a7e0000 - 0x00007ffb5a7ee000 	C:\Users\jonas\.jdks\openjdk-20.0.1\bin\instrument.dll
0x00007ffb5a7b0000 - 0x00007ffb5a7d6000 	C:\Users\jonas\.jdks\openjdk-20.0.1\bin\java.dll
0x00007ffb0c820000 - 0x00007ffb0c8f7000 	C:\Users\jonas\.jdks\openjdk-20.0.1\bin\jsvml.dll
0x00007ffb837d0000 - 0x00007ffb83fca000 	C:\WINDOWS\System32\SHELL32.dll
0x000002659a800000 - 0x000002659b0ce000 	C:\WINDOWS\SYSTEM32\windows.storage.dll
0x00007ffb7f8f0000 - 0x00007ffb7fa2e000 	C:\WINDOWS\SYSTEM32\wintypes.dll
0x00007ffb83240000 - 0x00007ffb83331000 	C:\WINDOWS\System32\SHCORE.dll
0x00007ffb840f0000 - 0x00007ffb8414e000 	C:\WINDOWS\System32\shlwapi.dll
0x00007ffb81960000 - 0x00007ffb81981000 	C:\WINDOWS\SYSTEM32\profapi.dll
0x00007ffb5a790000 - 0x00007ffb5a7a8000 	C:\Users\jonas\.jdks\openjdk-20.0.1\bin\zip.dll
0x00007ffb50780000 - 0x00007ffb50793000 	C:\Users\jonas\.jdks\openjdk-20.0.1\bin\net.dll
0x00007ffb7c1f0000 - 0x00007ffb7c327000 	C:\WINDOWS\SYSTEM32\WINHTTP.dll
0x00007ffb80ef0000 - 0x00007ffb80f59000 	C:\WINDOWS\system32\mswsock.dll
0x00007ffb4ac30000 - 0x00007ffb4ac46000 	C:\Users\jonas\.jdks\openjdk-20.0.1\bin\nio.dll
0x00007ffb4ac10000 - 0x00007ffb4ac2a000 	C:\Program Files\JetBrains\IntelliJ IDEA Community Edition 2021.3.2\bin\breakgen64.dll
0x00007ffb52fc0000 - 0x00007ffb52fd0000 	C:\Users\jonas\.jdks\openjdk-20.0.1\bin\verify.dll
0x00007ffb52ee0000 - 0x00007ffb52ee7000 	C:\Users\jonas\.jdks\openjdk-20.0.1\bin\extnet.dll
0x0000000180000000 - 0x0000000180053000 	C:\Users\jonas\IdeaProjects\NaWi_Projekt\native\lwjgl64.dll
0x00007ffb421a0000 - 0x00007ffb422a0000 	C:\WINDOWS\SYSTEM32\OPENGL32.dll
0x00007ffb41e60000 - 0x00007ffb41e8d000 	C:\WINDOWS\SYSTEM32\GLU32.dll
0x00007ffb7f120000 - 0x00007ffb7f156000 	C:\WINDOWS\SYSTEM32\dxcore.dll
0x00007ffb7bbe0000 - 0x00007ffb7bc9c000 	C:\WINDOWS\SYSTEM32\mscms.dll
0x00007ffb83000000 - 0x00007ffb830b0000 	C:\WINDOWS\System32\clbcatq.dll
0x00007ffb77ae0000 - 0x00007ffb77b2f000 	C:\Windows\System32\Windows.Internal.Graphics.Display.DisplayColorManagement.dll
0x00007ffb816a0000 - 0x00007ffb816ee000 	C:\WINDOWS\SYSTEM32\cfgmgr32.dll
0x00007ffb7f020000 - 0x00007ffb7f0cb000 	C:\WINDOWS\system32\uxtheme.dll
0x00007ffb82410000 - 0x00007ffb8252e000 	C:\WINDOWS\System32\MSCTF.dll
0x00007ffb7aab0000 - 0x00007ffb7aaf8000 	C:\WINDOWS\SYSTEM32\directxdatabasehelper.dll
0x00007ffb7a360000 - 0x00007ffb7a494000 	C:\Windows\System32\AppXDeploymentClient.dll
0x00007ffabf460000 - 0x00007ffac04fd000 	C:\Windows\System32\DriverStore\FileRepository\iigd_dch.inf_amd64_87e934fb3fbbf9b1\ig11icd64.dll
0x00007ffb82d70000 - 0x00007ffb82f0c000 	C:\WINDOWS\System32\ole32.dll
0x00007ffb7f280000 - 0x00007ffb7f2ab000 	C:\WINDOWS\system32\dwmapi.dll
0x00007ffb7f160000 - 0x00007ffb7f256000 	C:\WINDOWS\system32\dxgi.dll
0x00007ffafd9d0000 - 0x00007ffafdb0c000 	C:\Windows\System32\DriverStore\FileRepository\iigd_dch.inf_amd64_87e934fb3fbbf9b1\igdml64.dll
0x00007ffb768c0000 - 0x00007ffb76cca000 	C:\Windows\System32\DriverStore\FileRepository\iigd_dch.inf_amd64_87e934fb3fbbf9b1\igdgmm64.dll
0x00007ffb788f0000 - 0x00007ffb78a1d000 	C:\WINDOWS\SYSTEM32\textinputframework.dll
0x00007ffb7e690000 - 0x00007ffb7e7c3000 	C:\WINDOWS\SYSTEM32\CoreMessaging.dll
0x00007ffb79f10000 - 0x00007ffb7a27c000 	C:\WINDOWS\SYSTEM32\CoreUIComponents.dll
0x00007ffb81170000 - 0x00007ffb8117c000 	C:\WINDOWS\SYSTEM32\CRYPTBASE.DLL
0x00007ffb43360000 - 0x00007ffb433c9000 	C:\WINDOWS\system32\Oleacc.dll
0x00007ffb77b30000 - 0x00007ffb77b79000 	C:\WINDOWS\SYSTEM32\icm32.dll
0x00007ffb71bc0000 - 0x00007ffb76230000 	C:\Windows\System32\DriverStore\FileRepository\iigd_dch.inf_amd64_87e934fb3fbbf9b1\igc64.dll
0x00007ffb81850000 - 0x00007ffb8189d000 	C:\WINDOWS\SYSTEM32\powrprof.dll
0x00007ffb81730000 - 0x00007ffb81743000 	C:\WINDOWS\SYSTEM32\UMPDC.dll
0x00007ffafa650000 - 0x00007ffafa7e0000 	C:\Users\jonas\.jdks\openjdk-20.0.1\bin\awt.dll
0x00007ffb7e9a0000 - 0x00007ffb7ea37000 	C:\WINDOWS\SYSTEM32\apphelp.dll
0x000002659be20000 - 0x000002659be36000 	C:\Users\jonas\IdeaProjects\NaWi_Projekt\native\jinput-dx8_64.dll
0x00007ffb52e90000 - 0x00007ffb52ed6000 	C:\WINDOWS\SYSTEM32\DINPUT8.dll
0x00007ffb80300000 - 0x00007ffb8030e000 	C:\WINDOWS\SYSTEM32\HID.DLL
0x00007ffb77c00000 - 0x00007ffb77e01000 	C:\WINDOWS\SYSTEM32\inputhost.dll
0x00007ffb84150000 - 0x00007ffb845c4000 	C:\WINDOWS\System32\SETUPAPI.DLL
0x00007ffb81650000 - 0x00007ffb8167c000 	C:\WINDOWS\SYSTEM32\DEVOBJ.dll
0x00007ffb82300000 - 0x00007ffb8236b000 	C:\WINDOWS\System32\WINTRUST.dll
0x00007ffb82070000 - 0x00007ffb821d7000 	C:\WINDOWS\System32\CRYPT32.dll
0x00007ffb81680000 - 0x00007ffb81692000 	C:\WINDOWS\SYSTEM32\MSASN1.dll
0x00000265a3c10000 - 0x00000265a3c24000 	C:\Users\jonas\IdeaProjects\NaWi_Projekt\native\jinput-raw_64.dll
0x00007ffb81150000 - 0x00007ffb8116b000 	C:\WINDOWS\SYSTEM32\CRYPTSP.dll
0x00007ffb809f0000 - 0x00007ffb80a25000 	C:\WINDOWS\system32\rsaenh.dll
0x00007ffb80ff0000 - 0x00007ffb81018000 	C:\WINDOWS\SYSTEM32\USERENV.dll
0x00007ffb812f0000 - 0x00007ffb81318000 	C:\WINDOWS\SYSTEM32\bcrypt.dll
0x00007ffb80560000 - 0x00007ffb8058d000 	C:\WINDOWS\SYSTEM32\IPHLPAPI.DLL
0x00007ffb82f20000 - 0x00007ffb82f29000 	C:\WINDOWS\System32\NSI.dll
0x00007ffb7aa90000 - 0x00007ffb7aaa9000 	C:\WINDOWS\SYSTEM32\dhcpcsvc6.DLL
0x00007ffb7a280000 - 0x00007ffb7a29f000 	C:\WINDOWS\SYSTEM32\dhcpcsvc.DLL
0x00007ffb805d0000 - 0x00007ffb806c3000 	C:\WINDOWS\SYSTEM32\DNSAPI.dll
0x00007ffb371a0000 - 0x00007ffb371ce000 	C:\Users\jonas\.jdks\openjdk-20.0.1\bin\javajpeg.dll
0x00007ffb0e4d0000 - 0x00007ffb0e556000 	C:\Users\jonas\.jdks\openjdk-20.0.1\bin\freetype.dll
0x00007ffafd900000 - 0x00007ffafd9c6000 	C:\Users\jonas\.jdks\openjdk-20.0.1\bin\fontmanager.dll

dbghelp: loaded successfully - version: 4.0.5 - missing functions: none
symbol engine: initialized successfully - sym options: 0x614 - pdb path: .;C:\Users\jonas\.jdks\openjdk-20.0.1\bin;C:\WINDOWS\SYSTEM32;C:\Program Files\Norton Security\NortonData\22.20.5.39\Definitions\IPSDefs\20230526.061;C:\WINDOWS\WinSxS\amd64_microsoft.windows.common-controls_6595b64144ccf1df_6.0.22621.1635_none_270f70857386168e;C:\Users\jonas\.jdks\openjdk-20.0.1\bin\server;C:\Program Files\JetBrains\IntelliJ IDEA Community Edition 2021.3.2\bin;C:\Users\jonas\IdeaProjects\NaWi_Projekt\native;C:\Windows\System32\DriverStore\FileRepository\iigd_dch.inf_amd64_87e934fb3fbbf9b1

VM Arguments:
jvm_args: -Djava.library.path=C:\Users\jonas\IdeaProjects\NaWi_Projekt\native -javaagent:C:\Program Files\JetBrains\IntelliJ IDEA Community Edition 2021.3.2\lib\idea_rt.jar=58532:C:\Program Files\JetBrains\IntelliJ IDEA Community Edition 2021.3.2\bin -Dfile.encoding=UTF-8 
java_command: at.htldornbirn.projects.nawi.Team2.code.Test
java_class_path (initial): C:\Users\jonas\IdeaProjects\NaWi_Projekt\out\production\Slick2DTemplate;C:\Users\jonas\IdeaProjects\NaWi_Projekt\lib\jogg-0.0.7.jar;C:\Users\jonas\IdeaProjects\NaWi_Projekt\lib\jnlp.jar;C:\Users\jonas\IdeaProjects\NaWi_Projekt\lib\natives-mac.jar;C:\Users\jonas\IdeaProjects\NaWi_Projekt\lib\ibxm.jar;C:\Users\jonas\IdeaProjects\NaWi_Projekt\lib\slick.jar;C:\Users\jonas\IdeaProjects\NaWi_Projekt\lib\lwjgl_util.jar;C:\Users\jonas\IdeaProjects\NaWi_Projekt\lib\natives-windows.jar;C:\Users\jonas\IdeaProjects\NaWi_Projekt\lib\tinylinepp.jar;C:\Users\jonas\IdeaProjects\NaWi_Projekt\lib\slick-examples.jar;C:\Users\jonas\IdeaProjects\NaWi_Projekt\lib\jinput.jar;C:\Users\jonas\IdeaProjects\NaWi_Projekt\lib\lwjgl.jar;C:\Users\jonas\IdeaProjects\NaWi_Projekt\lib\jorbis-0.0.15.jar;C:\Users\jonas\IdeaProjects\NaWi_Projekt\lib\lwjgl_util_applet.jar;C:\Users\jonas\IdeaProjects\NaWi_Projekt\lib\natives-linux.jar
Launcher Type: SUN_STANDARD

[Global flags]
     intx CICompilerCount                          = 4                                         {product} {ergonomic}
     uint ConcGCThreads                            = 2                                         {product} {ergonomic}
     uint G1ConcRefinementThreads                  = 8                                         {product} {ergonomic}
   size_t G1HeapRegionSize                         = 2097152                                   {product} {ergonomic}
    uintx GCDrainStackTargetSize                   = 64                                        {product} {ergonomic}
   size_t InitialHeapSize                          = 264241152                                 {product} {ergonomic}
   size_t MarkStackSize                            = 4194304                                   {product} {ergonomic}
   size_t MaxHeapSize                              = 4227858432                                {product} {ergonomic}
   size_t MaxNewSize                               = 2535456768                                {product} {ergonomic}
   size_t MinHeapDeltaBytes                        = 2097152                                   {product} {ergonomic}
   size_t MinHeapSize                              = 8388608                                   {product} {ergonomic}
    uintx NonNMethodCodeHeapSize                   = 5839372                                {pd product} {ergonomic}
    uintx NonProfiledCodeHeapSize                  = 122909434                              {pd product} {ergonomic}
    uintx ProfiledCodeHeapSize                     = 122909434                              {pd product} {ergonomic}
    uintx ReservedCodeCacheSize                    = 251658240                              {pd product} {ergonomic}
     bool SegmentedCodeCache                       = true                                      {product} {ergonomic}
   size_t SoftMaxHeapSize                          = 4227858432                             {manageable} {ergonomic}
     bool UseCompressedClassPointers               = true                           {product lp64_product} {ergonomic}
     bool UseCompressedOops                        = true                           {product lp64_product} {ergonomic}
     bool UseG1GC                                  = true                                      {product} {ergonomic}
     bool UseLargePagesIndividualAllocation        = false                                  {pd product} {ergonomic}

Logging:
Log output configuration:
 #0: stdout all=off uptime,level,tags foldmultilines=false
 #1: stderr all=off uptime,level,tags foldmultilines=false

Environment Variables:
PATH=C:\Program Files (x86)\VMware\VMware Player\bin\;C:\WINDOWS\system32;C:\WINDOWS;C:\WINDOWS\System32\Wbem;C:\WINDOWS\System32\WindowsPowerShell\v1.0\;C:\WINDOWS\System32\OpenSSH\;C:\Program Files\Microsoft SQL Server\120\Tools\Binn\;C:\Program Files\Microsoft SQL Server\Client SDK\ODBC\170\Tools\Binn\;C:\Program Files (x86)\Microsoft SQL Server\150\Tools\Binn\;C:\Program Files\Microsoft SQL Server\150\Tools\Binn\;C:\Program Files\Microsoft SQL Server\150\DTS\Binn\;C:\Program Files (x86)\Microsoft SQL Server\150\DTS\Binn\;C:\Program Files\Azure Data Studio\bin;C:\Program Files\dotnet\;C:\Program Files\Git\cmd;C:\Users\jonas\AppData\Local\Microsoft\WindowsApps;;C:\Program Files\Azure Data Studio\bin;C:\Users\jonas\.dotnet\tools
USERNAME=jonas
OS=Windows_NT
PROCESSOR_IDENTIFIER=Intel64 Family 6 Model 126 Stepping 5, GenuineIntel
TMP=C:\Users\jonas\AppData\Local\Temp
TEMP=C:\Users\jonas\AppData\Local\Temp




---------------  S Y S T E M  ---------------

OS:
 Windows 11 , 64 bit Build 22621 (10.0.22621.1635)
OS uptime: 0 days 2:05 hours

CPU: total 8 (initial active 8) (4 cores per cpu, 2 threads per core) family 6 model 126 stepping 5 microcode 0xa0, cx8, cmov, fxsr, ht, mmx, 3dnowpref, sse, sse2, sse3, ssse3, sse4.1, sse4.2, popcnt, lzcnt, tsc, tscinvbit, avx, avx2, aes, erms, clmul, bmi1, bmi2, adx, avx512f, avx512dq, avx512cd, avx512bw, avx512vl, sha, fma, vzeroupper, avx512_vpopcntdq, avx512_vpclmulqdq, avx512_vaes, avx512_vnni, clflush, clflushopt, avx512_vbmi2, avx512_vbmi, rdtscp, rdpid, fsrm, gfni, avx512_bitalg, f16c, pku, avx512_ifma

Memory: 4k page, system-wide physical 16126M (7194M free)
TotalPageFile size 17150M (AvailPageFile size 6244M)
current process WorkingSet (physical memory assigned to process): 207M, peak: 213M
current process commit charge ("private bytes"): 397M, peak: 413M

vm_info: OpenJDK 64-Bit Server VM (20.0.1+9-29) for windows-amd64 JRE (20.0.1+9-29), built on 2023-03-07T13:56:11Z by "mach5one" with MS VC++ 17.1 (VS2022)

END.
