#
# A fatal error has been detected by the Java Runtime Environment:
#
#  EXCEPTION_ACCESS_VIOLATION (0xc0000005) at pc=0x00007ff8c04bc339, pid=12388, tid=1312
#
# JRE version: OpenJDK Runtime Environment Zulu15.46+17-CA (15.0.10+5) (build 15.0.10+5-MTS)
# Java VM: OpenJDK 64-Bit Server VM Zulu15.46+17-CA (15.0.10+5-MTS, mixed mode, sharing, tiered, compressed oops, g1 gc, windows-amd64)
# Problematic frame:
# C  [ig11icd64.dll+0x56c339]
#
# No core dump will be written. Minidumps are not enabled by default on client versions of Windows
#
# If you would like to submit a bug report, please visit:
#   http://www.azul.com/support/
#

---------------  S U M M A R Y ------------

Command Line: -Djava.library.path=C:\Users\Luca\Documents\3. Klasse\SWP\NaWi_Projekt\native -javaagent:C:\Program Files\JetBrains\IntelliJ IDEA Community Edition 2021.3.2\lib\idea_rt.jar=53757:C:\Program Files\JetBrains\IntelliJ IDEA Community Edition 2021.3.2\bin -Dfile.encoding=UTF-8 at.htldornbirn.projects.nawi.Team2.code.Test2

Host: Intel(R) Core(TM) i5-1035G1 CPU @ 1.00GHz, 8 cores, 7G,  Windows 11 , 64 bit Build 22621 (10.0.22621.1635)
Time: Thu May 25 07:58:37 2023 Mitteleuropäische Sommerzeit elapsed time: 9.050017 seconds (0d 0h 0m 9s)

---------------  T H R E A D  ---------------

Current thread (0x0000022cff93b620):  VMThread "VM Thread" [stack: 0x0000007a1ab00000,0x0000007a1ac00000] [id=1312]

Stack: [0x0000007a1ab00000,0x0000007a1ac00000],  sp=0x0000007a1abfe5a0,  free space=1017k
Native frames: (J=compiled Java code, j=interpreted, Vv=VM code, C=native code)
C  [ig11icd64.dll+0x56c339]


siginfo: EXCEPTION_ACCESS_VIOLATION (0xc0000005), reading address 0x00000000000352f8


Register to memory mapping:

RIP=0x00007ff8c04bc339 ig11icd64.dll
RAX=0x0000022c883a7c90 points into unknown readable memory: 0x00000000000fdec6 | c6 de 0f 00 00 00 00 00
RBX=0x0000022c883a7bc0 points into unknown readable memory: 0x0000022cffea9df0 | f0 9d ea ff 2c 02 00 00
RCX=0x0 is NULL
RDX=0x0000022c883a7c90 points into unknown readable memory: 0x00000000000fdec6 | c6 de 0f 00 00 00 00 00
RSP=0x0000007a1abfe5a0 points into unknown readable memory: 0x0000022cffe59ae0 | e0 9a e5 ff 2c 02 00 00
RBP=0x0000022c883a5ff0 points into unknown readable memory: 0x0000022cffea9df0 | f0 9d ea ff 2c 02 00 00
RSI=0x0000022c883a80d8 points into unknown readable memory: 0x0000022c883a5ff0 | f0 5f 3a 88 2c 02 00 00
RDI=0x0000022cffc07060 points into unknown readable memory: 0x00007ff9412f8e00 | 00 8e 2f 41 f9 7f 00 00
R8 =0x0000000000000014 is an unknown value
R9 =0x0 is NULL
R10=0x0 is NULL
R11=0x0000000000000246 is an unknown value
R12=0x0 is NULL
R13=0x0 is NULL
R14=0x0 is NULL
R15=0x0 is NULL


Registers:
RAX=0x0000022c883a7c90, RBX=0x0000022c883a7bc0, RCX=0x0000000000000000, RDX=0x0000022c883a7c90
RSP=0x0000007a1abfe5a0, RBP=0x0000022c883a5ff0, RSI=0x0000022c883a80d8, RDI=0x0000022cffc07060
R8 =0x0000000000000014, R9 =0x0000000000000000, R10=0x0000000000000000, R11=0x0000000000000246
R12=0x0000000000000000, R13=0x0000000000000000, R14=0x0000000000000000, R15=0x0000000000000000
RIP=0x00007ff8c04bc339, EFLAGS=0x0000000000010206

Top of Stack: (sp=0x0000007a1abfe5a0)
0x0000007a1abfe5a0:   0000022cffe59ae0 0242d8f1013dadf1
0x0000007a1abfe5b0:   0000007a1abfe5e8 0000005400000000
0x0000007a1abfe5c0:   00007ff8c0ea83f0 00000000000fdf1c
0x0000007a1abfe5d0:   0000022c818c73d0 0000000000000080
0x0000007a1abfe5e0:   0000000000000000 00007ff8c049d782
0x0000007a1abfe5f0:   0000022cffe59ae0 0000022cffc07060
0x0000007a1abfe600:   0000007a1abfe6f0 0000000000000000
0x0000007a1abfe610:   0000000000001ebc 0000000000000000
0x0000007a1abfe620:   01e601fb027866fa 01ba75fc01c68cfb
0x0000007a1abfe630:   028614fd022ca3fc 024f78fe01e5dffd
0x0000007a1abfe640:   018cdcfe025e8dfe 01dd10ff0163e2fe
0x0000007a1abfe650:   020034ff024130ff fc03000000060048
0x0000007a1abfe660:   f71201fcea0d0250 c81901c7f71301c7
0x0000007a1abfe670:   c525024d2e210287 2b29024b61280201
0x0000007a1abfe680:   dd2e020f242e0294 014101f96a3c0289
0x0000007a1abfe690:   0000b80200000000 0000000000001ebc 

Instructions: (pc=0x00007ff8c04bc339)
0x00007ff8c04bc239:   30 44 38 24 01 75 05 e8 d3 1c f9 ff 65 48 8b 04
0x00007ff8c04bc249:   25 58 00 00 00 41 be 20 00 00 00 48 8b 04 30 4d
0x00007ff8c04bc259:   8b 34 06 48 85 ed 0f 84 6f 03 00 00 66 66 66 0f
0x00007ff8c04bc269:   1f 84 00 00 00 00 00 48 8b dd 48 8d b5 18 05 00
0x00007ff8c04bc279:   00 48 8b 2e 45 84 ff 74 1d 48 8b 0b 48 8b d3 80
0x00007ff8c04bc289:   bb 6a 05 00 00 00 0f 85 f2 02 00 00 e8 a6 64 fe
0x00007ff8c04bc299:   ff e9 f4 02 00 00 8b 8f d0 01 00 00 48 8b 05 64
0x00007ff8c04bc2a9:   ff 8e 00 83 b8 54 03 00 00 02 0f 85 f4 00 00 00
0x00007ff8c04bc2b9:   48 8d 93 d0 00 00 00 83 f9 10 73 04 8b c1 eb 56
0x00007ff8c04bc2c9:   44 8d 41 f0 41 8b c0 c1 e8 04 83 f8 03 73 20 0f
0x00007ff8c04bc2d9:   ae e8 41 83 e0 0f 4c 8b 8c c2 00 04 00 00 4d 85
0x00007ff8c04bc2e9:   c9 74 25 41 8b c0 48 c1 e0 06 49 03 c1 eb 2e 48
0x00007ff8c04bc2f9:   8b 82 18 04 00 00 48 85 c0 74 0d 39 08 74 29 48
0x00007ff8c04bc309:   8b 40 48 48 85 c0 75 f3 80 ba 20 04 00 00 00 74
0x00007ff8c04bc319:   1d 8b c1 83 e0 0f 48 c1 e0 06 48 03 c2 48 85 c0
0x00007ff8c04bc329:   74 0c 48 8b 48 08 eb 08 48 83 c0 08 eb ef 33 c9
0x00007ff8c04bc339:   49 3b 8e f8 52 03 00 76 6b 48 8b 87 80 02 00 00
0x00007ff8c04bc349:   48 89 06 48 89 9f 80 02 00 00 ff 87 88 02 00 00
0x00007ff8c04bc359:   48 8b 4b 08 48 8b 01 ba 01 00 00 00 48 8b 80 d8
0x00007ff8c04bc369:   02 00 00 ff 15 8e 32 59 00 0f b7 c8 48 2b c1 48
0x00007ff8c04bc379:   05 00 00 01 00 48 01 87 90 02 00 00 48 8b 4b 08
0x00007ff8c04bc389:   48 8b 01 ba 01 00 00 00 48 8b 80 d8 02 00 00 ff
0x00007ff8c04bc399:   15 62 32 59 00 48 01 87 a0 02 00 00 41 b4 01 e9
0x00007ff8c04bc3a9:   e6 01 00 00 44 8b 9f d0 01 00 00 48 8b 87 e8 01
0x00007ff8c04bc3b9:   00 00 4c 8b 10 8b 8f d0 01 00 00 48 8d 93 d0 00
0x00007ff8c04bc3c9:   00 00 83 f9 10 73 04 8b c1 eb 57 44 8d 41 f0 41
0x00007ff8c04bc3d9:   8b c0 c1 e8 04 83 f8 03 73 20 0f ae e8 41 83 e0
0x00007ff8c04bc3e9:   0f 4c 8b 8c c2 00 04 00 00 4d 85 c9 74 26 41 8b
0x00007ff8c04bc3f9:   c0 48 c1 e0 06 49 03 c1 eb 2f 48 8b 82 18 04 00
0x00007ff8c04bc409:   00 48 85 c0 74 0e 90 39 08 74 3c 48 8b 40 48 48
0x00007ff8c04bc419:   85 c0 75 f3 80 ba 20 04 00 00 00 74 1b 8b c1 83
0x00007ff8c04bc429:   e0 0f 48 c1 e0 06 48 03 c2 48 85 c0 74 0a 4c 39 


Stack slot to memory mapping:
stack at sp + 0 slots: 0x0000022cffe59ae0 points into unknown readable memory: 0xffffffffffffffff | ff ff ff ff ff ff ff ff
stack at sp + 1 slots: 0x0242d8f1013dadf1 is an unknown value
stack at sp + 2 slots: 0x0000007a1abfe5e8 points into unknown readable memory: 0x00007ff8c049d782 | 82 d7 49 c0 f8 7f 00 00
stack at sp + 3 slots: 0x0000005400000000 is an unknown value
stack at sp + 4 slots: 0x00007ff8c0ea83f0 ig11icd64.dll
stack at sp + 5 slots: 0x00000000000fdf1c is an unknown value
stack at sp + 6 slots: 0x0000022c818c73d0 points into unknown readable memory: 0x0000000000000000 | 00 00 00 00 00 00 00 00
stack at sp + 7 slots: 0x0000000000000080 is an unknown value

VM_Operation (0x0000007a1c2ff2f0): Exit, mode: safepoint, requested by thread 0x0000022c882a1320


---------------  P R O C E S S  ---------------

Threads class SMR info:
_java_thread_list=0x0000022c81c39e60, length=14, elements={
0x0000022ce0c9d030, 0x0000022cff93cea0, 0x0000022cff93da70, 0x0000022cff953990,
0x0000022cff955450, 0x0000022cff955f00, 0x0000022cff9591b0, 0x0000022cff959d50,
0x0000022cff95dc60, 0x0000022cffbb34c0, 0x0000022cffd4e750, 0x0000022cffc9d520,
0x0000022c882ca190, 0x0000022c882a1320
}

Java Threads: ( => current thread )
  0x0000022ce0c9d030 JavaThread "main" [_thread_blocked, id=15384, stack(0x0000007a1a500000,0x0000007a1a600000)]
  0x0000022cff93cea0 JavaThread "Reference Handler" daemon [_thread_blocked, id=17012, stack(0x0000007a1ac00000,0x0000007a1ad00000)]
  0x0000022cff93da70 JavaThread "Finalizer" daemon [_thread_blocked, id=19256, stack(0x0000007a1ad00000,0x0000007a1ae00000)]
  0x0000022cff953990 JavaThread "Signal Dispatcher" daemon [_thread_blocked, id=22348, stack(0x0000007a1ae00000,0x0000007a1af00000)]
  0x0000022cff955450 JavaThread "Attach Listener" daemon [_thread_blocked, id=23156, stack(0x0000007a1af00000,0x0000007a1b000000)]
  0x0000022cff955f00 JavaThread "Service Thread" daemon [_thread_blocked, id=15992, stack(0x0000007a1b000000,0x0000007a1b100000)]
  0x0000022cff9591b0 JavaThread "C2 CompilerThread0" daemon [_thread_blocked, id=20396, stack(0x0000007a1b100000,0x0000007a1b200000)]
  0x0000022cff959d50 JavaThread "C1 CompilerThread0" daemon [_thread_blocked, id=19112, stack(0x0000007a1b200000,0x0000007a1b300000)]
  0x0000022cff95dc60 JavaThread "Sweeper thread" daemon [_thread_blocked, id=14268, stack(0x0000007a1b300000,0x0000007a1b400000)]
  0x0000022cffbb34c0 JavaThread "Common-Cleaner" daemon [_thread_blocked, id=13016, stack(0x0000007a1b400000,0x0000007a1b500000)]
  0x0000022cffd4e750 JavaThread "Monitor Ctrl-Break" daemon [_thread_in_native, id=8184, stack(0x0000007a1b500000,0x0000007a1b600000)]
  0x0000022cffc9d520 JavaThread "Notification Thread" daemon [_thread_blocked, id=18332, stack(0x0000007a1b600000,0x0000007a1b700000)]
  0x0000022c882ca190 JavaThread "Thread-2" daemon [_thread_in_native, id=16972, stack(0x0000007a1c000000,0x0000007a1c100000)]
  0x0000022c882a1320 JavaThread "SIGINT handler" daemon [_thread_blocked, id=19584, stack(0x0000007a1c200000,0x0000007a1c300000)]

Other Threads:
=>0x0000022cff93b620 VMThread "VM Thread" [stack: 0x0000007a1ab00000,0x0000007a1ac00000] [id=1312]
  0x0000022ce0cdc360 GCTaskThread "GC Thread#0" [stack: 0x0000007a1a600000,0x0000007a1a700000] [id=18316]
  0x0000022c8195e9e0 GCTaskThread "GC Thread#1" [stack: 0x0000007a1bc00000,0x0000007a1bd00000] [id=2568]
  0x0000022c81960690 GCTaskThread "GC Thread#2" [stack: 0x0000007a1c100000,0x0000007a1c200000] [id=4864]
  0x0000022ce0ced010 ConcurrentGCThread "G1 Main Marker" [stack: 0x0000007a1a700000,0x0000007a1a800000] [id=15256]
  0x0000022ce0cf05c0 ConcurrentGCThread "G1 Conc#0" [stack: 0x0000007a1a800000,0x0000007a1a900000] [id=3952]
  0x0000022cff7b0090 ConcurrentGCThread "G1 Refine#0" [stack: 0x0000007a1a900000,0x0000007a1aa00000] [id=5140]
  0x0000022cff7b09d0 ConcurrentGCThread "G1 Young RemSet Sampling" [stack: 0x0000007a1aa00000,0x0000007a1ab00000] [id=10608]

Threads with active compile tasks:

VM state: at safepoint (shutting down)

VM Mutex/Monitor currently owned by a thread:  ([mutex/lock_event])
[0x0000022ce0c98ad0] Threads_lock - owner thread: 0x0000022cff93b620
[0x0000022ce0c97f00] Heap_lock - owner thread: 0x0000022c882a1320

Heap address: 0x0000000083c00000, size: 1988 MB, Compressed Oops mode: 32-bit
CDS archive(s) mapped at: [0x0000000800000000-0x0000000800b50000-0x0000000800b50000), size 11862016, SharedBaseAddress: 0x0000000800000000, ArchiveRelocationMode: 0.
Compressed class space mapped at: 0x0000000800b50000-0x0000000840b50000, size: 1073741824
Narrow klass base: 0x0000000800000000, Narrow klass shift: 3, Narrow klass range: 0x100000000

GC Precious Log:
 CPUs: 8 total, 8 available
 Memory: 7945M
 Large Page Support: Disabled
 NUMA Support: Disabled
 Compressed Oops: Enabled (32-bit)
 Heap Region Size: 1M
 Heap Min Capacity: 8M
 Heap Initial Capacity: 126M
 Heap Max Capacity: 1988M
 Pre-touch: Disabled
 Parallel Workers: 8
 Concurrent Workers: 2
 Concurrent Refinement Workers: 8
 Periodic GC: Disabled

Heap:
 garbage-first heap   total 129024K, used 26905K [0x0000000083c00000, 0x0000000100000000)
  region size 1024K, 28 young (28672K), 3 survivors (3072K)
 Metaspace       used 4250K, capacity 6563K, committed 6784K, reserved 1056768K
  class space    used 295K, capacity 529K, committed 640K, reserved 1048576K

Heap Regions: E=young(eden), S=young(survivor), O=old, HS=humongous(starts), HC=humongous(continues), CS=collection set, F=free, OA=open archive, CA=closed archive, TAMS=top-at-mark-start (previous, next)
|   0|0x0000000083c00000, 0x0000000083c00000, 0x0000000083d00000|  0%| F|  |TAMS 0x0000000083c00000, 0x0000000083c00000| Untracked 
|   1|0x0000000083d00000, 0x0000000083d00000, 0x0000000083e00000|  0%| F|  |TAMS 0x0000000083d00000, 0x0000000083d00000| Untracked 
|   2|0x0000000083e00000, 0x0000000083e00000, 0x0000000083f00000|  0%| F|  |TAMS 0x0000000083e00000, 0x0000000083e00000| Untracked 
|   3|0x0000000083f00000, 0x0000000083f00000, 0x0000000084000000|  0%| F|  |TAMS 0x0000000083f00000, 0x0000000083f00000| Untracked 
|   4|0x0000000084000000, 0x0000000084000000, 0x0000000084100000|  0%| F|  |TAMS 0x0000000084000000, 0x0000000084000000| Untracked 
|   5|0x0000000084100000, 0x0000000084100000, 0x0000000084200000|  0%| F|  |TAMS 0x0000000084100000, 0x0000000084100000| Untracked 
|   6|0x0000000084200000, 0x0000000084200000, 0x0000000084300000|  0%| F|  |TAMS 0x0000000084200000, 0x0000000084200000| Untracked 
|   7|0x0000000084300000, 0x0000000084300000, 0x0000000084400000|  0%| F|  |TAMS 0x0000000084300000, 0x0000000084300000| Untracked 
|   8|0x0000000084400000, 0x0000000084400000, 0x0000000084500000|  0%| F|  |TAMS 0x0000000084400000, 0x0000000084400000| Untracked 
|   9|0x0000000084500000, 0x0000000084500000, 0x0000000084600000|  0%| F|  |TAMS 0x0000000084500000, 0x0000000084500000| Untracked 
|  10|0x0000000084600000, 0x0000000084600000, 0x0000000084700000|  0%| F|  |TAMS 0x0000000084600000, 0x0000000084600000| Untracked 
|  11|0x0000000084700000, 0x0000000084700000, 0x0000000084800000|  0%| F|  |TAMS 0x0000000084700000, 0x0000000084700000| Untracked 
|  12|0x0000000084800000, 0x0000000084800000, 0x0000000084900000|  0%| F|  |TAMS 0x0000000084800000, 0x0000000084800000| Untracked 
|  13|0x0000000084900000, 0x0000000084900000, 0x0000000084a00000|  0%| F|  |TAMS 0x0000000084900000, 0x0000000084900000| Untracked 
|  14|0x0000000084a00000, 0x0000000084a00000, 0x0000000084b00000|  0%| F|  |TAMS 0x0000000084a00000, 0x0000000084a00000| Untracked 
|  15|0x0000000084b00000, 0x0000000084b00000, 0x0000000084c00000|  0%| F|  |TAMS 0x0000000084b00000, 0x0000000084b00000| Untracked 
|  16|0x0000000084c00000, 0x0000000084c00000, 0x0000000084d00000|  0%| F|  |TAMS 0x0000000084c00000, 0x0000000084c00000| Untracked 
|  17|0x0000000084d00000, 0x0000000084d00000, 0x0000000084e00000|  0%| F|  |TAMS 0x0000000084d00000, 0x0000000084d00000| Untracked 
|  18|0x0000000084e00000, 0x0000000084e00000, 0x0000000084f00000|  0%| F|  |TAMS 0x0000000084e00000, 0x0000000084e00000| Untracked 
|  19|0x0000000084f00000, 0x0000000084f00000, 0x0000000085000000|  0%| F|  |TAMS 0x0000000084f00000, 0x0000000084f00000| Untracked 
|  20|0x0000000085000000, 0x0000000085000000, 0x0000000085100000|  0%| F|  |TAMS 0x0000000085000000, 0x0000000085000000| Untracked 
|  21|0x0000000085100000, 0x0000000085100000, 0x0000000085200000|  0%| F|  |TAMS 0x0000000085100000, 0x0000000085100000| Untracked 
|  22|0x0000000085200000, 0x0000000085200000, 0x0000000085300000|  0%| F|  |TAMS 0x0000000085200000, 0x0000000085200000| Untracked 
|  23|0x0000000085300000, 0x0000000085300000, 0x0000000085400000|  0%| F|  |TAMS 0x0000000085300000, 0x0000000085300000| Untracked 
|  24|0x0000000085400000, 0x0000000085400000, 0x0000000085500000|  0%| F|  |TAMS 0x0000000085400000, 0x0000000085400000| Untracked 
|  25|0x0000000085500000, 0x0000000085500000, 0x0000000085600000|  0%| F|  |TAMS 0x0000000085500000, 0x0000000085500000| Untracked 
|  26|0x0000000085600000, 0x0000000085600000, 0x0000000085700000|  0%| F|  |TAMS 0x0000000085600000, 0x0000000085600000| Untracked 
|  27|0x0000000085700000, 0x0000000085700000, 0x0000000085800000|  0%| F|  |TAMS 0x0000000085700000, 0x0000000085700000| Untracked 
|  28|0x0000000085800000, 0x0000000085800000, 0x0000000085900000|  0%| F|  |TAMS 0x0000000085800000, 0x0000000085800000| Untracked 
|  29|0x0000000085900000, 0x0000000085900000, 0x0000000085a00000|  0%| F|  |TAMS 0x0000000085900000, 0x0000000085900000| Untracked 
|  30|0x0000000085a00000, 0x0000000085a00000, 0x0000000085b00000|  0%| F|  |TAMS 0x0000000085a00000, 0x0000000085a00000| Untracked 
|  31|0x0000000085b00000, 0x0000000085b00000, 0x0000000085c00000|  0%| F|  |TAMS 0x0000000085b00000, 0x0000000085b00000| Untracked 
|  32|0x0000000085c00000, 0x0000000085c00000, 0x0000000085d00000|  0%| F|  |TAMS 0x0000000085c00000, 0x0000000085c00000| Untracked 
|  33|0x0000000085d00000, 0x0000000085d00000, 0x0000000085e00000|  0%| F|  |TAMS 0x0000000085d00000, 0x0000000085d00000| Untracked 
|  34|0x0000000085e00000, 0x0000000085e00000, 0x0000000085f00000|  0%| F|  |TAMS 0x0000000085e00000, 0x0000000085e00000| Untracked 
|  35|0x0000000085f00000, 0x0000000085f00000, 0x0000000086000000|  0%| F|  |TAMS 0x0000000085f00000, 0x0000000085f00000| Untracked 
|  36|0x0000000086000000, 0x0000000086000000, 0x0000000086100000|  0%| F|  |TAMS 0x0000000086000000, 0x0000000086000000| Untracked 
|  37|0x0000000086100000, 0x0000000086100000, 0x0000000086200000|  0%| F|  |TAMS 0x0000000086100000, 0x0000000086100000| Untracked 
|  38|0x0000000086200000, 0x0000000086200000, 0x0000000086300000|  0%| F|  |TAMS 0x0000000086200000, 0x0000000086200000| Untracked 
|  39|0x0000000086300000, 0x0000000086300000, 0x0000000086400000|  0%| F|  |TAMS 0x0000000086300000, 0x0000000086300000| Untracked 
|  40|0x0000000086400000, 0x0000000086400000, 0x0000000086500000|  0%| F|  |TAMS 0x0000000086400000, 0x0000000086400000| Untracked 
|  41|0x0000000086500000, 0x0000000086500000, 0x0000000086600000|  0%| F|  |TAMS 0x0000000086500000, 0x0000000086500000| Untracked 
|  42|0x0000000086600000, 0x0000000086600000, 0x0000000086700000|  0%| F|  |TAMS 0x0000000086600000, 0x0000000086600000| Untracked 
|  43|0x0000000086700000, 0x0000000086700000, 0x0000000086800000|  0%| F|  |TAMS 0x0000000086700000, 0x0000000086700000| Untracked 
|  44|0x0000000086800000, 0x0000000086800000, 0x0000000086900000|  0%| F|  |TAMS 0x0000000086800000, 0x0000000086800000| Untracked 
|  45|0x0000000086900000, 0x0000000086900000, 0x0000000086a00000|  0%| F|  |TAMS 0x0000000086900000, 0x0000000086900000| Untracked 
|  46|0x0000000086a00000, 0x0000000086a00000, 0x0000000086b00000|  0%| F|  |TAMS 0x0000000086a00000, 0x0000000086a00000| Untracked 
|  47|0x0000000086b00000, 0x0000000086b00000, 0x0000000086c00000|  0%| F|  |TAMS 0x0000000086b00000, 0x0000000086b00000| Untracked 
|  48|0x0000000086c00000, 0x0000000086c00000, 0x0000000086d00000|  0%| F|  |TAMS 0x0000000086c00000, 0x0000000086c00000| Untracked 
|  49|0x0000000086d00000, 0x0000000086d00000, 0x0000000086e00000|  0%| F|  |TAMS 0x0000000086d00000, 0x0000000086d00000| Untracked 
|  50|0x0000000086e00000, 0x0000000086e00000, 0x0000000086f00000|  0%| F|  |TAMS 0x0000000086e00000, 0x0000000086e00000| Untracked 
|  51|0x0000000086f00000, 0x0000000086f00000, 0x0000000087000000|  0%| F|  |TAMS 0x0000000086f00000, 0x0000000086f00000| Untracked 
|  52|0x0000000087000000, 0x0000000087000000, 0x0000000087100000|  0%| F|  |TAMS 0x0000000087000000, 0x0000000087000000| Untracked 
|  53|0x0000000087100000, 0x0000000087100000, 0x0000000087200000|  0%| F|  |TAMS 0x0000000087100000, 0x0000000087100000| Untracked 
|  54|0x0000000087200000, 0x0000000087200000, 0x0000000087300000|  0%| F|  |TAMS 0x0000000087200000, 0x0000000087200000| Untracked 
|  55|0x0000000087300000, 0x0000000087300000, 0x0000000087400000|  0%| F|  |TAMS 0x0000000087300000, 0x0000000087300000| Untracked 
|  56|0x0000000087400000, 0x0000000087400000, 0x0000000087500000|  0%| F|  |TAMS 0x0000000087400000, 0x0000000087400000| Untracked 
|  57|0x0000000087500000, 0x0000000087500000, 0x0000000087600000|  0%| F|  |TAMS 0x0000000087500000, 0x0000000087500000| Untracked 
|  58|0x0000000087600000, 0x0000000087600000, 0x0000000087700000|  0%| F|  |TAMS 0x0000000087600000, 0x0000000087600000| Untracked 
|  59|0x0000000087700000, 0x0000000087700000, 0x0000000087800000|  0%| F|  |TAMS 0x0000000087700000, 0x0000000087700000| Untracked 
|  60|0x0000000087800000, 0x0000000087800000, 0x0000000087900000|  0%| F|  |TAMS 0x0000000087800000, 0x0000000087800000| Untracked 
|  61|0x0000000087900000, 0x0000000087900000, 0x0000000087a00000|  0%| F|  |TAMS 0x0000000087900000, 0x0000000087900000| Untracked 
|  62|0x0000000087a00000, 0x0000000087a00000, 0x0000000087b00000|  0%| F|  |TAMS 0x0000000087a00000, 0x0000000087a00000| Untracked 
|  63|0x0000000087b00000, 0x0000000087b00000, 0x0000000087c00000|  0%| F|  |TAMS 0x0000000087b00000, 0x0000000087b00000| Untracked 
|  64|0x0000000087c00000, 0x0000000087c00000, 0x0000000087d00000|  0%| F|  |TAMS 0x0000000087c00000, 0x0000000087c00000| Untracked 
|  65|0x0000000087d00000, 0x0000000087d00000, 0x0000000087e00000|  0%| F|  |TAMS 0x0000000087d00000, 0x0000000087d00000| Untracked 
|  66|0x0000000087e00000, 0x0000000087e00000, 0x0000000087f00000|  0%| F|  |TAMS 0x0000000087e00000, 0x0000000087e00000| Untracked 
|  67|0x0000000087f00000, 0x0000000087f00000, 0x0000000088000000|  0%| F|  |TAMS 0x0000000087f00000, 0x0000000087f00000| Untracked 
|  68|0x0000000088000000, 0x0000000088000000, 0x0000000088100000|  0%| F|  |TAMS 0x0000000088000000, 0x0000000088000000| Untracked 
|  69|0x0000000088100000, 0x0000000088100000, 0x0000000088200000|  0%| F|  |TAMS 0x0000000088100000, 0x0000000088100000| Untracked 
|  70|0x0000000088200000, 0x0000000088200000, 0x0000000088300000|  0%| F|  |TAMS 0x0000000088200000, 0x0000000088200000| Untracked 
|  71|0x0000000088300000, 0x0000000088300000, 0x0000000088400000|  0%| F|  |TAMS 0x0000000088300000, 0x0000000088300000| Untracked 
|  72|0x0000000088400000, 0x0000000088400000, 0x0000000088500000|  0%| F|  |TAMS 0x0000000088400000, 0x0000000088400000| Untracked 
|  73|0x0000000088500000, 0x0000000088500000, 0x0000000088600000|  0%| F|  |TAMS 0x0000000088500000, 0x0000000088500000| Untracked 
|  74|0x0000000088600000, 0x0000000088600000, 0x0000000088700000|  0%| F|  |TAMS 0x0000000088600000, 0x0000000088600000| Untracked 
|  75|0x0000000088700000, 0x0000000088700000, 0x0000000088800000|  0%| F|  |TAMS 0x0000000088700000, 0x0000000088700000| Untracked 
|  76|0x0000000088800000, 0x0000000088800000, 0x0000000088900000|  0%| F|  |TAMS 0x0000000088800000, 0x0000000088800000| Untracked 
|  77|0x0000000088900000, 0x0000000088900000, 0x0000000088a00000|  0%| F|  |TAMS 0x0000000088900000, 0x0000000088900000| Untracked 
|  78|0x0000000088a00000, 0x0000000088a00000, 0x0000000088b00000|  0%| F|  |TAMS 0x0000000088a00000, 0x0000000088a00000| Untracked 
|  79|0x0000000088b00000, 0x0000000088b00000, 0x0000000088c00000|  0%| F|  |TAMS 0x0000000088b00000, 0x0000000088b00000| Untracked 
|  80|0x0000000088c00000, 0x0000000088c00000, 0x0000000088d00000|  0%| F|  |TAMS 0x0000000088c00000, 0x0000000088c00000| Untracked 
|  81|0x0000000088d00000, 0x0000000088d00000, 0x0000000088e00000|  0%| F|  |TAMS 0x0000000088d00000, 0x0000000088d00000| Untracked 
|  82|0x0000000088e00000, 0x0000000088e00000, 0x0000000088f00000|  0%| F|  |TAMS 0x0000000088e00000, 0x0000000088e00000| Untracked 
|  83|0x0000000088f00000, 0x0000000088f00000, 0x0000000089000000|  0%| F|  |TAMS 0x0000000088f00000, 0x0000000088f00000| Untracked 
|  84|0x0000000089000000, 0x0000000089000000, 0x0000000089100000|  0%| F|  |TAMS 0x0000000089000000, 0x0000000089000000| Untracked 
|  85|0x0000000089100000, 0x0000000089100000, 0x0000000089200000|  0%| F|  |TAMS 0x0000000089100000, 0x0000000089100000| Untracked 
|  86|0x0000000089200000, 0x0000000089200000, 0x0000000089300000|  0%| F|  |TAMS 0x0000000089200000, 0x0000000089200000| Untracked 
|  87|0x0000000089300000, 0x0000000089300000, 0x0000000089400000|  0%| F|  |TAMS 0x0000000089300000, 0x0000000089300000| Untracked 
|  88|0x0000000089400000, 0x0000000089400000, 0x0000000089500000|  0%| F|  |TAMS 0x0000000089400000, 0x0000000089400000| Untracked 
|  89|0x0000000089500000, 0x0000000089500000, 0x0000000089600000|  0%| F|  |TAMS 0x0000000089500000, 0x0000000089500000| Untracked 
|  90|0x0000000089600000, 0x0000000089600000, 0x0000000089700000|  0%| F|  |TAMS 0x0000000089600000, 0x0000000089600000| Untracked 
|  91|0x0000000089700000, 0x0000000089700000, 0x0000000089800000|  0%| F|  |TAMS 0x0000000089700000, 0x0000000089700000| Untracked 
|  92|0x0000000089800000, 0x0000000089800000, 0x0000000089900000|  0%| F|  |TAMS 0x0000000089800000, 0x0000000089800000| Untracked 
|  93|0x0000000089900000, 0x0000000089900000, 0x0000000089a00000|  0%| F|  |TAMS 0x0000000089900000, 0x0000000089900000| Untracked 
|  94|0x0000000089a00000, 0x0000000089a00000, 0x0000000089b00000|  0%| F|  |TAMS 0x0000000089a00000, 0x0000000089a00000| Untracked 
|  95|0x0000000089b00000, 0x0000000089b00000, 0x0000000089c00000|  0%| F|  |TAMS 0x0000000089b00000, 0x0000000089b00000| Untracked 
|  96|0x0000000089c00000, 0x0000000089c00000, 0x0000000089d00000|  0%| F|  |TAMS 0x0000000089c00000, 0x0000000089c00000| Untracked 
|  97|0x0000000089d00000, 0x0000000089d00000, 0x0000000089e00000|  0%| F|  |TAMS 0x0000000089d00000, 0x0000000089d00000| Untracked 
|  98|0x0000000089e00000, 0x0000000089e6dbc8, 0x0000000089f00000| 42%| E|  |TAMS 0x0000000089e00000, 0x0000000089e00000| Complete 
|  99|0x0000000089f00000, 0x000000008a000000, 0x000000008a000000|100%| E|CS|TAMS 0x0000000089f00000, 0x0000000089f00000| Complete 
| 100|0x000000008a000000, 0x000000008a046520, 0x000000008a100000| 27%| S|CS|TAMS 0x000000008a000000, 0x000000008a000000| Complete 
| 101|0x000000008a100000, 0x000000008a200000, 0x000000008a200000|100%| S|CS|TAMS 0x000000008a100000, 0x000000008a100000| Complete 
| 102|0x000000008a200000, 0x000000008a300000, 0x000000008a300000|100%| S|CS|TAMS 0x000000008a200000, 0x000000008a200000| Complete 
| 103|0x000000008a300000, 0x000000008a400000, 0x000000008a400000|100%| E|CS|TAMS 0x000000008a300000, 0x000000008a300000| Complete 
| 104|0x000000008a400000, 0x000000008a500000, 0x000000008a500000|100%| E|CS|TAMS 0x000000008a400000, 0x000000008a400000| Complete 
| 105|0x000000008a500000, 0x000000008a600000, 0x000000008a600000|100%| E|CS|TAMS 0x000000008a500000, 0x000000008a500000| Complete 
| 106|0x000000008a600000, 0x000000008a700000, 0x000000008a700000|100%| E|CS|TAMS 0x000000008a600000, 0x000000008a600000| Complete 
| 107|0x000000008a700000, 0x000000008a800000, 0x000000008a800000|100%| E|CS|TAMS 0x000000008a700000, 0x000000008a700000| Complete 
| 108|0x000000008a800000, 0x000000008a900000, 0x000000008a900000|100%| E|CS|TAMS 0x000000008a800000, 0x000000008a800000| Complete 
| 109|0x000000008a900000, 0x000000008aa00000, 0x000000008aa00000|100%| E|CS|TAMS 0x000000008a900000, 0x000000008a900000| Complete 
| 110|0x000000008aa00000, 0x000000008ab00000, 0x000000008ab00000|100%| E|CS|TAMS 0x000000008aa00000, 0x000000008aa00000| Complete 
| 111|0x000000008ab00000, 0x000000008ac00000, 0x000000008ac00000|100%| E|CS|TAMS 0x000000008ab00000, 0x000000008ab00000| Complete 
| 112|0x000000008ac00000, 0x000000008ad00000, 0x000000008ad00000|100%| E|CS|TAMS 0x000000008ac00000, 0x000000008ac00000| Complete 
| 113|0x000000008ad00000, 0x000000008ae00000, 0x000000008ae00000|100%| E|CS|TAMS 0x000000008ad00000, 0x000000008ad00000| Complete 
| 114|0x000000008ae00000, 0x000000008af00000, 0x000000008af00000|100%| E|CS|TAMS 0x000000008ae00000, 0x000000008ae00000| Complete 
| 115|0x000000008af00000, 0x000000008b000000, 0x000000008b000000|100%| E|CS|TAMS 0x000000008af00000, 0x000000008af00000| Complete 
| 116|0x000000008b000000, 0x000000008b100000, 0x000000008b100000|100%| E|CS|TAMS 0x000000008b000000, 0x000000008b000000| Complete 
| 117|0x000000008b100000, 0x000000008b200000, 0x000000008b200000|100%| E|CS|TAMS 0x000000008b100000, 0x000000008b100000| Complete 
| 118|0x000000008b200000, 0x000000008b300000, 0x000000008b300000|100%| E|CS|TAMS 0x000000008b200000, 0x000000008b200000| Complete 
| 119|0x000000008b300000, 0x000000008b400000, 0x000000008b400000|100%| E|CS|TAMS 0x000000008b300000, 0x000000008b300000| Complete 
| 120|0x000000008b400000, 0x000000008b500000, 0x000000008b500000|100%| E|CS|TAMS 0x000000008b400000, 0x000000008b400000| Complete 
| 121|0x000000008b500000, 0x000000008b600000, 0x000000008b600000|100%| E|CS|TAMS 0x000000008b500000, 0x000000008b500000| Complete 
| 122|0x000000008b600000, 0x000000008b700000, 0x000000008b700000|100%| E|CS|TAMS 0x000000008b600000, 0x000000008b600000| Complete 
| 123|0x000000008b700000, 0x000000008b800000, 0x000000008b800000|100%| E|CS|TAMS 0x000000008b700000, 0x000000008b700000| Complete 
| 124|0x000000008b800000, 0x000000008b900000, 0x000000008b900000|100%| E|CS|TAMS 0x000000008b800000, 0x000000008b800000| Complete 
| 125|0x000000008b900000, 0x000000008ba00000, 0x000000008ba00000|100%| E|CS|TAMS 0x000000008b900000, 0x000000008b900000| Complete 

Card table byte_map: [0x0000022cf8910000,0x0000022cf8d00000] _byte_map_base: 0x0000022cf84f2000

Marking Bits (Prev, Next): (CMBitMap*) 0x0000022ce0cdcbd0, (CMBitMap*) 0x0000022ce0cdcc10
 Prev Bits: [0x0000022cf90f0000, 0x0000022cfb000000)
 Next Bits: [0x0000022cfb000000, 0x0000022cfcf10000)

Polling page: 0x0000022cdebe0000

Metaspace:

Usage:
  Non-class:      5.89 MB capacity,     3.86 MB ( 66%) used,     2.03 MB ( 34%) free+waste,     3.13 KB ( <1%) overhead. 
      Class:    529.00 KB capacity,   295.42 KB ( 56%) used,   232.52 KB ( 44%) free+waste,     1.06 KB ( <1%) overhead. 
       Both:      6.41 MB capacity,     4.15 MB ( 65%) used,     2.25 MB ( 35%) free+waste,     4.19 KB ( <1%) overhead. 

Virtual space:
  Non-class space:        8.00 MB reserved,       6.00 MB ( 75%) committed 
      Class space:        1.00 GB reserved,     640.00 KB ( <1%) committed 
             Both:        1.01 GB reserved,       6.63 MB ( <1%) committed 

Chunk freelists:
   Non-Class:  110.00 KB
       Class:  15.00 KB
        Both:  125.00 KB

MaxMetaspaceSize: 17179869184.00 GB
CompressedClassSpaceSize: 1.00 GB

CodeHeap 'non-profiled nmethods': size=120000Kb used=460Kb max_used=460Kb free=119539Kb
 bounds [0x0000022cf0cc0000, 0x0000022cf0f30000, 0x0000022cf81f0000]
CodeHeap 'profiled nmethods': size=120000Kb used=1750Kb max_used=1750Kb free=118249Kb
 bounds [0x0000022ce9790000, 0x0000022ce9a00000, 0x0000022cf0cc0000]
CodeHeap 'non-nmethods': size=5760Kb used=1256Kb max_used=1287Kb free=4503Kb
 bounds [0x0000022ce91f0000, 0x0000022ce9460000, 0x0000022ce9790000]
 total_blobs=1625 nmethods=1098 adapters=440
 compilation: enabled
              stopped_count=0, restarted_count=0
 full_count=0

Compilation events (20 events):
Event: 6.842 Thread 0x0000022cff9591b0 1090       4       org.newdawn.slick.Graphics::drawRect (59 bytes)
Event: 6.849 Thread 0x0000022cff9591b0 nmethod 1090 0x0000022cf0d30e10 code [0x0000022cf0d31080, 0x0000022cf0d31790]
Event: 6.879 Thread 0x0000022cff9591b0 1091       4       java.nio.MappedByteBuffer::position (6 bytes)
Event: 6.880 Thread 0x0000022cff9591b0 nmethod 1091 0x0000022cf0d31c10 code [0x0000022cf0d31d80, 0x0000022cf0d31e58]
Event: 6.933 Thread 0x0000022cff9591b0 1092       4       java.lang.AbstractStringBuilder::<init> (39 bytes)
Event: 6.936 Thread 0x0000022cff9591b0 nmethod 1092 0x0000022cf0d31f90 code [0x0000022cf0d32120, 0x0000022cf0d32318]
Event: 7.207 Thread 0x0000022cff959d50 1093       3       org.lwjgl.opengl.WindowsKeyboard::isKeyPressed (13 bytes)
Event: 7.208 Thread 0x0000022cff959d50 nmethod 1093 0x0000022ce9944690 code [0x0000022ce9944820, 0x0000022ce9944958]
Event: 7.291 Thread 0x0000022cff959d50 1094       3       java.util.Arrays::fill (21 bytes)
Event: 7.291 Thread 0x0000022cff959d50 nmethod 1094 0x0000022ce9944a10 code [0x0000022ce9944ba0, 0x0000022ce9944d38]
Event: 7.346 Thread 0x0000022cff9591b0 1095 %     4       java.util.Arrays::fill @ 5 (21 bytes)
Event: 7.358 Thread 0x0000022cff9591b0 nmethod 1095% 0x0000022cf0d32410 code [0x0000022cf0d325a0, 0x0000022cf0d32798]
Event: 7.368 Thread 0x0000022cff9591b0 1096       4       java.util.Arrays::fill (21 bytes)
Event: 7.378 Thread 0x0000022cff9591b0 nmethod 1096 0x0000022cf0d32890 code [0x0000022cf0d32a00, 0x0000022cf0d32b78]
Event: 8.508 Thread 0x0000022cff9591b0 1097       4       java.lang.StringLatin1::inflate (34 bytes)
Event: 8.511 Thread 0x0000022cff959d50 1098       3       java.nio.ByteBuffer::arrayOffset (35 bytes)
Event: 8.511 Thread 0x0000022cff959d50 nmethod 1098 0x0000022ce9944e10 code [0x0000022ce9944fe0, 0x0000022ce99452b8]
Event: 8.515 Thread 0x0000022cff9591b0 nmethod 1097 0x0000022cf0d32c90 code [0x0000022cf0d32e00, 0x0000022cf0d330d8]
Event: 8.515 Thread 0x0000022cff959d50 1099       3       java.nio.CharBuffer::arrayOffset (35 bytes)
Event: 8.516 Thread 0x0000022cff959d50 nmethod 1099 0x0000022ce9945410 code [0x0000022ce99455e0, 0x0000022ce99458b8]

GC Heap History (2 events):
Event: 3.445 GC heap before
{Heap before GC invocations=0 (full 0):
 garbage-first heap   total 129024K, used 23552K [0x0000000083c00000, 0x0000000100000000)
  region size 1024K, 23 young (23552K), 0 survivors (0K)
 Metaspace       used 4237K, capacity 6563K, committed 6784K, reserved 1056768K
  class space    used 294K, capacity 529K, committed 640K, reserved 1048576K
}
Event: 3.450 GC heap after
{Heap after GC invocations=1 (full 0):
 garbage-first heap   total 129024K, used 2329K [0x0000000083c00000, 0x0000000100000000)
  region size 1024K, 3 young (3072K), 3 survivors (3072K)
 Metaspace       used 4237K, capacity 6563K, committed 6784K, reserved 1056768K
  class space    used 294K, capacity 529K, committed 640K, reserved 1048576K
}

Deoptimization events (20 events):
Event: 1.625 Thread 0x0000022ce0c9d030 Uncommon trap: trap_request=0xffffff45 fr.pc=0x0000022cf0d0b314 relative=0x00000000000000d4
Event: 1.625 Thread 0x0000022ce0c9d030 Uncommon trap: reason=unstable_if action=reinterpret pc=0x0000022cf0d0b314 method=at.htldornbirn.projects.nawi.Team2.code.Background.Snowflake.update(I)V @ 38 c2
Event: 1.625 Thread 0x0000022ce0c9d030 DEOPT PACKING pc=0x0000022cf0d0b314 sp=0x0000007a1a5ff330
Event: 1.625 Thread 0x0000022ce0c9d030 DEOPT UNPACKING pc=0x0000022ce91f852f sp=0x0000007a1a5ff2c0 mode 2
Event: 2.552 Thread 0x0000022ce0c9d030 DEOPT PACKING pc=0x0000022ce98e8ca9 sp=0x0000007a1a5ff310
Event: 2.552 Thread 0x0000022ce0c9d030 DEOPT UNPACKING pc=0x0000022ce923f6cf sp=0x0000007a1a5fe828 mode 0
Event: 2.555 Thread 0x0000022ce0c9d030 DEOPT PACKING pc=0x0000022ce98e9a61 sp=0x0000007a1a5ff360
Event: 2.555 Thread 0x0000022ce0c9d030 DEOPT UNPACKING pc=0x0000022ce923f6cf sp=0x0000007a1a5fe818 mode 0
Event: 3.513 Thread 0x0000022ce0c9d030 DEOPT PACKING pc=0x0000022ce98eda2f sp=0x0000007a1a5ff050
Event: 3.513 Thread 0x0000022ce0c9d030 DEOPT UNPACKING pc=0x0000022ce923f6cf sp=0x0000007a1a5fe590 mode 0
Event: 7.368 Thread 0x0000022ce0c9d030 DEOPT PACKING pc=0x0000022ce9944cc3 sp=0x0000007a1a5ff190
Event: 7.368 Thread 0x0000022ce0c9d030 DEOPT UNPACKING pc=0x0000022ce923f6cf sp=0x0000007a1a5fe618 mode 0
Event: 7.378 Thread 0x0000022ce0c9d030 DEOPT PACKING pc=0x0000022ce9944cc3 sp=0x0000007a1a5ff190
Event: 7.378 Thread 0x0000022ce0c9d030 DEOPT UNPACKING pc=0x0000022ce923f6cf sp=0x0000007a1a5fe618 mode 0
Event: 8.501 Thread 0x0000022ce0c9d030 Uncommon trap: trap_request=0xffffff45 fr.pc=0x0000022cf0d29118 relative=0x0000000000000818
Event: 8.501 Thread 0x0000022ce0c9d030 Uncommon trap: reason=unstable_if action=reinterpret pc=0x0000022cf0d29118 method=net.java.games.input.IDirectInputDevice.checkReleased()V @ 4 c2
Event: 8.501 Thread 0x0000022ce0c9d030 DEOPT PACKING pc=0x0000022cf0d29118 sp=0x0000007a1a5ff230
Event: 8.501 Thread 0x0000022ce0c9d030 DEOPT UNPACKING pc=0x0000022ce91f852f sp=0x0000007a1a5ff0d0 mode 2
Event: 8.508 Thread 0x0000022ce0c9d030 DEOPT PACKING pc=0x0000022ce97dcbbb sp=0x0000007a1a5fee20
Event: 8.508 Thread 0x0000022ce0c9d030 DEOPT UNPACKING pc=0x0000022ce923f6cf sp=0x0000007a1a5fe298 mode 0

Classes unloaded (0 events):
No events

Classes redefined (0 events):
No events

Internal exceptions (3 events):
Event: 0.156 Thread 0x0000022cffd4e750 Exception <a 'java/lang/NoSuchMethodError'{0x000000008b8f4778}: 'java.lang.Object java.lang.invoke.DirectMethodHandle$Holder.invokeStatic(java.lang.Object)'> (0x000000008b8f4778) 
thrown [./src/hotspot/share/interpreter/linkResolver.cpp, line 782]
Event: 0.157 Thread 0x0000022cffd4e750 Exception <a 'java/lang/NoSuchMethodError'{0x000000008b8f8088}: 'java.lang.Object java.lang.invoke.DirectMethodHandle$Holder.invokeStaticInit(java.lang.Object)'> (0x000000008b8f8088) 
thrown [./src/hotspot/share/interpreter/linkResolver.cpp, line 782]
Event: 0.166 Thread 0x0000022cffd4e750 Exception <a 'java/lang/NoSuchMethodError'{0x000000008b705e50}: 'void java.lang.invoke.DirectMethodHandle$Holder.invokeStatic(java.lang.Object, java.lang.Object)'> (0x000000008b705e50) 
thrown [./src/hotspot/share/interpreter/linkResolver.cpp, line 782]

Events (20 events):
Event: 1.671 Loaded shared library C:\Users\Luca\Documents\3. Klasse\SWP\NaWi_Projekt\native\lwjgl64.dll
Event: 1.675 Executing VM operation: HandshakeAllThreads
Event: 1.675 Executing VM operation: HandshakeAllThreads done
Event: 1.830 Loaded shared library C:\Users\Luca\Documents\3. Klasse\SWP\NaWi_Projekt\native\lwjgl64.dll
Event: 2.144 Loaded shared library C:\Users\Luca\Documents\3. Klasse\SWP\NaWi_Projekt\native\lwjgl64.dll
Event: 2.149 Loaded shared library C:\Users\Luca\Documents\3. Klasse\SWP\NaWi_Projekt\native\lwjgl64.dll
Event: 2.160 Loaded shared library C:\Users\Luca\Documents\3. Klasse\SWP\NaWi_Projekt\native\lwjgl64.dll
Event: 2.174 Loaded shared library C:\Users\Luca\Documents\3. Klasse\SWP\NaWi_Projekt\native\lwjgl64.dll
Event: 2.911 Loaded shared library C:\Users\Luca\Documents\3. Klasse\SWP\NaWi_Projekt\native\lwjgl64.dll
Event: 2.913 Loaded shared library C:\Users\Luca\Documents\3. Klasse\SWP\NaWi_Projekt\native\lwjgl64.dll
Event: 3.445 Executing VM operation: G1CollectForAllocation
Event: 3.451 Executing VM operation: G1CollectForAllocation done
Event: 8.495 loading class jdk/internal/misc/Signal$1
Event: 8.496 loading class jdk/internal/misc/Signal$1 done
Event: 8.496 Thread 0x0000022c882a1320 Thread added: 0x0000022c882a1320
Event: 8.498 Thread 0x0000022cffd76f80 Thread added: 0x0000022cffd76f80
Event: 8.498 Thread 0x0000022c818908f0 Thread added: 0x0000022c818908f0
Event: 8.501 Thread 0x0000022c818908f0 Thread exited: 0x0000022c818908f0
Event: 8.518 Thread 0x0000022cffd76f80 Thread exited: 0x0000022cffd76f80
Event: 8.518 Executing VM operation: Exit


Dynamic libraries:
0x00007ff7b0a10000 - 0x00007ff7b0a1d000 	C:\Users\Luca\.jdks\azul-15.0.10\bin\java.exe
0x00007ff942d70000 - 0x00007ff942f84000 	C:\WINDOWS\SYSTEM32\ntdll.dll
0x00007ff941590000 - 0x00007ff941652000 	C:\WINDOWS\System32\KERNEL32.DLL
0x00007ff940350000 - 0x00007ff9406f3000 	C:\WINDOWS\System32\KERNELBASE.dll
0x00007ff9401c0000 - 0x00007ff9402d1000 	C:\WINDOWS\System32\ucrtbase.dll
0x00007ff92e350000 - 0x00007ff92e365000 	C:\Users\Luca\.jdks\azul-15.0.10\bin\VCRUNTIME140.dll
0x00007ff92bc30000 - 0x00007ff92bc48000 	C:\Users\Luca\.jdks\azul-15.0.10\bin\jli.dll
0x00007ff941920000 - 0x00007ff941acb000 	C:\WINDOWS\System32\USER32.dll
0x00007ff930670000 - 0x00007ff9308fe000 	C:\WINDOWS\WinSxS\amd64_microsoft.windows.common-controls_6595b64144ccf1df_6.0.22621.1635_none_270f70857386168e\COMCTL32.dll
0x00007ff940190000 - 0x00007ff9401b6000 	C:\WINDOWS\System32\win32u.dll
0x00007ff9427e0000 - 0x00007ff942809000 	C:\WINDOWS\System32\GDI32.dll
0x00007ff941460000 - 0x00007ff941507000 	C:\WINDOWS\System32\msvcrt.dll
0x00007ff9408f0000 - 0x00007ff940a08000 	C:\WINDOWS\System32\gdi32full.dll
0x00007ff940a10000 - 0x00007ff940aaa000 	C:\WINDOWS\System32\msvcp_win.dll
0x00007ff941660000 - 0x00007ff941691000 	C:\WINDOWS\System32\IMM32.DLL
0x00007ff925e60000 - 0x00007ff925efb000 	C:\Users\Luca\.jdks\azul-15.0.10\bin\msvcp140.dll
0x00007ff8c0f80000 - 0x00007ff8c1b1c000 	C:\Users\Luca\.jdks\azul-15.0.10\bin\server\jvm.dll
0x00007ff941c80000 - 0x00007ff941d2e000 	C:\WINDOWS\System32\ADVAPI32.dll
0x00007ff942ba0000 - 0x00007ff942c44000 	C:\WINDOWS\System32\sechost.dll
0x00007ff941220000 - 0x00007ff941337000 	C:\WINDOWS\System32\RPCRT4.dll
0x00007ff9427d0000 - 0x00007ff9427d8000 	C:\WINDOWS\System32\PSAPI.DLL
0x00007ff93b1f0000 - 0x00007ff93b1f9000 	C:\WINDOWS\SYSTEM32\WSOCK32.dll
0x00007ff93b030000 - 0x00007ff93b064000 	C:\WINDOWS\SYSTEM32\WINMM.dll
0x00007ff937c60000 - 0x00007ff937c6a000 	C:\WINDOWS\SYSTEM32\VERSION.dll
0x00007ff941510000 - 0x00007ff941581000 	C:\WINDOWS\System32\WS2_32.dll
0x00007ff93f2b0000 - 0x00007ff93f2c8000 	C:\WINDOWS\SYSTEM32\kernel.appcore.dll
0x00007ff93be80000 - 0x00007ff93be8a000 	C:\Users\Luca\.jdks\azul-15.0.10\bin\jimage.dll
0x00007ff937810000 - 0x00007ff937a3e000 	C:\WINDOWS\SYSTEM32\DBGHELP.DLL
0x00007ff942810000 - 0x00007ff942b99000 	C:\WINDOWS\System32\combase.dll
0x00007ff942c50000 - 0x00007ff942d27000 	C:\WINDOWS\System32\OLEAUT32.dll
0x00007ff9353b0000 - 0x00007ff9353e2000 	C:\WINDOWS\SYSTEM32\dbgcore.DLL
0x00007ff940870000 - 0x00007ff9408eb000 	C:\WINDOWS\System32\bcryptPrimitives.dll
0x00007ff934b20000 - 0x00007ff934b2e000 	C:\Users\Luca\.jdks\azul-15.0.10\bin\instrument.dll
0x00007ff9280c0000 - 0x00007ff9280e5000 	C:\Users\Luca\.jdks\azul-15.0.10\bin\java.dll
0x00007ff941fd0000 - 0x00007ff9427ca000 	C:\WINDOWS\System32\SHELL32.dll
0x00007ff93e140000 - 0x00007ff93ea0e000 	C:\WINDOWS\SYSTEM32\windows.storage.dll
0x00007ff93de90000 - 0x00007ff93dfce000 	C:\WINDOWS\SYSTEM32\wintypes.dll
0x00007ff941ed0000 - 0x00007ff941fc1000 	C:\WINDOWS\System32\SHCORE.dll
0x00007ff941c20000 - 0x00007ff941c7e000 	C:\WINDOWS\System32\shlwapi.dll
0x00007ff9400c0000 - 0x00007ff9400e1000 	C:\WINDOWS\SYSTEM32\profapi.dll
0x00007ff925ce0000 - 0x00007ff925cf8000 	C:\Users\Luca\.jdks\azul-15.0.10\bin\zip.dll
0x00007ff9280a0000 - 0x00007ff9280b9000 	C:\Users\Luca\.jdks\azul-15.0.10\bin\net.dll
0x00007ff937b00000 - 0x00007ff937c37000 	C:\WINDOWS\SYSTEM32\WINHTTP.dll
0x00007ff93f740000 - 0x00007ff93f7a9000 	C:\WINDOWS\system32\mswsock.dll
0x00007ff925e40000 - 0x00007ff925e52000 	C:\Users\Luca\.jdks\azul-15.0.10\bin\nio.dll
0x00007ff924430000 - 0x00007ff92444a000 	C:\Program Files\JetBrains\IntelliJ IDEA Community Edition 2021.3.2\bin\breakgen64.dll
0x00007ff933f40000 - 0x00007ff933f50000 	C:\Users\Luca\.jdks\azul-15.0.10\bin\verify.dll
0x0000000180000000 - 0x0000000180053000 	C:\Users\Luca\Documents\3. Klasse\SWP\NaWi_Projekt\native\lwjgl64.dll
0x00007ff909400000 - 0x00007ff909500000 	C:\WINDOWS\SYSTEM32\OPENGL32.dll
0x00007ff915bd0000 - 0x00007ff915bfd000 	C:\WINDOWS\SYSTEM32\GLU32.dll
0x00007ff93d4f0000 - 0x00007ff93d526000 	C:\WINDOWS\SYSTEM32\dxcore.dll
0x00007ff93c1c0000 - 0x00007ff93c27c000 	C:\WINDOWS\SYSTEM32\mscms.dll
0x00007ff941870000 - 0x00007ff941920000 	C:\WINDOWS\System32\clbcatq.dll
0x00007ff91f090000 - 0x00007ff91f0df000 	C:\Windows\System32\Windows.Internal.Graphics.Display.DisplayColorManagement.dll
0x00007ff93fe50000 - 0x00007ff93fe9e000 	C:\WINDOWS\SYSTEM32\cfgmgr32.dll
0x00007ff93d3e0000 - 0x00007ff93d48b000 	C:\WINDOWS\system32\uxtheme.dll
0x00007ff941340000 - 0x00007ff94145e000 	C:\WINDOWS\System32\MSCTF.dll
0x00007ff92ee30000 - 0x00007ff92ee78000 	C:\WINDOWS\SYSTEM32\directxdatabasehelper.dll
0x00007ff93b410000 - 0x00007ff93b544000 	C:\Windows\System32\AppXDeploymentClient.dll
0x00007ff8bff50000 - 0x00007ff8c0f72000 	C:\WINDOWS\System32\DriverStore\FileRepository\iigd_dch.inf_amd64_6f319fe48b66b13c\ig11icd64.dll
0x00007ff941d30000 - 0x00007ff941ecc000 	C:\WINDOWS\System32\ole32.dll
0x00007ff93d660000 - 0x00007ff93d68b000 	C:\WINDOWS\system32\dwmapi.dll
0x00007ff93d550000 - 0x00007ff93d646000 	C:\WINDOWS\system32\dxgi.dll
0x00007ff8c3240000 - 0x00007ff8c3640000 	C:\WINDOWS\System32\DriverStore\FileRepository\iigd_dch.inf_amd64_6f319fe48b66b13c\igdml64.dll
0x00007ff926160000 - 0x00007ff926490000 	C:\WINDOWS\System32\DriverStore\FileRepository\iigd_dch.inf_amd64_6f319fe48b66b13c\igdgmm64.dll
0x00007ff93b0b0000 - 0x00007ff93b1dd000 	C:\WINDOWS\SYSTEM32\textinputframework.dll
0x00007ff937060000 - 0x00007ff937193000 	C:\WINDOWS\SYSTEM32\CoreMessaging.dll
0x00007ff92a0e0000 - 0x00007ff92a44c000 	C:\WINDOWS\SYSTEM32\CoreUIComponents.dll
0x00007ff93f9c0000 - 0x00007ff93f9cc000 	C:\WINDOWS\SYSTEM32\CRYPTBASE.DLL
0x00007ff9364f0000 - 0x00007ff936559000 	C:\WINDOWS\system32\Oleacc.dll
0x00007ff8f86b0000 - 0x00007ff8f86f9000 	C:\WINDOWS\SYSTEM32\icm32.dll
0x00007ff8dee20000 - 0x00007ff8e1b1c000 	C:\WINDOWS\System32\DriverStore\FileRepository\iigd_dch.inf_amd64_6f319fe48b66b13c\igc64.dll
0x00007ff93f070000 - 0x00007ff93f0bd000 	C:\WINDOWS\SYSTEM32\powrprof.dll
0x00007ff93f050000 - 0x00007ff93f063000 	C:\WINDOWS\SYSTEM32\UMPDC.dll
0x00007ff8c4150000 - 0x00007ff8c42e8000 	C:\Users\Luca\.jdks\azul-15.0.10\bin\awt.dll
0x00007ff937530000 - 0x00007ff9375c7000 	C:\WINDOWS\SYSTEM32\apphelp.dll
0x0000022c809d0000 - 0x0000022c809e6000 	C:\Users\Luca\Documents\3. Klasse\SWP\NaWi_Projekt\native\jinput-dx8_64.dll
0x00007ff8f8660000 - 0x00007ff8f86a6000 	C:\WINDOWS\SYSTEM32\DINPUT8.dll
0x00007ff92c830000 - 0x00007ff92ca31000 	C:\WINDOWS\SYSTEM32\inputhost.dll
0x00007ff93ea10000 - 0x00007ff93ea1e000 	C:\WINDOWS\SYSTEM32\HID.DLL
0x00007ff940ca0000 - 0x00007ff941114000 	C:\WINDOWS\System32\SETUPAPI.DLL
0x00007ff93fea0000 - 0x00007ff93fecc000 	C:\WINDOWS\SYSTEM32\DEVOBJ.dll
0x00007ff9402e0000 - 0x00007ff94034b000 	C:\WINDOWS\System32\WINTRUST.dll
0x00007ff940700000 - 0x00007ff940867000 	C:\WINDOWS\System32\CRYPT32.dll
0x00007ff93fad0000 - 0x00007ff93fae2000 	C:\WINDOWS\SYSTEM32\MSASN1.dll
0x0000022c891d0000 - 0x0000022c891e4000 	C:\Users\Luca\Documents\3. Klasse\SWP\NaWi_Projekt\native\jinput-raw_64.dll

dbghelp: loaded successfully - version: 4.0.5 - missing functions: none
symbol engine: initialized successfully - sym options: 0x614 - pdb path: .;C:\Users\Luca\.jdks\azul-15.0.10\bin;C:\WINDOWS\SYSTEM32;C:\WINDOWS\WinSxS\amd64_microsoft.windows.common-controls_6595b64144ccf1df_6.0.22621.1635_none_270f70857386168e;C:\Users\Luca\.jdks\azul-15.0.10\bin\server;C:\Program Files\JetBrains\IntelliJ IDEA Community Edition 2021.3.2\bin;C:\Users\Luca\Documents\3. Klasse\SWP\NaWi_Projekt\native;C:\WINDOWS\System32\DriverStore\FileRepository\iigd_dch.inf_amd64_6f319fe48b66b13c

VM Arguments:
jvm_args: -Djava.library.path=C:\Users\Luca\Documents\3. Klasse\SWP\NaWi_Projekt\native -javaagent:C:\Program Files\JetBrains\IntelliJ IDEA Community Edition 2021.3.2\lib\idea_rt.jar=53757:C:\Program Files\JetBrains\IntelliJ IDEA Community Edition 2021.3.2\bin -Dfile.encoding=UTF-8 
java_command: at.htldornbirn.projects.nawi.Team2.code.Test2
java_class_path (initial): C:\Users\Luca\Documents\3. Klasse\SWP\NaWi_Projekt\out\production\Slick2DTemplate;C:\Users\Luca\Documents\3. Klasse\SWP\NaWi_Projekt\lib\jogg-0.0.7.jar;C:\Users\Luca\Documents\3. Klasse\SWP\NaWi_Projekt\lib\jnlp.jar;C:\Users\Luca\Documents\3. Klasse\SWP\NaWi_Projekt\lib\natives-mac.jar;C:\Users\Luca\Documents\3. Klasse\SWP\NaWi_Projekt\lib\ibxm.jar;C:\Users\Luca\Documents\3. Klasse\SWP\NaWi_Projekt\lib\slick.jar;C:\Users\Luca\Documents\3. Klasse\SWP\NaWi_Projekt\lib\lwjgl_util.jar;C:\Users\Luca\Documents\3. Klasse\SWP\NaWi_Projekt\lib\natives-windows.jar;C:\Users\Luca\Documents\3. Klasse\SWP\NaWi_Projekt\lib\tinylinepp.jar;C:\Users\Luca\Documents\3. Klasse\SWP\NaWi_Projekt\lib\slick-examples.jar;C:\Users\Luca\Documents\3. Klasse\SWP\NaWi_Projekt\lib\jinput.jar;C:\Users\Luca\Documents\3. Klasse\SWP\NaWi_Projekt\lib\lwjgl.jar;C:\Users\Luca\Documents\3. Klasse\SWP\NaWi_Projekt\lib\jorbis-0.0.15.jar;C:\Users\Luca\Documents\3. Klasse\SWP\NaWi_Projekt\lib\lwjgl_util_applet.jar;C:\Users\Luca\Documents\3. Klasse\SWP\NaWi_Projekt\lib\natives-linux.jar
Launcher Type: SUN_STANDARD

[Global flags]
     intx CICompilerCount                          = 4                                         {product} {ergonomic}
     uint ConcGCThreads                            = 2                                         {product} {ergonomic}
     uint G1ConcRefinementThreads                  = 8                                         {product} {ergonomic}
   size_t G1HeapRegionSize                         = 1048576                                   {product} {ergonomic}
    uintx GCDrainStackTargetSize                   = 64                                        {product} {ergonomic}
   size_t InitialHeapSize                          = 132120576                                 {product} {ergonomic}
   size_t MarkStackSize                            = 4194304                                   {product} {ergonomic}
   size_t MaxHeapSize                              = 2084569088                                {product} {ergonomic}
   size_t MaxNewSize                               = 1249902592                                {product} {ergonomic}
   size_t MinHeapDeltaBytes                        = 1048576                                   {product} {ergonomic}
   size_t MinHeapSize                              = 8388608                                   {product} {ergonomic}
    uintx NonNMethodCodeHeapSize                   = 5839372                                {pd product} {ergonomic}
    uintx NonProfiledCodeHeapSize                  = 122909434                              {pd product} {ergonomic}
    uintx ProfiledCodeHeapSize                     = 122909434                              {pd product} {ergonomic}
    uintx ReservedCodeCacheSize                    = 251658240                              {pd product} {ergonomic}
     bool SegmentedCodeCache                       = true                                      {product} {ergonomic}
   size_t SoftMaxHeapSize                          = 2084569088                             {manageable} {ergonomic}
     bool UseCompressedClassPointers               = true                                 {lp64_product} {ergonomic}
     bool UseCompressedOops                        = true                                 {lp64_product} {ergonomic}
     bool UseG1GC                                  = true                                      {product} {ergonomic}
     bool UseLargePagesIndividualAllocation        = false                                  {pd product} {ergonomic}

Logging:
Log output configuration:
 #0: stdout all=off uptime,level,tags
 #1: stderr all=off uptime,level,tags

Environment Variables:
PATH=C:\Program Files (x86)\VMware\VMware Player\bin\;C:\Program Files (x86)\Razer Chroma SDK\bin;C:\Program Files\Razer Chroma SDK\bin;C:\Program Files (x86)\Razer\ChromaBroadcast\bin;C:\Program Files\Razer\ChromaBroadcast\bin;C:\Program Files (x86)\Common Files\Oracle\Java\javapath;C:\Windows\system32;C:\Windows;C:\Windows\System32\Wbem;C:\Windows\System32\WindowsPowerShell\v1.0\;C:\Windows\System32\OpenSSH\;C:\Program Files\NVIDIA Corporation\NVIDIA NvDLISR;C:\ProgramData\chocolatey\bin;;C:\WINDOWS\system32;C:\WINDOWS;C:\WINDOWS\System32\Wbem;C:\WINDOWS\System32\WindowsPowerShell\v1.0\;C:\WINDOWS\System32\OpenSSH\;C:\Program Files\Microsoft SQL Server\120\Tools\Binn\;C:\WINDOWS\system32\config\systemprofile\AppData\Local\Microsoft\WindowsApps;C:\Program Files\dotnet\;C:\Program Files\Microsoft SQL Server\Client SDK\ODBC\170\Tools\Binn\;C:\Program Files (x86)\Microsoft SQL Server\150\Tools\Binn\;C:\Program Files\Microsoft SQL Server\150\Tools\Binn\;C:\Program Files\Microsoft SQL Server\150\DTS\Binn\;C:\Program Files (x86)\Microsoft SQL Server\150\DTS\Binn\;C:\Program Files\Azure Data Studio\bin;C:\WINDOWS\system32;C:\WINDOWS;C:\WINDOWS\System32\Wbem;C:\WINDOWS\System32\WindowsPowerShell\v1.0\;C:\WINDOWS\System32\OpenSSH\;C:\Program Files (x86)\NVIDIA Corporation\PhysX\Common;C:\Program Files\Calibre2\;C:\Users\Luca\AppData\Local\Microsoft\WindowsApps;C:\Users\Luca\AppData\Local\atom\bin;C:\Users\Luca\AppData\Local\Microsoft\WindowsApps;C:\Users\Luca\AppData\Local\Programs\Git\cmd;C:\Users\Luca\AppData\Local\Programs\Microsoft VS Code\bin;
USERNAME=Luca
OS=Windows_NT
PROCESSOR_IDENTIFIER=Intel64 Family 6 Model 126 Stepping 5, GenuineIntel



---------------  S Y S T E M  ---------------

OS:
 Windows 11 , 64 bit Build 22621 (10.0.22621.1635)
OS uptime: 14 days 15:49 hours
HyperV virtualization detected

CPU: total 8 (initial active 8) (4 cores per cpu, 2 threads per core) family 6 model 126 stepping 5 microcode 0xb2, cmov, cx8, fxsr, mmx, sse, sse2, sse3, ssse3, sse4.1, sse4.2, popcnt, vzeroupper, avx, avx2, aes, clmul, erms, 3dnowpref, lzcnt, ht, tsc, tscinvbit, bmi1, bmi2, adx, avx512f, avx512dq, avx512cd, avx512bw, avx512vl, avx512_vpopcntdq, avx512_vpclmulqdq, avx512_vbmi, avx512_vbmi2, avx512_vaes, avx512_vnni, sha, fma, clflush, clflushopt

Memory: 4k page, system-wide physical 7945M (1861M free)
TotalPageFile size 12809M (AvailPageFile size 4832M)
current process WorkingSet (physical memory assigned to process): 141M, peak: 146M
current process commit charge ("private bytes"): 249M, peak: 254M

vm_info: OpenJDK 64-Bit Server VM (15.0.10+5-MTS) for windows-amd64 JRE (15.0.10+5-MTS) (Zulu15.46+17-CA), built on Jan  7 2023 17:34:05 by "zulu_re" with MS VC++ 15.9 (VS2017)

END.
