#
# A fatal error has been detected by the Java Runtime Environment:
#
#  EXCEPTION_ACCESS_VIOLATION (0xc0000005) at pc=0x00007ff84c6ffc9c, pid=3868, tid=19420
#
# JRE version: OpenJDK Runtime Environment (20.0.1+9) (build 20.0.1+9-29)
# Java VM: OpenJDK 64-Bit Server VM (20.0.1+9-29, mixed mode, sharing, tiered, compressed oops, compressed class ptrs, g1 gc, windows-amd64)
# Problematic frame:
# C  [ig11icd64.dll+0x59fc9c]
#
# No core dump will be written. Minidumps are not enabled by default on client versions of Windows
#
# If you would like to submit a bug report, please visit:
#   https://bugreport.java.com/bugreport/crash.jsp
#

---------------  S U M M A R Y ------------

Command Line: -Djava.library.path=C:\Users\jonas\IdeaProjects\NaWi_Projekt\native -javaagent:C:\Program Files\JetBrains\IntelliJ IDEA Community Edition 2021.3.2\lib\idea_rt.jar=51309:C:\Program Files\JetBrains\IntelliJ IDEA Community Edition 2021.3.2\bin -Dfile.encoding=UTF-8 at.htldornbirn.projects.nawi.Team2.code.Test

Host: Intel(R) Core(TM) i7-1065G7 CPU @ 1.30GHz, 8 cores, 15G,  Windows 11 , 64 bit Build 22621 (10.0.22621.1778)
Time: Wed May 31 10:01:25 2023 Mitteleuropäische Sommerzeit elapsed time: 934.243973 seconds (0d 0h 15m 34s)

---------------  T H R E A D  ---------------

Current thread (0x000002597cf6efa0):  VMThread "VM Thread" [stack: 0x000000d35f300000,0x000000d35f400000] [id=19420]

Stack: [0x000000d35f300000,0x000000d35f400000],  sp=0x000000d35f3fe2e0,  free space=1016k
Native frames: (J=compiled Java code, j=interpreted, Vv=VM code, C=native code)
C  [ig11icd64.dll+0x59fc9c]


siginfo: EXCEPTION_ACCESS_VIOLATION (0xc0000005), reading address 0x0000000000035778


Registers:
RAX=0x0000025918ee4948, RBX=0x0000025918ee4840, RCX=0x0000000000000000, RDX=0x000002597dc7e500
RSP=0x000000d35f3fe2e0, RBP=0x0000025918ee8110, RSI=0x0000025918ee4e10, RDI=0x000002597ddf2430
R8 =0x0000000000000014, R9 =0x0000025918ee4948, R10=0x0000000000000000, R11=0x0000000000000246
R12=0x000002597de91e00, R13=0x0000000000000000, R14=0x0000000000000000, R15=0x0000000000000000
RIP=0x00007ff84c6ffc9c, EFLAGS=0x0000000000010206


Register to memory mapping:

RIP=0x00007ff84c6ffc9c ig11icd64.dll
RAX=0x0000025918ee4948 points into unknown readable memory: 0x0000000004450f25 | 25 0f 45 04 00 00 00 00
RBX=0x0000025918ee4840 points into unknown readable memory: 0x000002597dac8110 | 10 81 ac 7d 59 02 00 00
RCX=0x0 is NULL
RDX=0x000002597dc7e500 points into unknown readable memory: 0x0000000000000000 | 00 00 00 00 00 00 00 00
RSP=0x000000d35f3fe2e0 points into unknown readable memory: 0x000002597daebdd0 | d0 bd ae 7d 59 02 00 00
RBP=0x0000025918ee8110 points into unknown readable memory: 0x000002597dac8110 | 10 81 ac 7d 59 02 00 00
RSI=0x0000025918ee4e10 points into unknown readable memory: 0x0000025918ee8110 | 10 81 ee 18 59 02 00 00
RDI=0x000002597ddf2430 points into unknown readable memory: 0x000002597df16900 | 00 69 f1 7d 59 02 00 00
R8 =0x0000000000000014 is an unknown value
R9 =0x0000025918ee4948 points into unknown readable memory: 0x0000000004450f25 | 25 0f 45 04 00 00 00 00
R10=0x0 is NULL
R11=0x0000000000000246 is an unknown value
R12=0x000002597de91e00 points into unknown readable memory: 0x000002597dd81dd0 | d0 1d d8 7d 59 02 00 00
R13=0x0 is NULL
R14=0x0 is NULL
R15=0x0 is NULL


Top of Stack: (sp=0x000000d35f3fe2e0)
0x000000d35f3fe2e0:   000002597daebdd0 00000000000004b4
0x000000d35f3fe2f0:   000000d35f3fe328 0000005400000000
0x000000d35f3fe300:   0000000000000010 0000000000000000
0x000000d35f3fe310:   0000b802001a0000 000002597de91ea0
0x000000d35f3fe320:   0000000000000000 00007ff84c6e190d
0x000000d35f3fe330:   000002597daebdd0 000002597ddf2430
0x000000d35f3fe340:   000000d35f3fe430 0000000004450f4a
0x000000d35f3fe350:   000000d300000f2c 00007ff800000000
0x000000d35f3fe360:   0000000000000000 000000d35f3fe3e0
0x000000d35f3fe370:   000000d35f3fe3e0 0000000000000000
0x000000d35f3fe380:   000000d35f3fe3ac 000000d35f3fe3a8
0x000000d35f3fe390:   000000d35e70d000 000002596acc1774
0x000000d35f3fe3a0:   000004b400000020 00000001f46857d4
0x000000d35f3fe3b0:   000000d35e70d000 000002596acc1774
0x000000d35f3fe3c0:   0000000300000020 0000000000000000
0x000000d35f3fe3d0:   0000000300000002 000000d300000002
0x000000d35f3fe3e0:   0000b802001a0000 0000000000000f2c
0x000000d35f3fe3f0:   0000000000000000 4000034000000001
0x000000d35f3fe400:   0000000000000000 0000000000000000
0x000000d35f3fe410:   0000000000000000 0000000000000000
0x000000d35f3fe420:   0000000000000000 0000000000000000
0x000000d35f3fe430:   0000000000000000 0000000000000000
0x000000d35f3fe440:   0000000000000000 0000000000000000
0x000000d35f3fe450:   0000000000000000 0000000000000000
0x000000d35f3fe460:   0000000000000000 0000000000000000
0x000000d35f3fe470:   0000000000000000 0000000000000000
0x000000d35f3fe480:   0000000000000000 0000000000000000
0x000000d35f3fe490:   0000000000000000 0000000000000000
0x000000d35f3fe4a0:   0000000000000000 0000000000000000
0x000000d35f3fe4b0:   0000000000000000 0000000000000000
0x000000d35f3fe4c0:   0000000000000000 0000000000000000
0x000000d35f3fe4d0:   0000000000000000 0000000000000000 

Instructions: (pc=0x00007ff84c6ffc9c)
0x00007ff84c6ffb9c:   24 01 75 05 e8 23 1c f9 ff 65 48 8b 04 25 58 00
0x00007ff84c6ffbac:   00 00 41 be 20 00 00 00 48 8b 04 30 4d 8b 34 06
0x00007ff84c6ffbbc:   48 85 ed 0f 84 39 03 00 00 66 66 66 0f 1f 84 00
0x00007ff84c6ffbcc:   00 00 00 00 48 8b dd 48 8d b5 d0 05 00 00 48 8b
0x00007ff84c6ffbdc:   2e 45 84 ff 74 1d 48 8b 0b 48 8b d3 80 bb 28 06
0x00007ff84c6ffbec:   00 00 00 0f 85 bc 02 00 00 e8 56 71 fe ff e9 be
0x00007ff84c6ffbfc:   02 00 00 8b 8f c8 01 00 00 4c 8d 8b 08 01 00 00
0x00007ff84c6ffc0c:   48 8b 05 bd 13 93 00 83 b8 68 03 00 00 02 0f 85
0x00007ff84c6ffc1c:   d6 00 00 00 83 f9 10 73 0a 48 8d 0c c9 49 8d 04
0x00007ff84c6ffc2c:   c9 eb 5a 8d 51 f0 8b c2 c1 e8 04 83 f8 03 73 1d
0x00007ff84c6ffc3c:   0f ae e8 83 e2 0f 4d 8b 84 c1 80 04 00 00 4d 85
0x00007ff84c6ffc4c:   c0 74 23 48 8d 0c d2 49 8d 04 c8 eb 30 49 8b 81
0x00007ff84c6ffc5c:   98 04 00 00 48 85 c0 74 0d 39 08 74 2b 48 8b 40
0x00007ff84c6ffc6c:   50 48 85 c0 75 f3 41 80 b9 a0 04 00 00 00 74 1e
0x00007ff84c6ffc7c:   8b c1 83 e0 0f 48 8d 04 c0 49 8d 04 c1 48 85 c0
0x00007ff84c6ffc8c:   74 0c 48 8b 48 08 eb 08 48 83 c0 08 eb ef 33 c9
0x00007ff84c6ffc9c:   49 3b 8e 78 57 03 00 76 51 48 8b 87 78 02 00 00
0x00007ff84c6ffcac:   48 89 06 48 89 9f 78 02 00 00 ff 87 80 02 00 00
0x00007ff84c6ffcbc:   48 8b 43 08 48 8b 88 18 01 00 00 48 81 e1 00 00
0x00007ff84c6ffccc:   ff ff 48 81 c1 00 00 01 00 48 01 8f 88 02 00 00
0x00007ff84c6ffcdc:   48 8b 43 08 48 8b 88 18 01 00 00 48 01 8f 98 02
0x00007ff84c6ffcec:   00 00 41 b4 01 e9 c7 01 00 00 44 8b 9f c8 01 00
0x00007ff84c6ffcfc:   00 48 8b 87 e0 01 00 00 4c 8b 10 8b 8f c8 01 00
0x00007ff84c6ffd0c:   00 83 f9 10 73 0a 48 8d 0c c9 49 8d 04 c9 eb 5a
0x00007ff84c6ffd1c:   8d 51 f0 8b c2 c1 e8 04 83 f8 03 73 1d 0f ae e8
0x00007ff84c6ffd2c:   83 e2 0f 4d 8b 84 c1 80 04 00 00 4d 85 c0 74 23
0x00007ff84c6ffd3c:   48 8d 0c d2 49 8d 04 c8 eb 30 49 8b 81 98 04 00
0x00007ff84c6ffd4c:   00 48 85 c0 74 0d 39 08 74 44 48 8b 40 50 48 85
0x00007ff84c6ffd5c:   c0 75 f3 41 80 b9 a0 04 00 00 00 74 1c 8b c1 83
0x00007ff84c6ffd6c:   e0 0f 48 8d 04 c0 49 8d 04 c1 48 85 c0 74 0a 4c
0x00007ff84c6ffd7c:   39 50 08 0f 87 92 00 00 00 8b 8f c8 01 00 00 83
0x00007ff84c6ffd8c:   f9 10 73 10 48 8d 0c c9 49 8d 04 c9 eb 64 48 83 


Stack slot to memory mapping:
stack at sp + 0 slots: 0x000002597daebdd0 points into unknown readable memory: 0xffffffffffffffff | ff ff ff ff ff ff ff ff
stack at sp + 1 slots: 0x00000000000004b4 is an unknown value
stack at sp + 2 slots: 0x000000d35f3fe328 points into unknown readable memory: 0x00007ff84c6e190d | 0d 19 6e 4c f8 7f 00 00
stack at sp + 3 slots: 0x0000005400000000 is an unknown value
stack at sp + 4 slots: 0x0000000000000010 is an unknown value
stack at sp + 5 slots: 0x0 is NULL
stack at sp + 6 slots: 0x0000b802001a0000 is an unknown value
stack at sp + 7 slots: 0x000002597de91ea0 points into unknown readable memory: 0x0000000000040000 | 00 00 04 00 00 00 00 00

VM_Operation (0x000000d35ebfeea0): Exit, mode: safepoint, requested by thread 0x000002597daa4120


---------------  P R O C E S S  ---------------

Threads class SMR info:
_java_thread_list=0x000002597e205ca0, length=15, elements={
0x000002596d0fa260, 0x000002597d73ff20, 0x000002597d740c40, 0x000002597d7473b0,
0x000002597d7484e0, 0x000002597d74ae20, 0x000002597d762930, 0x000002597d764fd0,
0x000002597d83afb0, 0x000002597d9e36d0, 0x000002597d9e7500, 0x000002597daa2be0,
0x000002597daa2140, 0x000002597daa4120, 0x0000025918f2c9a0
}

Java Threads: ( => current thread )
  0x000002596d0fa260 JavaThread "main" [_thread_blocked, id=17664, stack(0x000000d35ed00000,0x000000d35ee00000)]
  0x000002597d73ff20 JavaThread "Reference Handler" daemon [_thread_blocked, id=16492, stack(0x000000d35f400000,0x000000d35f500000)]
  0x000002597d740c40 JavaThread "Finalizer" daemon [_thread_blocked, id=16128, stack(0x000000d35f500000,0x000000d35f600000)]
  0x000002597d7473b0 JavaThread "Attach Listener" daemon [_thread_blocked, id=5664, stack(0x000000d35f700000,0x000000d35f800000)]
  0x000002597d7484e0 JavaThread "Service Thread" daemon [_thread_blocked, id=1160, stack(0x000000d35f800000,0x000000d35f900000)]
  0x000002597d74ae20 JavaThread "Monitor Deflation Thread" daemon [_thread_blocked, id=2724, stack(0x000000d35f900000,0x000000d35fa00000)]
  0x000002597d762930 JavaThread "C2 CompilerThread0" daemon [_thread_blocked, id=16820, stack(0x000000d35fa00000,0x000000d35fb00000)]
  0x000002597d764fd0 JavaThread "C1 CompilerThread0" daemon [_thread_blocked, id=5852, stack(0x000000d35fb00000,0x000000d35fc00000)]
  0x000002597d83afb0 JavaThread "Common-Cleaner" daemon [_thread_blocked, id=3888, stack(0x000000d35fc00000,0x000000d35fd00000)]
  0x000002597d9e36d0 JavaThread "Monitor Ctrl-Break" daemon [_thread_in_native, id=18668, stack(0x000000d35fd00000,0x000000d35fe00000)]
  0x000002597d9e7500 JavaThread "Notification Thread" daemon [_thread_blocked, id=16468, stack(0x000000d35fe00000,0x000000d35ff00000)]
  0x000002597daa2be0 JavaThread "Thread-2" daemon [_thread_in_native, id=6436, stack(0x000000d360900000,0x000000d360a00000)]
  0x000002597daa2140 JavaThread "Java2D Disposer" daemon [_thread_blocked, id=744, stack(0x000000d360a00000,0x000000d360b00000)]
  0x000002597daa4120 JavaThread "SIGINT handler" daemon [_thread_blocked, id=13672, stack(0x000000d35eb00000,0x000000d35ec00000)]
  0x0000025918f2c9a0 JavaThread "AWT-Shutdown" [_thread_blocked, id=17756, stack(0x000000d360100000,0x000000d360200000)]

Other Threads:
=>0x000002597cf6efa0 VMThread "VM Thread" [stack: 0x000000d35f300000,0x000000d35f400000] [id=19420]
  0x000002596d169450 WorkerThread "GC Thread#0" [stack: 0x000000d35ee00000,0x000000d35ef00000] [id=17184]
  0x0000025918b4ea00 WorkerThread "GC Thread#1" [stack: 0x000000d360b00000,0x000000d360c00000] [id=11508]
  0x0000025918d0c5f0 WorkerThread "GC Thread#2" [stack: 0x000000d360c00000,0x000000d360d00000] [id=1892]
  0x000002597e239050 WorkerThread "GC Thread#3" [stack: 0x000000d360d00000,0x000000d360e00000] [id=3076]
  0x0000025918cfbd20 WorkerThread "GC Thread#4" [stack: 0x000000d360e00000,0x000000d360f00000] [id=12564]
  0x000002597e337670 WorkerThread "GC Thread#5" [stack: 0x000000d360f00000,0x000000d361000000] [id=16600]
  0x000002597e338fc0 WorkerThread "GC Thread#6" [stack: 0x000000d361000000,0x000000d361100000] [id=16932]
  0x000002597e337940 WorkerThread "GC Thread#7" [stack: 0x000000d361100000,0x000000d361200000] [id=17452]
  0x000002596d179e60 ConcurrentGCThread "G1 Main Marker" terminated
  0x000002596d17abe0 WorkerThread "G1 Conc#0" [stack: 0x000000d35f000000,0x000000d35f100000] [id=14848]
  0x000002597ce2b560 ConcurrentGCThread "G1 Refine#0" terminated
  0x000002597ce2ccc0 ConcurrentGCThread "G1 Service" terminated

Threads with active compile tasks:

VM state: at safepoint (shutting down)

VM Mutex/Monitor currently owned by a thread:  ([mutex/lock_event])
[0x000002596d0f54c0] Threads_lock - owner thread: 0x000002597cf6efa0
[0x000002596d0f5550] Heap_lock - owner thread: 0x000002597daa4120

Heap address: 0x0000000704000000, size: 4032 MB, Compressed Oops mode: Zero based, Oop shift amount: 3

CDS archive(s) mapped at: [0x0000000800000000-0x0000000800c60000-0x0000000800c60000), size 12976128, SharedBaseAddress: 0x0000000800000000, ArchiveRelocationMode: 0.
Compressed class space mapped at: 0x0000000801000000-0x0000000841000000, reserved size: 1073741824
Narrow klass base: 0x0000000800000000, Narrow klass shift: 0, Narrow klass range: 0x100000000

GC Precious Log:
 CardTable entry size: 512
 Card Set container configuration: InlinePtr #cards 4 size 8 Array Of Cards #cards 16 size 48 Howl #buckets 8 coarsen threshold 3686 Howl Bitmap #cards 512 size 80 coarsen threshold 460 Card regions per heap region 1 cards per card region 4096
 CPUs: 8 total, 8 available
 Memory: 16126M
 Large Page Support: Disabled
 NUMA Support: Disabled
 Compressed Oops: Enabled (Zero based)
 Heap Region Size: 2M
 Heap Min Capacity: 8M
 Heap Initial Capacity: 252M
 Heap Max Capacity: 4032M
 Pre-touch: Disabled
 Parallel Workers: 8
 Concurrent Workers: 2
 Concurrent Refinement Workers: 8
 Periodic GC: Disabled

Heap:
 garbage-first heap   total 258048K, used 147142K [0x0000000704000000, 0x0000000800000000)
  region size 2048K, 63 young (129024K), 1 survivors (2048K)
 Metaspace       used 8672K, committed 8960K, reserved 1114112K
  class space    used 718K, committed 832K, reserved 1048576K

Heap Regions: E=young(eden), S=young(survivor), O=old, HS=humongous(starts), HC=humongous(continues), CS=collection set, F=free, OA=open archive, CA=closed archive, TAMS=top-at-mark-start, PB=parsable bottom
|   0|0x0000000704000000, 0x0000000704200000, 0x0000000704200000|100%|HS|  |TAMS 0x0000000704000000| PB 0x0000000704000000| Complete 
|   1|0x0000000704200000, 0x0000000704400000, 0x0000000704400000|100%|HC|  |TAMS 0x0000000704200000| PB 0x0000000704200000| Complete 
|   2|0x0000000704400000, 0x0000000704600000, 0x0000000704600000|100%|HC|  |TAMS 0x0000000704400000| PB 0x0000000704400000| Complete 
|   3|0x0000000704600000, 0x0000000704800000, 0x0000000704800000|100%|HC|  |TAMS 0x0000000704600000| PB 0x0000000704600000| Complete 
|   4|0x0000000704800000, 0x0000000704a00000, 0x0000000704a00000|100%|HC|  |TAMS 0x0000000704800000| PB 0x0000000704800000| Complete 
|   5|0x0000000704a00000, 0x0000000704c00000, 0x0000000704c00000|100%|HC|  |TAMS 0x0000000704a00000| PB 0x0000000704a00000| Complete 
|   6|0x0000000704c00000, 0x0000000704e00000, 0x0000000704e00000|100%|HC|  |TAMS 0x0000000704c00000| PB 0x0000000704c00000| Complete 
|   7|0x0000000704e00000, 0x0000000705000000, 0x0000000705000000|100%|HC|  |TAMS 0x0000000704e00000| PB 0x0000000704e00000| Complete 
|   8|0x0000000705000000, 0x0000000705200000, 0x0000000705200000|100%|HC|  |TAMS 0x0000000705000000| PB 0x0000000705000000| Complete 
|   9|0x0000000705200000, 0x0000000705400000, 0x0000000705400000|100%| O|  |TAMS 0x0000000705200000| PB 0x0000000705200000| Untracked 
|  10|0x0000000705400000, 0x000000070554be00, 0x0000000705600000| 64%| O|  |TAMS 0x0000000705400000| PB 0x0000000705400000| Untracked 
|  11|0x0000000705600000, 0x0000000705600000, 0x0000000705800000|  0%| F|  |TAMS 0x0000000705600000| PB 0x0000000705600000| Untracked 
|  12|0x0000000705800000, 0x0000000705800000, 0x0000000705a00000|  0%| F|  |TAMS 0x0000000705800000| PB 0x0000000705800000| Untracked 
|  13|0x0000000705a00000, 0x0000000705a00000, 0x0000000705c00000|  0%| F|  |TAMS 0x0000000705a00000| PB 0x0000000705a00000| Untracked 
|  14|0x0000000705c00000, 0x0000000705c00000, 0x0000000705e00000|  0%| F|  |TAMS 0x0000000705c00000| PB 0x0000000705c00000| Untracked 
|  15|0x0000000705e00000, 0x0000000705e00000, 0x0000000706000000|  0%| F|  |TAMS 0x0000000705e00000| PB 0x0000000705e00000| Untracked 
|  16|0x0000000706000000, 0x0000000706000000, 0x0000000706200000|  0%| F|  |TAMS 0x0000000706000000| PB 0x0000000706000000| Untracked 
|  17|0x0000000706200000, 0x0000000706200000, 0x0000000706400000|  0%| F|  |TAMS 0x0000000706200000| PB 0x0000000706200000| Untracked 
|  18|0x0000000706400000, 0x0000000706400000, 0x0000000706600000|  0%| F|  |TAMS 0x0000000706400000| PB 0x0000000706400000| Untracked 
|  19|0x0000000706600000, 0x0000000706600000, 0x0000000706800000|  0%| F|  |TAMS 0x0000000706600000| PB 0x0000000706600000| Untracked 
|  20|0x0000000706800000, 0x0000000706800000, 0x0000000706a00000|  0%| F|  |TAMS 0x0000000706800000| PB 0x0000000706800000| Untracked 
|  21|0x0000000706a00000, 0x0000000706a00000, 0x0000000706c00000|  0%| F|  |TAMS 0x0000000706a00000| PB 0x0000000706a00000| Untracked 
|  22|0x0000000706c00000, 0x0000000706c00000, 0x0000000706e00000|  0%| F|  |TAMS 0x0000000706c00000| PB 0x0000000706c00000| Untracked 
|  23|0x0000000706e00000, 0x0000000706e00000, 0x0000000707000000|  0%| F|  |TAMS 0x0000000706e00000| PB 0x0000000706e00000| Untracked 
|  24|0x0000000707000000, 0x0000000707000000, 0x0000000707200000|  0%| F|  |TAMS 0x0000000707000000| PB 0x0000000707000000| Untracked 
|  25|0x0000000707200000, 0x0000000707200000, 0x0000000707400000|  0%| F|  |TAMS 0x0000000707200000| PB 0x0000000707200000| Untracked 
|  26|0x0000000707400000, 0x0000000707400000, 0x0000000707600000|  0%| F|  |TAMS 0x0000000707400000| PB 0x0000000707400000| Untracked 
|  27|0x0000000707600000, 0x0000000707600000, 0x0000000707800000|  0%| F|  |TAMS 0x0000000707600000| PB 0x0000000707600000| Untracked 
|  28|0x0000000707800000, 0x0000000707800000, 0x0000000707a00000|  0%| F|  |TAMS 0x0000000707800000| PB 0x0000000707800000| Untracked 
|  29|0x0000000707a00000, 0x0000000707a00000, 0x0000000707c00000|  0%| F|  |TAMS 0x0000000707a00000| PB 0x0000000707a00000| Untracked 
|  30|0x0000000707c00000, 0x0000000707c00000, 0x0000000707e00000|  0%| F|  |TAMS 0x0000000707c00000| PB 0x0000000707c00000| Untracked 
|  31|0x0000000707e00000, 0x0000000707e00000, 0x0000000708000000|  0%| F|  |TAMS 0x0000000707e00000| PB 0x0000000707e00000| Untracked 
|  32|0x0000000708000000, 0x0000000708000000, 0x0000000708200000|  0%| F|  |TAMS 0x0000000708000000| PB 0x0000000708000000| Untracked 
|  33|0x0000000708200000, 0x0000000708200000, 0x0000000708400000|  0%| F|  |TAMS 0x0000000708200000| PB 0x0000000708200000| Untracked 
|  34|0x0000000708400000, 0x0000000708400000, 0x0000000708600000|  0%| F|  |TAMS 0x0000000708400000| PB 0x0000000708400000| Untracked 
|  35|0x0000000708600000, 0x0000000708600000, 0x0000000708800000|  0%| F|  |TAMS 0x0000000708600000| PB 0x0000000708600000| Untracked 
|  36|0x0000000708800000, 0x0000000708800000, 0x0000000708a00000|  0%| F|  |TAMS 0x0000000708800000| PB 0x0000000708800000| Untracked 
|  37|0x0000000708a00000, 0x0000000708a00000, 0x0000000708c00000|  0%| F|  |TAMS 0x0000000708a00000| PB 0x0000000708a00000| Untracked 
|  38|0x0000000708c00000, 0x0000000708c00000, 0x0000000708e00000|  0%| F|  |TAMS 0x0000000708c00000| PB 0x0000000708c00000| Untracked 
|  39|0x0000000708e00000, 0x0000000708e00000, 0x0000000709000000|  0%| F|  |TAMS 0x0000000708e00000| PB 0x0000000708e00000| Untracked 
|  40|0x0000000709000000, 0x0000000709000000, 0x0000000709200000|  0%| F|  |TAMS 0x0000000709000000| PB 0x0000000709000000| Untracked 
|  41|0x0000000709200000, 0x0000000709200000, 0x0000000709400000|  0%| F|  |TAMS 0x0000000709200000| PB 0x0000000709200000| Untracked 
|  42|0x0000000709400000, 0x0000000709400000, 0x0000000709600000|  0%| F|  |TAMS 0x0000000709400000| PB 0x0000000709400000| Untracked 
|  43|0x0000000709600000, 0x0000000709600000, 0x0000000709800000|  0%| F|  |TAMS 0x0000000709600000| PB 0x0000000709600000| Untracked 
|  44|0x0000000709800000, 0x0000000709800000, 0x0000000709a00000|  0%| F|  |TAMS 0x0000000709800000| PB 0x0000000709800000| Untracked 
|  45|0x0000000709a00000, 0x0000000709a00000, 0x0000000709c00000|  0%| F|  |TAMS 0x0000000709a00000| PB 0x0000000709a00000| Untracked 
|  46|0x0000000709c00000, 0x0000000709c00000, 0x0000000709e00000|  0%| F|  |TAMS 0x0000000709c00000| PB 0x0000000709c00000| Untracked 
|  47|0x0000000709e00000, 0x0000000709e00000, 0x000000070a000000|  0%| F|  |TAMS 0x0000000709e00000| PB 0x0000000709e00000| Untracked 
|  48|0x000000070a000000, 0x000000070a000000, 0x000000070a200000|  0%| F|  |TAMS 0x000000070a000000| PB 0x000000070a000000| Untracked 
|  49|0x000000070a200000, 0x000000070a200000, 0x000000070a400000|  0%| F|  |TAMS 0x000000070a200000| PB 0x000000070a200000| Untracked 
|  50|0x000000070a400000, 0x000000070a400000, 0x000000070a600000|  0%| F|  |TAMS 0x000000070a400000| PB 0x000000070a400000| Untracked 
|  51|0x000000070a600000, 0x000000070a665a90, 0x000000070a800000| 19%| S|CS|TAMS 0x000000070a600000| PB 0x000000070a600000| Complete 
|  52|0x000000070a800000, 0x000000070a800000, 0x000000070aa00000|  0%| F|  |TAMS 0x000000070a800000| PB 0x000000070a800000| Untracked 
|  53|0x000000070aa00000, 0x000000070aa00000, 0x000000070ac00000|  0%| F|  |TAMS 0x000000070aa00000| PB 0x000000070aa00000| Untracked 
|  54|0x000000070ac00000, 0x000000070ac00000, 0x000000070ae00000|  0%| F|  |TAMS 0x000000070ac00000| PB 0x000000070ac00000| Untracked 
|  55|0x000000070ae00000, 0x000000070ae00000, 0x000000070b000000|  0%| F|  |TAMS 0x000000070ae00000| PB 0x000000070ae00000| Untracked 
|  56|0x000000070b000000, 0x000000070b000000, 0x000000070b200000|  0%| F|  |TAMS 0x000000070b000000| PB 0x000000070b000000| Untracked 
|  57|0x000000070b200000, 0x000000070b200000, 0x000000070b400000|  0%| F|  |TAMS 0x000000070b200000| PB 0x000000070b200000| Untracked 
|  58|0x000000070b400000, 0x000000070b400000, 0x000000070b600000|  0%| F|  |TAMS 0x000000070b400000| PB 0x000000070b400000| Untracked 
|  59|0x000000070b600000, 0x000000070b600000, 0x000000070b800000|  0%| F|  |TAMS 0x000000070b600000| PB 0x000000070b600000| Untracked 
|  60|0x000000070b800000, 0x000000070b800000, 0x000000070ba00000|  0%| F|  |TAMS 0x000000070b800000| PB 0x000000070b800000| Untracked 
|  61|0x000000070ba00000, 0x000000070ba00000, 0x000000070bc00000|  0%| F|  |TAMS 0x000000070ba00000| PB 0x000000070ba00000| Untracked 
|  62|0x000000070bc00000, 0x000000070bc00000, 0x000000070be00000|  0%| F|  |TAMS 0x000000070bc00000| PB 0x000000070bc00000| Untracked 
|  63|0x000000070be00000, 0x000000070be00000, 0x000000070c000000|  0%| F|  |TAMS 0x000000070be00000| PB 0x000000070be00000| Untracked 
|  64|0x000000070c000000, 0x000000070c100800, 0x000000070c200000| 50%| E|  |TAMS 0x000000070c000000| PB 0x000000070c000000| Complete 
|  65|0x000000070c200000, 0x000000070c400000, 0x000000070c400000|100%| E|CS|TAMS 0x000000070c200000| PB 0x000000070c200000| Complete 
|  66|0x000000070c400000, 0x000000070c600000, 0x000000070c600000|100%| E|CS|TAMS 0x000000070c400000| PB 0x000000070c400000| Complete 
|  67|0x000000070c600000, 0x000000070c800000, 0x000000070c800000|100%| E|CS|TAMS 0x000000070c600000| PB 0x000000070c600000| Complete 
|  68|0x000000070c800000, 0x000000070ca00000, 0x000000070ca00000|100%| E|CS|TAMS 0x000000070c800000| PB 0x000000070c800000| Complete 
|  69|0x000000070ca00000, 0x000000070cc00000, 0x000000070cc00000|100%| E|CS|TAMS 0x000000070ca00000| PB 0x000000070ca00000| Complete 
|  70|0x000000070cc00000, 0x000000070ce00000, 0x000000070ce00000|100%| E|CS|TAMS 0x000000070cc00000| PB 0x000000070cc00000| Complete 
|  71|0x000000070ce00000, 0x000000070d000000, 0x000000070d000000|100%| E|CS|TAMS 0x000000070ce00000| PB 0x000000070ce00000| Complete 
|  72|0x000000070d000000, 0x000000070d200000, 0x000000070d200000|100%| E|CS|TAMS 0x000000070d000000| PB 0x000000070d000000| Complete 
|  73|0x000000070d200000, 0x000000070d400000, 0x000000070d400000|100%| E|CS|TAMS 0x000000070d200000| PB 0x000000070d200000| Complete 
|  74|0x000000070d400000, 0x000000070d600000, 0x000000070d600000|100%| E|CS|TAMS 0x000000070d400000| PB 0x000000070d400000| Complete 
|  75|0x000000070d600000, 0x000000070d800000, 0x000000070d800000|100%| E|CS|TAMS 0x000000070d600000| PB 0x000000070d600000| Complete 
|  76|0x000000070d800000, 0x000000070da00000, 0x000000070da00000|100%| E|CS|TAMS 0x000000070d800000| PB 0x000000070d800000| Complete 
|  77|0x000000070da00000, 0x000000070dc00000, 0x000000070dc00000|100%| E|CS|TAMS 0x000000070da00000| PB 0x000000070da00000| Complete 
|  78|0x000000070dc00000, 0x000000070de00000, 0x000000070de00000|100%| E|CS|TAMS 0x000000070dc00000| PB 0x000000070dc00000| Complete 
|  79|0x000000070de00000, 0x000000070e000000, 0x000000070e000000|100%| E|CS|TAMS 0x000000070de00000| PB 0x000000070de00000| Complete 
|  80|0x000000070e000000, 0x000000070e200000, 0x000000070e200000|100%| E|CS|TAMS 0x000000070e000000| PB 0x000000070e000000| Complete 
|  81|0x000000070e200000, 0x000000070e400000, 0x000000070e400000|100%| E|CS|TAMS 0x000000070e200000| PB 0x000000070e200000| Complete 
|  82|0x000000070e400000, 0x000000070e600000, 0x000000070e600000|100%| E|CS|TAMS 0x000000070e400000| PB 0x000000070e400000| Complete 
|  83|0x000000070e600000, 0x000000070e800000, 0x000000070e800000|100%| E|CS|TAMS 0x000000070e600000| PB 0x000000070e600000| Complete 
|  84|0x000000070e800000, 0x000000070ea00000, 0x000000070ea00000|100%| E|CS|TAMS 0x000000070e800000| PB 0x000000070e800000| Complete 
|  85|0x000000070ea00000, 0x000000070ec00000, 0x000000070ec00000|100%| E|CS|TAMS 0x000000070ea00000| PB 0x000000070ea00000| Complete 
|  86|0x000000070ec00000, 0x000000070ee00000, 0x000000070ee00000|100%| E|CS|TAMS 0x000000070ec00000| PB 0x000000070ec00000| Complete 
|  87|0x000000070ee00000, 0x000000070f000000, 0x000000070f000000|100%| E|CS|TAMS 0x000000070ee00000| PB 0x000000070ee00000| Complete 
|  88|0x000000070f000000, 0x000000070f200000, 0x000000070f200000|100%| E|CS|TAMS 0x000000070f000000| PB 0x000000070f000000| Complete 
|  89|0x000000070f200000, 0x000000070f400000, 0x000000070f400000|100%| E|CS|TAMS 0x000000070f200000| PB 0x000000070f200000| Complete 
|  90|0x000000070f400000, 0x000000070f600000, 0x000000070f600000|100%| E|CS|TAMS 0x000000070f400000| PB 0x000000070f400000| Complete 
|  91|0x000000070f600000, 0x000000070f800000, 0x000000070f800000|100%| E|CS|TAMS 0x000000070f600000| PB 0x000000070f600000| Complete 
|  92|0x000000070f800000, 0x000000070fa00000, 0x000000070fa00000|100%| E|CS|TAMS 0x000000070f800000| PB 0x000000070f800000| Complete 
|  93|0x000000070fa00000, 0x000000070fc00000, 0x000000070fc00000|100%| E|CS|TAMS 0x000000070fa00000| PB 0x000000070fa00000| Complete 
|  94|0x000000070fc00000, 0x000000070fe00000, 0x000000070fe00000|100%| E|CS|TAMS 0x000000070fc00000| PB 0x000000070fc00000| Complete 
|  95|0x000000070fe00000, 0x0000000710000000, 0x0000000710000000|100%| E|CS|TAMS 0x000000070fe00000| PB 0x000000070fe00000| Complete 
|  96|0x0000000710000000, 0x0000000710200000, 0x0000000710200000|100%| E|CS|TAMS 0x0000000710000000| PB 0x0000000710000000| Complete 
|  97|0x0000000710200000, 0x0000000710400000, 0x0000000710400000|100%| E|CS|TAMS 0x0000000710200000| PB 0x0000000710200000| Complete 
|  98|0x0000000710400000, 0x0000000710600000, 0x0000000710600000|100%| E|CS|TAMS 0x0000000710400000| PB 0x0000000710400000| Complete 
|  99|0x0000000710600000, 0x0000000710800000, 0x0000000710800000|100%| E|CS|TAMS 0x0000000710600000| PB 0x0000000710600000| Complete 
| 100|0x0000000710800000, 0x0000000710a00000, 0x0000000710a00000|100%| E|CS|TAMS 0x0000000710800000| PB 0x0000000710800000| Complete 
| 101|0x0000000710a00000, 0x0000000710c00000, 0x0000000710c00000|100%| E|CS|TAMS 0x0000000710a00000| PB 0x0000000710a00000| Complete 
| 102|0x0000000710c00000, 0x0000000710e00000, 0x0000000710e00000|100%| E|CS|TAMS 0x0000000710c00000| PB 0x0000000710c00000| Complete 
| 103|0x0000000710e00000, 0x0000000711000000, 0x0000000711000000|100%| E|CS|TAMS 0x0000000710e00000| PB 0x0000000710e00000| Complete 
| 104|0x0000000711000000, 0x0000000711200000, 0x0000000711200000|100%| E|CS|TAMS 0x0000000711000000| PB 0x0000000711000000| Complete 
| 105|0x0000000711200000, 0x0000000711400000, 0x0000000711400000|100%| E|CS|TAMS 0x0000000711200000| PB 0x0000000711200000| Complete 
| 106|0x0000000711400000, 0x0000000711600000, 0x0000000711600000|100%| E|CS|TAMS 0x0000000711400000| PB 0x0000000711400000| Complete 
| 107|0x0000000711600000, 0x0000000711800000, 0x0000000711800000|100%| E|CS|TAMS 0x0000000711600000| PB 0x0000000711600000| Complete 
| 108|0x0000000711800000, 0x0000000711a00000, 0x0000000711a00000|100%| E|CS|TAMS 0x0000000711800000| PB 0x0000000711800000| Complete 
| 109|0x0000000711a00000, 0x0000000711c00000, 0x0000000711c00000|100%| E|CS|TAMS 0x0000000711a00000| PB 0x0000000711a00000| Complete 
| 110|0x0000000711c00000, 0x0000000711e00000, 0x0000000711e00000|100%| E|CS|TAMS 0x0000000711c00000| PB 0x0000000711c00000| Complete 
| 111|0x0000000711e00000, 0x0000000712000000, 0x0000000712000000|100%| E|CS|TAMS 0x0000000711e00000| PB 0x0000000711e00000| Complete 
| 112|0x0000000712000000, 0x0000000712200000, 0x0000000712200000|100%| E|CS|TAMS 0x0000000712000000| PB 0x0000000712000000| Complete 
| 113|0x0000000712200000, 0x0000000712400000, 0x0000000712400000|100%| E|CS|TAMS 0x0000000712200000| PB 0x0000000712200000| Complete 
| 114|0x0000000712400000, 0x0000000712600000, 0x0000000712600000|100%| E|CS|TAMS 0x0000000712400000| PB 0x0000000712400000| Complete 
| 115|0x0000000712600000, 0x0000000712800000, 0x0000000712800000|100%| E|CS|TAMS 0x0000000712600000| PB 0x0000000712600000| Complete 
| 116|0x0000000712800000, 0x0000000712a00000, 0x0000000712a00000|100%| E|CS|TAMS 0x0000000712800000| PB 0x0000000712800000| Complete 
| 117|0x0000000712a00000, 0x0000000712c00000, 0x0000000712c00000|100%| E|CS|TAMS 0x0000000712a00000| PB 0x0000000712a00000| Complete 
| 118|0x0000000712c00000, 0x0000000712e00000, 0x0000000712e00000|100%| E|CS|TAMS 0x0000000712c00000| PB 0x0000000712c00000| Complete 
| 119|0x0000000712e00000, 0x0000000713000000, 0x0000000713000000|100%| E|CS|TAMS 0x0000000712e00000| PB 0x0000000712e00000| Complete 
| 120|0x0000000713000000, 0x0000000713200000, 0x0000000713200000|100%| E|CS|TAMS 0x0000000713000000| PB 0x0000000713000000| Complete 
| 121|0x0000000713200000, 0x0000000713400000, 0x0000000713400000|100%| E|CS|TAMS 0x0000000713200000| PB 0x0000000713200000| Complete 
| 122|0x0000000713400000, 0x0000000713600000, 0x0000000713600000|100%| E|CS|TAMS 0x0000000713400000| PB 0x0000000713400000| Complete 
| 123|0x0000000713600000, 0x0000000713800000, 0x0000000713800000|100%| E|CS|TAMS 0x0000000713600000| PB 0x0000000713600000| Complete 
| 124|0x0000000713800000, 0x0000000713a00000, 0x0000000713a00000|100%| E|CS|TAMS 0x0000000713800000| PB 0x0000000713800000| Complete 
| 125|0x0000000713a00000, 0x0000000713c00000, 0x0000000713c00000|100%| E|CS|TAMS 0x0000000713a00000| PB 0x0000000713a00000| Complete 

Card table byte_map: [0x0000025975c90000,0x0000025976470000] _byte_map_base: 0x0000025972470000

Marking Bits: (CMBitMap*) 0x000002596d169980
 Bits: [0x0000025976c50000, 0x000002597ab50000)

Polling page: 0x000002596c890000

Metaspace:

Usage:
  Non-class:      7.77 MB used.
      Class:    718.11 KB used.
       Both:      8.47 MB used.

Virtual space:
  Non-class space:       64.00 MB reserved,       7.94 MB ( 12%) committed,  1 nodes.
      Class space:        1.00 GB reserved,     832.00 KB ( <1%) committed,  1 nodes.
             Both:        1.06 GB reserved,       8.75 MB ( <1%) committed. 

Chunk freelists:
   Non-Class:  54.00 KB
       Class:  3.21 MB
        Both:  3.26 MB

MaxMetaspaceSize: unlimited
CompressedClassSpaceSize: 1.00 GB
Initial GC threshold: 21.00 MB
Current GC threshold: 21.00 MB
CDS: on
MetaspaceReclaimPolicy: balanced
 - commit_granule_bytes: 65536.
 - commit_granule_words: 8192.
 - virtual_space_node_default_size: 8388608.
 - enlarge_chunks_in_place: 1.
 - new_chunks_are_fully_committed: 0.
 - uncommit_free_chunks: 1.
 - use_allocation_guard: 0.


Internal statistics:

num_allocs_failed_limit: 0.
num_arena_births: 162.
num_arena_deaths: 0.
num_vsnodes_births: 2.
num_vsnodes_deaths: 0.
num_space_committed: 138.
num_space_uncommitted: 0.
num_chunks_returned_to_freelist: 0.
num_chunks_taken_from_freelist: 305.
num_chunk_merges: 0.
num_chunk_splits: 182.
num_chunks_enlarged: 89.
num_inconsistent_stats: 0.

CodeHeap 'non-profiled nmethods': size=120000Kb used=1603Kb max_used=1603Kb free=118396Kb
 bounds [0x0000025907ad0000, 0x0000025907d40000, 0x000002590f000000]
CodeHeap 'profiled nmethods': size=120000Kb used=4272Kb max_used=4272Kb free=115727Kb
 bounds [0x0000025900000000, 0x0000025900430000, 0x0000025907530000]
CodeHeap 'non-nmethods': size=5760Kb used=1871Kb max_used=1912Kb free=3888Kb
 bounds [0x0000025907530000, 0x00000259077a0000, 0x0000025907ad0000]
 total_blobs=2963 nmethods=2263 adapters=611
 compilation: enabled
              stopped_count=0, restarted_count=0
 full_count=0

Compilation events (20 events):
Event: 933.625 Thread 0x000002597d764fd0 2254  s    3       java.lang.StringBuffer::toString (34 bytes)
Event: 933.626 Thread 0x000002597d764fd0 nmethod 2254 0x0000025900427e10 code [0x0000025900427fc0, 0x00000259004283e0]
Event: 933.637 Thread 0x000002597d762930 2255       4       java.io.Writer::write (11 bytes)
Event: 933.639 Thread 0x000002597d764fd0 2256  s    3       java.lang.Throwable::fillInStackTrace (29 bytes)
Event: 933.640 Thread 0x000002597d764fd0 nmethod 2256 0x0000025900428510 code [0x00000259004286c0, 0x00000259004289c8]
Event: 933.641 Thread 0x000002597d764fd0 2258       3       java.lang.Throwable::<init> (34 bytes)
Event: 933.642 Thread 0x000002597d764fd0 nmethod 2258 0x0000025900428a90 code [0x0000025900428c40, 0x0000025900429030]
Event: 933.642 Thread 0x000002597d764fd0 2259       3       java.lang.Exception::<init> (6 bytes)
Event: 933.642 Thread 0x000002597d764fd0 nmethod 2259 0x0000025900429110 code [0x00000259004292c0, 0x0000025900429710]
Event: 933.642 Thread 0x000002597d764fd0 2260       3       java.io.IOException::<init> (6 bytes)
Event: 933.643 Thread 0x000002597d764fd0 nmethod 2260 0x0000025900429810 code [0x00000259004299a0, 0x0000025900429b30]
Event: 933.643 Thread 0x000002597d764fd0 2261       3       java.io.PrintStream::implWrite (50 bytes)
Event: 933.644 Thread 0x000002597d764fd0 nmethod 2261 0x0000025900429c10 code [0x0000025900429e60, 0x000002590042a800]
Event: 933.644 Thread 0x000002597d764fd0 2262   !   3       java.io.PrintStream::write (81 bytes)
Event: 933.645 Thread 0x000002597d764fd0 nmethod 2262 0x000002590042ac10 code [0x000002590042aea0, 0x000002590042bc70]
Event: 933.666 Thread 0x000002597d762930 nmethod 2255 0x0000025907c5f190 code [0x0000025907c5f360, 0x0000025907c5fc68]
Event: 933.666 Thread 0x000002597d762930 2263       4       jdk.internal.misc.InternalLock::unlock (8 bytes)
Event: 933.671 Thread 0x000002597d762930 nmethod 2263 0x0000025907c60410 code [0x0000025907c605a0, 0x0000025907c60778]
Event: 933.706 Thread 0x000002597d762930 2264       4       java.lang.AbstractStringBuilder::newCapacity (59 bytes)
Event: 933.708 Thread 0x000002597d762930 nmethod 2264 0x0000025907c60910 code [0x0000025907c60a80, 0x0000025907c60b80]

GC Heap History (20 events):
Event: 16.029 GC heap before
{Heap before GC invocations=5 (full 0):
 garbage-first heap   total 258048K, used 229152K [0x0000000704000000, 0x0000000800000000)
  region size 2048K, 75 young (153600K), 1 survivors (2048K)
 Metaspace       used 8610K, committed 8832K, reserved 1114112K
  class space    used 712K, committed 832K, reserved 1048576K
}
Event: 16.030 GC heap after
{Heap after GC invocations=6 (full 0):
 garbage-first heap   total 258048K, used 22212K [0x0000000704000000, 0x0000000800000000)
  region size 2048K, 1 young (2048K), 1 survivors (2048K)
 Metaspace       used 8610K, committed 8832K, reserved 1114112K
  class space    used 712K, committed 832K, reserved 1048576K
}
Event: 29.522 GC heap before
{Heap before GC invocations=6 (full 0):
 garbage-first heap   total 258048K, used 173764K [0x0000000704000000, 0x0000000800000000)
  region size 2048K, 75 young (153600K), 1 survivors (2048K)
 Metaspace       used 8633K, committed 8896K, reserved 1114112K
  class space    used 714K, committed 832K, reserved 1048576K
}
Event: 29.524 GC heap after
{Heap after GC invocations=7 (full 0):
 garbage-first heap   total 258048K, used 22220K [0x0000000704000000, 0x0000000800000000)
  region size 2048K, 1 young (2048K), 1 survivors (2048K)
 Metaspace       used 8633K, committed 8896K, reserved 1114112K
  class space    used 714K, committed 832K, reserved 1048576K
}
Event: 43.502 GC heap before
{Heap before GC invocations=7 (full 0):
 garbage-first heap   total 258048K, used 173772K [0x0000000704000000, 0x0000000800000000)
  region size 2048K, 75 young (153600K), 1 survivors (2048K)
 Metaspace       used 8635K, committed 8896K, reserved 1114112K
  class space    used 714K, committed 832K, reserved 1048576K
}
Event: 43.504 GC heap after
{Heap after GC invocations=8 (full 0):
 garbage-first heap   total 258048K, used 22233K [0x0000000704000000, 0x0000000800000000)
  region size 2048K, 1 young (2048K), 1 survivors (2048K)
 Metaspace       used 8635K, committed 8896K, reserved 1114112K
  class space    used 714K, committed 832K, reserved 1048576K
}
Event: 57.551 GC heap before
{Heap before GC invocations=8 (full 0):
 garbage-first heap   total 258048K, used 173785K [0x0000000704000000, 0x0000000800000000)
  region size 2048K, 75 young (153600K), 1 survivors (2048K)
 Metaspace       used 8636K, committed 8896K, reserved 1114112K
  class space    used 714K, committed 832K, reserved 1048576K
}
Event: 57.553 GC heap after
{Heap after GC invocations=9 (full 0):
 garbage-first heap   total 258048K, used 22212K [0x0000000704000000, 0x0000000800000000)
  region size 2048K, 1 young (2048K), 1 survivors (2048K)
 Metaspace       used 8636K, committed 8896K, reserved 1114112K
  class space    used 714K, committed 832K, reserved 1048576K
}
Event: 86.963 GC heap before
{Heap before GC invocations=9 (full 0):
 garbage-first heap   total 258048K, used 173764K [0x0000000704000000, 0x0000000800000000)
  region size 2048K, 75 young (153600K), 1 survivors (2048K)
 Metaspace       used 8642K, committed 8896K, reserved 1114112K
  class space    used 714K, committed 832K, reserved 1048576K
}
Event: 86.966 GC heap after
{Heap after GC invocations=10 (full 0):
 garbage-first heap   total 258048K, used 22216K [0x0000000704000000, 0x0000000800000000)
  region size 2048K, 1 young (2048K), 1 survivors (2048K)
 Metaspace       used 8642K, committed 8896K, reserved 1114112K
  class space    used 714K, committed 832K, reserved 1048576K
}
Event: 104.785 GC heap before
{Heap before GC invocations=10 (full 0):
 garbage-first heap   total 258048K, used 173768K [0x0000000704000000, 0x0000000800000000)
  region size 2048K, 75 young (153600K), 1 survivors (2048K)
 Metaspace       used 8642K, committed 8896K, reserved 1114112K
  class space    used 714K, committed 832K, reserved 1048576K
}
Event: 104.787 GC heap after
{Heap after GC invocations=11 (full 0):
 garbage-first heap   total 258048K, used 22206K [0x0000000704000000, 0x0000000800000000)
  region size 2048K, 1 young (2048K), 1 survivors (2048K)
 Metaspace       used 8642K, committed 8896K, reserved 1114112K
  class space    used 714K, committed 832K, reserved 1048576K
}
Event: 119.266 GC heap before
{Heap before GC invocations=11 (full 0):
 garbage-first heap   total 258048K, used 173758K [0x0000000704000000, 0x0000000800000000)
  region size 2048K, 75 young (153600K), 1 survivors (2048K)
 Metaspace       used 8642K, committed 8896K, reserved 1114112K
  class space    used 714K, committed 832K, reserved 1048576K
}
Event: 119.268 GC heap after
{Heap after GC invocations=12 (full 0):
 garbage-first heap   total 258048K, used 22219K [0x0000000704000000, 0x0000000800000000)
  region size 2048K, 1 young (2048K), 1 survivors (2048K)
 Metaspace       used 8642K, committed 8896K, reserved 1114112K
  class space    used 714K, committed 832K, reserved 1048576K
}
Event: 133.813 GC heap before
{Heap before GC invocations=12 (full 0):
 garbage-first heap   total 258048K, used 173771K [0x0000000704000000, 0x0000000800000000)
  region size 2048K, 75 young (153600K), 1 survivors (2048K)
 Metaspace       used 8642K, committed 8896K, reserved 1114112K
  class space    used 714K, committed 832K, reserved 1048576K
}
Event: 133.816 GC heap after
{Heap after GC invocations=13 (full 0):
 garbage-first heap   total 258048K, used 22233K [0x0000000704000000, 0x0000000800000000)
  region size 2048K, 1 young (2048K), 1 survivors (2048K)
 Metaspace       used 8642K, committed 8896K, reserved 1114112K
  class space    used 714K, committed 832K, reserved 1048576K
}
Event: 174.945 GC heap before
{Heap before GC invocations=13 (full 0):
 garbage-first heap   total 258048K, used 173785K [0x0000000704000000, 0x0000000800000000)
  region size 2048K, 75 young (153600K), 1 survivors (2048K)
 Metaspace       used 8653K, committed 8896K, reserved 1114112K
  class space    used 714K, committed 832K, reserved 1048576K
}
Event: 174.948 GC heap after
{Heap after GC invocations=14 (full 0):
 garbage-first heap   total 258048K, used 22234K [0x0000000704000000, 0x0000000800000000)
  region size 2048K, 1 young (2048K), 1 survivors (2048K)
 Metaspace       used 8653K, committed 8896K, reserved 1114112K
  class space    used 714K, committed 832K, reserved 1048576K
}
Event: 191.135 GC heap before
{Heap before GC invocations=14 (full 0):
 garbage-first heap   total 258048K, used 173786K [0x0000000704000000, 0x0000000800000000)
  region size 2048K, 75 young (153600K), 1 survivors (2048K)
 Metaspace       used 8654K, committed 8896K, reserved 1114112K
  class space    used 714K, committed 832K, reserved 1048576K
}
Event: 191.137 GC heap after
{Heap after GC invocations=15 (full 0):
 garbage-first heap   total 258048K, used 22214K [0x0000000704000000, 0x0000000800000000)
  region size 2048K, 1 young (2048K), 1 survivors (2048K)
 Metaspace       used 8654K, committed 8896K, reserved 1114112K
  class space    used 714K, committed 832K, reserved 1048576K
}

Dll operation events (18 events):
Event: 0.011 Loaded shared library C:\Users\jonas\.jdks\openjdk-20.0.1\bin\java.dll
Event: 0.020 Loaded shared library C:\Users\jonas\.jdks\openjdk-20.0.1\bin\jsvml.dll
Event: 0.088 Loaded shared library C:\Users\jonas\.jdks\openjdk-20.0.1\bin\zip.dll
Event: 0.091 Loaded shared library C:\Users\jonas\.jdks\openjdk-20.0.1\bin\instrument.dll
Event: 0.096 Loaded shared library C:\Users\jonas\.jdks\openjdk-20.0.1\bin\net.dll
Event: 0.099 Loaded shared library C:\Users\jonas\.jdks\openjdk-20.0.1\bin\nio.dll
Event: 0.102 Loaded shared library C:\Users\jonas\.jdks\openjdk-20.0.1\bin\zip.dll
Event: 0.122 Loaded shared library C:\Program Files\JetBrains\IntelliJ IDEA Community Edition 2021.3.2\bin\breakgen64.dll
Event: 0.127 Loaded shared library C:\Users\jonas\.jdks\openjdk-20.0.1\bin\verify.dll
Event: 0.131 Loaded shared library C:\Users\jonas\.jdks\openjdk-20.0.1\bin\extnet.dll
Event: 0.165 Loaded shared library C:\Users\jonas\IdeaProjects\NaWi_Projekt\native\lwjgl64.dll
Event: 0.186 Loaded shared library C:\Users\jonas\.jdks\openjdk-20.0.1\bin\jimage.dll
Event: 0.436 Loaded shared library C:\Users\jonas\.jdks\openjdk-20.0.1\bin\awt.dll
Event: 0.478 Loaded shared library C:\Users\jonas\IdeaProjects\NaWi_Projekt\native\jinput-dx8_64.dll
Event: 0.583 Loaded shared library C:\Users\jonas\IdeaProjects\NaWi_Projekt\native\jinput-raw_64.dll
Event: 0.769 Loaded shared library C:\Users\jonas\.jdks\openjdk-20.0.1\bin\javajpeg.dll
Event: 2.058 Loaded shared library C:\Users\jonas\.jdks\openjdk-20.0.1\bin\freetype.dll
Event: 2.059 Loaded shared library C:\Users\jonas\.jdks\openjdk-20.0.1\bin\fontmanager.dll

Deoptimization events (20 events):
Event: 248.757 Thread 0x000002596d0fa260 DEOPT PACKING pc=0x0000025907bdf0b0 sp=0x000000d35edff030
Event: 248.757 Thread 0x000002596d0fa260 DEOPT UNPACKING pc=0x000002590754d2a2 sp=0x000000d35edfef70 mode 2
Event: 580.458 Thread 0x000002596d0fa260 DEOPT PACKING pc=0x000002590041b779 sp=0x000000d35edff080
Event: 580.458 Thread 0x000002596d0fa260 DEOPT UNPACKING pc=0x000002590759e462 sp=0x000000d35edfe5b0 mode 0
Event: 933.600 Thread 0x000002597daa3130 Uncommon trap: trap_request=0xffffff66 fr.pc=0x0000025907c2b55c relative=0x000000000000005c
Event: 933.600 Thread 0x000002597daa3130 Uncommon trap: reason=speculate_class_check action=maybe_recompile pc=0x0000025907c2b55c method=java.lang.invoke.Invokers$Holder.linkToTargetMethod(Ljava/lang/Object;Ljava/lang/Object;)Ljava/lang/Object; @ 1 c2
Event: 933.600 Thread 0x000002597daa3130 DEOPT PACKING pc=0x0000025907c2b55c sp=0x000000d3602fe9c0
Event: 933.600 Thread 0x000002597daa3130 DEOPT UNPACKING pc=0x000002590754d2a2 sp=0x000000d3602fe950 mode 2
Event: 933.600 Thread 0x000002596d0fa260 Uncommon trap: trap_request=0xffffff45 fr.pc=0x0000025907b85198 relative=0x0000000000000258
Event: 933.600 Thread 0x000002596d0fa260 Uncommon trap: reason=unstable_if action=reinterpret pc=0x0000025907b85198 method=net.java.games.input.IDirectInputDevice.checkReleased()V @ 4 c2
Event: 933.600 Thread 0x000002596d0fa260 DEOPT PACKING pc=0x0000025907b85198 sp=0x000000d35edfefc0
Event: 933.600 Thread 0x000002596d0fa260 DEOPT UNPACKING pc=0x000002590754d2a2 sp=0x000000d35edfef18 mode 2
Event: 933.600 Thread 0x000002596d0fa260 Uncommon trap: trap_request=0x00000014 fr.pc=0x0000025907b8f080 relative=0x0000000000000720
Event: 933.600 Thread 0x000002596d0fa260 Uncommon trap: reason=unloaded action=reinterpret pc=0x0000025907b8f080 method=net.java.games.input.AbstractController.poll()Z @ 148 c2
Event: 933.600 Thread 0x000002596d0fa260 DEOPT PACKING pc=0x0000025907b8f080 sp=0x000000d35edff020
Event: 933.600 Thread 0x000002596d0fa260 DEOPT UNPACKING pc=0x000002590754d2a2 sp=0x000000d35edfef40 mode 2
Event: 933.600 Thread 0x000002596d0fa260 Uncommon trap: trap_request=0x00000014 fr.pc=0x0000025907b68f70 relative=0x0000000000000530
Event: 933.600 Thread 0x000002596d0fa260 Uncommon trap: reason=unloaded action=reinterpret pc=0x0000025907b68f70 method=net.java.games.input.AbstractController.poll()Z @ 148 c2
Event: 933.600 Thread 0x000002596d0fa260 DEOPT PACKING pc=0x0000025907b68f70 sp=0x000000d35edfef80
Event: 933.600 Thread 0x000002596d0fa260 DEOPT UNPACKING pc=0x000002590754d2a2 sp=0x000000d35edfef30 mode 2

Classes loaded (20 events):
Event: 2.086 Loading class sun/font/StrikeCache$DisposableStrike done
Event: 2.086 Loading class sun/font/StrikeCache$SoftDisposerRef done
Event: 2.086 Loading class sun/font/FontDesignMetrics$KeyReference
Event: 2.086 Loading class sun/font/FontDesignMetrics$KeyReference done
Event: 2.086 Loading class sun/java2d/loops/FontInfo
Event: 2.086 Loading class sun/java2d/loops/FontInfo done
Event: 3.090 Loading class java/util/IdentityHashMap$ValueIterator
Event: 3.090 Loading class java/util/IdentityHashMap$ValueIterator done
Event: 3.090 Loading class sun/awt/AppContext$PostShutdownEventRunnable
Event: 3.090 Loading class sun/awt/AppContext$PostShutdownEventRunnable done
Event: 3.090 Loading class sun/awt/AWTAutoShutdown$1
Event: 3.090 Loading class sun/awt/AWTAutoShutdown$1 done
Event: 248.536 Loading class jdk/internal/event/ThreadSleepEvent
Event: 248.536 Loading class jdk/internal/event/ThreadSleepEvent done
Event: 933.595 Loading class jdk/internal/misc/Signal$1
Event: 933.596 Loading class jdk/internal/misc/Signal$1 done
Event: 933.599 Loading class java/util/WeakHashMap$KeyIterator
Event: 933.599 Loading class java/util/WeakHashMap$HashIterator
Event: 933.599 Loading class java/util/WeakHashMap$HashIterator done
Event: 933.599 Loading class java/util/WeakHashMap$KeyIterator done

Classes unloaded (0 events):
No events

Classes redefined (0 events):
No events

Internal exceptions (13 events):
Event: 0.114 Thread 0x000002596d0fa260 Exception <a 'java/lang/NoSuchMethodError'{0x00000007138fdae8}: 'void java.lang.invoke.DirectMethodHandle$Holder.invokeStatic(java.lang.Object, java.lang.Object, java.lang.Object)'> (0x00000007138fdae8) 
thrown [s\open\src\hotspot\share\interpreter\linkResolver.cpp, line 773]
Event: 0.118 Thread 0x000002596d0fa260 Exception <a 'java/lang/NoSuchMethodError'{0x0000000713914ff0}: 'java.lang.Object java.lang.invoke.Invokers$Holder.invokeExact_MT(java.lang.Object, java.lang.Object, java.lang.Object, java.lang.Object, java.lang.Object)'> (0x0000000713914ff0) 
thrown [s\open\src\hotspot\share\interpreter\linkResolver.cpp, line 773]
Event: 0.133 Thread 0x000002597d9e36d0 Exception <a 'java/lang/NoSuchMethodError'{0x0000000713966c80}: 'void java.lang.invoke.DirectMethodHandle$Holder.invokeStatic(java.lang.Object, java.lang.Object)'> (0x0000000713966c80) 
thrown [s\open\src\hotspot\share\interpreter\linkResolver.cpp, line 773]
Event: 0.302 Thread 0x000002596d0fa260 Exception <a 'java/lang/NoSuchMethodError'{0x00000007137cf988}: 'int java.lang.invoke.Invokers$Holder.invokeExact_MT(java.lang.Object, java.lang.Object)'> (0x00000007137cf988) 
thrown [s\open\src\hotspot\share\interpreter\linkResolver.cpp, line 773]
Event: 0.659 Thread 0x000002596d0fa260 Exception <a 'java/lang/ClassNotFoundException'{0x00000007131c0888}: sun/awt/resources/spi/awtProvider> (0x00000007131c0888) 
thrown [s\open\src\hotspot\share\classfile\systemDictionary.cpp, line 305]
Event: 0.678 Thread 0x000002596d0fa260 Exception <a 'java/io/FileNotFoundException'{0x0000000712e153f8}> (0x0000000712e153f8) 
thrown [s\open\src\hotspot\share\prims\jni.cpp, line 519]
Event: 0.685 Thread 0x000002596d0fa260 Exception <a 'java/io/FileNotFoundException'{0x0000000712e3f458}> (0x0000000712e3f458) 
thrown [s\open\src\hotspot\share\prims\jni.cpp, line 519]
Event: 0.713 Thread 0x000002596d0fa260 Exception <a 'java/lang/NoSuchMethodError'{0x0000000712eb3048}: 'java.lang.Object java.lang.invoke.DirectMethodHandle$Holder.invokeStaticInit(java.lang.Object, int, int, int, int)'> (0x0000000712eb3048) 
thrown [s\open\src\hotspot\share\interpreter\linkResolver.cpp, line 773]
Event: 0.756 Thread 0x000002596d0fa260 Exception <a 'java/lang/NoSuchMethodError'{0x0000000712ed70f0}: 'java.lang.Object java.lang.invoke.DirectMethodHandle$Holder.invokeStaticInit(java.lang.Object, java.lang.Object, int, int, int, int)'> (0x0000000712ed70f0) 
thrown [s\open\src\hotspot\share\interpreter\linkResolver.cpp, line 773]
Event: 1.061 Thread 0x000002597d7473b0 Exception <a 'java/lang/NoSuchMethodError'{0x0000000711e074d8}: 'java.lang.Object java.lang.invoke.Invokers$Holder.invokeExact_MT(java.lang.Object, java.lang.Object, java.lang.Object, java.lang.Object, java.lang.Object, java.lang.Object)'> (0x0000000711e074d8) 
thrown [s\open\src\hotspot\share\interpreter\linkResolver.cpp, line 773]
Event: 2.027 Thread 0x000002596d0fa260 Implicit null exception at 0x0000025907b2f931 to 0x0000025907b2fcec
Event: 2.027 Thread 0x000002596d0fa260 Implicit null exception at 0x0000025907b2c073 to 0x0000025907b2c2c0
Event: 2.127 Thread 0x000002596d0fa260 Exception <a 'java/lang/NoSuchMethodError'{0x000000070dcbfa78}: 'java.lang.Object java.lang.invoke.DirectMethodHandle$Holder.invokeSpecial(java.lang.Object, java.lang.Object, java.lang.Object, java.lang.Object, java.lang.Object, java.lang.Object, int)'> (0x000000070dcbfa78) 
thrown [s\open\src\hotspot\share\interpreter\linkResolver.cpp, line 773]

VM Operations (20 events):
Event: 57.553 Executing VM operation: G1CollectForAllocation done
Event: 86.963 Executing VM operation: G1CollectForAllocation
Event: 86.966 Executing VM operation: G1CollectForAllocation done
Event: 104.785 Executing VM operation: G1CollectForAllocation
Event: 104.788 Executing VM operation: G1CollectForAllocation done
Event: 119.266 Executing VM operation: G1CollectForAllocation
Event: 119.268 Executing VM operation: G1CollectForAllocation done
Event: 133.813 Executing VM operation: G1CollectForAllocation
Event: 133.816 Executing VM operation: G1CollectForAllocation done
Event: 170.124 Executing VM operation: Cleanup
Event: 170.124 Executing VM operation: Cleanup done
Event: 174.945 Executing VM operation: G1CollectForAllocation
Event: 174.948 Executing VM operation: G1CollectForAllocation done
Event: 181.033 Executing VM operation: Cleanup
Event: 181.033 Executing VM operation: Cleanup done
Event: 191.135 Executing VM operation: G1CollectForAllocation
Event: 191.137 Executing VM operation: G1CollectForAllocation done
Event: 525.211 Executing VM operation: Cleanup
Event: 525.211 Executing VM operation: Cleanup done
Event: 933.710 Executing VM operation: Exit

Events (20 events):
Event: 2.605 Thread 0x000002597d765560 Thread exited: 0x000002597d765560
Event: 3.090 Thread 0x000002597daa3bd0 Thread exited: 0x000002597daa3bd0
Event: 9.621 Thread 0x000002597d766610 Thread added: 0x000002597d766610
Event: 9.730 Thread 0x000002597d766610 Thread exited: 0x000002597d766610
Event: 10.654 Thread 0x000002597d764a40 Thread added: 0x000002597d764a40
Event: 10.775 Thread 0x000002597d764a40 Thread exited: 0x000002597d764a40
Event: 198.622 Thread 0x000002597daa4120 Thread added: 0x000002597daa4120
Event: 199.701 Thread 0x000002597daa4120 Thread exited: 0x000002597daa4120
Event: 933.597 Thread 0x000002597daa4120 Thread added: 0x000002597daa4120
Event: 933.598 Thread 0x0000025918f2a470 Thread added: 0x0000025918f2a470
Event: 933.598 Thread 0x0000025918f2d440 Thread added: 0x0000025918f2d440
Event: 933.598 Thread 0x0000025918f2cef0 Thread added: 0x0000025918f2cef0
Event: 933.598 Thread 0x0000025918f2bf00 Thread added: 0x0000025918f2bf00
Event: 933.599 Thread 0x0000025918f2d440 Thread exited: 0x0000025918f2d440
Event: 933.600 Thread 0x0000025918f2c9a0 Thread added: 0x0000025918f2c9a0
Event: 933.601 Thread 0x0000025918f2a470 Thread exited: 0x0000025918f2a470
Event: 933.604 Thread 0x000002597daa3130 Thread exited: 0x000002597daa3130
Event: 933.617 Thread 0x0000025918f2bf00 Thread exited: 0x0000025918f2bf00
Event: 933.710 Thread 0x0000025918f2cef0 Thread exited: 0x0000025918f2cef0
Event: 933.710 Thread 0x000002597d746620 Thread exited: 0x000002597d746620


Dynamic libraries:
0x00007ff6b82b0000 - 0x00007ff6b82be000 	C:\Users\jonas\.jdks\openjdk-20.0.1\bin\java.exe
0x00007ff8b0bb0000 - 0x00007ff8b0dc4000 	C:\WINDOWS\SYSTEM32\ntdll.dll
0x00007ff8af670000 - 0x00007ff8af732000 	C:\WINDOWS\System32\KERNEL32.DLL
0x00007ff8ae120000 - 0x00007ff8ae4c3000 	C:\WINDOWS\System32\KERNELBASE.dll
0x000000006e7c0000 - 0x000000006eaf1000 	C:\Program Files\Norton Security\NortonData\22.20.5.39\Definitions\IPSDefs\20230530.061\IPSEng64.dll
0x00007ff8aea60000 - 0x00007ff8aeb0e000 	C:\WINDOWS\System32\ADVAPI32.dll
0x00007ff8af330000 - 0x00007ff8af3d7000 	C:\WINDOWS\System32\msvcrt.dll
0x00007ff8af570000 - 0x00007ff8af614000 	C:\WINDOWS\System32\sechost.dll
0x00007ff8af210000 - 0x00007ff8af327000 	C:\WINDOWS\System32\RPCRT4.dll
0x00007ff8b0440000 - 0x00007ff8b0448000 	C:\WINDOWS\System32\PSAPI.DLL
0x00007ff8ae4d0000 - 0x00007ff8ae5e1000 	C:\WINDOWS\System32\ucrtbase.dll
0x00007ff8a88f0000 - 0x00007ff8a8907000 	C:\Users\jonas\.jdks\openjdk-20.0.1\bin\jli.dll
0x00007ff8a7fe0000 - 0x00007ff8a7ffb000 	C:\Users\jonas\.jdks\openjdk-20.0.1\bin\VCRUNTIME140.dll
0x00007ff8b0940000 - 0x00007ff8b0aeb000 	C:\WINDOWS\System32\USER32.dll
0x00007ff8ae0f0000 - 0x00007ff8ae116000 	C:\WINDOWS\System32\win32u.dll
0x00007ff894d30000 - 0x00007ff894fbe000 	C:\WINDOWS\WinSxS\amd64_microsoft.windows.common-controls_6595b64144ccf1df_6.0.22621.1635_none_270f70857386168e\COMCTL32.dll
0x00007ff8aee00000 - 0x00007ff8aee29000 	C:\WINDOWS\System32\GDI32.dll
0x00007ff8ae5f0000 - 0x00007ff8ae709000 	C:\WINDOWS\System32\gdi32full.dll
0x00007ff8ae780000 - 0x00007ff8ae81a000 	C:\WINDOWS\System32\msvcp_win.dll
0x00007ff8af620000 - 0x00007ff8af651000 	C:\WINDOWS\System32\IMM32.DLL
0x00007ff8a9030000 - 0x00007ff8a903c000 	C:\Users\jonas\.jdks\openjdk-20.0.1\bin\vcruntime140_1.dll
0x00007ff8a7320000 - 0x00007ff8a73ae000 	C:\Users\jonas\.jdks\openjdk-20.0.1\bin\msvcp140.dll
0x00007ff84d200000 - 0x00007ff84de97000 	C:\Users\jonas\.jdks\openjdk-20.0.1\bin\server\jvm.dll
0x00007ff8a4640000 - 0x00007ff8a464a000 	C:\WINDOWS\SYSTEM32\VERSION.dll
0x00007ff8a4ee0000 - 0x00007ff8a4f14000 	C:\WINDOWS\SYSTEM32\WINMM.dll
0x00007ff87f400000 - 0x00007ff87f409000 	C:\WINDOWS\SYSTEM32\WSOCK32.dll
0x00007ff8b0550000 - 0x00007ff8b05c1000 	C:\WINDOWS\System32\WS2_32.dll
0x00007ff8ad000000 - 0x00007ff8ad018000 	C:\WINDOWS\SYSTEM32\kernel.appcore.dll
0x00007ff8a88e0000 - 0x00007ff8a88ea000 	C:\Users\jonas\.jdks\openjdk-20.0.1\bin\jimage.dll
0x00007ff8ab2a0000 - 0x00007ff8ab4ce000 	C:\WINDOWS\SYSTEM32\DBGHELP.DLL
0x00007ff8aee80000 - 0x00007ff8af209000 	C:\WINDOWS\System32\combase.dll
0x00007ff8aeb10000 - 0x00007ff8aebe7000 	C:\WINDOWS\System32\OLEAUT32.dll
0x00007ff88c770000 - 0x00007ff88c7a2000 	C:\WINDOWS\SYSTEM32\dbgcore.DLL
0x00007ff8adfb0000 - 0x00007ff8ae02b000 	C:\WINDOWS\System32\bcryptPrimitives.dll
0x00007ff8a7600000 - 0x00007ff8a760e000 	C:\Users\jonas\.jdks\openjdk-20.0.1\bin\instrument.dll
0x00007ff8a75d0000 - 0x00007ff8a75f6000 	C:\Users\jonas\.jdks\openjdk-20.0.1\bin\java.dll
0x00007ff880be0000 - 0x00007ff880cb7000 	C:\Users\jonas\.jdks\openjdk-20.0.1\bin\jsvml.dll
0x00007ff8afbe0000 - 0x00007ff8b03da000 	C:\WINDOWS\System32\SHELL32.dll
0x00007ff8abfb0000 - 0x00007ff8ac87e000 	C:\WINDOWS\SYSTEM32\windows.storage.dll
0x00007ff8abe70000 - 0x00007ff8abfae000 	C:\WINDOWS\SYSTEM32\wintypes.dll
0x00007ff8b0450000 - 0x00007ff8b0541000 	C:\WINDOWS\System32\SHCORE.dll
0x00007ff8af3e0000 - 0x00007ff8af43e000 	C:\WINDOWS\System32\shlwapi.dll
0x00007ff8adee0000 - 0x00007ff8adf01000 	C:\WINDOWS\SYSTEM32\profapi.dll
0x00007ff8a75b0000 - 0x00007ff8a75c8000 	C:\Users\jonas\.jdks\openjdk-20.0.1\bin\zip.dll
0x00007ff8a7590000 - 0x00007ff8a75a3000 	C:\Users\jonas\.jdks\openjdk-20.0.1\bin\net.dll
0x00007ff8a82d0000 - 0x00007ff8a8407000 	C:\WINDOWS\SYSTEM32\WINHTTP.dll
0x00007ff8ad4e0000 - 0x00007ff8ad549000 	C:\WINDOWS\system32\mswsock.dll
0x00007ff8a50d0000 - 0x00007ff8a50e6000 	C:\Users\jonas\.jdks\openjdk-20.0.1\bin\nio.dll
0x00007ff8a50b0000 - 0x00007ff8a50ca000 	C:\Program Files\JetBrains\IntelliJ IDEA Community Edition 2021.3.2\bin\breakgen64.dll
0x00007ff8a7310000 - 0x00007ff8a7320000 	C:\Users\jonas\.jdks\openjdk-20.0.1\bin\verify.dll
0x00007ff8a72f0000 - 0x00007ff8a72f7000 	C:\Users\jonas\.jdks\openjdk-20.0.1\bin\extnet.dll
0x0000000180000000 - 0x0000000180053000 	C:\Users\jonas\IdeaProjects\NaWi_Projekt\native\lwjgl64.dll
0x00007ff86bc90000 - 0x00007ff86bd90000 	C:\WINDOWS\SYSTEM32\OPENGL32.dll
0x00007ff86bc60000 - 0x00007ff86bc8d000 	C:\WINDOWS\SYSTEM32\GLU32.dll
0x00007ff8ab600000 - 0x00007ff8ab638000 	C:\WINDOWS\SYSTEM32\dxcore.dll
0x00007ff8a6450000 - 0x00007ff8a650c000 	C:\WINDOWS\SYSTEM32\mscms.dll
0x00007ff8ae9b0000 - 0x00007ff8aea60000 	C:\WINDOWS\System32\clbcatq.dll
0x00007ff8a4520000 - 0x00007ff8a456e000 	C:\Windows\System32\Windows.Internal.Graphics.Display.DisplayColorManagement.dll
0x00007ff8adc50000 - 0x00007ff8adc9e000 	C:\WINDOWS\SYSTEM32\cfgmgr32.dll
0x00007ff8ab110000 - 0x00007ff8ab1bb000 	C:\WINDOWS\system32\uxtheme.dll
0x00007ff8af440000 - 0x00007ff8af567000 	C:\WINDOWS\System32\MSCTF.dll
0x00007ff8a80c0000 - 0x00007ff8a8108000 	C:\WINDOWS\SYSTEM32\directxdatabasehelper.dll
0x00007ff8a46e0000 - 0x00007ff8a4814000 	C:\Windows\System32\AppXDeploymentClient.dll
0x00007ff84c160000 - 0x00007ff84d1fd000 	C:\Windows\System32\DriverStore\FileRepository\iigd_dch.inf_amd64_87e934fb3fbbf9b1\ig11icd64.dll
0x00007ff8aec60000 - 0x00007ff8aedfc000 	C:\WINDOWS\System32\ole32.dll
0x00007ff8ab790000 - 0x00007ff8ab7bb000 	C:\WINDOWS\system32\dwmapi.dll
0x00007ff8ab500000 - 0x00007ff8ab5f6000 	C:\WINDOWS\system32\dxgi.dll
0x00007ff878c70000 - 0x00007ff878dac000 	C:\Windows\System32\DriverStore\FileRepository\iigd_dch.inf_amd64_87e934fb3fbbf9b1\igdml64.dll
0x00007ff8a30b0000 - 0x00007ff8a34ba000 	C:\Windows\System32\DriverStore\FileRepository\iigd_dch.inf_amd64_87e934fb3fbbf9b1\igdgmm64.dll
0x00007ff8a4d50000 - 0x00007ff8a4e7d000 	C:\WINDOWS\SYSTEM32\textinputframework.dll
0x00007ff8aa9b0000 - 0x00007ff8aaae3000 	C:\WINDOWS\SYSTEM32\CoreMessaging.dll
0x00007ff8a7950000 - 0x00007ff8a7cbc000 	C:\WINDOWS\SYSTEM32\CoreUIComponents.dll
0x00007ff8ad760000 - 0x00007ff8ad76c000 	C:\WINDOWS\SYSTEM32\CRYPTBASE.DLL
0x00007ff891140000 - 0x00007ff8911a9000 	C:\WINDOWS\system32\Oleacc.dll
0x00007ff8a45f0000 - 0x00007ff8a4639000 	C:\WINDOWS\SYSTEM32\icm32.dll
0x00007ff89e800000 - 0x00007ff8a2e70000 	C:\Windows\System32\DriverStore\FileRepository\iigd_dch.inf_amd64_87e934fb3fbbf9b1\igc64.dll
0x00007ff8ada30000 - 0x00007ff8ada7d000 	C:\WINDOWS\SYSTEM32\powrprof.dll
0x00007ff8ad920000 - 0x00007ff8ad933000 	C:\WINDOWS\SYSTEM32\UMPDC.dll
0x00007ff878ae0000 - 0x00007ff878c70000 	C:\Users\jonas\.jdks\openjdk-20.0.1\bin\awt.dll
0x00007ff8aaef0000 - 0x00007ff8aaf87000 	C:\WINDOWS\SYSTEM32\apphelp.dll
0x0000025919960000 - 0x0000025919976000 	C:\Users\jonas\IdeaProjects\NaWi_Projekt\native\jinput-dx8_64.dll
0x00007ff87b2e0000 - 0x00007ff87b326000 	C:\WINDOWS\SYSTEM32\DINPUT8.dll
0x00007ff8a34e0000 - 0x00007ff8a36e1000 	C:\WINDOWS\SYSTEM32\inputhost.dll
0x00007ff8ac880000 - 0x00007ff8ac88e000 	C:\WINDOWS\SYSTEM32\HID.DLL
0x00007ff8af740000 - 0x00007ff8afbb4000 	C:\WINDOWS\System32\SETUPAPI.DLL
0x00007ff8adca0000 - 0x00007ff8adccc000 	C:\WINDOWS\SYSTEM32\DEVOBJ.dll
0x00007ff8ae710000 - 0x00007ff8ae77b000 	C:\WINDOWS\System32\WINTRUST.dll
0x00007ff8ae820000 - 0x00007ff8ae987000 	C:\WINDOWS\System32\CRYPT32.dll
0x00007ff8add00000 - 0x00007ff8add12000 	C:\WINDOWS\SYSTEM32\MSASN1.dll
0x00000259199e0000 - 0x00000259199f4000 	C:\Users\jonas\IdeaProjects\NaWi_Projekt\native\jinput-raw_64.dll
0x00007ff8ad740000 - 0x00007ff8ad75b000 	C:\WINDOWS\SYSTEM32\CRYPTSP.dll
0x00007ff8acf70000 - 0x00007ff8acfa5000 	C:\WINDOWS\system32\rsaenh.dll
0x00007ff8ad5e0000 - 0x00007ff8ad608000 	C:\WINDOWS\SYSTEM32\USERENV.dll
0x00007ff8ad8f0000 - 0x00007ff8ad918000 	C:\WINDOWS\SYSTEM32\bcrypt.dll
0x00007ff8acad0000 - 0x00007ff8acafd000 	C:\WINDOWS\SYSTEM32\IPHLPAPI.DLL
0x00007ff8af660000 - 0x00007ff8af669000 	C:\WINDOWS\System32\NSI.dll
0x00007ff8a60a0000 - 0x00007ff8a60b9000 	C:\WINDOWS\SYSTEM32\dhcpcsvc6.DLL
0x00007ff8a5fa0000 - 0x00007ff8a5fbf000 	C:\WINDOWS\SYSTEM32\dhcpcsvc.DLL
0x00007ff8acb00000 - 0x00007ff8acbf3000 	C:\WINDOWS\SYSTEM32\DNSAPI.dll
0x00007ff87f3d0000 - 0x00007ff87f3fe000 	C:\Users\jonas\.jdks\openjdk-20.0.1\bin\javajpeg.dll
0x00007ff878a50000 - 0x00007ff878ad6000 	C:\Users\jonas\.jdks\openjdk-20.0.1\bin\freetype.dll
0x00007ff86cb40000 - 0x00007ff86cc06000 	C:\Users\jonas\.jdks\openjdk-20.0.1\bin\fontmanager.dll

dbghelp: loaded successfully - version: 4.0.5 - missing functions: none
symbol engine: initialized successfully - sym options: 0x614 - pdb path: .;C:\Users\jonas\.jdks\openjdk-20.0.1\bin;C:\WINDOWS\SYSTEM32;C:\Program Files\Norton Security\NortonData\22.20.5.39\Definitions\IPSDefs\20230530.061;C:\WINDOWS\WinSxS\amd64_microsoft.windows.common-controls_6595b64144ccf1df_6.0.22621.1635_none_270f70857386168e;C:\Users\jonas\.jdks\openjdk-20.0.1\bin\server;C:\Program Files\JetBrains\IntelliJ IDEA Community Edition 2021.3.2\bin;C:\Users\jonas\IdeaProjects\NaWi_Projekt\native;C:\Windows\System32\DriverStore\FileRepository\iigd_dch.inf_amd64_87e934fb3fbbf9b1

VM Arguments:
jvm_args: -Djava.library.path=C:\Users\jonas\IdeaProjects\NaWi_Projekt\native -javaagent:C:\Program Files\JetBrains\IntelliJ IDEA Community Edition 2021.3.2\lib\idea_rt.jar=51309:C:\Program Files\JetBrains\IntelliJ IDEA Community Edition 2021.3.2\bin -Dfile.encoding=UTF-8 
java_command: at.htldornbirn.projects.nawi.Team2.code.Test
java_class_path (initial): C:\Users\jonas\IdeaProjects\NaWi_Projekt\out\production\Slick2DTemplate;C:\Users\jonas\IdeaProjects\NaWi_Projekt\lib\jogg-0.0.7.jar;C:\Users\jonas\IdeaProjects\NaWi_Projekt\lib\jnlp.jar;C:\Users\jonas\IdeaProjects\NaWi_Projekt\lib\natives-mac.jar;C:\Users\jonas\IdeaProjects\NaWi_Projekt\lib\ibxm.jar;C:\Users\jonas\IdeaProjects\NaWi_Projekt\lib\slick.jar;C:\Users\jonas\IdeaProjects\NaWi_Projekt\lib\lwjgl_util.jar;C:\Users\jonas\IdeaProjects\NaWi_Projekt\lib\natives-windows.jar;C:\Users\jonas\IdeaProjects\NaWi_Projekt\lib\tinylinepp.jar;C:\Users\jonas\IdeaProjects\NaWi_Projekt\lib\slick-examples.jar;C:\Users\jonas\IdeaProjects\NaWi_Projekt\lib\jinput.jar;C:\Users\jonas\IdeaProjects\NaWi_Projekt\lib\lwjgl.jar;C:\Users\jonas\IdeaProjects\NaWi_Projekt\lib\jorbis-0.0.15.jar;C:\Users\jonas\IdeaProjects\NaWi_Projekt\lib\lwjgl_util_applet.jar;C:\Users\jonas\IdeaProjects\NaWi_Projekt\lib\natives-linux.jar
Launcher Type: SUN_STANDARD

[Global flags]
     intx CICompilerCount                          = 4                                         {product} {ergonomic}
     uint ConcGCThreads                            = 2                                         {product} {ergonomic}
     uint G1ConcRefinementThreads                  = 8                                         {product} {ergonomic}
   size_t G1HeapRegionSize                         = 2097152                                   {product} {ergonomic}
    uintx GCDrainStackTargetSize                   = 64                                        {product} {ergonomic}
   size_t InitialHeapSize                          = 264241152                                 {product} {ergonomic}
   size_t MarkStackSize                            = 4194304                                   {product} {ergonomic}
   size_t MaxHeapSize                              = 4227858432                                {product} {ergonomic}
   size_t MaxNewSize                               = 2535456768                                {product} {ergonomic}
   size_t MinHeapDeltaBytes                        = 2097152                                   {product} {ergonomic}
   size_t MinHeapSize                              = 8388608                                   {product} {ergonomic}
    uintx NonNMethodCodeHeapSize                   = 5839372                                {pd product} {ergonomic}
    uintx NonProfiledCodeHeapSize                  = 122909434                              {pd product} {ergonomic}
    uintx ProfiledCodeHeapSize                     = 122909434                              {pd product} {ergonomic}
    uintx ReservedCodeCacheSize                    = 251658240                              {pd product} {ergonomic}
     bool SegmentedCodeCache                       = true                                      {product} {ergonomic}
   size_t SoftMaxHeapSize                          = 4227858432                             {manageable} {ergonomic}
     bool UseCompressedClassPointers               = true                           {product lp64_product} {ergonomic}
     bool UseCompressedOops                        = true                           {product lp64_product} {ergonomic}
     bool UseG1GC                                  = true                                      {product} {ergonomic}
     bool UseLargePagesIndividualAllocation        = false                                  {pd product} {ergonomic}

Logging:
Log output configuration:
 #0: stdout all=off uptime,level,tags foldmultilines=false
 #1: stderr all=off uptime,level,tags foldmultilines=false

Environment Variables:
PATH=C:\Program Files (x86)\VMware\VMware Player\bin\;C:\WINDOWS\system32;C:\WINDOWS;C:\WINDOWS\System32\Wbem;C:\WINDOWS\System32\WindowsPowerShell\v1.0\;C:\WINDOWS\System32\OpenSSH\;C:\Program Files\Microsoft SQL Server\120\Tools\Binn\;C:\Program Files\Microsoft SQL Server\Client SDK\ODBC\170\Tools\Binn\;C:\Program Files (x86)\Microsoft SQL Server\150\Tools\Binn\;C:\Program Files\Microsoft SQL Server\150\Tools\Binn\;C:\Program Files\Microsoft SQL Server\150\DTS\Binn\;C:\Program Files (x86)\Microsoft SQL Server\150\DTS\Binn\;C:\Program Files\Azure Data Studio\bin;C:\Program Files\dotnet\;C:\Program Files\Git\cmd;C:\Users\jonas\AppData\Local\Microsoft\WindowsApps;;C:\Program Files\Azure Data Studio\bin;C:\Users\jonas\.dotnet\tools
USERNAME=jonas
OS=Windows_NT
PROCESSOR_IDENTIFIER=Intel64 Family 6 Model 126 Stepping 5, GenuineIntel
TMP=C:\Users\jonas\AppData\Local\Temp
TEMP=C:\Users\jonas\AppData\Local\Temp




---------------  S Y S T E M  ---------------

OS:
 Windows 11 , 64 bit Build 22621 (10.0.22621.1778)
OS uptime: 0 days 0:50 hours

CPU: total 8 (initial active 8) (4 cores per cpu, 2 threads per core) family 6 model 126 stepping 5 microcode 0xa0, cx8, cmov, fxsr, ht, mmx, 3dnowpref, sse, sse2, sse3, ssse3, sse4.1, sse4.2, popcnt, lzcnt, tsc, tscinvbit, avx, avx2, aes, erms, clmul, bmi1, bmi2, adx, avx512f, avx512dq, avx512cd, avx512bw, avx512vl, sha, fma, vzeroupper, avx512_vpopcntdq, avx512_vpclmulqdq, avx512_vaes, avx512_vnni, clflush, clflushopt, avx512_vbmi2, avx512_vbmi, rdtscp, rdpid, fsrm, gfni, avx512_bitalg, f16c, pku, avx512_ifma

Memory: 4k page, system-wide physical 16126M (8226M free)
TotalPageFile size 17150M (AvailPageFile size 8302M)
current process WorkingSet (physical memory assigned to process): 422M, peak: 476M
current process commit charge ("private bytes"): 430M, peak: 488M

vm_info: OpenJDK 64-Bit Server VM (20.0.1+9-29) for windows-amd64 JRE (20.0.1+9-29), built on 2023-03-07T13:56:11Z by "mach5one" with MS VC++ 17.1 (VS2022)

END.
