#
# A fatal error has been detected by the Java Runtime Environment:
#
#  EXCEPTION_ACCESS_VIOLATION (0xc0000005) at pc=0x00007ffd46adfc9c, pid=16364, tid=18492
#
# JRE version: OpenJDK Runtime Environment (20.0+36) (build 20+36-2344)
# Java VM: OpenJDK 64-Bit Server VM (20+36-2344, mixed mode, sharing, tiered, compressed oops, compressed class ptrs, g1 gc, windows-amd64)
# Problematic frame:
# C  [ig11icd64.dll+0x59fc9c]
#
# No core dump will be written. Minidumps are not enabled by default on client versions of Windows
#
# If you would like to submit a bug report, please visit:
#   https://bugreport.java.com/bugreport/crash.jsp
#

---------------  S U M M A R Y ------------

Command Line: -Djava.library.path=C:\Users\jonas\IdeaProjects\NaWi_Projekt\native -javaagent:C:\Program Files\JetBrains\IntelliJ IDEA Community Edition 2021.3.2\lib\idea_rt.jar=61227:C:\Program Files\JetBrains\IntelliJ IDEA Community Edition 2021.3.2\bin -Dfile.encoding=UTF-8 at.htldornbirn.projects.nawi.Team2.code.Test2

Host: Intel(R) Core(TM) i7-1065G7 CPU @ 1.30GHz, 8 cores, 15G,  Windows 11 , 64 bit Build 22621 (10.0.22621.1635)
Time: Tue May 16 09:51:51 2023 Mitteleuropäische Sommerzeit elapsed time: 71.277728 seconds (0d 0h 1m 11s)

---------------  T H R E A D  ---------------

Current thread (0x000001b5fee93510):  VMThread "VM Thread" [stack: 0x00000070dca00000,0x00000070dcb00000] [id=18492]

Stack: [0x00000070dca00000,0x00000070dcb00000],  sp=0x00000070dcafe600,  free space=1017k
Native frames: (J=compiled Java code, j=interpreted, Vv=VM code, C=native code)
C  [ig11icd64.dll+0x59fc9c]


siginfo: EXCEPTION_ACCESS_VIOLATION (0xc0000005), reading address 0x0000000000035778


Registers:
RAX=0x000001b5a1134a88, RBX=0x000001b5a1134980, RCX=0x0000000000000000, RDX=0x000001b5997ec130
RSP=0x00000070dcafe600, RBP=0x000001b599a84870, RSI=0x000001b5a1134f50, RDI=0x000001b5998ae580
R8 =0x0000000000000014, R9 =0x000001b5a1134a88, R10=0x0000000000000000, R11=0x0000000000000246
R12=0x000001b599945c00, R13=0x0000000000000000, R14=0x0000000000000000, R15=0x0000000000000000
RIP=0x00007ffd46adfc9c, EFLAGS=0x0000000000010206


Register to memory mapping:

RIP=0x00007ffd46adfc9c ig11icd64.dll
RAX=0x000001b5a1134a88 points into unknown readable memory: 0x0000000000a73a50 | 50 3a a7 00 00 00 00 00
RBX=0x000001b5a1134980 points into unknown readable memory: 0x000001b599711950 | 50 19 71 99 b5 01 00 00
RCX=0x0 is NULL
RDX=0x000001b5997ec130 points into unknown readable memory: 0x0000000000000000 | 00 00 00 00 00 00 00 00
RSP=0x00000070dcafe600 points into unknown readable memory: 0x000001b599818d00 | 00 8d 81 99 b5 01 00 00
RBP=0x000001b599a84870 points into unknown readable memory: 0x000001b599711950 | 50 19 71 99 b5 01 00 00
RSI=0x000001b5a1134f50 points into unknown readable memory: 0x000001b599a84870 | 70 48 a8 99 b5 01 00 00
RDI=0x000001b5998ae580 points into unknown readable memory: 0x0000000000000000 | 00 00 00 00 00 00 00 00
R8 =0x0000000000000014 is an unknown value
R9 =0x000001b5a1134a88 points into unknown readable memory: 0x0000000000a73a50 | 50 3a a7 00 00 00 00 00
R10=0x0 is NULL
R11=0x0000000000000246 is an unknown value
R12=0x000001b599945c00 points into unknown readable memory: 0x000001b5998bdda0 | a0 dd 8b 99 b5 01 00 00
R13=0x0 is NULL
R14=0x0 is NULL
R15=0x0 is NULL


Top of Stack: (sp=0x00000070dcafe600)
0x00000070dcafe600:   000001b599818d00 024119cd005649cc
0x00000070dcafe610:   00000070dcafe648 0000005400000000
0x00000070dcafe620:   0000000000000010 0000000000000000
0x00000070dcafe630:   0000b8021b700000 000001b599945ca0
0x00000070dcafe640:   0000000000000000 00007ffd46ac190d
0x00000070dcafe650:   000001b599818d00 000001b5998ae580
0x00000070dcafe660:   00000070dcafe750 0000000000a73a8c
0x00000070dcafe670:   000000700000165c 01c537d700000000
0x00000070dcafe680:   0000000000000000 019ce7d8026ce8d7
0x00000070dcafe690:   01730bda01e940d9 01c838da023e16da
0x00000070dcafe6a0:   013125db0184ffda 023ee2db02147adb
0x00000070dcafe6b0:   01f91bdc026fe5db 01191bdd021545dc
0x00000070dcafe6c0:   022769de02870fde 024329df0237efde
0x00000070dcafe6d0:   024feddf02327bdf 01a11fe0023609e0
0x00000070dcafe6e0:   022518e10201bce0 01996de1025735e1
0x00000070dcafe6f0:   01b093e1008c7ee1 01d8e3e101e5abe1
0x00000070dcafe700:   0000b8021b700000 000000000000165c
0x00000070dcafe710:   0000000000000000 4000034000000001
0x00000070dcafe720:   0000000000000000 0000000000000000
0x00000070dcafe730:   0000000000000000 0000000000000000
0x00000070dcafe740:   0000000000000000 0000000000000000
0x00000070dcafe750:   0000000000000000 0000000000000000
0x00000070dcafe760:   0000000000000000 0000000000000000
0x00000070dcafe770:   0000000000000000 0000000000000000
0x00000070dcafe780:   0000000000000000 0000000000000000
0x00000070dcafe790:   0000000000000000 0000000000000000
0x00000070dcafe7a0:   0000000000000000 0000000000000000
0x00000070dcafe7b0:   0000000000000000 0000000000000000
0x00000070dcafe7c0:   0000000000000000 0000000000000000
0x00000070dcafe7d0:   0000000000000000 0000000000000000
0x00000070dcafe7e0:   0000000000000000 0000000000000000
0x00000070dcafe7f0:   0000000000000000 0000000000000000 

Instructions: (pc=0x00007ffd46adfc9c)
0x00007ffd46adfb9c:   24 01 75 05 e8 23 1c f9 ff 65 48 8b 04 25 58 00
0x00007ffd46adfbac:   00 00 41 be 20 00 00 00 48 8b 04 30 4d 8b 34 06
0x00007ffd46adfbbc:   48 85 ed 0f 84 39 03 00 00 66 66 66 0f 1f 84 00
0x00007ffd46adfbcc:   00 00 00 00 48 8b dd 48 8d b5 d0 05 00 00 48 8b
0x00007ffd46adfbdc:   2e 45 84 ff 74 1d 48 8b 0b 48 8b d3 80 bb 28 06
0x00007ffd46adfbec:   00 00 00 0f 85 bc 02 00 00 e8 56 71 fe ff e9 be
0x00007ffd46adfbfc:   02 00 00 8b 8f c8 01 00 00 4c 8d 8b 08 01 00 00
0x00007ffd46adfc0c:   48 8b 05 bd 13 93 00 83 b8 68 03 00 00 02 0f 85
0x00007ffd46adfc1c:   d6 00 00 00 83 f9 10 73 0a 48 8d 0c c9 49 8d 04
0x00007ffd46adfc2c:   c9 eb 5a 8d 51 f0 8b c2 c1 e8 04 83 f8 03 73 1d
0x00007ffd46adfc3c:   0f ae e8 83 e2 0f 4d 8b 84 c1 80 04 00 00 4d 85
0x00007ffd46adfc4c:   c0 74 23 48 8d 0c d2 49 8d 04 c8 eb 30 49 8b 81
0x00007ffd46adfc5c:   98 04 00 00 48 85 c0 74 0d 39 08 74 2b 48 8b 40
0x00007ffd46adfc6c:   50 48 85 c0 75 f3 41 80 b9 a0 04 00 00 00 74 1e
0x00007ffd46adfc7c:   8b c1 83 e0 0f 48 8d 04 c0 49 8d 04 c1 48 85 c0
0x00007ffd46adfc8c:   74 0c 48 8b 48 08 eb 08 48 83 c0 08 eb ef 33 c9
0x00007ffd46adfc9c:   49 3b 8e 78 57 03 00 76 51 48 8b 87 78 02 00 00
0x00007ffd46adfcac:   48 89 06 48 89 9f 78 02 00 00 ff 87 80 02 00 00
0x00007ffd46adfcbc:   48 8b 43 08 48 8b 88 18 01 00 00 48 81 e1 00 00
0x00007ffd46adfccc:   ff ff 48 81 c1 00 00 01 00 48 01 8f 88 02 00 00
0x00007ffd46adfcdc:   48 8b 43 08 48 8b 88 18 01 00 00 48 01 8f 98 02
0x00007ffd46adfcec:   00 00 41 b4 01 e9 c7 01 00 00 44 8b 9f c8 01 00
0x00007ffd46adfcfc:   00 48 8b 87 e0 01 00 00 4c 8b 10 8b 8f c8 01 00
0x00007ffd46adfd0c:   00 83 f9 10 73 0a 48 8d 0c c9 49 8d 04 c9 eb 5a
0x00007ffd46adfd1c:   8d 51 f0 8b c2 c1 e8 04 83 f8 03 73 1d 0f ae e8
0x00007ffd46adfd2c:   83 e2 0f 4d 8b 84 c1 80 04 00 00 4d 85 c0 74 23
0x00007ffd46adfd3c:   48 8d 0c d2 49 8d 04 c8 eb 30 49 8b 81 98 04 00
0x00007ffd46adfd4c:   00 48 85 c0 74 0d 39 08 74 44 48 8b 40 50 48 85
0x00007ffd46adfd5c:   c0 75 f3 41 80 b9 a0 04 00 00 00 74 1c 8b c1 83
0x00007ffd46adfd6c:   e0 0f 48 8d 04 c0 49 8d 04 c1 48 85 c0 74 0a 4c
0x00007ffd46adfd7c:   39 50 08 0f 87 92 00 00 00 8b 8f c8 01 00 00 83
0x00007ffd46adfd8c:   f9 10 73 10 48 8d 0c c9 49 8d 04 c9 eb 64 48 83 


Stack slot to memory mapping:
stack at sp + 0 slots: 0x000001b599818d00 points into unknown readable memory: 0xffffffffffffffff | ff ff ff ff ff ff ff ff
stack at sp + 1 slots: 0x024119cd005649cc is an unknown value
stack at sp + 2 slots: 0x00000070dcafe648 points into unknown readable memory: 0x00007ffd46ac190d | 0d 19 ac 46 fd 7f 00 00
stack at sp + 3 slots: 0x0000005400000000 is an unknown value
stack at sp + 4 slots: 0x0000000000000010 is an unknown value
stack at sp + 5 slots: 0x0 is NULL
stack at sp + 6 slots: 0x0000b8021b700000 is an unknown value
stack at sp + 7 slots: 0x000001b599945ca0 points into unknown readable memory: 0x0000000000040000 | 00 00 04 00 00 00 00 00

VM_Operation (0x00000070dc0feea0): Exit, mode: safepoint, requested by thread 0x000001b599c78ac0


---------------  P R O C E S S  ---------------

Threads class SMR info:
_java_thread_list=0x000001b599dc3460, length=13, elements={
0x000001b5f5147df0, 0x000001b5991450a0, 0x000001b5991461f0, 0x000001b59914e150,
0x000001b59914f320, 0x000001b599153c50, 0x000001b599156aa0, 0x000001b59915ed20,
0x000001b59926a650, 0x000001b59945faf0, 0x000001b599460040, 0x000001b599c7bfe0,
0x000001b599c78ac0
}

Java Threads: ( => current thread )
  0x000001b5f5147df0 JavaThread "main" [_thread_blocked, id=17380, stack(0x00000070dc400000,0x00000070dc500000)]
  0x000001b5991450a0 JavaThread "Reference Handler" daemon [_thread_blocked, id=24032, stack(0x00000070dcb00000,0x00000070dcc00000)]
  0x000001b5991461f0 JavaThread "Finalizer" daemon [_thread_blocked, id=8444, stack(0x00000070dcc00000,0x00000070dcd00000)]
  0x000001b59914e150 JavaThread "Attach Listener" daemon [_thread_blocked, id=19032, stack(0x00000070dce00000,0x00000070dcf00000)]
  0x000001b59914f320 JavaThread "Service Thread" daemon [_thread_blocked, id=22940, stack(0x00000070dcf00000,0x00000070dd000000)]
  0x000001b599153c50 JavaThread "Monitor Deflation Thread" daemon [_thread_blocked, id=18592, stack(0x00000070dd000000,0x00000070dd100000)]
  0x000001b599156aa0 JavaThread "C2 CompilerThread0" daemon [_thread_blocked, id=20416, stack(0x00000070dd100000,0x00000070dd200000)]
  0x000001b59915ed20 JavaThread "C1 CompilerThread0" daemon [_thread_blocked, id=9516, stack(0x00000070dd200000,0x00000070dd300000)]
  0x000001b59926a650 JavaThread "Common-Cleaner" daemon [_thread_blocked, id=14648, stack(0x00000070dd300000,0x00000070dd400000)]
  0x000001b59945faf0 JavaThread "Monitor Ctrl-Break" daemon [_thread_in_native, id=12544, stack(0x00000070dd400000,0x00000070dd500000)]
  0x000001b599460040 JavaThread "Notification Thread" daemon [_thread_blocked, id=4536, stack(0x00000070dd500000,0x00000070dd600000)]
  0x000001b599c7bfe0 JavaThread "Thread-2" daemon [_thread_in_native, id=22680, stack(0x00000070ddf00000,0x00000070de000000)]
  0x000001b599c78ac0 JavaThread "SIGINT handler" daemon [_thread_blocked, id=15348, stack(0x00000070dc000000,0x00000070dc100000)]

Other Threads:
=>0x000001b5fee93510 VMThread "VM Thread" [stack: 0x00000070dca00000,0x00000070dcb00000] [id=18492]
  0x000001b5f51b4b40 WorkerThread "GC Thread#0" [stack: 0x00000070dc500000,0x00000070dc600000] [id=22640]
  0x000001b5a0ce7100 WorkerThread "GC Thread#1" [stack: 0x00000070ddb00000,0x00000070ddc00000] [id=9392]
  0x000001b599493520 WorkerThread "GC Thread#2" [stack: 0x00000070de000000,0x00000070de100000] [id=28220]
  0x000001b5994937f0 WorkerThread "GC Thread#3" [stack: 0x00000070de100000,0x00000070de200000] [id=14412]
  0x000001b599ccb510 WorkerThread "GC Thread#4" [stack: 0x00000070de200000,0x00000070de300000] [id=6888]
  0x000001b5a11e1750 WorkerThread "GC Thread#5" [stack: 0x00000070de300000,0x00000070de400000] [id=14376]
  0x000001b5a11e0670 WorkerThread "GC Thread#6" [stack: 0x00000070de400000,0x00000070de500000] [id=25812]
  0x000001b5a11e03a0 WorkerThread "GC Thread#7" [stack: 0x00000070de500000,0x00000070de600000] [id=12444]
  0x000001b5f51c1b90 ConcurrentGCThread "G1 Main Marker" terminated
  0x000001b5f51c2990 WorkerThread "G1 Conc#0" [stack: 0x00000070dc700000,0x00000070dc800000] [id=21312]
  0x000001b5f51deac0 ConcurrentGCThread "G1 Refine#0" terminated
  0x000001b5fed4e560 ConcurrentGCThread "G1 Service" terminated

Threads with active compile tasks:

VM state: at safepoint (shutting down)

VM Mutex/Monitor currently owned by a thread:  ([mutex/lock_event])
[0x000001b5f51433b0] Threads_lock - owner thread: 0x000001b5fee93510
[0x000001b5f5143710] Heap_lock - owner thread: 0x000001b599c78ac0

Heap address: 0x0000000704000000, size: 4032 MB, Compressed Oops mode: Zero based, Oop shift amount: 3

CDS archive(s) mapped at: [0x0000000800000000-0x0000000800c60000-0x0000000800c60000), size 12976128, SharedBaseAddress: 0x0000000800000000, ArchiveRelocationMode: 0.
Compressed class space mapped at: 0x0000000801000000-0x0000000841000000, reserved size: 1073741824
Narrow klass base: 0x0000000800000000, Narrow klass shift: 0, Narrow klass range: 0x100000000

GC Precious Log:
 CardTable entry size: 512
 Card Set container configuration: InlinePtr #cards 4 size 8 Array Of Cards #cards 16 size 48 Howl #buckets 8 coarsen threshold 3686 Howl Bitmap #cards 512 size 80 coarsen threshold 460 Card regions per heap region 1 cards per card region 4096
 CPUs: 8 total, 8 available
 Memory: 16126M
 Large Page Support: Disabled
 NUMA Support: Disabled
 Compressed Oops: Enabled (Zero based)
 Heap Region Size: 2M
 Heap Min Capacity: 8M
 Heap Initial Capacity: 252M
 Heap Max Capacity: 4032M
 Pre-touch: Disabled
 Parallel Workers: 8
 Concurrent Workers: 2
 Concurrent Refinement Workers: 8
 Periodic GC: Disabled

Heap:
 garbage-first heap   total 258048K, used 13274K [0x0000000704000000, 0x0000000800000000)
  region size 2048K, 8 young (16384K), 2 survivors (4096K)
 Metaspace       used 4109K, committed 4352K, reserved 1114112K
  class space    used 278K, committed 384K, reserved 1048576K

Heap Regions: E=young(eden), S=young(survivor), O=old, HS=humongous(starts), HC=humongous(continues), CS=collection set, F=free, OA=open archive, CA=closed archive, TAMS=top-at-mark-start, PB=parsable bottom
|   0|0x0000000704000000, 0x0000000704000000, 0x0000000704200000|  0%| F|  |TAMS 0x0000000704000000| PB 0x0000000704000000| Untracked 
|   1|0x0000000704200000, 0x0000000704200000, 0x0000000704400000|  0%| F|  |TAMS 0x0000000704200000| PB 0x0000000704200000| Untracked 
|   2|0x0000000704400000, 0x0000000704400000, 0x0000000704600000|  0%| F|  |TAMS 0x0000000704400000| PB 0x0000000704400000| Untracked 
|   3|0x0000000704600000, 0x0000000704600000, 0x0000000704800000|  0%| F|  |TAMS 0x0000000704600000| PB 0x0000000704600000| Untracked 
|   4|0x0000000704800000, 0x0000000704800000, 0x0000000704a00000|  0%| F|  |TAMS 0x0000000704800000| PB 0x0000000704800000| Untracked 
|   5|0x0000000704a00000, 0x0000000704a00000, 0x0000000704c00000|  0%| F|  |TAMS 0x0000000704a00000| PB 0x0000000704a00000| Untracked 
|   6|0x0000000704c00000, 0x0000000704c00000, 0x0000000704e00000|  0%| F|  |TAMS 0x0000000704c00000| PB 0x0000000704c00000| Untracked 
|   7|0x0000000704e00000, 0x0000000704e00000, 0x0000000705000000|  0%| F|  |TAMS 0x0000000704e00000| PB 0x0000000704e00000| Untracked 
|   8|0x0000000705000000, 0x0000000705000000, 0x0000000705200000|  0%| F|  |TAMS 0x0000000705000000| PB 0x0000000705000000| Untracked 
|   9|0x0000000705200000, 0x0000000705200000, 0x0000000705400000|  0%| F|  |TAMS 0x0000000705200000| PB 0x0000000705200000| Untracked 
|  10|0x0000000705400000, 0x0000000705400000, 0x0000000705600000|  0%| F|  |TAMS 0x0000000705400000| PB 0x0000000705400000| Untracked 
|  11|0x0000000705600000, 0x0000000705600000, 0x0000000705800000|  0%| F|  |TAMS 0x0000000705600000| PB 0x0000000705600000| Untracked 
|  12|0x0000000705800000, 0x0000000705800000, 0x0000000705a00000|  0%| F|  |TAMS 0x0000000705800000| PB 0x0000000705800000| Untracked 
|  13|0x0000000705a00000, 0x0000000705a00000, 0x0000000705c00000|  0%| F|  |TAMS 0x0000000705a00000| PB 0x0000000705a00000| Untracked 
|  14|0x0000000705c00000, 0x0000000705c00000, 0x0000000705e00000|  0%| F|  |TAMS 0x0000000705c00000| PB 0x0000000705c00000| Untracked 
|  15|0x0000000705e00000, 0x0000000705e00000, 0x0000000706000000|  0%| F|  |TAMS 0x0000000705e00000| PB 0x0000000705e00000| Untracked 
|  16|0x0000000706000000, 0x0000000706000000, 0x0000000706200000|  0%| F|  |TAMS 0x0000000706000000| PB 0x0000000706000000| Untracked 
|  17|0x0000000706200000, 0x0000000706200000, 0x0000000706400000|  0%| F|  |TAMS 0x0000000706200000| PB 0x0000000706200000| Untracked 
|  18|0x0000000706400000, 0x0000000706400000, 0x0000000706600000|  0%| F|  |TAMS 0x0000000706400000| PB 0x0000000706400000| Untracked 
|  19|0x0000000706600000, 0x0000000706600000, 0x0000000706800000|  0%| F|  |TAMS 0x0000000706600000| PB 0x0000000706600000| Untracked 
|  20|0x0000000706800000, 0x0000000706800000, 0x0000000706a00000|  0%| F|  |TAMS 0x0000000706800000| PB 0x0000000706800000| Untracked 
|  21|0x0000000706a00000, 0x0000000706a00000, 0x0000000706c00000|  0%| F|  |TAMS 0x0000000706a00000| PB 0x0000000706a00000| Untracked 
|  22|0x0000000706c00000, 0x0000000706c00000, 0x0000000706e00000|  0%| F|  |TAMS 0x0000000706c00000| PB 0x0000000706c00000| Untracked 
|  23|0x0000000706e00000, 0x0000000706e00000, 0x0000000707000000|  0%| F|  |TAMS 0x0000000706e00000| PB 0x0000000706e00000| Untracked 
|  24|0x0000000707000000, 0x0000000707000000, 0x0000000707200000|  0%| F|  |TAMS 0x0000000707000000| PB 0x0000000707000000| Untracked 
|  25|0x0000000707200000, 0x0000000707200000, 0x0000000707400000|  0%| F|  |TAMS 0x0000000707200000| PB 0x0000000707200000| Untracked 
|  26|0x0000000707400000, 0x0000000707400000, 0x0000000707600000|  0%| F|  |TAMS 0x0000000707400000| PB 0x0000000707400000| Untracked 
|  27|0x0000000707600000, 0x0000000707600000, 0x0000000707800000|  0%| F|  |TAMS 0x0000000707600000| PB 0x0000000707600000| Untracked 
|  28|0x0000000707800000, 0x0000000707800000, 0x0000000707a00000|  0%| F|  |TAMS 0x0000000707800000| PB 0x0000000707800000| Untracked 
|  29|0x0000000707a00000, 0x0000000707a00000, 0x0000000707c00000|  0%| F|  |TAMS 0x0000000707a00000| PB 0x0000000707a00000| Untracked 
|  30|0x0000000707c00000, 0x0000000707c00000, 0x0000000707e00000|  0%| F|  |TAMS 0x0000000707c00000| PB 0x0000000707c00000| Untracked 
|  31|0x0000000707e00000, 0x0000000707e00000, 0x0000000708000000|  0%| F|  |TAMS 0x0000000707e00000| PB 0x0000000707e00000| Untracked 
|  32|0x0000000708000000, 0x0000000708000000, 0x0000000708200000|  0%| F|  |TAMS 0x0000000708000000| PB 0x0000000708000000| Untracked 
|  33|0x0000000708200000, 0x0000000708200000, 0x0000000708400000|  0%| F|  |TAMS 0x0000000708200000| PB 0x0000000708200000| Untracked 
|  34|0x0000000708400000, 0x0000000708400000, 0x0000000708600000|  0%| F|  |TAMS 0x0000000708400000| PB 0x0000000708400000| Untracked 
|  35|0x0000000708600000, 0x0000000708600000, 0x0000000708800000|  0%| F|  |TAMS 0x0000000708600000| PB 0x0000000708600000| Untracked 
|  36|0x0000000708800000, 0x0000000708800000, 0x0000000708a00000|  0%| F|  |TAMS 0x0000000708800000| PB 0x0000000708800000| Untracked 
|  37|0x0000000708a00000, 0x0000000708a00000, 0x0000000708c00000|  0%| F|  |TAMS 0x0000000708a00000| PB 0x0000000708a00000| Untracked 
|  38|0x0000000708c00000, 0x0000000708c00000, 0x0000000708e00000|  0%| F|  |TAMS 0x0000000708c00000| PB 0x0000000708c00000| Untracked 
|  39|0x0000000708e00000, 0x0000000708e00000, 0x0000000709000000|  0%| F|  |TAMS 0x0000000708e00000| PB 0x0000000708e00000| Untracked 
|  40|0x0000000709000000, 0x0000000709000000, 0x0000000709200000|  0%| F|  |TAMS 0x0000000709000000| PB 0x0000000709000000| Untracked 
|  41|0x0000000709200000, 0x0000000709200000, 0x0000000709400000|  0%| F|  |TAMS 0x0000000709200000| PB 0x0000000709200000| Untracked 
|  42|0x0000000709400000, 0x0000000709400000, 0x0000000709600000|  0%| F|  |TAMS 0x0000000709400000| PB 0x0000000709400000| Untracked 
|  43|0x0000000709600000, 0x0000000709600000, 0x0000000709800000|  0%| F|  |TAMS 0x0000000709600000| PB 0x0000000709600000| Untracked 
|  44|0x0000000709800000, 0x0000000709800000, 0x0000000709a00000|  0%| F|  |TAMS 0x0000000709800000| PB 0x0000000709800000| Untracked 
|  45|0x0000000709a00000, 0x0000000709a00000, 0x0000000709c00000|  0%| F|  |TAMS 0x0000000709a00000| PB 0x0000000709a00000| Untracked 
|  46|0x0000000709c00000, 0x0000000709c00000, 0x0000000709e00000|  0%| F|  |TAMS 0x0000000709c00000| PB 0x0000000709c00000| Untracked 
|  47|0x0000000709e00000, 0x0000000709e00000, 0x000000070a000000|  0%| F|  |TAMS 0x0000000709e00000| PB 0x0000000709e00000| Untracked 
|  48|0x000000070a000000, 0x000000070a000000, 0x000000070a200000|  0%| F|  |TAMS 0x000000070a000000| PB 0x000000070a000000| Untracked 
|  49|0x000000070a200000, 0x000000070a200000, 0x000000070a400000|  0%| F|  |TAMS 0x000000070a200000| PB 0x000000070a200000| Untracked 
|  50|0x000000070a400000, 0x000000070a400000, 0x000000070a600000|  0%| F|  |TAMS 0x000000070a400000| PB 0x000000070a400000| Untracked 
|  51|0x000000070a600000, 0x000000070a6f6bf8, 0x000000070a800000| 48%| S|CS|TAMS 0x000000070a600000| PB 0x000000070a600000| Complete 
|  52|0x000000070a800000, 0x000000070aa00000, 0x000000070aa00000|100%| S|CS|TAMS 0x000000070a800000| PB 0x000000070a800000| Complete 
|  53|0x000000070aa00000, 0x000000070aa00000, 0x000000070ac00000|  0%| F|  |TAMS 0x000000070aa00000| PB 0x000000070aa00000| Untracked 
|  54|0x000000070ac00000, 0x000000070ac00000, 0x000000070ae00000|  0%| F|  |TAMS 0x000000070ac00000| PB 0x000000070ac00000| Untracked 
|  55|0x000000070ae00000, 0x000000070ae00000, 0x000000070b000000|  0%| F|  |TAMS 0x000000070ae00000| PB 0x000000070ae00000| Untracked 
|  56|0x000000070b000000, 0x000000070b000000, 0x000000070b200000|  0%| F|  |TAMS 0x000000070b000000| PB 0x000000070b000000| Untracked 
|  57|0x000000070b200000, 0x000000070b200000, 0x000000070b400000|  0%| F|  |TAMS 0x000000070b200000| PB 0x000000070b200000| Untracked 
|  58|0x000000070b400000, 0x000000070b400000, 0x000000070b600000|  0%| F|  |TAMS 0x000000070b400000| PB 0x000000070b400000| Untracked 
|  59|0x000000070b600000, 0x000000070b600000, 0x000000070b800000|  0%| F|  |TAMS 0x000000070b600000| PB 0x000000070b600000| Untracked 
|  60|0x000000070b800000, 0x000000070b800000, 0x000000070ba00000|  0%| F|  |TAMS 0x000000070b800000| PB 0x000000070b800000| Untracked 
|  61|0x000000070ba00000, 0x000000070ba00000, 0x000000070bc00000|  0%| F|  |TAMS 0x000000070ba00000| PB 0x000000070ba00000| Untracked 
|  62|0x000000070bc00000, 0x000000070bc00000, 0x000000070be00000|  0%| F|  |TAMS 0x000000070bc00000| PB 0x000000070bc00000| Untracked 
|  63|0x000000070be00000, 0x000000070be00000, 0x000000070c000000|  0%| F|  |TAMS 0x000000070be00000| PB 0x000000070be00000| Untracked 
|  64|0x000000070c000000, 0x000000070c000000, 0x000000070c200000|  0%| F|  |TAMS 0x000000070c000000| PB 0x000000070c000000| Untracked 
|  65|0x000000070c200000, 0x000000070c200000, 0x000000070c400000|  0%| F|  |TAMS 0x000000070c200000| PB 0x000000070c200000| Untracked 
|  66|0x000000070c400000, 0x000000070c400000, 0x000000070c600000|  0%| F|  |TAMS 0x000000070c400000| PB 0x000000070c400000| Untracked 
|  67|0x000000070c600000, 0x000000070c600000, 0x000000070c800000|  0%| F|  |TAMS 0x000000070c600000| PB 0x000000070c600000| Untracked 
|  68|0x000000070c800000, 0x000000070c800000, 0x000000070ca00000|  0%| F|  |TAMS 0x000000070c800000| PB 0x000000070c800000| Untracked 
|  69|0x000000070ca00000, 0x000000070ca00000, 0x000000070cc00000|  0%| F|  |TAMS 0x000000070ca00000| PB 0x000000070ca00000| Untracked 
|  70|0x000000070cc00000, 0x000000070cc00000, 0x000000070ce00000|  0%| F|  |TAMS 0x000000070cc00000| PB 0x000000070cc00000| Untracked 
|  71|0x000000070ce00000, 0x000000070ce00000, 0x000000070d000000|  0%| F|  |TAMS 0x000000070ce00000| PB 0x000000070ce00000| Untracked 
|  72|0x000000070d000000, 0x000000070d000000, 0x000000070d200000|  0%| F|  |TAMS 0x000000070d000000| PB 0x000000070d000000| Untracked 
|  73|0x000000070d200000, 0x000000070d200000, 0x000000070d400000|  0%| F|  |TAMS 0x000000070d200000| PB 0x000000070d200000| Untracked 
|  74|0x000000070d400000, 0x000000070d400000, 0x000000070d600000|  0%| F|  |TAMS 0x000000070d400000| PB 0x000000070d400000| Untracked 
|  75|0x000000070d600000, 0x000000070d600000, 0x000000070d800000|  0%| F|  |TAMS 0x000000070d600000| PB 0x000000070d600000| Untracked 
|  76|0x000000070d800000, 0x000000070d800000, 0x000000070da00000|  0%| F|  |TAMS 0x000000070d800000| PB 0x000000070d800000| Untracked 
|  77|0x000000070da00000, 0x000000070da00000, 0x000000070dc00000|  0%| F|  |TAMS 0x000000070da00000| PB 0x000000070da00000| Untracked 
|  78|0x000000070dc00000, 0x000000070dc00000, 0x000000070de00000|  0%| F|  |TAMS 0x000000070dc00000| PB 0x000000070dc00000| Untracked 
|  79|0x000000070de00000, 0x000000070de00000, 0x000000070e000000|  0%| F|  |TAMS 0x000000070de00000| PB 0x000000070de00000| Untracked 
|  80|0x000000070e000000, 0x000000070e000000, 0x000000070e200000|  0%| F|  |TAMS 0x000000070e000000| PB 0x000000070e000000| Untracked 
|  81|0x000000070e200000, 0x000000070e200000, 0x000000070e400000|  0%| F|  |TAMS 0x000000070e200000| PB 0x000000070e200000| Untracked 
|  82|0x000000070e400000, 0x000000070e400000, 0x000000070e600000|  0%| F|  |TAMS 0x000000070e400000| PB 0x000000070e400000| Untracked 
|  83|0x000000070e600000, 0x000000070e600000, 0x000000070e800000|  0%| F|  |TAMS 0x000000070e600000| PB 0x000000070e600000| Untracked 
|  84|0x000000070e800000, 0x000000070e800000, 0x000000070ea00000|  0%| F|  |TAMS 0x000000070e800000| PB 0x000000070e800000| Untracked 
|  85|0x000000070ea00000, 0x000000070ea00000, 0x000000070ec00000|  0%| F|  |TAMS 0x000000070ea00000| PB 0x000000070ea00000| Untracked 
|  86|0x000000070ec00000, 0x000000070ec00000, 0x000000070ee00000|  0%| F|  |TAMS 0x000000070ec00000| PB 0x000000070ec00000| Untracked 
|  87|0x000000070ee00000, 0x000000070ee00000, 0x000000070f000000|  0%| F|  |TAMS 0x000000070ee00000| PB 0x000000070ee00000| Untracked 
|  88|0x000000070f000000, 0x000000070f000000, 0x000000070f200000|  0%| F|  |TAMS 0x000000070f000000| PB 0x000000070f000000| Untracked 
|  89|0x000000070f200000, 0x000000070f200000, 0x000000070f400000|  0%| F|  |TAMS 0x000000070f200000| PB 0x000000070f200000| Untracked 
|  90|0x000000070f400000, 0x000000070f400000, 0x000000070f600000|  0%| F|  |TAMS 0x000000070f400000| PB 0x000000070f400000| Untracked 
|  91|0x000000070f600000, 0x000000070f600000, 0x000000070f800000|  0%| F|  |TAMS 0x000000070f600000| PB 0x000000070f600000| Untracked 
|  92|0x000000070f800000, 0x000000070f800000, 0x000000070fa00000|  0%| F|  |TAMS 0x000000070f800000| PB 0x000000070f800000| Untracked 
|  93|0x000000070fa00000, 0x000000070fa00000, 0x000000070fc00000|  0%| F|  |TAMS 0x000000070fa00000| PB 0x000000070fa00000| Untracked 
|  94|0x000000070fc00000, 0x000000070fc00000, 0x000000070fe00000|  0%| F|  |TAMS 0x000000070fc00000| PB 0x000000070fc00000| Untracked 
|  95|0x000000070fe00000, 0x000000070fe00000, 0x0000000710000000|  0%| F|  |TAMS 0x000000070fe00000| PB 0x000000070fe00000| Untracked 
|  96|0x0000000710000000, 0x0000000710000000, 0x0000000710200000|  0%| F|  |TAMS 0x0000000710000000| PB 0x0000000710000000| Untracked 
|  97|0x0000000710200000, 0x0000000710200000, 0x0000000710400000|  0%| F|  |TAMS 0x0000000710200000| PB 0x0000000710200000| Untracked 
|  98|0x0000000710400000, 0x0000000710400000, 0x0000000710600000|  0%| F|  |TAMS 0x0000000710400000| PB 0x0000000710400000| Untracked 
|  99|0x0000000710600000, 0x0000000710600000, 0x0000000710800000|  0%| F|  |TAMS 0x0000000710600000| PB 0x0000000710600000| Untracked 
| 100|0x0000000710800000, 0x0000000710800000, 0x0000000710a00000|  0%| F|  |TAMS 0x0000000710800000| PB 0x0000000710800000| Untracked 
| 101|0x0000000710a00000, 0x0000000710a00000, 0x0000000710c00000|  0%| F|  |TAMS 0x0000000710a00000| PB 0x0000000710a00000| Untracked 
| 102|0x0000000710c00000, 0x0000000710c00000, 0x0000000710e00000|  0%| F|  |TAMS 0x0000000710c00000| PB 0x0000000710c00000| Untracked 
| 103|0x0000000710e00000, 0x0000000710e00000, 0x0000000711000000|  0%| F|  |TAMS 0x0000000710e00000| PB 0x0000000710e00000| Untracked 
| 104|0x0000000711000000, 0x0000000711000000, 0x0000000711200000|  0%| F|  |TAMS 0x0000000711000000| PB 0x0000000711000000| Untracked 
| 105|0x0000000711200000, 0x0000000711200000, 0x0000000711400000|  0%| F|  |TAMS 0x0000000711200000| PB 0x0000000711200000| Untracked 
| 106|0x0000000711400000, 0x0000000711400000, 0x0000000711600000|  0%| F|  |TAMS 0x0000000711400000| PB 0x0000000711400000| Untracked 
| 107|0x0000000711600000, 0x0000000711600000, 0x0000000711800000|  0%| F|  |TAMS 0x0000000711600000| PB 0x0000000711600000| Untracked 
| 108|0x0000000711800000, 0x0000000711800000, 0x0000000711a00000|  0%| F|  |TAMS 0x0000000711800000| PB 0x0000000711800000| Untracked 
| 109|0x0000000711a00000, 0x0000000711a00000, 0x0000000711c00000|  0%| F|  |TAMS 0x0000000711a00000| PB 0x0000000711a00000| Untracked 
| 110|0x0000000711c00000, 0x0000000711c00000, 0x0000000711e00000|  0%| F|  |TAMS 0x0000000711c00000| PB 0x0000000711c00000| Untracked 
| 111|0x0000000711e00000, 0x0000000711e00000, 0x0000000712000000|  0%| F|  |TAMS 0x0000000711e00000| PB 0x0000000711e00000| Untracked 
| 112|0x0000000712000000, 0x0000000712000000, 0x0000000712200000|  0%| F|  |TAMS 0x0000000712000000| PB 0x0000000712000000| Untracked 
| 113|0x0000000712200000, 0x0000000712200000, 0x0000000712400000|  0%| F|  |TAMS 0x0000000712200000| PB 0x0000000712200000| Untracked 
| 114|0x0000000712400000, 0x0000000712400000, 0x0000000712600000|  0%| F|  |TAMS 0x0000000712400000| PB 0x0000000712400000| Untracked 
| 115|0x0000000712600000, 0x0000000712600000, 0x0000000712800000|  0%| F|  |TAMS 0x0000000712600000| PB 0x0000000712600000| Untracked 
| 116|0x0000000712800000, 0x0000000712800000, 0x0000000712a00000|  0%| F|  |TAMS 0x0000000712800000| PB 0x0000000712800000| Untracked 
| 117|0x0000000712a00000, 0x0000000712a00000, 0x0000000712c00000|  0%| F|  |TAMS 0x0000000712a00000| PB 0x0000000712a00000| Untracked 
| 118|0x0000000712c00000, 0x0000000712c00000, 0x0000000712e00000|  0%| F|  |TAMS 0x0000000712c00000| PB 0x0000000712c00000| Untracked 
| 119|0x0000000712e00000, 0x0000000712e00000, 0x0000000713000000|  0%| F|  |TAMS 0x0000000712e00000| PB 0x0000000712e00000| Untracked 
| 120|0x0000000713000000, 0x00000007130f9ad8, 0x0000000713200000| 48%| E|  |TAMS 0x0000000713000000| PB 0x0000000713000000| Complete 
| 121|0x0000000713200000, 0x0000000713400000, 0x0000000713400000|100%| E|CS|TAMS 0x0000000713200000| PB 0x0000000713200000| Complete 
| 122|0x0000000713400000, 0x0000000713600000, 0x0000000713600000|100%| E|CS|TAMS 0x0000000713400000| PB 0x0000000713400000| Complete 
| 123|0x0000000713600000, 0x0000000713800000, 0x0000000713800000|100%| E|CS|TAMS 0x0000000713600000| PB 0x0000000713600000| Complete 
| 124|0x0000000713800000, 0x0000000713a00000, 0x0000000713a00000|100%| E|CS|TAMS 0x0000000713800000| PB 0x0000000713800000| Complete 
| 125|0x0000000713a00000, 0x0000000713c00000, 0x0000000713c00000|100%| E|CS|TAMS 0x0000000713a00000| PB 0x0000000713a00000| Complete 

Card table byte_map: [0x000001b5fdcf0000,0x000001b5fe4d0000] _byte_map_base: 0x000001b5fa4d0000

Marking Bits: (CMBitMap*) 0x000001b5f51b5170
 Bits: [0x000001b58f000000, 0x000001b592f00000)

Polling page: 0x000001b5f48e0000

Metaspace:

Usage:
  Non-class:      3.74 MB used.
      Class:    278.21 KB used.
       Both:      4.01 MB used.

Virtual space:
  Non-class space:       64.00 MB reserved,       3.88 MB (  6%) committed,  1 nodes.
      Class space:        1.00 GB reserved,     384.00 KB ( <1%) committed,  1 nodes.
             Both:        1.06 GB reserved,       4.25 MB ( <1%) committed. 

Chunk freelists:
   Non-Class:  2.17 MB
       Class:  3.60 MB
        Both:  5.77 MB

MaxMetaspaceSize: unlimited
CompressedClassSpaceSize: 1.00 GB
Initial GC threshold: 21.00 MB
Current GC threshold: 21.00 MB
CDS: on
MetaspaceReclaimPolicy: balanced
 - commit_granule_bytes: 65536.
 - commit_granule_words: 8192.
 - virtual_space_node_default_size: 8388608.
 - enlarge_chunks_in_place: 1.
 - new_chunks_are_fully_committed: 0.
 - uncommit_free_chunks: 1.
 - use_allocation_guard: 0.


Internal statistics:

num_allocs_failed_limit: 0.
num_arena_births: 40.
num_arena_deaths: 0.
num_vsnodes_births: 2.
num_vsnodes_deaths: 0.
num_space_committed: 66.
num_space_uncommitted: 0.
num_chunks_returned_to_freelist: 0.
num_chunks_taken_from_freelist: 129.
num_chunk_merges: 0.
num_chunk_splits: 82.
num_chunks_enlarged: 62.
num_inconsistent_stats: 0.

CodeHeap 'non-profiled nmethods': size=120000Kb used=727Kb max_used=727Kb free=119272Kb
 bounds [0x000001b587ad0000, 0x000001b587d40000, 0x000001b58f000000]
CodeHeap 'profiled nmethods': size=120000Kb used=2215Kb max_used=2215Kb free=117784Kb
 bounds [0x000001b580000000, 0x000001b580270000, 0x000001b587530000]
CodeHeap 'non-nmethods': size=5760Kb used=1675Kb max_used=1706Kb free=4085Kb
 bounds [0x000001b587530000, 0x000001b5877a0000, 0x000001b587ad0000]
 total_blobs=1862 nmethods=1295 adapters=478
 compilation: enabled
              stopped_count=0, restarted_count=0
 full_count=0

Compilation events (20 events):
Event: 28.622 Thread 0x000001b599156aa0 1287       4       org.newdawn.slick.Input::poll (1561 bytes)
Event: 28.820 Thread 0x000001b599156aa0 nmethod 1287 0x000001b587b76b10 code [0x000001b587b77100, 0x000001b587b7b710]
Event: 28.821 Thread 0x000001b599156aa0 1289 %     4       org.lwjgl.input.Controllers::poll @ 2 (28 bytes)
Event: 28.824 Thread 0x000001b599156aa0 nmethod 1289% 0x000001b587b7e290 code [0x000001b587b7e420, 0x000001b587b7e5e8]
Event: 28.825 Thread 0x000001b599156aa0 1288   !   4       org.lwjgl.input.Mouse::poll (215 bytes)
Event: 28.882 Thread 0x000001b599156aa0 nmethod 1288 0x000001b587b7e810 code [0x000001b587b7ea60, 0x000001b587b80150]
Event: 29.258 Thread 0x000001b59915ed20 1290   !   3       org.lwjgl.opengl.Display::processMessages (44 bytes)
Event: 29.259 Thread 0x000001b59915ed20 nmethod 1290 0x000001b580225d10 code [0x000001b580225f60, 0x000001b5802267f8]
Event: 29.750 Thread 0x000001b599156aa0 1291       4       org.lwjgl.input.Controllers::poll (28 bytes)
Event: 29.755 Thread 0x000001b599156aa0 nmethod 1291 0x000001b587b81410 code [0x000001b587b815a0, 0x000001b587b81790]
Event: 30.773 Thread 0x000001b599156aa0 1292   !   4       org.lwjgl.opengl.Display::processMessages (44 bytes)
Event: 30.782 Thread 0x000001b599156aa0 nmethod 1292 0x000001b587b81a10 code [0x000001b587b81c00, 0x000001b587b82288]
Event: 30.791 Thread 0x000001b599156aa0 1293   !   4       org.newdawn.slick.GameContainer::updateAndRender (406 bytes)
Event: 30.840 Thread 0x000001b599156aa0 nmethod 1293 0x000001b587b82690 code [0x000001b587b82a20, 0x000001b587b84240]
Event: 43.713 Thread 0x000001b59915ed20 1294 % !   3       org.newdawn.slick.AppGameContainer::start @ 9 (49 bytes)
Event: 43.715 Thread 0x000001b59915ed20 nmethod 1294% 0x000001b580226b90 code [0x000001b580226e80, 0x000001b580227f08]
Event: 44.527 Thread 0x000001b59915ed20 1295   !   3       org.newdawn.slick.AppGameContainer::start (49 bytes)
Event: 44.529 Thread 0x000001b59915ed20 nmethod 1295 0x000001b580228590 code [0x000001b580228880, 0x000001b580229868]
Event: 70.751 Thread 0x000001b59915ed20 1296       1       net.java.games.input.AbstractController::getComponents (5 bytes)
Event: 70.751 Thread 0x000001b59915ed20 nmethod 1296 0x000001b587b85b90 code [0x000001b587b85d00, 0x000001b587b85dd0]

GC Heap History (8 events):
Event: 2.028 GC heap before
{Heap before GC invocations=0 (full 0):
 garbage-first heap   total 258048K, used 22528K [0x0000000704000000, 0x0000000800000000)
  region size 2048K, 11 young (22528K), 0 survivors (0K)
 Metaspace       used 4082K, committed 4224K, reserved 1114112K
  class space    used 277K, committed 384K, reserved 1048576K
}
Event: 2.032 GC heap after
{Heap after GC invocations=1 (full 0):
 garbage-first heap   total 258048K, used 3199K [0x0000000704000000, 0x0000000800000000)
  region size 2048K, 2 young (4096K), 2 survivors (4096K)
 Metaspace       used 4082K, committed 4224K, reserved 1114112K
  class space    used 277K, committed 384K, reserved 1048576K
}
Event: 4.891 GC heap before
{Heap before GC invocations=1 (full 0):
 garbage-first heap   total 258048K, used 40063K [0x0000000704000000, 0x0000000800000000)
  region size 2048K, 20 young (40960K), 2 survivors (4096K)
 Metaspace       used 4086K, committed 4224K, reserved 1114112K
  class space    used 277K, committed 384K, reserved 1048576K
}
Event: 4.896 GC heap after
{Heap after GC invocations=2 (full 0):
 garbage-first heap   total 258048K, used 2867K [0x0000000704000000, 0x0000000800000000)
  region size 2048K, 2 young (4096K), 2 survivors (4096K)
 Metaspace       used 4086K, committed 4224K, reserved 1114112K
  class space    used 277K, committed 384K, reserved 1048576K
}
Event: 16.611 GC heap before
{Heap before GC invocations=2 (full 0):
 garbage-first heap   total 258048K, used 152371K [0x0000000704000000, 0x0000000800000000)
  region size 2048K, 75 young (153600K), 2 survivors (4096K)
 Metaspace       used 4086K, committed 4224K, reserved 1114112K
  class space    used 277K, committed 384K, reserved 1048576K
}
Event: 16.615 GC heap after
{Heap after GC invocations=3 (full 0):
 garbage-first heap   total 258048K, used 2927K [0x0000000704000000, 0x0000000800000000)
  region size 2048K, 2 young (4096K), 2 survivors (4096K)
 Metaspace       used 4086K, committed 4224K, reserved 1114112K
  class space    used 277K, committed 384K, reserved 1048576K
}
Event: 28.187 GC heap before
{Heap before GC invocations=3 (full 0):
 garbage-first heap   total 258048K, used 152431K [0x0000000704000000, 0x0000000800000000)
  region size 2048K, 75 young (153600K), 2 survivors (4096K)
 Metaspace       used 4100K, committed 4288K, reserved 1114112K
  class space    used 277K, committed 384K, reserved 1048576K
}
Event: 28.190 GC heap after
{Heap after GC invocations=4 (full 0):
 garbage-first heap   total 258048K, used 3034K [0x0000000704000000, 0x0000000800000000)
  region size 2048K, 2 young (4096K), 2 survivors (4096K)
 Metaspace       used 4100K, committed 4288K, reserved 1114112K
  class space    used 277K, committed 384K, reserved 1048576K
}

Dll operation events (15 events):
Event: 0.032 Loaded shared library C:\Users\jonas\.jdks\openjdk-20\bin\java.dll
Event: 0.043 Loaded shared library C:\Users\jonas\.jdks\openjdk-20\bin\jsvml.dll
Event: 0.111 Loaded shared library C:\Users\jonas\.jdks\openjdk-20\bin\zip.dll
Event: 0.114 Loaded shared library C:\Users\jonas\.jdks\openjdk-20\bin\instrument.dll
Event: 0.120 Loaded shared library C:\Users\jonas\.jdks\openjdk-20\bin\net.dll
Event: 0.123 Loaded shared library C:\Users\jonas\.jdks\openjdk-20\bin\nio.dll
Event: 0.126 Loaded shared library C:\Users\jonas\.jdks\openjdk-20\bin\zip.dll
Event: 0.165 Loaded shared library C:\Program Files\JetBrains\IntelliJ IDEA Community Edition 2021.3.2\bin\breakgen64.dll
Event: 0.178 Loaded shared library C:\Users\jonas\.jdks\openjdk-20\bin\verify.dll
Event: 0.179 Loaded shared library C:\Users\jonas\.jdks\openjdk-20\bin\extnet.dll
Event: 0.227 Loaded shared library C:\Users\jonas\IdeaProjects\NaWi_Projekt\native\lwjgl64.dll
Event: 0.256 Loaded shared library C:\Users\jonas\.jdks\openjdk-20\bin\jimage.dll
Event: 0.638 Loaded shared library C:\Users\jonas\.jdks\openjdk-20\bin\awt.dll
Event: 0.722 Loaded shared library C:\Users\jonas\IdeaProjects\NaWi_Projekt\native\jinput-dx8_64.dll
Event: 0.871 Loaded shared library C:\Users\jonas\IdeaProjects\NaWi_Projekt\native\jinput-raw_64.dll

Deoptimization events (20 events):
Event: 28.296 Thread 0x000001b5f5147df0 DEOPT PACKING pc=0x000001b587b65144 sp=0x00000070dc4ff670
Event: 28.296 Thread 0x000001b5f5147df0 DEOPT UNPACKING pc=0x000001b58754d2a2 sp=0x00000070dc4ff648 mode 2
Event: 28.352 Thread 0x000001b5f5147df0 DEOPT PACKING pc=0x000001b580211fcd sp=0x00000070dc4ff430
Event: 28.352 Thread 0x000001b5f5147df0 DEOPT UNPACKING pc=0x000001b58759e462 sp=0x00000070dc4fe8b8 mode 0
Event: 29.258 Thread 0x000001b5f5147df0 DEOPT PACKING pc=0x000001b580222aeb sp=0x00000070dc4ff620
Event: 29.258 Thread 0x000001b5f5147df0 DEOPT UNPACKING pc=0x000001b58759e462 sp=0x00000070dc4feaa0 mode 0
Event: 29.750 Thread 0x000001b5f5147df0 DEOPT PACKING pc=0x000001b5801c56dd sp=0x00000070dc4ff5e0
Event: 29.750 Thread 0x000001b5f5147df0 DEOPT UNPACKING pc=0x000001b58759e462 sp=0x00000070dc4fead0 mode 0
Event: 70.748 Thread 0x000001b5f5147df0 Uncommon trap: trap_request=0xffffff45 fr.pc=0x000001b587b31b84 relative=0x0000000000000244
Event: 70.748 Thread 0x000001b5f5147df0 Uncommon trap: reason=unstable_if action=reinterpret pc=0x000001b587b31b84 method=net.java.games.input.IDirectInputDevice.checkReleased()V @ 4 c2
Event: 70.748 Thread 0x000001b5f5147df0 DEOPT PACKING pc=0x000001b587b31b84 sp=0x00000070dc4ff560
Event: 70.748 Thread 0x000001b5f5147df0 DEOPT UNPACKING pc=0x000001b58754d2a2 sp=0x00000070dc4ff4b8 mode 2
Event: 70.749 Thread 0x000001b5f5147df0 Uncommon trap: trap_request=0x00000014 fr.pc=0x000001b587b3120c relative=0x000000000000072c
Event: 70.749 Thread 0x000001b5f5147df0 Uncommon trap: reason=unloaded action=reinterpret pc=0x000001b587b3120c method=net.java.games.input.AbstractController.poll()Z @ 148 c2
Event: 70.749 Thread 0x000001b5f5147df0 DEOPT PACKING pc=0x000001b587b3120c sp=0x00000070dc4ff5c0
Event: 70.749 Thread 0x000001b5f5147df0 DEOPT UNPACKING pc=0x000001b58754d2a2 sp=0x00000070dc4ff4e0 mode 2
Event: 70.749 Thread 0x000001b5f5147df0 Uncommon trap: trap_request=0x00000014 fr.pc=0x000001b587b249f4 relative=0x0000000000000534
Event: 70.749 Thread 0x000001b5f5147df0 Uncommon trap: reason=unloaded action=reinterpret pc=0x000001b587b249f4 method=net.java.games.input.AbstractController.poll()Z @ 148 c2
Event: 70.749 Thread 0x000001b5f5147df0 DEOPT PACKING pc=0x000001b587b249f4 sp=0x00000070dc4ff520
Event: 70.749 Thread 0x000001b5f5147df0 DEOPT UNPACKING pc=0x000001b58754d2a2 sp=0x00000070dc4ff4d0 mode 2

Classes loaded (20 events):
Event: 0.642 Loading class sun/awt/image/SunWritableRaster
Event: 0.643 Loading class java/awt/image/WritableRaster
Event: 0.643 Loading class java/awt/image/Raster
Event: 0.643 Loading class java/awt/image/Raster done
Event: 0.643 Loading class java/awt/image/WritableRaster done
Event: 0.643 Loading class sun/awt/image/SunWritableRaster done
Event: 0.645 Loading class java/util/zip/DataFormatException
Event: 0.645 Loading class java/util/zip/DataFormatException done
Event: 0.645 Loading class java/io/EOFException
Event: 0.645 Loading class java/io/EOFException done
Event: 0.703 Loading class java/lang/AssertionError
Event: 0.704 Loading class java/lang/AssertionError done
Event: 0.792 Loading class java/lang/InstantiationException
Event: 0.792 Loading class java/lang/InstantiationException done
Event: 0.805 Loading class java/lang/invoke/MethodHandle$1
Event: 0.805 Loading class java/lang/invoke/MethodHandle$1 done
Event: 1.188 Loading class jdk/internal/vm/VMSupport
Event: 1.189 Loading class jdk/internal/vm/VMSupport done
Event: 70.745 Loading class jdk/internal/misc/Signal$1
Event: 70.745 Loading class jdk/internal/misc/Signal$1 done

Classes unloaded (0 events):
No events

Classes redefined (0 events):
No events

Internal exceptions (5 events):
Event: 0.136 Thread 0x000001b5f5147df0 Exception <a 'java/lang/NoSuchMethodError'{0x00000007138fda78}: 'void java.lang.invoke.DirectMethodHandle$Holder.invokeStatic(java.lang.Object, java.lang.Object, java.lang.Object)'> (0x00000007138fda78) 
thrown [s\open\src\hotspot\share\interpreter\linkResolver.cpp, line 773]
Event: 0.141 Thread 0x000001b5f5147df0 Exception <a 'java/lang/NoSuchMethodError'{0x0000000713914f80}: 'java.lang.Object java.lang.invoke.Invokers$Holder.invokeExact_MT(java.lang.Object, java.lang.Object, java.lang.Object, java.lang.Object, java.lang.Object)'> (0x0000000713914f80) 
thrown [s\open\src\hotspot\share\interpreter\linkResolver.cpp, line 773]
Event: 0.181 Thread 0x000001b59945faf0 Exception <a 'java/lang/NoSuchMethodError'{0x0000000713966c50}: 'void java.lang.invoke.DirectMethodHandle$Holder.invokeStatic(java.lang.Object, java.lang.Object)'> (0x0000000713966c50) 
thrown [s\open\src\hotspot\share\interpreter\linkResolver.cpp, line 773]
Event: 0.430 Thread 0x000001b5f5147df0 Exception <a 'java/lang/NoSuchMethodError'{0x00000007137cf948}: 'int java.lang.invoke.Invokers$Holder.invokeExact_MT(java.lang.Object, java.lang.Object)'> (0x00000007137cf948) 
thrown [s\open\src\hotspot\share\interpreter\linkResolver.cpp, line 773]
Event: 1.190 Thread 0x000001b59914e150 Exception <a 'java/lang/NoSuchMethodError'{0x0000000712f59dd0}: 'java.lang.Object java.lang.invoke.Invokers$Holder.invokeExact_MT(java.lang.Object, java.lang.Object, java.lang.Object, java.lang.Object, java.lang.Object, java.lang.Object)'> (0x0000000712f59dd0) 
thrown [s\open\src\hotspot\share\interpreter\linkResolver.cpp, line 773]

VM Operations (20 events):
Event: 2.032 Executing VM operation: G1CollectForAllocation done
Event: 3.037 Executing VM operation: Cleanup
Event: 3.037 Executing VM operation: Cleanup done
Event: 4.037 Executing VM operation: Cleanup
Event: 4.038 Executing VM operation: Cleanup done
Event: 4.891 Executing VM operation: G1CollectForAllocation
Event: 4.896 Executing VM operation: G1CollectForAllocation done
Event: 6.918 Executing VM operation: Cleanup
Event: 6.918 Executing VM operation: Cleanup done
Event: 16.611 Executing VM operation: G1CollectForAllocation
Event: 16.615 Executing VM operation: G1CollectForAllocation done
Event: 27.714 Executing VM operation: Cleanup
Event: 27.714 Executing VM operation: Cleanup done
Event: 28.187 Executing VM operation: G1CollectForAllocation
Event: 28.190 Executing VM operation: G1CollectForAllocation done
Event: 29.198 Executing VM operation: Cleanup
Event: 29.198 Executing VM operation: Cleanup done
Event: 31.225 Executing VM operation: Cleanup
Event: 31.225 Executing VM operation: Cleanup done
Event: 70.755 Executing VM operation: Exit

Events (20 events):
Event: 0.058 Thread 0x000001b599156aa0 Thread added: 0x000001b599156aa0
Event: 0.058 Thread 0x000001b59915ed20 Thread added: 0x000001b59915ed20
Event: 0.085 Thread 0x000001b59926a650 Thread added: 0x000001b59926a650
Event: 0.166 Thread 0x000001b59945faf0 Thread added: 0x000001b59945faf0
Event: 0.166 Thread 0x000001b599460040 Thread added: 0x000001b599460040
Event: 0.296 Thread 0x000001b59950b630 Thread added: 0x000001b59950b630
Event: 0.297 Thread 0x000001b5995027d0 Thread added: 0x000001b5995027d0
Event: 0.420 Thread 0x000001b5995027d0 Thread exited: 0x000001b5995027d0
Event: 0.422 Thread 0x000001b59950b630 Thread exited: 0x000001b59950b630
Event: 0.574 Thread 0x000001b599c3d010 Thread added: 0x000001b599c3d010
Event: 0.902 Thread 0x000001b599c7bfe0 Thread added: 0x000001b599c7bfe0
Event: 1.317 Thread 0x000001b599c3d010 Thread exited: 0x000001b599c3d010
Event: 6.633 Thread 0x000001b5a14ed990 Thread added: 0x000001b5a14ed990
Event: 6.902 Thread 0x000001b5a14ed990 Thread exited: 0x000001b5a14ed990
Event: 70.746 Thread 0x000001b599c78ac0 Thread added: 0x000001b599c78ac0
Event: 70.747 Thread 0x000001b599c79010 Thread added: 0x000001b599c79010
Event: 70.747 Thread 0x000001b599c79560 Thread added: 0x000001b599c79560
Event: 70.748 Thread 0x000001b599c79010 Thread exited: 0x000001b599c79010
Event: 70.755 Thread 0x000001b599c79560 Thread exited: 0x000001b599c79560
Event: 70.755 Thread 0x000001b59914b710 Thread exited: 0x000001b59914b710


Dynamic libraries:
0x00007ff7065d0000 - 0x00007ff7065de000 	C:\Users\jonas\.jdks\openjdk-20\bin\java.exe
0x00007ffde9e10000 - 0x00007ffdea024000 	C:\WINDOWS\SYSTEM32\ntdll.dll
0x00007ffde8210000 - 0x00007ffde82d2000 	C:\WINDOWS\System32\KERNEL32.DLL
0x00007ffde7570000 - 0x00007ffde7913000 	C:\WINDOWS\System32\KERNELBASE.dll
0x0000000077430000 - 0x0000000077761000 	C:\Program Files\Norton Security\NortonData\22.20.5.39\Definitions\IPSDefs\20230515.061\IPSEng64.dll
0x00007ffde9d20000 - 0x00007ffde9dce000 	C:\WINDOWS\System32\ADVAPI32.dll
0x00007ffde8be0000 - 0x00007ffde8c87000 	C:\WINDOWS\System32\msvcrt.dll
0x00007ffde8300000 - 0x00007ffde83a4000 	C:\WINDOWS\System32\sechost.dll
0x00007ffde8e30000 - 0x00007ffde8f47000 	C:\WINDOWS\System32\RPCRT4.dll
0x00007ffde82e0000 - 0x00007ffde82e8000 	C:\WINDOWS\System32\PSAPI.DLL
0x00007ffde7af0000 - 0x00007ffde7c01000 	C:\WINDOWS\System32\ucrtbase.dll
0x00007ffdd0510000 - 0x00007ffdd0527000 	C:\Users\jonas\.jdks\openjdk-20\bin\jli.dll
0x00007ffdd04f0000 - 0x00007ffdd050b000 	C:\Users\jonas\.jdks\openjdk-20\bin\VCRUNTIME140.dll
0x00007ffde8740000 - 0x00007ffde88eb000 	C:\WINDOWS\System32\USER32.dll
0x00007ffde7540000 - 0x00007ffde7566000 	C:\WINDOWS\System32\win32u.dll
0x00007ffdcf950000 - 0x00007ffdcfbde000 	C:\WINDOWS\WinSxS\amd64_microsoft.windows.common-controls_6595b64144ccf1df_6.0.22621.1635_none_270f70857386168e\COMCTL32.dll
0x00007ffde7d70000 - 0x00007ffde7d99000 	C:\WINDOWS\System32\GDI32.dll
0x00007ffde73a0000 - 0x00007ffde74b8000 	C:\WINDOWS\System32\gdi32full.dll
0x00007ffde7990000 - 0x00007ffde7a2a000 	C:\WINDOWS\System32\msvcp_win.dll
0x00007ffde7c10000 - 0x00007ffde7c41000 	C:\WINDOWS\System32\IMM32.DLL
0x00007ffddb390000 - 0x00007ffddb39c000 	C:\Users\jonas\.jdks\openjdk-20\bin\vcruntime140_1.dll
0x00007ffd93100000 - 0x00007ffd9318e000 	C:\Users\jonas\.jdks\openjdk-20\bin\msvcp140.dll
0x00007ffd4b800000 - 0x00007ffd4c497000 	C:\Users\jonas\.jdks\openjdk-20\bin\server\jvm.dll
0x00007ffdddfe0000 - 0x00007ffdddfe9000 	C:\WINDOWS\SYSTEM32\WSOCK32.dll
0x00007ffdd3e80000 - 0x00007ffdd3e8a000 	C:\WINDOWS\SYSTEM32\VERSION.dll
0x00007ffdd45b0000 - 0x00007ffdd45e4000 	C:\WINDOWS\SYSTEM32\WINMM.dll
0x00007ffde8ae0000 - 0x00007ffde8b51000 	C:\WINDOWS\System32\WS2_32.dll
0x00007ffde6370000 - 0x00007ffde6388000 	C:\WINDOWS\SYSTEM32\kernel.appcore.dll
0x00007ffdd39b0000 - 0x00007ffdd39ba000 	C:\Users\jonas\.jdks\openjdk-20\bin\jimage.dll
0x00007ffde46a0000 - 0x00007ffde48ce000 	C:\WINDOWS\SYSTEM32\DBGHELP.DLL
0x00007ffde83b0000 - 0x00007ffde8739000 	C:\WINDOWS\System32\combase.dll
0x00007ffde8fc0000 - 0x00007ffde9097000 	C:\WINDOWS\System32\OLEAUT32.dll
0x00007ffdc9f30000 - 0x00007ffdc9f62000 	C:\WINDOWS\SYSTEM32\dbgcore.DLL
0x00007ffde74c0000 - 0x00007ffde753b000 	C:\WINDOWS\System32\bcryptPrimitives.dll
0x00007ffdd38d0000 - 0x00007ffdd38de000 	C:\Users\jonas\.jdks\openjdk-20\bin\instrument.dll
0x00007ffdd04c0000 - 0x00007ffdd04e6000 	C:\Users\jonas\.jdks\openjdk-20\bin\java.dll
0x00007ffd8e2d0000 - 0x00007ffd8e3a7000 	C:\Users\jonas\.jdks\openjdk-20\bin\jsvml.dll
0x00007ffde90a0000 - 0x00007ffde989a000 	C:\WINDOWS\System32\SHELL32.dll
0x00007ffde5240000 - 0x00007ffde5b0e000 	C:\WINDOWS\SYSTEM32\windows.storage.dll
0x00007ffde5100000 - 0x00007ffde523e000 	C:\WINDOWS\SYSTEM32\wintypes.dll
0x00007ffde89e0000 - 0x00007ffde8ad1000 	C:\WINDOWS\System32\SHCORE.dll
0x00007ffde8b60000 - 0x00007ffde8bbe000 	C:\WINDOWS\System32\shlwapi.dll
0x00007ffde7160000 - 0x00007ffde7181000 	C:\WINDOWS\SYSTEM32\profapi.dll
0x00007ffdd04a0000 - 0x00007ffdd04b8000 	C:\Users\jonas\.jdks\openjdk-20\bin\zip.dll
0x00007ffdd0300000 - 0x00007ffdd0313000 	C:\Users\jonas\.jdks\openjdk-20\bin\net.dll
0x00007ffde3ea0000 - 0x00007ffde3fd7000 	C:\WINDOWS\SYSTEM32\WINHTTP.dll
0x00007ffde67e0000 - 0x00007ffde6849000 	C:\WINDOWS\system32\mswsock.dll
0x00007ffdcf890000 - 0x00007ffdcf8a6000 	C:\Users\jonas\.jdks\openjdk-20\bin\nio.dll
0x00007ffdcf6e0000 - 0x00007ffdcf6fa000 	C:\Program Files\JetBrains\IntelliJ IDEA Community Edition 2021.3.2\bin\breakgen64.dll
0x00007ffdd05b0000 - 0x00007ffdd05c0000 	C:\Users\jonas\.jdks\openjdk-20\bin\verify.dll
0x00007ffdd02f0000 - 0x00007ffdd02f7000 	C:\Users\jonas\.jdks\openjdk-20\bin\extnet.dll
0x0000000180000000 - 0x0000000180053000 	C:\Users\jonas\IdeaProjects\NaWi_Projekt\native\lwjgl64.dll
0x00007ffdb1290000 - 0x00007ffdb1390000 	C:\WINDOWS\SYSTEM32\OPENGL32.dll
0x00007ffdccd60000 - 0x00007ffdccd8d000 	C:\WINDOWS\SYSTEM32\GLU32.dll
0x00007ffde48d0000 - 0x00007ffde4906000 	C:\WINDOWS\SYSTEM32\dxcore.dll
0x00007ffdab520000 - 0x00007ffdab5dc000 	C:\WINDOWS\SYSTEM32\mscms.dll
0x00007ffde7ea0000 - 0x00007ffde7f50000 	C:\WINDOWS\System32\clbcatq.dll
0x00007ffdab340000 - 0x00007ffdab38f000 	C:\Windows\System32\Windows.Internal.Graphics.Display.DisplayColorManagement.dll
0x00007ffde6f00000 - 0x00007ffde6f4e000 	C:\WINDOWS\SYSTEM32\cfgmgr32.dll
0x00007ffde3af0000 - 0x00007ffde3b9b000 	C:\WINDOWS\system32\uxtheme.dll
0x00007ffde7c50000 - 0x00007ffde7d6e000 	C:\WINDOWS\System32\MSCTF.dll
0x00007ffddd980000 - 0x00007ffddd9c8000 	C:\WINDOWS\SYSTEM32\directxdatabasehelper.dll
0x00007ffddb5c0000 - 0x00007ffddb6f4000 	C:\Windows\System32\AppXDeploymentClient.dll
0x00007ffd46540000 - 0x00007ffd475dd000 	C:\Windows\System32\DriverStore\FileRepository\iigd_dch.inf_amd64_87e934fb3fbbf9b1\ig11icd64.dll
0x00007ffde8c90000 - 0x00007ffde8e2c000 	C:\WINDOWS\System32\ole32.dll
0x00007ffde3d80000 - 0x00007ffde3dab000 	C:\WINDOWS\system32\dwmapi.dll
0x00007ffde3c70000 - 0x00007ffde3d66000 	C:\WINDOWS\system32\dxgi.dll
0x00007ffd80040000 - 0x00007ffd8017c000 	C:\Windows\System32\DriverStore\FileRepository\iigd_dch.inf_amd64_87e934fb3fbbf9b1\igdml64.dll
0x00007ffdd90a0000 - 0x00007ffdd94aa000 	C:\Windows\System32\DriverStore\FileRepository\iigd_dch.inf_amd64_87e934fb3fbbf9b1\igdgmm64.dll
0x00007ffddb110000 - 0x00007ffddb23d000 	C:\WINDOWS\SYSTEM32\textinputframework.dll
0x00007ffde3090000 - 0x00007ffde31c3000 	C:\WINDOWS\SYSTEM32\CoreMessaging.dll
0x00007ffddd200000 - 0x00007ffddd56c000 	C:\WINDOWS\SYSTEM32\CoreUIComponents.dll
0x00007ffde6a60000 - 0x00007ffde6a6c000 	C:\WINDOWS\SYSTEM32\CRYPTBASE.DLL
0x00007ffdce720000 - 0x00007ffdce789000 	C:\WINDOWS\system32\Oleacc.dll
0x00007ffdde6d0000 - 0x00007ffdde719000 	C:\WINDOWS\SYSTEM32\icm32.dll
0x00007ffdd49e0000 - 0x00007ffdd9050000 	C:\Windows\System32\DriverStore\FileRepository\iigd_dch.inf_amd64_87e934fb3fbbf9b1\igc64.dll
0x00007ffde6150000 - 0x00007ffde619d000 	C:\WINDOWS\SYSTEM32\powrprof.dll
0x00007ffde6120000 - 0x00007ffde6133000 	C:\WINDOWS\SYSTEM32\UMPDC.dll
0x00007ffd7c600000 - 0x00007ffd7c790000 	C:\Users\jonas\.jdks\openjdk-20\bin\awt.dll
0x00007ffde3680000 - 0x00007ffde3717000 	C:\WINDOWS\SYSTEM32\apphelp.dll
0x000001b5a1ca0000 - 0x000001b5a1cb6000 	C:\Users\jonas\IdeaProjects\NaWi_Projekt\native\jinput-dx8_64.dll
0x00007ffdd39f0000 - 0x00007ffdd3a36000 	C:\WINDOWS\SYSTEM32\DINPUT8.dll
0x00007ffdda6b0000 - 0x00007ffdda8b1000 	C:\WINDOWS\SYSTEM32\inputhost.dll
0x00007ffde5b10000 - 0x00007ffde5b1e000 	C:\WINDOWS\SYSTEM32\HID.DLL
0x00007ffde98a0000 - 0x00007ffde9d14000 	C:\WINDOWS\System32\SETUPAPI.DLL
0x00007ffde6ed0000 - 0x00007ffde6efc000 	C:\WINDOWS\SYSTEM32\DEVOBJ.dll
0x00007ffde7920000 - 0x00007ffde798b000 	C:\WINDOWS\System32\WINTRUST.dll
0x00007ffde7230000 - 0x00007ffde7397000 	C:\WINDOWS\System32\CRYPT32.dll
0x00007ffde6f80000 - 0x00007ffde6f92000 	C:\WINDOWS\SYSTEM32\MSASN1.dll
0x000001b5a1f30000 - 0x000001b5a1f44000 	C:\Users\jonas\IdeaProjects\NaWi_Projekt\native\jinput-raw_64.dll

dbghelp: loaded successfully - version: 4.0.5 - missing functions: none
symbol engine: initialized successfully - sym options: 0x614 - pdb path: .;C:\Users\jonas\.jdks\openjdk-20\bin;C:\WINDOWS\SYSTEM32;C:\Program Files\Norton Security\NortonData\22.20.5.39\Definitions\IPSDefs\20230515.061;C:\WINDOWS\WinSxS\amd64_microsoft.windows.common-controls_6595b64144ccf1df_6.0.22621.1635_none_270f70857386168e;C:\Users\jonas\.jdks\openjdk-20\bin\server;C:\Program Files\JetBrains\IntelliJ IDEA Community Edition 2021.3.2\bin;C:\Users\jonas\IdeaProjects\NaWi_Projekt\native;C:\Windows\System32\DriverStore\FileRepository\iigd_dch.inf_amd64_87e934fb3fbbf9b1

VM Arguments:
jvm_args: -Djava.library.path=C:\Users\jonas\IdeaProjects\NaWi_Projekt\native -javaagent:C:\Program Files\JetBrains\IntelliJ IDEA Community Edition 2021.3.2\lib\idea_rt.jar=61227:C:\Program Files\JetBrains\IntelliJ IDEA Community Edition 2021.3.2\bin -Dfile.encoding=UTF-8 
java_command: at.htldornbirn.projects.nawi.Team2.code.Test2
java_class_path (initial): C:\Users\jonas\IdeaProjects\NaWi_Projekt\out\production\Slick2DTemplate;C:\Users\jonas\IdeaProjects\NaWi_Projekt\lib\jogg-0.0.7.jar;C:\Users\jonas\IdeaProjects\NaWi_Projekt\lib\jnlp.jar;C:\Users\jonas\IdeaProjects\NaWi_Projekt\lib\natives-mac.jar;C:\Users\jonas\IdeaProjects\NaWi_Projekt\lib\ibxm.jar;C:\Users\jonas\IdeaProjects\NaWi_Projekt\lib\slick.jar;C:\Users\jonas\IdeaProjects\NaWi_Projekt\lib\lwjgl_util.jar;C:\Users\jonas\IdeaProjects\NaWi_Projekt\lib\natives-windows.jar;C:\Users\jonas\IdeaProjects\NaWi_Projekt\lib\tinylinepp.jar;C:\Users\jonas\IdeaProjects\NaWi_Projekt\lib\slick-examples.jar;C:\Users\jonas\IdeaProjects\NaWi_Projekt\lib\jinput.jar;C:\Users\jonas\IdeaProjects\NaWi_Projekt\lib\lwjgl.jar;C:\Users\jonas\IdeaProjects\NaWi_Projekt\lib\jorbis-0.0.15.jar;C:\Users\jonas\IdeaProjects\NaWi_Projekt\lib\lwjgl_util_applet.jar;C:\Users\jonas\IdeaProjects\NaWi_Projekt\lib\natives-linux.jar
Launcher Type: SUN_STANDARD

[Global flags]
     intx CICompilerCount                          = 4                                         {product} {ergonomic}
     uint ConcGCThreads                            = 2                                         {product} {ergonomic}
     uint G1ConcRefinementThreads                  = 8                                         {product} {ergonomic}
   size_t G1HeapRegionSize                         = 2097152                                   {product} {ergonomic}
    uintx GCDrainStackTargetSize                   = 64                                        {product} {ergonomic}
   size_t InitialHeapSize                          = 264241152                                 {product} {ergonomic}
   size_t MarkStackSize                            = 4194304                                   {product} {ergonomic}
   size_t MaxHeapSize                              = 4227858432                                {product} {ergonomic}
   size_t MaxNewSize                               = 2535456768                                {product} {ergonomic}
   size_t MinHeapDeltaBytes                        = 2097152                                   {product} {ergonomic}
   size_t MinHeapSize                              = 8388608                                   {product} {ergonomic}
    uintx NonNMethodCodeHeapSize                   = 5839372                                {pd product} {ergonomic}
    uintx NonProfiledCodeHeapSize                  = 122909434                              {pd product} {ergonomic}
    uintx ProfiledCodeHeapSize                     = 122909434                              {pd product} {ergonomic}
    uintx ReservedCodeCacheSize                    = 251658240                              {pd product} {ergonomic}
     bool SegmentedCodeCache                       = true                                      {product} {ergonomic}
   size_t SoftMaxHeapSize                          = 4227858432                             {manageable} {ergonomic}
     bool UseCompressedClassPointers               = true                           {product lp64_product} {ergonomic}
     bool UseCompressedOops                        = true                           {product lp64_product} {ergonomic}
     bool UseG1GC                                  = true                                      {product} {ergonomic}
     bool UseLargePagesIndividualAllocation        = false                                  {pd product} {ergonomic}

Logging:
Log output configuration:
 #0: stdout all=off uptime,level,tags foldmultilines=false
 #1: stderr all=off uptime,level,tags foldmultilines=false

Environment Variables:
PATH=C:\Program Files (x86)\VMware\VMware Player\bin\;C:\WINDOWS\system32;C:\WINDOWS;C:\WINDOWS\System32\Wbem;C:\WINDOWS\System32\WindowsPowerShell\v1.0\;C:\WINDOWS\System32\OpenSSH\;C:\Program Files\Microsoft SQL Server\120\Tools\Binn\;C:\Program Files\Microsoft SQL Server\Client SDK\ODBC\170\Tools\Binn\;C:\Program Files (x86)\Microsoft SQL Server\150\Tools\Binn\;C:\Program Files\Microsoft SQL Server\150\Tools\Binn\;C:\Program Files\Microsoft SQL Server\150\DTS\Binn\;C:\Program Files (x86)\Microsoft SQL Server\150\DTS\Binn\;C:\Program Files\Azure Data Studio\bin;C:\Program Files\dotnet\;C:\Program Files\Git\cmd;C:\Users\jonas\AppData\Local\Microsoft\WindowsApps;;C:\Program Files\Azure Data Studio\bin;C:\Users\jonas\.dotnet\tools
USERNAME=jonas
OS=Windows_NT
PROCESSOR_IDENTIFIER=Intel64 Family 6 Model 126 Stepping 5, GenuineIntel
TMP=C:\Users\jonas\AppData\Local\Temp
TEMP=C:\Users\jonas\AppData\Local\Temp




---------------  S Y S T E M  ---------------

OS:
 Windows 11 , 64 bit Build 22621 (10.0.22621.1635)
OS uptime: 1 days 11:59 hours

CPU: total 8 (initial active 8) (4 cores per cpu, 2 threads per core) family 6 model 126 stepping 5 microcode 0xa0, cx8, cmov, fxsr, ht, mmx, 3dnowpref, sse, sse2, sse3, ssse3, sse4.1, sse4.2, popcnt, lzcnt, tsc, tscinvbit, avx, avx2, aes, erms, clmul, bmi1, bmi2, adx, avx512f, avx512dq, avx512cd, avx512bw, avx512vl, sha, fma, vzeroupper, avx512_vpopcntdq, avx512_vpclmulqdq, avx512_vaes, avx512_vnni, clflush, clflushopt, avx512_vbmi2, avx512_vbmi, rdtscp, rdpid, fsrm, gfni, avx512_bitalg, f16c, pku, avx512_ifma

Memory: 4k page, system-wide physical 16126M (8139M free)
TotalPageFile size 17150M (AvailPageFile size 8415M)
current process WorkingSet (physical memory assigned to process): 280M, peak: 292M
current process commit charge ("private bytes"): 384M, peak: 397M

vm_info: OpenJDK 64-Bit Server VM (20+36-2344) for windows-amd64 JRE (20+36-2344), built on 2023-02-10T19:30:15Z by "mach5one" with MS VC++ 17.1 (VS2022)

END.
