#
# A fatal error has been detected by the Java Runtime Environment:
#
#  EXCEPTION_ACCESS_VIOLATION (0xc0000005) at pc=0x00007ffefb0dc339, pid=13832, tid=2956
#
# JRE version: OpenJDK Runtime Environment (20.0.1+9) (build 20.0.1+9-29)
# Java VM: OpenJDK 64-Bit Server VM (20.0.1+9-29, mixed mode, sharing, tiered, compressed oops, compressed class ptrs, g1 gc, windows-amd64)
# Problematic frame:
# C  [ig11icd64.dll+0x56c339]
#
# No core dump will be written. Minidumps are not enabled by default on client versions of Windows
#
# If you would like to submit a bug report, please visit:
#   https://bugreport.java.com/bugreport/crash.jsp
#

---------------  S U M M A R Y ------------

Command Line: -Djava.library.path=C:\Users\Luca\Documents\3. Klasse\SWP\NaWi_Projekt\native -javaagent:C:\Program Files\JetBrains\IntelliJ IDEA Community Edition 2021.3.2\lib\idea_rt.jar=54172:C:\Program Files\JetBrains\IntelliJ IDEA Community Edition 2021.3.2\bin -Dfile.encoding=UTF-8 at.htldornbirn.projects.nawi.NaWiGame

Host: Intel(R) Core(TM) i5-1035G1 CPU @ 1.00GHz, 8 cores, 7G,  Windows 11 , 64 bit Build 22621 (10.0.22621.1635)
Time: Fri Jun  2 14:14:52 2023 Mitteleuropäische Sommerzeit elapsed time: 1.221037 seconds (0d 0h 0m 1s)

---------------  T H R E A D  ---------------

Current thread (0x000001bce15c8010):  VMThread "VM Thread" [stack: 0x000000b1fd200000,0x000000b1fd300000] [id=2956]

Stack: [0x000000b1fd200000,0x000000b1fd300000],  sp=0x000000b1fd2fe820,  free space=1018k
Native frames: (J=compiled Java code, j=interpreted, Vv=VM code, C=native code)
C  [ig11icd64.dll+0x56c339]


siginfo: EXCEPTION_ACCESS_VIOLATION (0xc0000005), reading address 0x00000000000352f8


Registers:
RAX=0x000001bce5f94d00, RBX=0x000001bce5f94c30, RCX=0x0000000000000000, RDX=0x000001bce5f94d00
RSP=0x000000b1fd2fe820, RBP=0x0000000000000000, RSI=0x000001bce5f95148, RDI=0x000001bce597ef20
R8 =0x0000000000000014, R9 =0x0000000000000000, R10=0x0000000000000000, R11=0x0000000000000246
R12=0x0000000000000000, R13=0x0000000000000000, R14=0x0000000000000000, R15=0x0000000000000000
RIP=0x00007ffefb0dc339, EFLAGS=0x0000000000010206


Register to memory mapping:

RIP=0x00007ffefb0dc339 ig11icd64.dll
RAX=0x000001bce5f94d00 points into unknown readable memory: 0x0000000000000029 | 29 00 00 00 00 00 00 00
RBX=0x000001bce5f94c30 points into unknown readable memory: 0x000001bce5b25920 | 20 59 b2 e5 bc 01 00 00
RCX=0x0 is NULL
RDX=0x000001bce5f94d00 points into unknown readable memory: 0x0000000000000029 | 29 00 00 00 00 00 00 00
RSP=0x000000b1fd2fe820 points into unknown readable memory: 0x000001bce5cf7db0 | b0 7d cf e5 bc 01 00 00
RBP=0x0 is NULL
RSI=0x000001bce5f95148 points into unknown readable memory: 0x0000000000000000 | 00 00 00 00 00 00 00 00
RDI=0x000001bce597ef20 points into unknown readable memory: 0x00007fff7ce88e00 | 00 8e e8 7c ff 7f 00 00
R8 =0x0000000000000014 is an unknown value
R9 =0x0 is NULL
R10=0x0 is NULL
R11=0x0000000000000246 is an unknown value
R12=0x0 is NULL
R13=0x0 is NULL
R14=0x0 is NULL
R15=0x0 is NULL


Top of Stack: (sp=0x000000b1fd2fe820)
0x000000b1fd2fe820:   000001bce5cf7db0 000001bcc2951774
0x000000b1fd2fe830:   000000b1fd2fe868 0000005400000000
0x000000b1fd2fe840:   00007ffefbac83f0 000000000000002a
0x000000b1fd2fe850:   000001bce5e0c490 0000000000000080
0x000000b1fd2fe860:   0000000000000000 00007ffefb0bd782
0x000000b1fd2fe870:   000001bce5cf7db0 000001bce597ef20
0x000000b1fd2fe880:   000000b1fd2fe970 0000000000000000
0x000000b1fd2fe890:   0000000000000694 0000000000000000
0x000000b1fd2fe8a0:   000000b1fd2fe8f0 0000000000140012
0x000000b1fd2fe8b0:   00007fff6f956fa8 0000000000000000
0x000000b1fd2fe8c0:   0000000000000000 0000000000140012
0x000000b1fd2fe8d0:   00007fff77344cc0 0000000000000000
0x000000b1fd2fe8e0:   000000b1fd2fea68 0000000000000000
0x000000b1fd2fe8f0:   0000000000000070 0000000000000000
0x000000b1fd2fe900:   0000000000000000 0000000000000000
0x000000b1fd2fe910:   0000b80200000000 0000000000000694
0x000000b1fd2fe920:   0000000000000000 400003c000000001
0x000000b1fd2fe930:   0000000000000000 0000000000000000
0x000000b1fd2fe940:   0000000000000000 0000000000000000
0x000000b1fd2fe950:   0000000000000000 0000000000000000
0x000000b1fd2fe960:   0000000000000000 0000000000000000
0x000000b1fd2fe970:   0000000000000000 0000000000000000
0x000000b1fd2fe980:   0000000000000000 0000000000000000
0x000000b1fd2fe990:   0000000000000000 0000000000000000
0x000000b1fd2fe9a0:   0000000000000000 0000000000000000
0x000000b1fd2fe9b0:   0000000000000000 0000000000000000
0x000000b1fd2fe9c0:   0000000000000000 0000000000000000
0x000000b1fd2fe9d0:   0000000000000000 0000000000000000
0x000000b1fd2fe9e0:   0000000000000000 0000000000000000
0x000000b1fd2fe9f0:   0000000000000000 0000000000000000
0x000000b1fd2fea00:   0000000000000000 0000000000000000
0x000000b1fd2fea10:   0000000000000000 0000000000000000 

Instructions: (pc=0x00007ffefb0dc339)
0x00007ffefb0dc239:   30 44 38 24 01 75 05 e8 d3 1c f9 ff 65 48 8b 04
0x00007ffefb0dc249:   25 58 00 00 00 41 be 20 00 00 00 48 8b 04 30 4d
0x00007ffefb0dc259:   8b 34 06 48 85 ed 0f 84 6f 03 00 00 66 66 66 0f
0x00007ffefb0dc269:   1f 84 00 00 00 00 00 48 8b dd 48 8d b5 18 05 00
0x00007ffefb0dc279:   00 48 8b 2e 45 84 ff 74 1d 48 8b 0b 48 8b d3 80
0x00007ffefb0dc289:   bb 6a 05 00 00 00 0f 85 f2 02 00 00 e8 a6 64 fe
0x00007ffefb0dc299:   ff e9 f4 02 00 00 8b 8f d0 01 00 00 48 8b 05 64
0x00007ffefb0dc2a9:   ff 8e 00 83 b8 54 03 00 00 02 0f 85 f4 00 00 00
0x00007ffefb0dc2b9:   48 8d 93 d0 00 00 00 83 f9 10 73 04 8b c1 eb 56
0x00007ffefb0dc2c9:   44 8d 41 f0 41 8b c0 c1 e8 04 83 f8 03 73 20 0f
0x00007ffefb0dc2d9:   ae e8 41 83 e0 0f 4c 8b 8c c2 00 04 00 00 4d 85
0x00007ffefb0dc2e9:   c9 74 25 41 8b c0 48 c1 e0 06 49 03 c1 eb 2e 48
0x00007ffefb0dc2f9:   8b 82 18 04 00 00 48 85 c0 74 0d 39 08 74 29 48
0x00007ffefb0dc309:   8b 40 48 48 85 c0 75 f3 80 ba 20 04 00 00 00 74
0x00007ffefb0dc319:   1d 8b c1 83 e0 0f 48 c1 e0 06 48 03 c2 48 85 c0
0x00007ffefb0dc329:   74 0c 48 8b 48 08 eb 08 48 83 c0 08 eb ef 33 c9
0x00007ffefb0dc339:   49 3b 8e f8 52 03 00 76 6b 48 8b 87 80 02 00 00
0x00007ffefb0dc349:   48 89 06 48 89 9f 80 02 00 00 ff 87 88 02 00 00
0x00007ffefb0dc359:   48 8b 4b 08 48 8b 01 ba 01 00 00 00 48 8b 80 d8
0x00007ffefb0dc369:   02 00 00 ff 15 8e 32 59 00 0f b7 c8 48 2b c1 48
0x00007ffefb0dc379:   05 00 00 01 00 48 01 87 90 02 00 00 48 8b 4b 08
0x00007ffefb0dc389:   48 8b 01 ba 01 00 00 00 48 8b 80 d8 02 00 00 ff
0x00007ffefb0dc399:   15 62 32 59 00 48 01 87 a0 02 00 00 41 b4 01 e9
0x00007ffefb0dc3a9:   e6 01 00 00 44 8b 9f d0 01 00 00 48 8b 87 e8 01
0x00007ffefb0dc3b9:   00 00 4c 8b 10 8b 8f d0 01 00 00 48 8d 93 d0 00
0x00007ffefb0dc3c9:   00 00 83 f9 10 73 04 8b c1 eb 57 44 8d 41 f0 41
0x00007ffefb0dc3d9:   8b c0 c1 e8 04 83 f8 03 73 20 0f ae e8 41 83 e0
0x00007ffefb0dc3e9:   0f 4c 8b 8c c2 00 04 00 00 4d 85 c9 74 26 41 8b
0x00007ffefb0dc3f9:   c0 48 c1 e0 06 49 03 c1 eb 2f 48 8b 82 18 04 00
0x00007ffefb0dc409:   00 48 85 c0 74 0e 90 39 08 74 3c 48 8b 40 48 48
0x00007ffefb0dc419:   85 c0 75 f3 80 ba 20 04 00 00 00 74 1b 8b c1 83
0x00007ffefb0dc429:   e0 0f 48 c1 e0 06 48 03 c2 48 85 c0 74 0a 4c 39 


Stack slot to memory mapping:
stack at sp + 0 slots: 0x000001bce5cf7db0 points into unknown readable memory: 0xffffffffffffffff | ff ff ff ff ff ff ff ff
stack at sp + 1 slots: 0x000001bcc2951774 points into unknown readable memory: 53 73 48 64
stack at sp + 2 slots: 0x000000b1fd2fe868 points into unknown readable memory: 0x00007ffefb0bd782 | 82 d7 0b fb fe 7f 00 00
stack at sp + 3 slots: 0x0000005400000000 is an unknown value
stack at sp + 4 slots: 0x00007ffefbac83f0 ig11icd64.dll
stack at sp + 5 slots: 0x000000000000002a is an unknown value
stack at sp + 6 slots: 0x000001bce5e0c490 points into unknown readable memory: 0x0000000000000000 | 00 00 00 00 00 00 00 00
stack at sp + 7 slots: 0x0000000000000080 is an unknown value

VM_Operation (0x000000b1fe7ff180): Exit, mode: safepoint, requested by thread 0x000001bce5cb4060


---------------  P R O C E S S  ---------------

Threads class SMR info:
_java_thread_list=0x000001bce5b67d70, length=14, elements={
0x000001bcc2d022e0, 0x000001bce15e5630, 0x000001bce15e9120, 0x000001bce15eb0a0,
0x000001bce15ebb70, 0x000001bce15ef5c0, 0x000001bce15f8460, 0x000001bce5801ca0,
0x000001bce1572160, 0x000001bce5aa4fa0, 0x000001bce5aa54f0, 0x000001bce5802230,
0x000001bce5cb4060, 0x000001bce61fb7b0
}

Java Threads: ( => current thread )
  0x000001bcc2d022e0 JavaThread "main" [_thread_blocked, id=7564, stack(0x000000b1fcc00000,0x000000b1fcd00000)]
  0x000001bce15e5630 JavaThread "Reference Handler" daemon [_thread_blocked, id=12996, stack(0x000000b1fd300000,0x000000b1fd400000)]
  0x000001bce15e9120 JavaThread "Finalizer" daemon [_thread_blocked, id=13104, stack(0x000000b1fd400000,0x000000b1fd500000)]
  0x000001bce15eb0a0 JavaThread "Attach Listener" daemon [_thread_blocked, id=14132, stack(0x000000b1fd600000,0x000000b1fd700000)]
  0x000001bce15ebb70 JavaThread "Service Thread" daemon [_thread_blocked, id=14052, stack(0x000000b1fd700000,0x000000b1fd800000)]
  0x000001bce15ef5c0 JavaThread "Monitor Deflation Thread" daemon [_thread_blocked, id=16716, stack(0x000000b1fd800000,0x000000b1fd900000)]
  0x000001bce15f8460 JavaThread "C2 CompilerThread0" daemon [_thread_blocked, id=3708, stack(0x000000b1fd900000,0x000000b1fda00000)]
  0x000001bce5801ca0 JavaThread "C1 CompilerThread0" daemon [_thread_blocked, id=18208, stack(0x000000b1fda00000,0x000000b1fdb00000)]
  0x000001bce1572160 JavaThread "Common-Cleaner" daemon [_thread_blocked, id=7888, stack(0x000000b1fdb00000,0x000000b1fdc00000)]
  0x000001bce5aa4fa0 JavaThread "Monitor Ctrl-Break" daemon [_thread_in_native, id=8220, stack(0x000000b1fdc00000,0x000000b1fdd00000)]
  0x000001bce5aa54f0 JavaThread "Notification Thread" daemon [_thread_blocked, id=11856, stack(0x000000b1fdd00000,0x000000b1fde00000)]
  0x000001bce5802230 JavaThread "C2 CompilerThread1" daemon [_thread_blocked, id=2812, stack(0x000000b1fe000000,0x000000b1fe100000)]
  0x000001bce5cb4060 JavaThread "SIGINT handler" daemon [_thread_blocked, id=12292, stack(0x000000b1fe700000,0x000000b1fe800000)]
  0x000001bce61fb7b0 JavaThread "Thread-2" daemon [_thread_in_native, id=4740, stack(0x000000b1fea00000,0x000000b1feb00000)]

Other Threads:
=>0x000001bce15c8010 VMThread "VM Thread" [stack: 0x000000b1fd200000,0x000000b1fd300000] [id=2956]
  0x000001bcc2d604e0 WorkerThread "GC Thread#0" [stack: 0x000000b1fcd00000,0x000000b1fce00000] [id=7876]
  0x000001bcc2d70c70 ConcurrentGCThread "G1 Main Marker" terminated
  0x000001bcc2d71840 WorkerThread "G1 Conc#0" [stack: 0x000000b1fcf00000,0x000000b1fd000000] [id=17280]
  0x000001bce144a110 ConcurrentGCThread "G1 Refine#0" terminated
  0x000001bce144a950 ConcurrentGCThread "G1 Service" terminated

Threads with active compile tasks:
C2 CompilerThread1     1344  791 %     4       java.lang.StringCoding::countPositives @ 7 (33 bytes)

VM state: at safepoint (shutting down)

VM Mutex/Monitor currently owned by a thread:  ([mutex/lock_event])
[0x000001bcc2cff7b0] Threads_lock - owner thread: 0x000001bce15c8010
[0x000001bcc2cfdb00] Heap_lock - owner thread: 0x000001bce5cb4060

Heap address: 0x0000000083c00000, size: 1988 MB, Compressed Oops mode: 32-bit

CDS archive(s) mapped at: [0x0000000800000000-0x0000000800c60000-0x0000000800c60000), size 12976128, SharedBaseAddress: 0x0000000800000000, ArchiveRelocationMode: 0.
Compressed class space mapped at: 0x0000000801000000-0x0000000841000000, reserved size: 1073741824
Narrow klass base: 0x0000000800000000, Narrow klass shift: 0, Narrow klass range: 0x100000000

GC Precious Log:
 CardTable entry size: 512
 Card Set container configuration: InlinePtr #cards 5 size 8 Array Of Cards #cards 12 size 40 Howl #buckets 4 coarsen threshold 1843 Howl Bitmap #cards 512 size 80 coarsen threshold 460 Card regions per heap region 1 cards per card region 2048
 CPUs: 8 total, 8 available
 Memory: 7945M
 Large Page Support: Disabled
 NUMA Support: Disabled
 Compressed Oops: Enabled (32-bit)
 Heap Region Size: 1M
 Heap Min Capacity: 8M
 Heap Initial Capacity: 126M
 Heap Max Capacity: 1988M
 Pre-touch: Disabled
 Parallel Workers: 8
 Concurrent Workers: 2
 Concurrent Refinement Workers: 8
 Periodic GC: Disabled

Heap:
 garbage-first heap   total 129024K, used 9216K [0x0000000083c00000, 0x0000000100000000)
  region size 1024K, 11 young (11264K), 0 survivors (0K)
 Metaspace       used 3825K, committed 3968K, reserved 1114112K
  class space    used 271K, committed 384K, reserved 1048576K

Heap Regions: E=young(eden), S=young(survivor), O=old, HS=humongous(starts), HC=humongous(continues), CS=collection set, F=free, OA=open archive, CA=closed archive, TAMS=top-at-mark-start, PB=parsable bottom
|   0|0x0000000083c00000, 0x0000000083c00000, 0x0000000083d00000|  0%| F|  |TAMS 0x0000000083c00000| PB 0x0000000083c00000| Untracked 
|   1|0x0000000083d00000, 0x0000000083d00000, 0x0000000083e00000|  0%| F|  |TAMS 0x0000000083d00000| PB 0x0000000083d00000| Untracked 
|   2|0x0000000083e00000, 0x0000000083e00000, 0x0000000083f00000|  0%| F|  |TAMS 0x0000000083e00000| PB 0x0000000083e00000| Untracked 
|   3|0x0000000083f00000, 0x0000000083f00000, 0x0000000084000000|  0%| F|  |TAMS 0x0000000083f00000| PB 0x0000000083f00000| Untracked 
|   4|0x0000000084000000, 0x0000000084000000, 0x0000000084100000|  0%| F|  |TAMS 0x0000000084000000| PB 0x0000000084000000| Untracked 
|   5|0x0000000084100000, 0x0000000084100000, 0x0000000084200000|  0%| F|  |TAMS 0x0000000084100000| PB 0x0000000084100000| Untracked 
|   6|0x0000000084200000, 0x0000000084200000, 0x0000000084300000|  0%| F|  |TAMS 0x0000000084200000| PB 0x0000000084200000| Untracked 
|   7|0x0000000084300000, 0x0000000084300000, 0x0000000084400000|  0%| F|  |TAMS 0x0000000084300000| PB 0x0000000084300000| Untracked 
|   8|0x0000000084400000, 0x0000000084400000, 0x0000000084500000|  0%| F|  |TAMS 0x0000000084400000| PB 0x0000000084400000| Untracked 
|   9|0x0000000084500000, 0x0000000084500000, 0x0000000084600000|  0%| F|  |TAMS 0x0000000084500000| PB 0x0000000084500000| Untracked 
|  10|0x0000000084600000, 0x0000000084600000, 0x0000000084700000|  0%| F|  |TAMS 0x0000000084600000| PB 0x0000000084600000| Untracked 
|  11|0x0000000084700000, 0x0000000084700000, 0x0000000084800000|  0%| F|  |TAMS 0x0000000084700000| PB 0x0000000084700000| Untracked 
|  12|0x0000000084800000, 0x0000000084800000, 0x0000000084900000|  0%| F|  |TAMS 0x0000000084800000| PB 0x0000000084800000| Untracked 
|  13|0x0000000084900000, 0x0000000084900000, 0x0000000084a00000|  0%| F|  |TAMS 0x0000000084900000| PB 0x0000000084900000| Untracked 
|  14|0x0000000084a00000, 0x0000000084a00000, 0x0000000084b00000|  0%| F|  |TAMS 0x0000000084a00000| PB 0x0000000084a00000| Untracked 
|  15|0x0000000084b00000, 0x0000000084b00000, 0x0000000084c00000|  0%| F|  |TAMS 0x0000000084b00000| PB 0x0000000084b00000| Untracked 
|  16|0x0000000084c00000, 0x0000000084c00000, 0x0000000084d00000|  0%| F|  |TAMS 0x0000000084c00000| PB 0x0000000084c00000| Untracked 
|  17|0x0000000084d00000, 0x0000000084d00000, 0x0000000084e00000|  0%| F|  |TAMS 0x0000000084d00000| PB 0x0000000084d00000| Untracked 
|  18|0x0000000084e00000, 0x0000000084e00000, 0x0000000084f00000|  0%| F|  |TAMS 0x0000000084e00000| PB 0x0000000084e00000| Untracked 
|  19|0x0000000084f00000, 0x0000000084f00000, 0x0000000085000000|  0%| F|  |TAMS 0x0000000084f00000| PB 0x0000000084f00000| Untracked 
|  20|0x0000000085000000, 0x0000000085000000, 0x0000000085100000|  0%| F|  |TAMS 0x0000000085000000| PB 0x0000000085000000| Untracked 
|  21|0x0000000085100000, 0x0000000085100000, 0x0000000085200000|  0%| F|  |TAMS 0x0000000085100000| PB 0x0000000085100000| Untracked 
|  22|0x0000000085200000, 0x0000000085200000, 0x0000000085300000|  0%| F|  |TAMS 0x0000000085200000| PB 0x0000000085200000| Untracked 
|  23|0x0000000085300000, 0x0000000085300000, 0x0000000085400000|  0%| F|  |TAMS 0x0000000085300000| PB 0x0000000085300000| Untracked 
|  24|0x0000000085400000, 0x0000000085400000, 0x0000000085500000|  0%| F|  |TAMS 0x0000000085400000| PB 0x0000000085400000| Untracked 
|  25|0x0000000085500000, 0x0000000085500000, 0x0000000085600000|  0%| F|  |TAMS 0x0000000085500000| PB 0x0000000085500000| Untracked 
|  26|0x0000000085600000, 0x0000000085600000, 0x0000000085700000|  0%| F|  |TAMS 0x0000000085600000| PB 0x0000000085600000| Untracked 
|  27|0x0000000085700000, 0x0000000085700000, 0x0000000085800000|  0%| F|  |TAMS 0x0000000085700000| PB 0x0000000085700000| Untracked 
|  28|0x0000000085800000, 0x0000000085800000, 0x0000000085900000|  0%| F|  |TAMS 0x0000000085800000| PB 0x0000000085800000| Untracked 
|  29|0x0000000085900000, 0x0000000085900000, 0x0000000085a00000|  0%| F|  |TAMS 0x0000000085900000| PB 0x0000000085900000| Untracked 
|  30|0x0000000085a00000, 0x0000000085a00000, 0x0000000085b00000|  0%| F|  |TAMS 0x0000000085a00000| PB 0x0000000085a00000| Untracked 
|  31|0x0000000085b00000, 0x0000000085b00000, 0x0000000085c00000|  0%| F|  |TAMS 0x0000000085b00000| PB 0x0000000085b00000| Untracked 
|  32|0x0000000085c00000, 0x0000000085c00000, 0x0000000085d00000|  0%| F|  |TAMS 0x0000000085c00000| PB 0x0000000085c00000| Untracked 
|  33|0x0000000085d00000, 0x0000000085d00000, 0x0000000085e00000|  0%| F|  |TAMS 0x0000000085d00000| PB 0x0000000085d00000| Untracked 
|  34|0x0000000085e00000, 0x0000000085e00000, 0x0000000085f00000|  0%| F|  |TAMS 0x0000000085e00000| PB 0x0000000085e00000| Untracked 
|  35|0x0000000085f00000, 0x0000000085f00000, 0x0000000086000000|  0%| F|  |TAMS 0x0000000085f00000| PB 0x0000000085f00000| Untracked 
|  36|0x0000000086000000, 0x0000000086000000, 0x0000000086100000|  0%| F|  |TAMS 0x0000000086000000| PB 0x0000000086000000| Untracked 
|  37|0x0000000086100000, 0x0000000086100000, 0x0000000086200000|  0%| F|  |TAMS 0x0000000086100000| PB 0x0000000086100000| Untracked 
|  38|0x0000000086200000, 0x0000000086200000, 0x0000000086300000|  0%| F|  |TAMS 0x0000000086200000| PB 0x0000000086200000| Untracked 
|  39|0x0000000086300000, 0x0000000086300000, 0x0000000086400000|  0%| F|  |TAMS 0x0000000086300000| PB 0x0000000086300000| Untracked 
|  40|0x0000000086400000, 0x0000000086400000, 0x0000000086500000|  0%| F|  |TAMS 0x0000000086400000| PB 0x0000000086400000| Untracked 
|  41|0x0000000086500000, 0x0000000086500000, 0x0000000086600000|  0%| F|  |TAMS 0x0000000086500000| PB 0x0000000086500000| Untracked 
|  42|0x0000000086600000, 0x0000000086600000, 0x0000000086700000|  0%| F|  |TAMS 0x0000000086600000| PB 0x0000000086600000| Untracked 
|  43|0x0000000086700000, 0x0000000086700000, 0x0000000086800000|  0%| F|  |TAMS 0x0000000086700000| PB 0x0000000086700000| Untracked 
|  44|0x0000000086800000, 0x0000000086800000, 0x0000000086900000|  0%| F|  |TAMS 0x0000000086800000| PB 0x0000000086800000| Untracked 
|  45|0x0000000086900000, 0x0000000086900000, 0x0000000086a00000|  0%| F|  |TAMS 0x0000000086900000| PB 0x0000000086900000| Untracked 
|  46|0x0000000086a00000, 0x0000000086a00000, 0x0000000086b00000|  0%| F|  |TAMS 0x0000000086a00000| PB 0x0000000086a00000| Untracked 
|  47|0x0000000086b00000, 0x0000000086b00000, 0x0000000086c00000|  0%| F|  |TAMS 0x0000000086b00000| PB 0x0000000086b00000| Untracked 
|  48|0x0000000086c00000, 0x0000000086c00000, 0x0000000086d00000|  0%| F|  |TAMS 0x0000000086c00000| PB 0x0000000086c00000| Untracked 
|  49|0x0000000086d00000, 0x0000000086d00000, 0x0000000086e00000|  0%| F|  |TAMS 0x0000000086d00000| PB 0x0000000086d00000| Untracked 
|  50|0x0000000086e00000, 0x0000000086e00000, 0x0000000086f00000|  0%| F|  |TAMS 0x0000000086e00000| PB 0x0000000086e00000| Untracked 
|  51|0x0000000086f00000, 0x0000000086f00000, 0x0000000087000000|  0%| F|  |TAMS 0x0000000086f00000| PB 0x0000000086f00000| Untracked 
|  52|0x0000000087000000, 0x0000000087000000, 0x0000000087100000|  0%| F|  |TAMS 0x0000000087000000| PB 0x0000000087000000| Untracked 
|  53|0x0000000087100000, 0x0000000087100000, 0x0000000087200000|  0%| F|  |TAMS 0x0000000087100000| PB 0x0000000087100000| Untracked 
|  54|0x0000000087200000, 0x0000000087200000, 0x0000000087300000|  0%| F|  |TAMS 0x0000000087200000| PB 0x0000000087200000| Untracked 
|  55|0x0000000087300000, 0x0000000087300000, 0x0000000087400000|  0%| F|  |TAMS 0x0000000087300000| PB 0x0000000087300000| Untracked 
|  56|0x0000000087400000, 0x0000000087400000, 0x0000000087500000|  0%| F|  |TAMS 0x0000000087400000| PB 0x0000000087400000| Untracked 
|  57|0x0000000087500000, 0x0000000087500000, 0x0000000087600000|  0%| F|  |TAMS 0x0000000087500000| PB 0x0000000087500000| Untracked 
|  58|0x0000000087600000, 0x0000000087600000, 0x0000000087700000|  0%| F|  |TAMS 0x0000000087600000| PB 0x0000000087600000| Untracked 
|  59|0x0000000087700000, 0x0000000087700000, 0x0000000087800000|  0%| F|  |TAMS 0x0000000087700000| PB 0x0000000087700000| Untracked 
|  60|0x0000000087800000, 0x0000000087800000, 0x0000000087900000|  0%| F|  |TAMS 0x0000000087800000| PB 0x0000000087800000| Untracked 
|  61|0x0000000087900000, 0x0000000087900000, 0x0000000087a00000|  0%| F|  |TAMS 0x0000000087900000| PB 0x0000000087900000| Untracked 
|  62|0x0000000087a00000, 0x0000000087a00000, 0x0000000087b00000|  0%| F|  |TAMS 0x0000000087a00000| PB 0x0000000087a00000| Untracked 
|  63|0x0000000087b00000, 0x0000000087b00000, 0x0000000087c00000|  0%| F|  |TAMS 0x0000000087b00000| PB 0x0000000087b00000| Untracked 
|  64|0x0000000087c00000, 0x0000000087c00000, 0x0000000087d00000|  0%| F|  |TAMS 0x0000000087c00000| PB 0x0000000087c00000| Untracked 
|  65|0x0000000087d00000, 0x0000000087d00000, 0x0000000087e00000|  0%| F|  |TAMS 0x0000000087d00000| PB 0x0000000087d00000| Untracked 
|  66|0x0000000087e00000, 0x0000000087e00000, 0x0000000087f00000|  0%| F|  |TAMS 0x0000000087e00000| PB 0x0000000087e00000| Untracked 
|  67|0x0000000087f00000, 0x0000000087f00000, 0x0000000088000000|  0%| F|  |TAMS 0x0000000087f00000| PB 0x0000000087f00000| Untracked 
|  68|0x0000000088000000, 0x0000000088000000, 0x0000000088100000|  0%| F|  |TAMS 0x0000000088000000| PB 0x0000000088000000| Untracked 
|  69|0x0000000088100000, 0x0000000088100000, 0x0000000088200000|  0%| F|  |TAMS 0x0000000088100000| PB 0x0000000088100000| Untracked 
|  70|0x0000000088200000, 0x0000000088200000, 0x0000000088300000|  0%| F|  |TAMS 0x0000000088200000| PB 0x0000000088200000| Untracked 
|  71|0x0000000088300000, 0x0000000088300000, 0x0000000088400000|  0%| F|  |TAMS 0x0000000088300000| PB 0x0000000088300000| Untracked 
|  72|0x0000000088400000, 0x0000000088400000, 0x0000000088500000|  0%| F|  |TAMS 0x0000000088400000| PB 0x0000000088400000| Untracked 
|  73|0x0000000088500000, 0x0000000088500000, 0x0000000088600000|  0%| F|  |TAMS 0x0000000088500000| PB 0x0000000088500000| Untracked 
|  74|0x0000000088600000, 0x0000000088600000, 0x0000000088700000|  0%| F|  |TAMS 0x0000000088600000| PB 0x0000000088600000| Untracked 
|  75|0x0000000088700000, 0x0000000088700000, 0x0000000088800000|  0%| F|  |TAMS 0x0000000088700000| PB 0x0000000088700000| Untracked 
|  76|0x0000000088800000, 0x0000000088800000, 0x0000000088900000|  0%| F|  |TAMS 0x0000000088800000| PB 0x0000000088800000| Untracked 
|  77|0x0000000088900000, 0x0000000088900000, 0x0000000088a00000|  0%| F|  |TAMS 0x0000000088900000| PB 0x0000000088900000| Untracked 
|  78|0x0000000088a00000, 0x0000000088a00000, 0x0000000088b00000|  0%| F|  |TAMS 0x0000000088a00000| PB 0x0000000088a00000| Untracked 
|  79|0x0000000088b00000, 0x0000000088b00000, 0x0000000088c00000|  0%| F|  |TAMS 0x0000000088b00000| PB 0x0000000088b00000| Untracked 
|  80|0x0000000088c00000, 0x0000000088c00000, 0x0000000088d00000|  0%| F|  |TAMS 0x0000000088c00000| PB 0x0000000088c00000| Untracked 
|  81|0x0000000088d00000, 0x0000000088d00000, 0x0000000088e00000|  0%| F|  |TAMS 0x0000000088d00000| PB 0x0000000088d00000| Untracked 
|  82|0x0000000088e00000, 0x0000000088e00000, 0x0000000088f00000|  0%| F|  |TAMS 0x0000000088e00000| PB 0x0000000088e00000| Untracked 
|  83|0x0000000088f00000, 0x0000000088f00000, 0x0000000089000000|  0%| F|  |TAMS 0x0000000088f00000| PB 0x0000000088f00000| Untracked 
|  84|0x0000000089000000, 0x0000000089000000, 0x0000000089100000|  0%| F|  |TAMS 0x0000000089000000| PB 0x0000000089000000| Untracked 
|  85|0x0000000089100000, 0x0000000089100000, 0x0000000089200000|  0%| F|  |TAMS 0x0000000089100000| PB 0x0000000089100000| Untracked 
|  86|0x0000000089200000, 0x0000000089200000, 0x0000000089300000|  0%| F|  |TAMS 0x0000000089200000| PB 0x0000000089200000| Untracked 
|  87|0x0000000089300000, 0x0000000089300000, 0x0000000089400000|  0%| F|  |TAMS 0x0000000089300000| PB 0x0000000089300000| Untracked 
|  88|0x0000000089400000, 0x0000000089400000, 0x0000000089500000|  0%| F|  |TAMS 0x0000000089400000| PB 0x0000000089400000| Untracked 
|  89|0x0000000089500000, 0x0000000089500000, 0x0000000089600000|  0%| F|  |TAMS 0x0000000089500000| PB 0x0000000089500000| Untracked 
|  90|0x0000000089600000, 0x0000000089600000, 0x0000000089700000|  0%| F|  |TAMS 0x0000000089600000| PB 0x0000000089600000| Untracked 
|  91|0x0000000089700000, 0x0000000089700000, 0x0000000089800000|  0%| F|  |TAMS 0x0000000089700000| PB 0x0000000089700000| Untracked 
|  92|0x0000000089800000, 0x0000000089800000, 0x0000000089900000|  0%| F|  |TAMS 0x0000000089800000| PB 0x0000000089800000| Untracked 
|  93|0x0000000089900000, 0x0000000089900000, 0x0000000089a00000|  0%| F|  |TAMS 0x0000000089900000| PB 0x0000000089900000| Untracked 
|  94|0x0000000089a00000, 0x0000000089a00000, 0x0000000089b00000|  0%| F|  |TAMS 0x0000000089a00000| PB 0x0000000089a00000| Untracked 
|  95|0x0000000089b00000, 0x0000000089b00000, 0x0000000089c00000|  0%| F|  |TAMS 0x0000000089b00000| PB 0x0000000089b00000| Untracked 
|  96|0x0000000089c00000, 0x0000000089c00000, 0x0000000089d00000|  0%| F|  |TAMS 0x0000000089c00000| PB 0x0000000089c00000| Untracked 
|  97|0x0000000089d00000, 0x0000000089d00000, 0x0000000089e00000|  0%| F|  |TAMS 0x0000000089d00000| PB 0x0000000089d00000| Untracked 
|  98|0x0000000089e00000, 0x0000000089e00000, 0x0000000089f00000|  0%| F|  |TAMS 0x0000000089e00000| PB 0x0000000089e00000| Untracked 
|  99|0x0000000089f00000, 0x0000000089f00000, 0x000000008a000000|  0%| F|  |TAMS 0x0000000089f00000| PB 0x0000000089f00000| Untracked 
| 100|0x000000008a000000, 0x000000008a000000, 0x000000008a100000|  0%| F|  |TAMS 0x000000008a000000| PB 0x000000008a000000| Untracked 
| 101|0x000000008a100000, 0x000000008a100000, 0x000000008a200000|  0%| F|  |TAMS 0x000000008a100000| PB 0x000000008a100000| Untracked 
| 102|0x000000008a200000, 0x000000008a200000, 0x000000008a300000|  0%| F|  |TAMS 0x000000008a200000| PB 0x000000008a200000| Untracked 
| 103|0x000000008a300000, 0x000000008a300000, 0x000000008a400000|  0%| F|  |TAMS 0x000000008a300000| PB 0x000000008a300000| Untracked 
| 104|0x000000008a400000, 0x000000008a400000, 0x000000008a500000|  0%| F|  |TAMS 0x000000008a400000| PB 0x000000008a400000| Untracked 
| 105|0x000000008a500000, 0x000000008a500000, 0x000000008a600000|  0%| F|  |TAMS 0x000000008a500000| PB 0x000000008a500000| Untracked 
| 106|0x000000008a600000, 0x000000008a600000, 0x000000008a700000|  0%| F|  |TAMS 0x000000008a600000| PB 0x000000008a600000| Untracked 
| 107|0x000000008a700000, 0x000000008a700000, 0x000000008a800000|  0%| F|  |TAMS 0x000000008a700000| PB 0x000000008a700000| Untracked 
| 108|0x000000008a800000, 0x000000008a800000, 0x000000008a900000|  0%| F|  |TAMS 0x000000008a800000| PB 0x000000008a800000| Untracked 
| 109|0x000000008a900000, 0x000000008a900000, 0x000000008aa00000|  0%| F|  |TAMS 0x000000008a900000| PB 0x000000008a900000| Untracked 
| 110|0x000000008aa00000, 0x000000008aa00000, 0x000000008ab00000|  0%| F|  |TAMS 0x000000008aa00000| PB 0x000000008aa00000| Untracked 
| 111|0x000000008ab00000, 0x000000008ab00000, 0x000000008ac00000|  0%| F|  |TAMS 0x000000008ab00000| PB 0x000000008ab00000| Untracked 
| 112|0x000000008ac00000, 0x000000008ac00000, 0x000000008ad00000|  0%| F|  |TAMS 0x000000008ac00000| PB 0x000000008ac00000| Untracked 
| 113|0x000000008ad00000, 0x000000008ad00000, 0x000000008ae00000|  0%| F|  |TAMS 0x000000008ad00000| PB 0x000000008ad00000| Untracked 
| 114|0x000000008ae00000, 0x000000008ae00000, 0x000000008af00000|  0%| F|  |TAMS 0x000000008ae00000| PB 0x000000008ae00000| Untracked 
| 115|0x000000008af00000, 0x000000008b000000, 0x000000008b000000|100%| E|  |TAMS 0x000000008af00000| PB 0x000000008af00000| Complete 
| 116|0x000000008b000000, 0x000000008b100000, 0x000000008b100000|100%| E|CS|TAMS 0x000000008b000000| PB 0x000000008b000000| Complete 
| 117|0x000000008b100000, 0x000000008b200000, 0x000000008b200000|100%| E|CS|TAMS 0x000000008b100000| PB 0x000000008b100000| Complete 
| 118|0x000000008b200000, 0x000000008b300000, 0x000000008b300000|100%| E|CS|TAMS 0x000000008b200000| PB 0x000000008b200000| Complete 
| 119|0x000000008b300000, 0x000000008b400000, 0x000000008b400000|100%| E|CS|TAMS 0x000000008b300000| PB 0x000000008b300000| Complete 
| 120|0x000000008b400000, 0x000000008b500000, 0x000000008b500000|100%| E|  |TAMS 0x000000008b400000| PB 0x000000008b400000| Complete 
| 121|0x000000008b500000, 0x000000008b600000, 0x000000008b600000|100%| E|CS|TAMS 0x000000008b500000| PB 0x000000008b500000| Complete 
| 122|0x000000008b600000, 0x000000008b700000, 0x000000008b700000|100%| E|CS|TAMS 0x000000008b600000| PB 0x000000008b600000| Complete 
| 123|0x000000008b700000, 0x000000008b800000, 0x000000008b800000|100%| E|CS|TAMS 0x000000008b700000| PB 0x000000008b700000| Complete 
| 124|0x000000008b800000, 0x000000008b900000, 0x000000008b900000|100%| E|CS|TAMS 0x000000008b800000| PB 0x000000008b800000| Complete 
| 125|0x000000008b900000, 0x000000008ba00000, 0x000000008ba00000|100%| E|CS|TAMS 0x000000008b900000| PB 0x000000008b900000| Complete 

Card table byte_map: [0x000001bcdc3e0000,0x000001bcdc7d0000] _byte_map_base: 0x000001bcdbfc2000

Marking Bits: (CMBitMap*) 0x000001bcc2d60b10
 Bits: [0x000001bcdcbc0000, 0x000001bcdead0000)

Polling page: 0x000001bcc2dc0000

Metaspace:

Usage:
  Non-class:      3.47 MB used.
      Class:    271.66 KB used.
       Both:      3.74 MB used.

Virtual space:
  Non-class space:       64.00 MB reserved,       3.50 MB (  5%) committed,  1 nodes.
      Class space:        1.00 GB reserved,     384.00 KB ( <1%) committed,  1 nodes.
             Both:        1.06 GB reserved,       3.88 MB ( <1%) committed. 

Chunk freelists:
   Non-Class:  2.38 MB
       Class:  3.61 MB
        Both:  5.98 MB

MaxMetaspaceSize: unlimited
CompressedClassSpaceSize: 1.00 GB
Initial GC threshold: 21.00 MB
Current GC threshold: 21.00 MB
CDS: on
MetaspaceReclaimPolicy: balanced
 - commit_granule_bytes: 65536.
 - commit_granule_words: 8192.
 - virtual_space_node_default_size: 8388608.
 - enlarge_chunks_in_place: 1.
 - new_chunks_are_fully_committed: 0.
 - uncommit_free_chunks: 1.
 - use_allocation_guard: 0.


Internal statistics:

num_allocs_failed_limit: 0.
num_arena_births: 38.
num_arena_deaths: 0.
num_vsnodes_births: 2.
num_vsnodes_deaths: 0.
num_space_committed: 60.
num_space_uncommitted: 0.
num_chunks_returned_to_freelist: 0.
num_chunks_taken_from_freelist: 116.
num_chunk_merges: 0.
num_chunk_splits: 75.
num_chunks_enlarged: 56.
num_inconsistent_stats: 0.

CodeHeap 'non-profiled nmethods': size=120000Kb used=244Kb max_used=244Kb free=119755Kb
 bounds [0x000001bcd4060000, 0x000001bcd42d0000, 0x000001bcdb590000]
CodeHeap 'profiled nmethods': size=120000Kb used=1205Kb max_used=1205Kb free=118794Kb
 bounds [0x000001bccc590000, 0x000001bccc800000, 0x000001bcd3ac0000]
CodeHeap 'non-nmethods': size=5760Kb used=1672Kb max_used=1688Kb free=4087Kb
 bounds [0x000001bcd3ac0000, 0x000001bcd3d30000, 0x000001bcd4060000]
 total_blobs=1354 nmethods=791 adapters=474
 compilation: enabled
              stopped_count=0, restarted_count=0
 full_count=0

Compilation events (20 events):
Event: 0.681 Thread 0x000001bce5801ca0 nmethod 768 0x000001bcd409c910 code [0x000001bcd409ca80, 0x000001bcd409cb48]
Event: 0.681 Thread 0x000001bce5801ca0  783       3       jdk.internal.reflect.Reflection::verifyMemberAccess (200 bytes)
Event: 0.683 Thread 0x000001bce5801ca0 nmethod 783 0x000001bccc6b6e10 code [0x000001bccc6b7280, 0x000001bccc6b95c8]
Event: 0.683 Thread 0x000001bce5801ca0  784       3       jdk.internal.reflect.Reflection::verifyModuleAccess (24 bytes)
Event: 0.683 Thread 0x000001bce5801ca0 nmethod 784 0x000001bccc6ba010 code [0x000001bccc6ba200, 0x000001bccc6ba728]
Event: 0.683 Thread 0x000001bce5801ca0  785       3       jdk.internal.reflect.Reflection::isSameClassPackage (25 bytes)
Event: 0.684 Thread 0x000001bce5801ca0 nmethod 785 0x000001bccc6ba990 code [0x000001bccc6baba0, 0x000001bccc6bb1e0]
Event: 0.684 Thread 0x000001bce5801ca0  786       3       java.lang.reflect.AccessibleObject::slowVerifyAccess (67 bytes)
Event: 0.684 Thread 0x000001bce5801ca0 nmethod 786 0x000001bccc6bb410 code [0x000001bccc6bb620, 0x000001bccc6bbd88]
Event: 0.684 Thread 0x000001bce5801ca0  787       3       java.lang.invoke.DirectMethodHandle$Holder::getInt (26 bytes)
Event: 0.684 Thread 0x000001bce5801ca0 nmethod 787 0x000001bccc6bbf90 code [0x000001bccc6bc140, 0x000001bccc6bc5f8]
Event: 0.684 Thread 0x000001bce5801ca0  782       3       net.java.games.input.AbstractComponent::<init> (15 bytes)
Event: 0.684 Thread 0x000001bce5801ca0 nmethod 782 0x000001bccc6bc790 code [0x000001bccc6bc920, 0x000001bccc6bcb48]
Event: 0.685 Thread 0x000001bce5801ca0  788       3       java.io.FileSystem::hasBooleanAttributes (17 bytes)
Event: 0.685 Thread 0x000001bce5802230  791 %     4       java.lang.StringCoding::countPositives @ 7 (33 bytes)
Event: 0.685 Thread 0x000001bce5801ca0 nmethod 788 0x000001bccc6bcc10 code [0x000001bccc6bcda0, 0x000001bccc6bcf50]
Event: 0.685 Thread 0x000001bce5801ca0  789   !   3       java.io.WinNTFileSystem::getBooleanAttributes (27 bytes)
Event: 0.685 Thread 0x000001bce5801ca0 nmethod 789 0x000001bccc6bd010 code [0x000001bccc6bd1c0, 0x000001bccc6bd3b8]
Event: 0.686 Thread 0x000001bce15f8460  792       4       java.lang.System::getSecurityManager (12 bytes)
Event: 0.686 Thread 0x000001bce15f8460 nmethod 792 0x000001bcd409d010 code [0x000001bcd409d180, 0x000001bcd409d1e8]

GC Heap History (0 events):
No events

Dll operation events (15 events):
Event: 0.009 Loaded shared library C:\Users\Luca\.jdks\openjdk-20.0.1\bin\java.dll
Event: 0.019 Loaded shared library C:\Users\Luca\.jdks\openjdk-20.0.1\bin\jsvml.dll
Event: 0.082 Loaded shared library C:\Users\Luca\.jdks\openjdk-20.0.1\bin\zip.dll
Event: 0.085 Loaded shared library C:\Users\Luca\.jdks\openjdk-20.0.1\bin\instrument.dll
Event: 0.092 Loaded shared library C:\Users\Luca\.jdks\openjdk-20.0.1\bin\net.dll
Event: 0.095 Loaded shared library C:\Users\Luca\.jdks\openjdk-20.0.1\bin\nio.dll
Event: 0.098 Loaded shared library C:\Users\Luca\.jdks\openjdk-20.0.1\bin\zip.dll
Event: 0.121 Loaded shared library C:\Program Files\JetBrains\IntelliJ IDEA Community Edition 2021.3.2\bin\breakgen64.dll
Event: 0.128 Loaded shared library C:\Users\Luca\.jdks\openjdk-20.0.1\bin\verify.dll
Event: 0.131 Loaded shared library C:\Users\Luca\.jdks\openjdk-20.0.1\bin\extnet.dll
Event: 0.160 Loaded shared library C:\Users\Luca\Documents\3. Klasse\SWP\NaWi_Projekt\native\lwjgl64.dll
Event: 0.177 Loaded shared library C:\Users\Luca\.jdks\openjdk-20.0.1\bin\jimage.dll
Event: 0.471 Loaded shared library C:\Users\Luca\.jdks\openjdk-20.0.1\bin\awt.dll
Event: 0.514 Loaded shared library C:\Users\Luca\Documents\3. Klasse\SWP\NaWi_Projekt\native\jinput-dx8_64.dll
Event: 0.640 Loaded shared library C:\Users\Luca\Documents\3. Klasse\SWP\NaWi_Projekt\native\jinput-raw_64.dll

Deoptimization events (20 events):
Event: 0.218 Thread 0x000001bcc2d022e0 DEOPT PACKING pc=0x000001bcd408104c sp=0x000000b1fccfefa0
Event: 0.218 Thread 0x000001bcc2d022e0 DEOPT UNPACKING pc=0x000001bcd3add2a2 sp=0x000000b1fccfef40 mode 2
Event: 0.219 Thread 0x000001bcc2d022e0 DEOPT PACKING pc=0x000001bccc5b59d7 sp=0x000000b1fccfe260
Event: 0.219 Thread 0x000001bcc2d022e0 DEOPT UNPACKING pc=0x000001bcd3b2e462 sp=0x000000b1fccfd680 mode 0
Event: 0.309 Thread 0x000001bcc2d022e0 DEOPT PACKING pc=0x000001bccc5980c1 sp=0x000000b1fccfd960
Event: 0.309 Thread 0x000001bcc2d022e0 DEOPT UNPACKING pc=0x000001bcd3b2e462 sp=0x000000b1fccfcdd8 mode 0
Event: 0.653 Thread 0x000001bcc2d022e0 DEOPT PACKING pc=0x000001bccc5d5bf5 sp=0x000000b1fccfdd60
Event: 0.653 Thread 0x000001bcc2d022e0 DEOPT UNPACKING pc=0x000001bcd3b2e462 sp=0x000000b1fccfd1b0 mode 0
Event: 0.666 Thread 0x000001bcc2d022e0 Uncommon trap: trap_request=0xffffff45 fr.pc=0x000001bcd407e1b8 relative=0x00000000000005d8
Event: 0.666 Thread 0x000001bcc2d022e0 Uncommon trap: reason=unstable_if action=reinterpret pc=0x000001bcd407e1b8 method=java.util.regex.Matcher.search(I)Z @ 30 c2
Event: 0.666 Thread 0x000001bcc2d022e0 DEOPT PACKING pc=0x000001bcd407e1b8 sp=0x000000b1fccfec60
Event: 0.666 Thread 0x000001bcc2d022e0 DEOPT UNPACKING pc=0x000001bcd3add2a2 sp=0x000000b1fccfec50 mode 2
Event: 0.675 Thread 0x000001bcc2d022e0 Uncommon trap: trap_request=0xffffff45 fr.pc=0x000001bcd409a9cc relative=0x0000000000000acc
Event: 0.675 Thread 0x000001bcc2d022e0 Uncommon trap: reason=unstable_if action=reinterpret pc=0x000001bcd409a9cc method=java.util.HashMap.putVal(ILjava/lang/Object;Ljava/lang/Object;ZZ)Ljava/lang/Object; @ 181 c2
Event: 0.675 Thread 0x000001bcc2d022e0 DEOPT PACKING pc=0x000001bcd409a9cc sp=0x000000b1fccfebe0
Event: 0.675 Thread 0x000001bcc2d022e0 DEOPT UNPACKING pc=0x000001bcd3add2a2 sp=0x000000b1fccfeb38 mode 2
Event: 0.675 Thread 0x000001bcc2d022e0 Uncommon trap: trap_request=0xffffff45 fr.pc=0x000001bcd40991f0 relative=0x0000000000000b70
Event: 0.675 Thread 0x000001bcc2d022e0 Uncommon trap: reason=unstable_if action=reinterpret pc=0x000001bcd40991f0 method=java.util.HashMap.putVal(ILjava/lang/Object;Ljava/lang/Object;ZZ)Ljava/lang/Object; @ 181 c2
Event: 0.675 Thread 0x000001bcc2d022e0 DEOPT PACKING pc=0x000001bcd40991f0 sp=0x000000b1fccfeb60
Event: 0.675 Thread 0x000001bcc2d022e0 DEOPT UNPACKING pc=0x000001bcd3add2a2 sp=0x000000b1fccfeb40 mode 2

Classes loaded (20 events):
Event: 0.475 Loading class sun/awt/image/SunWritableRaster$DataStealer done
Event: 0.475 Loading class java/awt/image/DataBuffer$1 done
Event: 0.475 Loading class sun/awt/image/SunWritableRaster
Event: 0.475 Loading class java/awt/image/WritableRaster
Event: 0.475 Loading class java/awt/image/Raster
Event: 0.476 Loading class java/awt/image/Raster done
Event: 0.476 Loading class java/awt/image/WritableRaster done
Event: 0.476 Loading class sun/awt/image/SunWritableRaster done
Event: 0.478 Loading class java/util/zip/DataFormatException
Event: 0.478 Loading class java/util/zip/DataFormatException done
Event: 0.478 Loading class java/io/EOFException
Event: 0.478 Loading class java/io/EOFException done
Event: 0.501 Loading class java/lang/AssertionError
Event: 0.501 Loading class java/lang/AssertionError done
Event: 0.558 Loading class java/lang/InstantiationException
Event: 0.558 Loading class java/lang/InstantiationException done
Event: 0.569 Loading class java/lang/invoke/MethodHandle$1
Event: 0.570 Loading class java/lang/invoke/MethodHandle$1 done
Event: 0.678 Loading class jdk/internal/misc/Signal$1
Event: 0.678 Loading class jdk/internal/misc/Signal$1 done

Classes unloaded (0 events):
No events

Classes redefined (0 events):
No events

Internal exceptions (4 events):
Event: 0.113 Thread 0x000001bcc2d022e0 Exception <a 'java/lang/NoSuchMethodError'{0x000000008b785d88}: 'void java.lang.invoke.DirectMethodHandle$Holder.invokeStatic(java.lang.Object, java.lang.Object, java.lang.Object)'> (0x000000008b785d88) 
thrown [s\open\src\hotspot\share\interpreter\linkResolver.cpp, line 773]
Event: 0.117 Thread 0x000001bcc2d022e0 Exception <a 'java/lang/NoSuchMethodError'{0x000000008b79d290}: 'java.lang.Object java.lang.invoke.Invokers$Holder.invokeExact_MT(java.lang.Object, java.lang.Object, java.lang.Object, java.lang.Object, java.lang.Object)'> (0x000000008b79d290) 
thrown [s\open\src\hotspot\share\interpreter\linkResolver.cpp, line 773]
Event: 0.133 Thread 0x000001bce5aa4fa0 Exception <a 'java/lang/NoSuchMethodError'{0x000000008b7f32d0}: 'void java.lang.invoke.DirectMethodHandle$Holder.invokeStatic(java.lang.Object, java.lang.Object)'> (0x000000008b7f32d0) 
thrown [s\open\src\hotspot\share\interpreter\linkResolver.cpp, line 773]
Event: 0.310 Thread 0x000001bcc2d022e0 Exception <a 'java/lang/NoSuchMethodError'{0x000000008b477b70}: 'int java.lang.invoke.Invokers$Holder.invokeExact_MT(java.lang.Object, java.lang.Object)'> (0x000000008b477b70) 
thrown [s\open\src\hotspot\share\interpreter\linkResolver.cpp, line 773]

VM Operations (17 events):
Event: 0.068 Executing VM operation: HandshakeAllThreads
Event: 0.068 Executing VM operation: HandshakeAllThreads done
Event: 0.125 Executing VM operation: HandshakeAllThreads
Event: 0.125 Executing VM operation: HandshakeAllThreads done
Event: 0.180 Executing VM operation: HandshakeAllThreads
Event: 0.180 Executing VM operation: HandshakeAllThreads done
Event: 0.199 Executing VM operation: HandshakeAllThreads
Event: 0.199 Executing VM operation: HandshakeAllThreads done
Event: 0.454 Executing VM operation: HandshakeAllThreads
Event: 0.454 Executing VM operation: HandshakeAllThreads done
Event: 0.455 Executing VM operation: HandshakeAllThreads
Event: 0.455 Executing VM operation: HandshakeAllThreads done
Event: 0.504 Executing VM operation: HandshakeAllThreads
Event: 0.504 Executing VM operation: HandshakeAllThreads done
Event: 0.520 Executing VM operation: HandshakeAllThreads
Event: 0.520 Executing VM operation: HandshakeAllThreads done
Event: 0.687 Executing VM operation: Exit

Events (20 events):
Event: 0.032 Thread 0x000001bce15e9120 Thread added: 0x000001bce15e9120
Event: 0.032 Thread 0x000001bce15ea670 Thread added: 0x000001bce15ea670
Event: 0.032 Thread 0x000001bce15eb0a0 Thread added: 0x000001bce15eb0a0
Event: 0.032 Thread 0x000001bce15ebb70 Thread added: 0x000001bce15ebb70
Event: 0.032 Thread 0x000001bce15ef5c0 Thread added: 0x000001bce15ef5c0
Event: 0.033 Thread 0x000001bce15f8460 Thread added: 0x000001bce15f8460
Event: 0.033 Thread 0x000001bce5801ca0 Thread added: 0x000001bce5801ca0
Event: 0.060 Thread 0x000001bce1572160 Thread added: 0x000001bce1572160
Event: 0.122 Thread 0x000001bce5aa4fa0 Thread added: 0x000001bce5aa4fa0
Event: 0.122 Thread 0x000001bce5aa54f0 Thread added: 0x000001bce5aa54f0
Event: 0.202 Thread 0x000001bce5802230 Thread added: 0x000001bce5802230
Event: 0.204 Thread 0x000001bce5801180 Thread added: 0x000001bce5801180
Event: 0.413 Thread 0x000001bce5801180 Thread exited: 0x000001bce5801180
Event: 0.678 Thread 0x000001bce5cb4060 Thread added: 0x000001bce5cb4060
Event: 0.679 Thread 0x000001bce5cb4a30 Thread added: 0x000001bce5cb4a30
Event: 0.679 Thread 0x000001bce61ea860 Thread added: 0x000001bce61ea860
Event: 0.679 Thread 0x000001bce61fb7b0 Thread added: 0x000001bce61fb7b0
Event: 0.681 Thread 0x000001bce5cb4a30 Thread exited: 0x000001bce5cb4a30
Event: 0.687 Thread 0x000001bce61ea860 Thread exited: 0x000001bce61ea860
Event: 0.687 Thread 0x000001bce15ea670 Thread exited: 0x000001bce15ea670


Dynamic libraries:
0x00007ff68ea30000 - 0x00007ff68ea3e000 	C:\Users\Luca\.jdks\openjdk-20.0.1\bin\java.exe
0x00007fff7d090000 - 0x00007fff7d2a4000 	C:\WINDOWS\SYSTEM32\ntdll.dll
0x00007fff7c030000 - 0x00007fff7c0f2000 	C:\WINDOWS\System32\KERNEL32.DLL
0x00007fff7a830000 - 0x00007fff7abd3000 	C:\WINDOWS\System32\KERNELBASE.dll
0x00007fff7abe0000 - 0x00007fff7acf1000 	C:\WINDOWS\System32\ucrtbase.dll
0x00007fff64090000 - 0x00007fff640ab000 	C:\Users\Luca\.jdks\openjdk-20.0.1\bin\VCRUNTIME140.dll
0x00007fff64170000 - 0x00007fff64187000 	C:\Users\Luca\.jdks\openjdk-20.0.1\bin\jli.dll
0x00007fff7be70000 - 0x00007fff7c01b000 	C:\WINDOWS\System32\USER32.dll
0x00007fff64530000 - 0x00007fff647be000 	C:\WINDOWS\WinSxS\amd64_microsoft.windows.common-controls_6595b64144ccf1df_6.0.22621.1635_none_270f70857386168e\COMCTL32.dll
0x00007fff7a6e0000 - 0x00007fff7a706000 	C:\WINDOWS\System32\win32u.dll
0x00007fff7cfa0000 - 0x00007fff7d047000 	C:\WINDOWS\System32\msvcrt.dll
0x00007fff7b0a0000 - 0x00007fff7b0c9000 	C:\WINDOWS\System32\GDI32.dll
0x00007fff7a710000 - 0x00007fff7a828000 	C:\WINDOWS\System32\gdi32full.dll
0x00007fff7adf0000 - 0x00007fff7ae8a000 	C:\WINDOWS\System32\msvcp_win.dll
0x00007fff7af90000 - 0x00007fff7afc1000 	C:\WINDOWS\System32\IMM32.DLL
0x00007fff70d50000 - 0x00007fff70d5c000 	C:\Users\Luca\.jdks\openjdk-20.0.1\bin\vcruntime140_1.dll
0x00007fff5a210000 - 0x00007fff5a29e000 	C:\Users\Luca\.jdks\openjdk-20.0.1\bin\msvcp140.dll
0x00007fff078f0000 - 0x00007fff08587000 	C:\Users\Luca\.jdks\openjdk-20.0.1\bin\server\jvm.dll
0x00007fff7c3e0000 - 0x00007fff7c48e000 	C:\WINDOWS\System32\ADVAPI32.dll
0x00007fff7cef0000 - 0x00007fff7cf94000 	C:\WINDOWS\System32\sechost.dll
0x00007fff7cdb0000 - 0x00007fff7cec7000 	C:\WINDOWS\System32\RPCRT4.dll
0x00007fff6ffa0000 - 0x00007fff6ffd4000 	C:\WINDOWS\SYSTEM32\WINMM.dll
0x00007fff6ead0000 - 0x00007fff6eada000 	C:\WINDOWS\SYSTEM32\VERSION.dll
0x00007fff5f480000 - 0x00007fff5f489000 	C:\WINDOWS\SYSTEM32\WSOCK32.dll
0x00007fff7afd0000 - 0x00007fff7b041000 	C:\WINDOWS\System32\WS2_32.dll
0x00007fff79540000 - 0x00007fff79558000 	C:\WINDOWS\SYSTEM32\kernel.appcore.dll
0x00007fff6dde0000 - 0x00007fff6ddea000 	C:\Users\Luca\.jdks\openjdk-20.0.1\bin\jimage.dll
0x00007fff70fe0000 - 0x00007fff7120e000 	C:\WINDOWS\SYSTEM32\DBGHELP.DLL
0x00007fff7bae0000 - 0x00007fff7be69000 	C:\WINDOWS\System32\combase.dll
0x00007fff7c300000 - 0x00007fff7c3d7000 	C:\WINDOWS\System32\OLEAUT32.dll
0x00007fff6f400000 - 0x00007fff6f432000 	C:\WINDOWS\SYSTEM32\dbgcore.DLL
0x00007fff7ad70000 - 0x00007fff7adeb000 	C:\WINDOWS\System32\bcryptPrimitives.dll
0x00007fff6b0e0000 - 0x00007fff6b0ee000 	C:\Users\Luca\.jdks\openjdk-20.0.1\bin\instrument.dll
0x00007fff638d0000 - 0x00007fff638f6000 	C:\Users\Luca\.jdks\openjdk-20.0.1\bin\java.dll
0x00007fff3ca90000 - 0x00007fff3cb67000 	C:\Users\Luca\.jdks\openjdk-20.0.1\bin\jsvml.dll
0x00007fff7c490000 - 0x00007fff7cc8a000 	C:\WINDOWS\System32\SHELL32.dll
0x00007fff78460000 - 0x00007fff78d2e000 	C:\WINDOWS\SYSTEM32\windows.storage.dll
0x00007fff78320000 - 0x00007fff7845e000 	C:\WINDOWS\SYSTEM32\wintypes.dll
0x00007fff7c100000 - 0x00007fff7c1f1000 	C:\WINDOWS\System32\SHCORE.dll
0x00007fff7af30000 - 0x00007fff7af8e000 	C:\WINDOWS\System32\shlwapi.dll
0x00007fff7a3e0000 - 0x00007fff7a401000 	C:\WINDOWS\SYSTEM32\profapi.dll
0x00007fff63bc0000 - 0x00007fff63bd8000 	C:\Users\Luca\.jdks\openjdk-20.0.1\bin\zip.dll
0x00007fff638b0000 - 0x00007fff638c3000 	C:\Users\Luca\.jdks\openjdk-20.0.1\bin\net.dll
0x00007fff6e590000 - 0x00007fff6e6c7000 	C:\WINDOWS\SYSTEM32\WINHTTP.dll
0x00007fff79a30000 - 0x00007fff79a99000 	C:\WINDOWS\system32\mswsock.dll
0x00007fff63890000 - 0x00007fff638a6000 	C:\Users\Luca\.jdks\openjdk-20.0.1\bin\nio.dll
0x00007fff61670000 - 0x00007fff6168a000 	C:\Program Files\JetBrains\IntelliJ IDEA Community Edition 2021.3.2\bin\breakgen64.dll
0x00007fff64160000 - 0x00007fff64170000 	C:\Users\Luca\.jdks\openjdk-20.0.1\bin\verify.dll
0x00007fff632c0000 - 0x00007fff632c7000 	C:\Users\Luca\.jdks\openjdk-20.0.1\bin\extnet.dll
0x0000000180000000 - 0x0000000180053000 	C:\Users\Luca\Documents\3. Klasse\SWP\NaWi_Projekt\native\lwjgl64.dll
0x00007fff36c70000 - 0x00007fff36d70000 	C:\WINDOWS\SYSTEM32\OPENGL32.dll
0x00007fff3b1c0000 - 0x00007fff3b1ed000 	C:\WINDOWS\SYSTEM32\GLU32.dll
0x00007fff77830000 - 0x00007fff77866000 	C:\WINDOWS\SYSTEM32\dxcore.dll
0x00007fff712a0000 - 0x00007fff7135c000 	C:\WINDOWS\SYSTEM32\mscms.dll
0x00007fff7ba30000 - 0x00007fff7bae0000 	C:\WINDOWS\System32\clbcatq.dll
0x00007fff6c890000 - 0x00007fff6c8df000 	C:\Windows\System32\Windows.Internal.Graphics.Display.DisplayColorManagement.dll
0x00007fff7a1a0000 - 0x00007fff7a1ee000 	C:\WINDOWS\SYSTEM32\cfgmgr32.dll
0x00007fff77730000 - 0x00007fff777db000 	C:\WINDOWS\system32\uxtheme.dll
0x00007fff7b0d0000 - 0x00007fff7b1ee000 	C:\WINDOWS\System32\MSCTF.dll
0x00007fff70140000 - 0x00007fff70188000 	C:\WINDOWS\SYSTEM32\directxdatabasehelper.dll
0x00007fff70000000 - 0x00007fff70134000 	C:\Windows\System32\AppXDeploymentClient.dll
0x00007ffefab70000 - 0x00007ffefbb92000 	C:\WINDOWS\System32\DriverStore\FileRepository\iigd_dch.inf_amd64_6f319fe48b66b13c\ig11icd64.dll
0x00007fff7b830000 - 0x00007fff7b9cc000 	C:\WINDOWS\System32\ole32.dll
0x00007fff77980000 - 0x00007fff779ab000 	C:\WINDOWS\system32\dwmapi.dll
0x00007fff77870000 - 0x00007fff77966000 	C:\WINDOWS\system32\dxgi.dll
0x00007fff24ce0000 - 0x00007fff250e0000 	C:\WINDOWS\System32\DriverStore\FileRepository\iigd_dch.inf_amd64_6f319fe48b66b13c\igdml64.dll
0x00007fff6c390000 - 0x00007fff6c6c0000 	C:\WINDOWS\System32\DriverStore\FileRepository\iigd_dch.inf_amd64_6f319fe48b66b13c\igdgmm64.dll
0x00007fff6e000000 - 0x00007fff6e12d000 	C:\WINDOWS\SYSTEM32\textinputframework.dll
0x00007fff77260000 - 0x00007fff77393000 	C:\WINDOWS\SYSTEM32\CoreMessaging.dll
0x00007fff6f750000 - 0x00007fff6fabc000 	C:\WINDOWS\SYSTEM32\CoreUIComponents.dll
0x00007fff79ce0000 - 0x00007fff79cec000 	C:\WINDOWS\SYSTEM32\CRYPTBASE.DLL
0x00007fff6df10000 - 0x00007fff6df79000 	C:\WINDOWS\system32\Oleacc.dll
0x00007fff5c750000 - 0x00007fff5c799000 	C:\WINDOWS\SYSTEM32\icm32.dll
0x00007fff66d40000 - 0x00007fff69a3c000 	C:\WINDOWS\System32\DriverStore\FileRepository\iigd_dch.inf_amd64_6f319fe48b66b13c\igc64.dll
0x00007fff79840000 - 0x00007fff7988d000 	C:\WINDOWS\SYSTEM32\powrprof.dll
0x00007fff797a0000 - 0x00007fff797b3000 	C:\WINDOWS\SYSTEM32\UMPDC.dll
0x00007fff3c750000 - 0x00007fff3c8e0000 	C:\Users\Luca\.jdks\openjdk-20.0.1\bin\awt.dll
0x00007fff77560000 - 0x00007fff775f7000 	C:\WINDOWS\SYSTEM32\apphelp.dll
0x000001bced8b0000 - 0x000001bced8c6000 	C:\Users\Luca\Documents\3. Klasse\SWP\NaWi_Projekt\native\jinput-dx8_64.dll
0x00007fff5b1d0000 - 0x00007fff5b216000 	C:\WINDOWS\SYSTEM32\DINPUT8.dll
0x00007fff6b0f0000 - 0x00007fff6b2f1000 	C:\WINDOWS\SYSTEM32\inputhost.dll
0x00007fff78d30000 - 0x00007fff78d3e000 	C:\WINDOWS\SYSTEM32\HID.DLL
0x00007fff7b1f0000 - 0x00007fff7b664000 	C:\WINDOWS\System32\SETUPAPI.DLL
0x00007fff7a170000 - 0x00007fff7a19c000 	C:\WINDOWS\SYSTEM32\DEVOBJ.dll
0x00007fff7ad00000 - 0x00007fff7ad6b000 	C:\WINDOWS\System32\WINTRUST.dll
0x00007fff7a4b0000 - 0x00007fff7a617000 	C:\WINDOWS\System32\CRYPT32.dll
0x00007fff79df0000 - 0x00007fff79e02000 	C:\WINDOWS\SYSTEM32\MSASN1.dll
0x000001bced940000 - 0x000001bced954000 	C:\Users\Luca\Documents\3. Klasse\SWP\NaWi_Projekt\native\jinput-raw_64.dll

dbghelp: loaded successfully - version: 4.0.5 - missing functions: none
symbol engine: initialized successfully - sym options: 0x614 - pdb path: .;C:\Users\Luca\.jdks\openjdk-20.0.1\bin;C:\WINDOWS\SYSTEM32;C:\WINDOWS\WinSxS\amd64_microsoft.windows.common-controls_6595b64144ccf1df_6.0.22621.1635_none_270f70857386168e;C:\Users\Luca\.jdks\openjdk-20.0.1\bin\server;C:\Program Files\JetBrains\IntelliJ IDEA Community Edition 2021.3.2\bin;C:\Users\Luca\Documents\3. Klasse\SWP\NaWi_Projekt\native;C:\WINDOWS\System32\DriverStore\FileRepository\iigd_dch.inf_amd64_6f319fe48b66b13c

VM Arguments:
jvm_args: -Djava.library.path=C:\Users\Luca\Documents\3. Klasse\SWP\NaWi_Projekt\native -javaagent:C:\Program Files\JetBrains\IntelliJ IDEA Community Edition 2021.3.2\lib\idea_rt.jar=54172:C:\Program Files\JetBrains\IntelliJ IDEA Community Edition 2021.3.2\bin -Dfile.encoding=UTF-8 
java_command: at.htldornbirn.projects.nawi.NaWiGame
java_class_path (initial): C:\Users\Luca\Documents\3. Klasse\SWP\NaWi_Projekt\out\production\Slick2DTemplate;C:\Users\Luca\Documents\3. Klasse\SWP\NaWi_Projekt\lib\jogg-0.0.7.jar;C:\Users\Luca\Documents\3. Klasse\SWP\NaWi_Projekt\lib\jnlp.jar;C:\Users\Luca\Documents\3. Klasse\SWP\NaWi_Projekt\lib\natives-mac.jar;C:\Users\Luca\Documents\3. Klasse\SWP\NaWi_Projekt\lib\ibxm.jar;C:\Users\Luca\Documents\3. Klasse\SWP\NaWi_Projekt\lib\slick.jar;C:\Users\Luca\Documents\3. Klasse\SWP\NaWi_Projekt\lib\lwjgl_util.jar;C:\Users\Luca\Documents\3. Klasse\SWP\NaWi_Projekt\lib\natives-windows.jar;C:\Users\Luca\Documents\3. Klasse\SWP\NaWi_Projekt\lib\tinylinepp.jar;C:\Users\Luca\Documents\3. Klasse\SWP\NaWi_Projekt\lib\slick-examples.jar;C:\Users\Luca\Documents\3. Klasse\SWP\NaWi_Projekt\lib\jinput.jar;C:\Users\Luca\Documents\3. Klasse\SWP\NaWi_Projekt\lib\lwjgl.jar;C:\Users\Luca\Documents\3. Klasse\SWP\NaWi_Projekt\lib\jorbis-0.0.15.jar;C:\Users\Luca\Documents\3. Klasse\SWP\NaWi_Projekt\lib\lwjgl_util_applet.jar;C:\Users\Luca\Documents\3. Klasse\SWP\NaWi_Projekt\lib\natives-linux.jar
Launcher Type: SUN_STANDARD

[Global flags]
     intx CICompilerCount                          = 4                                         {product} {ergonomic}
     uint ConcGCThreads                            = 2                                         {product} {ergonomic}
     uint G1ConcRefinementThreads                  = 8                                         {product} {ergonomic}
   size_t G1HeapRegionSize                         = 1048576                                   {product} {ergonomic}
    uintx GCDrainStackTargetSize                   = 64                                        {product} {ergonomic}
   size_t InitialHeapSize                          = 132120576                                 {product} {ergonomic}
   size_t MarkStackSize                            = 4194304                                   {product} {ergonomic}
   size_t MaxHeapSize                              = 2084569088                                {product} {ergonomic}
   size_t MaxNewSize                               = 1249902592                                {product} {ergonomic}
   size_t MinHeapDeltaBytes                        = 1048576                                   {product} {ergonomic}
   size_t MinHeapSize                              = 8388608                                   {product} {ergonomic}
    uintx NonNMethodCodeHeapSize                   = 5839372                                {pd product} {ergonomic}
    uintx NonProfiledCodeHeapSize                  = 122909434                              {pd product} {ergonomic}
    uintx ProfiledCodeHeapSize                     = 122909434                              {pd product} {ergonomic}
    uintx ReservedCodeCacheSize                    = 251658240                              {pd product} {ergonomic}
     bool SegmentedCodeCache                       = true                                      {product} {ergonomic}
   size_t SoftMaxHeapSize                          = 2084569088                             {manageable} {ergonomic}
     bool UseCompressedClassPointers               = true                           {product lp64_product} {ergonomic}
     bool UseCompressedOops                        = true                           {product lp64_product} {ergonomic}
     bool UseG1GC                                  = true                                      {product} {ergonomic}
     bool UseLargePagesIndividualAllocation        = false                                  {pd product} {ergonomic}

Logging:
Log output configuration:
 #0: stdout all=off uptime,level,tags foldmultilines=false
 #1: stderr all=off uptime,level,tags foldmultilines=false

Environment Variables:
PATH=C:\Program Files (x86)\VMware\VMware Player\bin\;C:\Program Files (x86)\Razer Chroma SDK\bin;C:\Program Files\Razer Chroma SDK\bin;C:\Program Files (x86)\Razer\ChromaBroadcast\bin;C:\Program Files\Razer\ChromaBroadcast\bin;C:\Program Files (x86)\Common Files\Oracle\Java\javapath;C:\Windows\system32;C:\Windows;C:\Windows\System32\Wbem;C:\Windows\System32\WindowsPowerShell\v1.0\;C:\Windows\System32\OpenSSH\;C:\Program Files\NVIDIA Corporation\NVIDIA NvDLISR;C:\ProgramData\chocolatey\bin;;C:\WINDOWS\system32;C:\WINDOWS;C:\WINDOWS\System32\Wbem;C:\WINDOWS\System32\WindowsPowerShell\v1.0\;C:\WINDOWS\System32\OpenSSH\;C:\Program Files\Microsoft SQL Server\120\Tools\Binn\;C:\WINDOWS\system32\config\systemprofile\AppData\Local\Microsoft\WindowsApps;C:\Program Files\dotnet\;C:\Program Files\Microsoft SQL Server\Client SDK\ODBC\170\Tools\Binn\;C:\Program Files (x86)\Microsoft SQL Server\150\Tools\Binn\;C:\Program Files\Microsoft SQL Server\150\Tools\Binn\;C:\Program Files\Microsoft SQL Server\150\DTS\Binn\;C:\Program Files (x86)\Microsoft SQL Server\150\DTS\Binn\;C:\Program Files\Azure Data Studio\bin;C:\WINDOWS\system32;C:\WINDOWS;C:\WINDOWS\System32\Wbem;C:\WINDOWS\System32\WindowsPowerShell\v1.0\;C:\WINDOWS\System32\OpenSSH\;C:\Program Files (x86)\NVIDIA Corporation\PhysX\Common;C:\Program Files\Calibre2\;C:\Users\Luca\AppData\Local\Microsoft\WindowsApps;C:\Users\Luca\AppData\Local\atom\bin;C:\Users\Luca\AppData\Local\Microsoft\WindowsApps;C:\Users\Luca\AppData\Local\Programs\Git\cmd;C:\Users\Luca\AppData\Local\Programs\Microsoft VS Code\bin;
USERNAME=Luca
OS=Windows_NT
PROCESSOR_IDENTIFIER=Intel64 Family 6 Model 126 Stepping 5, GenuineIntel
TMP=C:\Users\Luca\AppData\Local\Temp
TEMP=C:\Users\Luca\AppData\Local\Temp




---------------  S Y S T E M  ---------------

OS:
 Windows 11 , 64 bit Build 22621 (10.0.22621.1635)
OS uptime: 0 days 19:09 hours
Hyper-V role detected

CPU: total 8 (initial active 8) (4 cores per cpu, 2 threads per core) family 6 model 126 stepping 5 microcode 0xb2, cx8, cmov, fxsr, ht, mmx, 3dnowpref, sse, sse2, sse3, ssse3, sse4.1, sse4.2, popcnt, lzcnt, tsc, tscinvbit, avx, avx2, aes, erms, clmul, bmi1, bmi2, adx, avx512f, avx512dq, avx512cd, avx512bw, avx512vl, sha, fma, vzeroupper, avx512_vpopcntdq, avx512_vpclmulqdq, avx512_vaes, avx512_vnni, clflush, clflushopt, avx512_vbmi2, avx512_vbmi, hv, rdtscp, rdpid, fsrm, gfni, avx512_bitalg, f16c, avx512_ifma

Memory: 4k page, system-wide physical 7945M (2010M free)
TotalPageFile size 13321M (AvailPageFile size 4779M)
current process WorkingSet (physical memory assigned to process): 106M, peak: 109M
current process commit charge ("private bytes"): 240M, peak: 240M

vm_info: OpenJDK 64-Bit Server VM (20.0.1+9-29) for windows-amd64 JRE (20.0.1+9-29), built on 2023-03-07T13:56:11Z by "mach5one" with MS VC++ 17.1 (VS2022)

END.
